Reading model...
...model read.
creating competitive generators file...
...competitive generators recorded.
Loading data...
.. day-ahead data with real-time VRE data read.
Compiling instance...
1 301_CT_1 0
8.0
1 301_CT_1 1
4.0
1 301_CT_1 2
4.000000000000002
1 301_CT_1 3
4.0
1 301_CT_2 0
8.0
1 301_CT_2 1
4.0
1 301_CT_2 2
4.000000000000002
1 301_CT_2 3
4.0
1 301_CT_3 0
22.0
1 301_CT_3 1
11.0
1 301_CT_3 2
11.000000000000004
1 301_CT_3 3
11.0
1 301_CT_4 0
22.0
1 301_CT_4 1
11.0
1 301_CT_4 2
11.000000000000004
1 301_CT_4 3
11.0
1 302_CT_1 0
8.0
1 302_CT_1 1
4.0
1 302_CT_1 2
4.000000000000002
1 302_CT_1 3
4.0
1 302_CT_2 0
8.0
1 302_CT_2 1
4.0
1 302_CT_2 2
4.000000000000002
1 302_CT_2 3
4.0
1 302_CT_3 0
22.0
1 302_CT_3 1
11.0
1 302_CT_3 2
11.000000000000004
1 302_CT_3 3
11.0
1 302_CT_4 0
22.0
1 302_CT_4 1
11.0
1 302_CT_4 2
11.000000000000004
1 302_CT_4 3
11.0
1 307_CT_1 0
22.0
1 307_CT_1 1
11.0
1 307_CT_1 2
11.000000000000004
1 307_CT_1 3
11.0
1 307_CT_2 0
22.0
1 307_CT_2 1
11.0
1 307_CT_2 2
11.000000000000004
1 307_CT_2 3
11.0
1 313_CC_1 0
169.999999845
1 313_CC_1 1
61.666666955000004
1 313_CC_1 2
61.66666659999998
1 313_CC_1 3
61.66666660000001
1 315_STEAM_1 0
5.000000004000001
1 315_STEAM_1 1
2.333333328
1 315_STEAM_1 2
2.333333339999999
1 315_STEAM_1 3
2.3333333280000006
1 315_STEAM_2 0
5.000000004000001
1 315_STEAM_2 1
2.333333328
1 315_STEAM_2 2
2.333333339999999
1 315_STEAM_2 3
2.3333333280000006
1 315_STEAM_3 0
5.000000004000001
1 315_STEAM_3 1
2.333333328
1 315_STEAM_3 2
2.333333339999999
1 315_STEAM_3 3
2.3333333280000006
1 315_STEAM_4 0
5.000000004000001
1 315_STEAM_4 1
2.333333328
1 315_STEAM_4 2
2.333333339999999
1 315_STEAM_4 3
2.3333333280000006
1 315_STEAM_5 0
5.000000004000001
1 315_STEAM_5 1
2.333333328
1 315_STEAM_5 2
2.333333339999999
1 315_STEAM_5 3
2.3333333280000006
1 315_CT_6 0
22.0
1 315_CT_6 1
11.0
1 315_CT_6 2
11.000000000000004
1 315_CT_6 3
11.0
1 315_CT_7 0
22.0
1 315_CT_7 1
11.0
1 315_CT_7 2
11.000000000000004
1 315_CT_7 3
11.0
1 315_CT_8 0
22.0
1 315_CT_8 1
11.0
1 315_CT_8 2
11.000000000000004
1 315_CT_8 3
11.0
1 316_STEAM_1 0
62.0
1 316_STEAM_1 1
31.0
1 316_STEAM_1 2
31.00000000000001
1 316_STEAM_1 3
31.0
1 318_CC_1 0
169.999999845
1 318_CC_1 1
61.666666955000004
1 318_CC_1 2
61.66666659999998
1 318_CC_1 3
61.66666660000001
1 321_CC_1 0
169.999999845
1 321_CC_1 1
61.666666955000004
1 321_CC_1 2
61.66666659999998
1 321_CC_1 3
61.66666660000001
1 322_CT_5 0
22.0
1 322_CT_5 1
11.0
1 322_CT_5 2
11.000000000000004
1 322_CT_5 3
11.0
1 322_CT_6 0
22.0
1 322_CT_6 1
11.0
1 322_CT_6 2
11.000000000000004
1 322_CT_6 3
11.0
1 323_CC_1 0
169.999999845
1 323_CC_1 1
61.666666955000004
1 323_CC_1 2
61.66666659999998
1 323_CC_1 3
61.66666660000001
1 323_CC_2 0
169.999999845
1 323_CC_2 1
61.666666955000004
1 323_CC_2 2
61.66666659999998
1 323_CC_2 3
61.66666660000001
1 322_HYDRO_1 0
17.070833333333336
1 322_HYDRO_1 1
0.0
1 322_HYDRO_1 2
0.0
1 322_HYDRO_1 3
0.0
1 322_HYDRO_2 0
17.070833333333336
1 322_HYDRO_2 1
0.0
1 322_HYDRO_2 2
0.0
1 322_HYDRO_2 3
0.0
1 322_HYDRO_3 0
17.070833333333336
1 322_HYDRO_3 1
0.0
1 322_HYDRO_3 2
0.0
1 322_HYDRO_3 3
0.0
1 322_HYDRO_4 0
17.070833333333336
1 322_HYDRO_4 1
0.0
1 322_HYDRO_4 2
0.0
1 322_HYDRO_4 3
0.0
2 301_CT_1 0
8.0
2 301_CT_1 1
4.0
2 301_CT_1 2
4.000000000000002
2 301_CT_1 3
4.0
2 301_CT_2 0
8.0
2 301_CT_2 1
4.0
2 301_CT_2 2
4.000000000000002
2 301_CT_2 3
4.0
2 301_CT_3 0
22.0
2 301_CT_3 1
11.0
2 301_CT_3 2
11.000000000000004
2 301_CT_3 3
11.0
2 301_CT_4 0
22.0
2 301_CT_4 1
11.0
2 301_CT_4 2
11.000000000000004
2 301_CT_4 3
11.0
2 302_CT_1 0
8.0
2 302_CT_1 1
4.0
2 302_CT_1 2
4.000000000000002
2 302_CT_1 3
4.0
2 302_CT_2 0
8.0
2 302_CT_2 1
4.0
2 302_CT_2 2
4.000000000000002
2 302_CT_2 3
4.0
2 302_CT_3 0
22.0
2 302_CT_3 1
11.0
2 302_CT_3 2
11.000000000000004
2 302_CT_3 3
11.0
2 302_CT_4 0
22.0
2 302_CT_4 1
11.0
2 302_CT_4 2
11.000000000000004
2 302_CT_4 3
11.0
2 307_CT_1 0
22.0
2 307_CT_1 1
11.0
2 307_CT_1 2
11.000000000000004
2 307_CT_1 3
11.0
2 307_CT_2 0
22.0
2 307_CT_2 1
11.0
2 307_CT_2 2
11.000000000000004
2 307_CT_2 3
11.0
2 313_CC_1 0
169.999999845
2 313_CC_1 1
61.666666955000004
2 313_CC_1 2
61.66666659999998
2 313_CC_1 3
61.66666660000001
2 315_STEAM_1 0
5.000000004000001
2 315_STEAM_1 1
2.333333328
2 315_STEAM_1 2
2.333333339999999
2 315_STEAM_1 3
2.3333333280000006
2 315_STEAM_2 0
5.000000004000001
2 315_STEAM_2 1
2.333333328
2 315_STEAM_2 2
2.333333339999999
2 315_STEAM_2 3
2.3333333280000006
2 315_STEAM_3 0
5.000000004000001
2 315_STEAM_3 1
2.333333328
2 315_STEAM_3 2
2.333333339999999
2 315_STEAM_3 3
2.3333333280000006
2 315_STEAM_4 0
5.000000004000001
2 315_STEAM_4 1
2.333333328
2 315_STEAM_4 2
2.333333339999999
2 315_STEAM_4 3
2.3333333280000006
2 315_STEAM_5 0
5.000000004000001
2 315_STEAM_5 1
2.333333328
2 315_STEAM_5 2
2.333333339999999
2 315_STEAM_5 3
2.3333333280000006
2 315_CT_6 0
22.0
2 315_CT_6 1
11.0
2 315_CT_6 2
11.000000000000004
2 315_CT_6 3
11.0
2 315_CT_7 0
22.0
2 315_CT_7 1
11.0
2 315_CT_7 2
11.000000000000004
2 315_CT_7 3
11.0
2 315_CT_8 0
22.0
2 315_CT_8 1
11.0
2 315_CT_8 2
11.000000000000004
2 315_CT_8 3
11.0
2 316_STEAM_1 0
62.0
2 316_STEAM_1 1
31.0
2 316_STEAM_1 2
31.00000000000001
2 316_STEAM_1 3
31.0
2 318_CC_1 0
169.999999845
2 318_CC_1 1
61.666666955000004
2 318_CC_1 2
61.66666659999998
2 318_CC_1 3
61.66666660000001
2 321_CC_1 0
169.999999845
2 321_CC_1 1
61.666666955000004
2 321_CC_1 2
61.66666659999998
2 321_CC_1 3
61.66666660000001
2 322_CT_5 0
22.0
2 322_CT_5 1
11.0
2 322_CT_5 2
11.000000000000004
2 322_CT_5 3
11.0
2 322_CT_6 0
22.0
2 322_CT_6 1
11.0
2 322_CT_6 2
11.000000000000004
2 322_CT_6 3
11.0
2 323_CC_1 0
169.999999845
2 323_CC_1 1
61.666666955000004
2 323_CC_1 2
61.66666659999998
2 323_CC_1 3
61.66666660000001
2 323_CC_2 0
169.999999845
2 323_CC_2 1
61.666666955000004
2 323_CC_2 2
61.66666659999998
2 323_CC_2 3
61.66666660000001
2 322_HYDRO_1 0
19.704166666666662
2 322_HYDRO_1 1
0.0
2 322_HYDRO_1 2
0.0
2 322_HYDRO_1 3
0.0
2 322_HYDRO_2 0
19.704166666666662
2 322_HYDRO_2 1
0.0
2 322_HYDRO_2 2
0.0
2 322_HYDRO_2 3
0.0
2 322_HYDRO_3 0
19.704166666666662
2 322_HYDRO_3 1
0.0
2 322_HYDRO_3 2
0.0
2 322_HYDRO_3 3
0.0
2 322_HYDRO_4 0
19.704166666666662
2 322_HYDRO_4 1
0.0
2 322_HYDRO_4 2
0.0
2 322_HYDRO_4 3
0.0
3 301_CT_1 0
8.0
3 301_CT_1 1
4.0
3 301_CT_1 2
4.000000000000002
3 301_CT_1 3
4.0
3 301_CT_2 0
8.0
3 301_CT_2 1
4.0
3 301_CT_2 2
4.000000000000002
3 301_CT_2 3
4.0
3 301_CT_3 0
22.0
3 301_CT_3 1
11.0
3 301_CT_3 2
11.000000000000004
3 301_CT_3 3
11.0
3 301_CT_4 0
22.0
3 301_CT_4 1
11.0
3 301_CT_4 2
11.000000000000004
3 301_CT_4 3
11.0
3 302_CT_1 0
8.0
3 302_CT_1 1
4.0
3 302_CT_1 2
4.000000000000002
3 302_CT_1 3
4.0
3 302_CT_2 0
8.0
3 302_CT_2 1
4.0
3 302_CT_2 2
4.000000000000002
3 302_CT_2 3
4.0
3 302_CT_3 0
22.0
3 302_CT_3 1
11.0
3 302_CT_3 2
11.000000000000004
3 302_CT_3 3
11.0
3 302_CT_4 0
22.0
3 302_CT_4 1
11.0
3 302_CT_4 2
11.000000000000004
3 302_CT_4 3
11.0
3 307_CT_1 0
22.0
3 307_CT_1 1
11.0
3 307_CT_1 2
11.000000000000004
3 307_CT_1 3
11.0
3 307_CT_2 0
22.0
3 307_CT_2 1
11.0
3 307_CT_2 2
11.000000000000004
3 307_CT_2 3
11.0
3 313_CC_1 0
169.999999845
3 313_CC_1 1
61.666666955000004
3 313_CC_1 2
61.66666659999998
3 313_CC_1 3
61.66666660000001
3 315_STEAM_1 0
5.000000004000001
3 315_STEAM_1 1
2.333333328
3 315_STEAM_1 2
2.333333339999999
3 315_STEAM_1 3
2.3333333280000006
3 315_STEAM_2 0
5.000000004000001
3 315_STEAM_2 1
2.333333328
3 315_STEAM_2 2
2.333333339999999
3 315_STEAM_2 3
2.3333333280000006
3 315_STEAM_3 0
5.000000004000001
3 315_STEAM_3 1
2.333333328
3 315_STEAM_3 2
2.333333339999999
3 315_STEAM_3 3
2.3333333280000006
3 315_STEAM_4 0
5.000000004000001
3 315_STEAM_4 1
2.333333328
3 315_STEAM_4 2
2.333333339999999
3 315_STEAM_4 3
2.3333333280000006
3 315_STEAM_5 0
5.000000004000001
3 315_STEAM_5 1
2.333333328
3 315_STEAM_5 2
2.333333339999999
3 315_STEAM_5 3
2.3333333280000006
3 315_CT_6 0
22.0
3 315_CT_6 1
11.0
3 315_CT_6 2
11.000000000000004
3 315_CT_6 3
11.0
3 315_CT_7 0
22.0
3 315_CT_7 1
11.0
3 315_CT_7 2
11.000000000000004
3 315_CT_7 3
11.0
3 315_CT_8 0
22.0
3 315_CT_8 1
11.0
3 315_CT_8 2
11.000000000000004
3 315_CT_8 3
11.0
3 316_STEAM_1 0
62.0
3 316_STEAM_1 1
31.0
3 316_STEAM_1 2
31.00000000000001
3 316_STEAM_1 3
31.0
3 318_CC_1 0
169.999999845
3 318_CC_1 1
61.666666955000004
3 318_CC_1 2
61.66666659999998
3 318_CC_1 3
61.66666660000001
3 321_CC_1 0
169.999999845
3 321_CC_1 1
61.666666955000004
3 321_CC_1 2
61.66666659999998
3 321_CC_1 3
61.66666660000001
3 322_CT_5 0
22.0
3 322_CT_5 1
11.0
3 322_CT_5 2
11.000000000000004
3 322_CT_5 3
11.0
3 322_CT_6 0
22.0
3 322_CT_6 1
11.0
3 322_CT_6 2
11.000000000000004
3 322_CT_6 3
11.0
3 323_CC_1 0
169.999999845
3 323_CC_1 1
61.666666955000004
3 323_CC_1 2
61.66666659999998
3 323_CC_1 3
61.66666660000001
3 323_CC_2 0
169.999999845
3 323_CC_2 1
61.666666955000004
3 323_CC_2 2
61.66666659999998
3 323_CC_2 3
61.66666660000001
3 322_HYDRO_1 0
28.745833333333334
3 322_HYDRO_1 1
0.0
3 322_HYDRO_1 2
0.0
3 322_HYDRO_1 3
0.0
3 322_HYDRO_2 0
28.745833333333334
3 322_HYDRO_2 1
0.0
3 322_HYDRO_2 2
0.0
3 322_HYDRO_2 3
0.0
3 322_HYDRO_3 0
28.745833333333334
3 322_HYDRO_3 1
0.0
3 322_HYDRO_3 2
0.0
3 322_HYDRO_3 3
0.0
3 322_HYDRO_4 0
28.745833333333334
3 322_HYDRO_4 1
0.0
3 322_HYDRO_4 2
0.0
3 322_HYDRO_4 3
0.0
4 301_CT_1 0
8.0
4 301_CT_1 1
4.0
4 301_CT_1 2
4.000000000000002
4 301_CT_1 3
4.0
4 301_CT_2 0
8.0
4 301_CT_2 1
4.0
4 301_CT_2 2
4.000000000000002
4 301_CT_2 3
4.0
4 301_CT_3 0
22.0
4 301_CT_3 1
11.0
4 301_CT_3 2
11.000000000000004
4 301_CT_3 3
11.0
4 301_CT_4 0
22.0
4 301_CT_4 1
11.0
4 301_CT_4 2
11.000000000000004
4 301_CT_4 3
11.0
4 302_CT_1 0
8.0
4 302_CT_1 1
4.0
4 302_CT_1 2
4.000000000000002
4 302_CT_1 3
4.0
4 302_CT_2 0
8.0
4 302_CT_2 1
4.0
4 302_CT_2 2
4.000000000000002
4 302_CT_2 3
4.0
4 302_CT_3 0
22.0
4 302_CT_3 1
11.0
4 302_CT_3 2
11.000000000000004
4 302_CT_3 3
11.0
4 302_CT_4 0
22.0
4 302_CT_4 1
11.0
4 302_CT_4 2
11.000000000000004
4 302_CT_4 3
11.0
4 307_CT_1 0
22.0
4 307_CT_1 1
11.0
4 307_CT_1 2
11.000000000000004
4 307_CT_1 3
11.0
4 307_CT_2 0
22.0
4 307_CT_2 1
11.0
4 307_CT_2 2
11.000000000000004
4 307_CT_2 3
11.0
4 313_CC_1 0
169.999999845
4 313_CC_1 1
61.666666955000004
4 313_CC_1 2
61.66666659999998
4 313_CC_1 3
61.66666660000001
4 315_STEAM_1 0
5.000000004000001
4 315_STEAM_1 1
2.333333328
4 315_STEAM_1 2
2.333333339999999
4 315_STEAM_1 3
2.3333333280000006
4 315_STEAM_2 0
5.000000004000001
4 315_STEAM_2 1
2.333333328
4 315_STEAM_2 2
2.333333339999999
4 315_STEAM_2 3
2.3333333280000006
4 315_STEAM_3 0
5.000000004000001
4 315_STEAM_3 1
2.333333328
4 315_STEAM_3 2
2.333333339999999
4 315_STEAM_3 3
2.3333333280000006
4 315_STEAM_4 0
5.000000004000001
4 315_STEAM_4 1
2.333333328
4 315_STEAM_4 2
2.333333339999999
4 315_STEAM_4 3
2.3333333280000006
4 315_STEAM_5 0
5.000000004000001
4 315_STEAM_5 1
2.333333328
4 315_STEAM_5 2
2.333333339999999
4 315_STEAM_5 3
2.3333333280000006
4 315_CT_6 0
22.0
4 315_CT_6 1
11.0
4 315_CT_6 2
11.000000000000004
4 315_CT_6 3
11.0
4 315_CT_7 0
22.0
4 315_CT_7 1
11.0
4 315_CT_7 2
11.000000000000004
4 315_CT_7 3
11.0
4 315_CT_8 0
22.0
4 315_CT_8 1
11.0
4 315_CT_8 2
11.000000000000004
4 315_CT_8 3
11.0
4 316_STEAM_1 0
62.0
4 316_STEAM_1 1
31.0
4 316_STEAM_1 2
31.00000000000001
4 316_STEAM_1 3
31.0
4 318_CC_1 0
169.999999845
4 318_CC_1 1
61.666666955000004
4 318_CC_1 2
61.66666659999998
4 318_CC_1 3
61.66666660000001
4 321_CC_1 0
169.999999845
4 321_CC_1 1
61.666666955000004
4 321_CC_1 2
61.66666659999998
4 321_CC_1 3
61.66666660000001
4 322_CT_5 0
22.0
4 322_CT_5 1
11.0
4 322_CT_5 2
11.000000000000004
4 322_CT_5 3
11.0
4 322_CT_6 0
22.0
4 322_CT_6 1
11.0
4 322_CT_6 2
11.000000000000004
4 322_CT_6 3
11.0
4 323_CC_1 0
169.999999845
4 323_CC_1 1
61.666666955000004
4 323_CC_1 2
61.66666659999998
4 323_CC_1 3
61.66666660000001
4 323_CC_2 0
169.999999845
4 323_CC_2 1
61.666666955000004
4 323_CC_2 2
61.66666659999998
4 323_CC_2 3
61.66666660000001
4 322_HYDRO_1 0
35.97083333333333
4 322_HYDRO_1 1
0.0
4 322_HYDRO_1 2
0.0
4 322_HYDRO_1 3
0.0
4 322_HYDRO_2 0
35.97083333333333
4 322_HYDRO_2 1
0.0
4 322_HYDRO_2 2
0.0
4 322_HYDRO_2 3
0.0
4 322_HYDRO_3 0
35.97083333333333
4 322_HYDRO_3 1
0.0
4 322_HYDRO_3 2
0.0
4 322_HYDRO_3 3
0.0
4 322_HYDRO_4 0
35.97083333333333
4 322_HYDRO_4 1
0.0
4 322_HYDRO_4 2
0.0
4 322_HYDRO_4 3
0.0
5 301_CT_1 0
8.0
5 301_CT_1 1
4.0
5 301_CT_1 2
4.000000000000002
5 301_CT_1 3
4.0
5 301_CT_2 0
8.0
5 301_CT_2 1
4.0
5 301_CT_2 2
4.000000000000002
5 301_CT_2 3
4.0
5 301_CT_3 0
22.0
5 301_CT_3 1
11.0
5 301_CT_3 2
11.000000000000004
5 301_CT_3 3
11.0
5 301_CT_4 0
22.0
5 301_CT_4 1
11.0
5 301_CT_4 2
11.000000000000004
5 301_CT_4 3
11.0
5 302_CT_1 0
8.0
5 302_CT_1 1
4.0
5 302_CT_1 2
4.000000000000002
5 302_CT_1 3
4.0
5 302_CT_2 0
8.0
5 302_CT_2 1
4.0
5 302_CT_2 2
4.000000000000002
5 302_CT_2 3
4.0
5 302_CT_3 0
22.0
5 302_CT_3 1
11.0
5 302_CT_3 2
11.000000000000004
5 302_CT_3 3
11.0
5 302_CT_4 0
22.0
5 302_CT_4 1
11.0
5 302_CT_4 2
11.000000000000004
5 302_CT_4 3
11.0
5 307_CT_1 0
22.0
5 307_CT_1 1
11.0
5 307_CT_1 2
11.000000000000004
5 307_CT_1 3
11.0
5 307_CT_2 0
22.0
5 307_CT_2 1
11.0
5 307_CT_2 2
11.000000000000004
5 307_CT_2 3
11.0
5 313_CC_1 0
169.999999845
5 313_CC_1 1
61.666666955000004
5 313_CC_1 2
61.66666659999998
5 313_CC_1 3
61.66666660000001
5 315_STEAM_1 0
5.000000004000001
5 315_STEAM_1 1
2.333333328
5 315_STEAM_1 2
2.333333339999999
5 315_STEAM_1 3
2.3333333280000006
5 315_STEAM_2 0
5.000000004000001
5 315_STEAM_2 1
2.333333328
5 315_STEAM_2 2
2.333333339999999
5 315_STEAM_2 3
2.3333333280000006
5 315_STEAM_3 0
5.000000004000001
5 315_STEAM_3 1
2.333333328
5 315_STEAM_3 2
2.333333339999999
5 315_STEAM_3 3
2.3333333280000006
5 315_STEAM_4 0
5.000000004000001
5 315_STEAM_4 1
2.333333328
5 315_STEAM_4 2
2.333333339999999
5 315_STEAM_4 3
2.3333333280000006
5 315_STEAM_5 0
5.000000004000001
5 315_STEAM_5 1
2.333333328
5 315_STEAM_5 2
2.333333339999999
5 315_STEAM_5 3
2.3333333280000006
5 315_CT_6 0
22.0
5 315_CT_6 1
11.0
5 315_CT_6 2
11.000000000000004
5 315_CT_6 3
11.0
5 315_CT_7 0
22.0
5 315_CT_7 1
11.0
5 315_CT_7 2
11.000000000000004
5 315_CT_7 3
11.0
5 315_CT_8 0
22.0
5 315_CT_8 1
11.0
5 315_CT_8 2
11.000000000000004
5 315_CT_8 3
11.0
5 316_STEAM_1 0
62.0
5 316_STEAM_1 1
31.0
5 316_STEAM_1 2
31.00000000000001
5 316_STEAM_1 3
31.0
5 318_CC_1 0
169.999999845
5 318_CC_1 1
61.666666955000004
5 318_CC_1 2
61.66666659999998
5 318_CC_1 3
61.66666660000001
5 321_CC_1 0
169.999999845
5 321_CC_1 1
61.666666955000004
5 321_CC_1 2
61.66666659999998
5 321_CC_1 3
61.66666660000001
5 322_CT_5 0
22.0
5 322_CT_5 1
11.0
5 322_CT_5 2
11.000000000000004
5 322_CT_5 3
11.0
5 322_CT_6 0
22.0
5 322_CT_6 1
11.0
5 322_CT_6 2
11.000000000000004
5 322_CT_6 3
11.0
5 323_CC_1 0
169.999999845
5 323_CC_1 1
61.666666955000004
5 323_CC_1 2
61.66666659999998
5 323_CC_1 3
61.66666660000001
5 323_CC_2 0
169.999999845
5 323_CC_2 1
61.666666955000004
5 323_CC_2 2
61.66666659999998
5 323_CC_2 3
61.66666660000001
5 322_HYDRO_1 0
39.7
5 322_HYDRO_1 1
0.0
5 322_HYDRO_1 2
0.0
5 322_HYDRO_1 3
0.0
5 322_HYDRO_2 0
39.7
5 322_HYDRO_2 1
0.0
5 322_HYDRO_2 2
0.0
5 322_HYDRO_2 3
0.0
5 322_HYDRO_3 0
39.7
5 322_HYDRO_3 1
0.0
5 322_HYDRO_3 2
0.0
5 322_HYDRO_3 3
0.0
5 322_HYDRO_4 0
39.7
5 322_HYDRO_4 1
0.0
5 322_HYDRO_4 2
0.0
5 322_HYDRO_4 3
0.0
6 301_CT_1 0
8.0
6 301_CT_1 1
4.0
6 301_CT_1 2
4.000000000000002
6 301_CT_1 3
4.0
6 301_CT_2 0
8.0
6 301_CT_2 1
4.0
6 301_CT_2 2
4.000000000000002
6 301_CT_2 3
4.0
6 301_CT_3 0
22.0
6 301_CT_3 1
11.0
6 301_CT_3 2
11.000000000000004
6 301_CT_3 3
11.0
6 301_CT_4 0
22.0
6 301_CT_4 1
11.0
6 301_CT_4 2
11.000000000000004
6 301_CT_4 3
11.0
6 302_CT_1 0
8.0
6 302_CT_1 1
4.0
6 302_CT_1 2
4.000000000000002
6 302_CT_1 3
4.0
6 302_CT_2 0
8.0
6 302_CT_2 1
4.0
6 302_CT_2 2
4.000000000000002
6 302_CT_2 3
4.0
6 302_CT_3 0
22.0
6 302_CT_3 1
11.0
6 302_CT_3 2
11.000000000000004
6 302_CT_3 3
11.0
6 302_CT_4 0
22.0
6 302_CT_4 1
11.0
6 302_CT_4 2
11.000000000000004
6 302_CT_4 3
11.0
6 307_CT_1 0
22.0
6 307_CT_1 1
11.0
6 307_CT_1 2
11.000000000000004
6 307_CT_1 3
11.0
6 307_CT_2 0
22.0
6 307_CT_2 1
11.0
6 307_CT_2 2
11.000000000000004
6 307_CT_2 3
11.0
6 313_CC_1 0
169.999999845
6 313_CC_1 1
61.666666955000004
6 313_CC_1 2
61.66666659999998
6 313_CC_1 3
61.66666660000001
6 315_STEAM_1 0
5.000000004000001
6 315_STEAM_1 1
2.333333328
6 315_STEAM_1 2
2.333333339999999
6 315_STEAM_1 3
2.3333333280000006
6 315_STEAM_2 0
5.000000004000001
6 315_STEAM_2 1
2.333333328
6 315_STEAM_2 2
2.333333339999999
6 315_STEAM_2 3
2.3333333280000006
6 315_STEAM_3 0
5.000000004000001
6 315_STEAM_3 1
2.333333328
6 315_STEAM_3 2
2.333333339999999
6 315_STEAM_3 3
2.3333333280000006
6 315_STEAM_4 0
5.000000004000001
6 315_STEAM_4 1
2.333333328
6 315_STEAM_4 2
2.333333339999999
6 315_STEAM_4 3
2.3333333280000006
6 315_STEAM_5 0
5.000000004000001
6 315_STEAM_5 1
2.333333328
6 315_STEAM_5 2
2.333333339999999
6 315_STEAM_5 3
2.3333333280000006
6 315_CT_6 0
22.0
6 315_CT_6 1
11.0
6 315_CT_6 2
11.000000000000004
6 315_CT_6 3
11.0
6 315_CT_7 0
22.0
6 315_CT_7 1
11.0
6 315_CT_7 2
11.000000000000004
6 315_CT_7 3
11.0
6 315_CT_8 0
22.0
6 315_CT_8 1
11.0
6 315_CT_8 2
11.000000000000004
6 315_CT_8 3
11.0
6 316_STEAM_1 0
62.0
6 316_STEAM_1 1
31.0
6 316_STEAM_1 2
31.00000000000001
6 316_STEAM_1 3
31.0
6 318_CC_1 0
169.999999845
6 318_CC_1 1
61.666666955000004
6 318_CC_1 2
61.66666659999998
6 318_CC_1 3
61.66666660000001
6 321_CC_1 0
169.999999845
6 321_CC_1 1
61.666666955000004
6 321_CC_1 2
61.66666659999998
6 321_CC_1 3
61.66666660000001
6 322_CT_5 0
22.0
6 322_CT_5 1
11.0
6 322_CT_5 2
11.000000000000004
6 322_CT_5 3
11.0
6 322_CT_6 0
22.0
6 322_CT_6 1
11.0
6 322_CT_6 2
11.000000000000004
6 322_CT_6 3
11.0
6 323_CC_1 0
169.999999845
6 323_CC_1 1
61.666666955000004
6 323_CC_1 2
61.66666659999998
6 323_CC_1 3
61.66666660000001
6 323_CC_2 0
169.999999845
6 323_CC_2 1
61.666666955000004
6 323_CC_2 2
61.66666659999998
6 323_CC_2 3
61.66666660000001
6 322_HYDRO_1 0
38.958333333333336
6 322_HYDRO_1 1
0.0
6 322_HYDRO_1 2
0.0
6 322_HYDRO_1 3
0.0
6 322_HYDRO_2 0
38.958333333333336
6 322_HYDRO_2 1
0.0
6 322_HYDRO_2 2
0.0
6 322_HYDRO_2 3
0.0
6 322_HYDRO_3 0
38.958333333333336
6 322_HYDRO_3 1
0.0
6 322_HYDRO_3 2
0.0
6 322_HYDRO_3 3
0.0
6 322_HYDRO_4 0
38.958333333333336
6 322_HYDRO_4 1
0.0
6 322_HYDRO_4 2
0.0
6 322_HYDRO_4 3
0.0
7 301_CT_1 0
8.0
7 301_CT_1 1
4.0
7 301_CT_1 2
4.000000000000002
7 301_CT_1 3
4.0
7 301_CT_2 0
8.0
7 301_CT_2 1
4.0
7 301_CT_2 2
4.000000000000002
7 301_CT_2 3
4.0
7 301_CT_3 0
22.0
7 301_CT_3 1
11.0
7 301_CT_3 2
11.000000000000004
7 301_CT_3 3
11.0
7 301_CT_4 0
22.0
7 301_CT_4 1
11.0
7 301_CT_4 2
11.000000000000004
7 301_CT_4 3
11.0
7 302_CT_1 0
8.0
7 302_CT_1 1
4.0
7 302_CT_1 2
4.000000000000002
7 302_CT_1 3
4.0
7 302_CT_2 0
8.0
7 302_CT_2 1
4.0
7 302_CT_2 2
4.000000000000002
7 302_CT_2 3
4.0
7 302_CT_3 0
22.0
7 302_CT_3 1
11.0
7 302_CT_3 2
11.000000000000004
7 302_CT_3 3
11.0
7 302_CT_4 0
22.0
7 302_CT_4 1
11.0
7 302_CT_4 2
11.000000000000004
7 302_CT_4 3
11.0
7 307_CT_1 0
22.0
7 307_CT_1 1
11.0
7 307_CT_1 2
11.000000000000004
7 307_CT_1 3
11.0
7 307_CT_2 0
22.0
7 307_CT_2 1
11.0
7 307_CT_2 2
11.000000000000004
7 307_CT_2 3
11.0
7 313_CC_1 0
169.999999845
7 313_CC_1 1
61.666666955000004
7 313_CC_1 2
61.66666659999998
7 313_CC_1 3
61.66666660000001
7 315_STEAM_1 0
5.000000004000001
7 315_STEAM_1 1
2.333333328
7 315_STEAM_1 2
2.333333339999999
7 315_STEAM_1 3
2.3333333280000006
7 315_STEAM_2 0
5.000000004000001
7 315_STEAM_2 1
2.333333328
7 315_STEAM_2 2
2.333333339999999
7 315_STEAM_2 3
2.3333333280000006
7 315_STEAM_3 0
5.000000004000001
7 315_STEAM_3 1
2.333333328
7 315_STEAM_3 2
2.333333339999999
7 315_STEAM_3 3
2.3333333280000006
7 315_STEAM_4 0
5.000000004000001
7 315_STEAM_4 1
2.333333328
7 315_STEAM_4 2
2.333333339999999
7 315_STEAM_4 3
2.3333333280000006
7 315_STEAM_5 0
5.000000004000001
7 315_STEAM_5 1
2.333333328
7 315_STEAM_5 2
2.333333339999999
7 315_STEAM_5 3
2.3333333280000006
7 315_CT_6 0
22.0
7 315_CT_6 1
11.0
7 315_CT_6 2
11.000000000000004
7 315_CT_6 3
11.0
7 315_CT_7 0
22.0
7 315_CT_7 1
11.0
7 315_CT_7 2
11.000000000000004
7 315_CT_7 3
11.0
7 315_CT_8 0
22.0
7 315_CT_8 1
11.0
7 315_CT_8 2
11.000000000000004
7 315_CT_8 3
11.0
7 316_STEAM_1 0
62.0
7 316_STEAM_1 1
31.0
7 316_STEAM_1 2
31.00000000000001
7 316_STEAM_1 3
31.0
7 318_CC_1 0
169.999999845
7 318_CC_1 1
61.666666955000004
7 318_CC_1 2
61.66666659999998
7 318_CC_1 3
61.66666660000001
7 321_CC_1 0
169.999999845
7 321_CC_1 1
61.666666955000004
7 321_CC_1 2
61.66666659999998
7 321_CC_1 3
61.66666660000001
7 322_CT_5 0
22.0
7 322_CT_5 1
11.0
7 322_CT_5 2
11.000000000000004
7 322_CT_5 3
11.0
7 322_CT_6 0
22.0
7 322_CT_6 1
11.0
7 322_CT_6 2
11.000000000000004
7 322_CT_6 3
11.0
7 323_CC_1 0
169.999999845
7 323_CC_1 1
61.666666955000004
7 323_CC_1 2
61.66666659999998
7 323_CC_1 3
61.66666660000001
7 323_CC_2 0
169.999999845
7 323_CC_2 1
61.666666955000004
7 323_CC_2 2
61.66666659999998
7 323_CC_2 3
61.66666660000001
7 322_HYDRO_1 0
39.35
7 322_HYDRO_1 1
0.0
7 322_HYDRO_1 2
0.0
7 322_HYDRO_1 3
0.0
7 322_HYDRO_2 0
39.35
7 322_HYDRO_2 1
0.0
7 322_HYDRO_2 2
0.0
7 322_HYDRO_2 3
0.0
7 322_HYDRO_3 0
39.35
7 322_HYDRO_3 1
0.0
7 322_HYDRO_3 2
0.0
7 322_HYDRO_3 3
0.0
7 322_HYDRO_4 0
39.35
7 322_HYDRO_4 1
0.0
7 322_HYDRO_4 2
0.0
7 322_HYDRO_4 3
0.0
8 301_CT_1 0
8.0
8 301_CT_1 1
4.0
8 301_CT_1 2
4.000000000000002
8 301_CT_1 3
4.0
8 301_CT_2 0
8.0
8 301_CT_2 1
4.0
8 301_CT_2 2
4.000000000000002
8 301_CT_2 3
4.0
8 301_CT_3 0
22.0
8 301_CT_3 1
11.0
8 301_CT_3 2
11.000000000000004
8 301_CT_3 3
11.0
8 301_CT_4 0
22.0
8 301_CT_4 1
11.0
8 301_CT_4 2
11.000000000000004
8 301_CT_4 3
11.0
8 302_CT_1 0
8.0
8 302_CT_1 1
4.0
8 302_CT_1 2
4.000000000000002
8 302_CT_1 3
4.0
8 302_CT_2 0
8.0
8 302_CT_2 1
4.0
8 302_CT_2 2
4.000000000000002
8 302_CT_2 3
4.0
8 302_CT_3 0
22.0
8 302_CT_3 1
11.0
8 302_CT_3 2
11.000000000000004
8 302_CT_3 3
11.0
8 302_CT_4 0
22.0
8 302_CT_4 1
11.0
8 302_CT_4 2
11.000000000000004
8 302_CT_4 3
11.0
8 307_CT_1 0
22.0
8 307_CT_1 1
11.0
8 307_CT_1 2
11.000000000000004
8 307_CT_1 3
11.0
8 307_CT_2 0
22.0
8 307_CT_2 1
11.0
8 307_CT_2 2
11.000000000000004
8 307_CT_2 3
11.0
8 313_CC_1 0
169.999999845
8 313_CC_1 1
61.666666955000004
8 313_CC_1 2
61.66666659999998
8 313_CC_1 3
61.66666660000001
8 315_STEAM_1 0
5.000000004000001
8 315_STEAM_1 1
2.333333328
8 315_STEAM_1 2
2.333333339999999
8 315_STEAM_1 3
2.3333333280000006
8 315_STEAM_2 0
5.000000004000001
8 315_STEAM_2 1
2.333333328
8 315_STEAM_2 2
2.333333339999999
8 315_STEAM_2 3
2.3333333280000006
8 315_STEAM_3 0
5.000000004000001
8 315_STEAM_3 1
2.333333328
8 315_STEAM_3 2
2.333333339999999
8 315_STEAM_3 3
2.3333333280000006
8 315_STEAM_4 0
5.000000004000001
8 315_STEAM_4 1
2.333333328
8 315_STEAM_4 2
2.333333339999999
8 315_STEAM_4 3
2.3333333280000006
8 315_STEAM_5 0
5.000000004000001
8 315_STEAM_5 1
2.333333328
8 315_STEAM_5 2
2.333333339999999
8 315_STEAM_5 3
2.3333333280000006
8 315_CT_6 0
22.0
8 315_CT_6 1
11.0
8 315_CT_6 2
11.000000000000004
8 315_CT_6 3
11.0
8 315_CT_7 0
22.0
8 315_CT_7 1
11.0
8 315_CT_7 2
11.000000000000004
8 315_CT_7 3
11.0
8 315_CT_8 0
22.0
8 315_CT_8 1
11.0
8 315_CT_8 2
11.000000000000004
8 315_CT_8 3
11.0
8 316_STEAM_1 0
62.0
8 316_STEAM_1 1
31.0
8 316_STEAM_1 2
31.00000000000001
8 316_STEAM_1 3
31.0
8 318_CC_1 0
169.999999845
8 318_CC_1 1
61.666666955000004
8 318_CC_1 2
61.66666659999998
8 318_CC_1 3
61.66666660000001
8 321_CC_1 0
169.999999845
8 321_CC_1 1
61.666666955000004
8 321_CC_1 2
61.66666659999998
8 321_CC_1 3
61.66666660000001
8 322_CT_5 0
22.0
8 322_CT_5 1
11.0
8 322_CT_5 2
11.000000000000004
8 322_CT_5 3
11.0
8 322_CT_6 0
22.0
8 322_CT_6 1
11.0
8 322_CT_6 2
11.000000000000004
8 322_CT_6 3
11.0
8 323_CC_1 0
169.999999845
8 323_CC_1 1
61.666666955000004
8 323_CC_1 2
61.66666659999998
8 323_CC_1 3
61.66666660000001
8 323_CC_2 0
169.999999845
8 323_CC_2 1
61.666666955000004
8 323_CC_2 2
61.66666659999998
8 323_CC_2 3
61.66666660000001
8 322_HYDRO_1 0
24.208333333333332
8 322_HYDRO_1 1
0.0
8 322_HYDRO_1 2
0.0
8 322_HYDRO_1 3
0.0
8 322_HYDRO_2 0
24.208333333333332
8 322_HYDRO_2 1
0.0
8 322_HYDRO_2 2
0.0
8 322_HYDRO_2 3
0.0
8 322_HYDRO_3 0
24.208333333333332
8 322_HYDRO_3 1
0.0
8 322_HYDRO_3 2
0.0
8 322_HYDRO_3 3
0.0
8 322_HYDRO_4 0
24.208333333333332
8 322_HYDRO_4 1
0.0
8 322_HYDRO_4 2
0.0
8 322_HYDRO_4 3
0.0
9 301_CT_1 0
8.0
9 301_CT_1 1
4.0
9 301_CT_1 2
4.000000000000002
9 301_CT_1 3
4.0
9 301_CT_2 0
8.0
9 301_CT_2 1
4.0
9 301_CT_2 2
4.000000000000002
9 301_CT_2 3
4.0
9 301_CT_3 0
22.0
9 301_CT_3 1
11.0
9 301_CT_3 2
11.000000000000004
9 301_CT_3 3
11.0
9 301_CT_4 0
22.0
9 301_CT_4 1
11.0
9 301_CT_4 2
11.000000000000004
9 301_CT_4 3
11.0
9 302_CT_1 0
8.0
9 302_CT_1 1
4.0
9 302_CT_1 2
4.000000000000002
9 302_CT_1 3
4.0
9 302_CT_2 0
8.0
9 302_CT_2 1
4.0
9 302_CT_2 2
4.000000000000002
9 302_CT_2 3
4.0
9 302_CT_3 0
22.0
9 302_CT_3 1
11.0
9 302_CT_3 2
11.000000000000004
9 302_CT_3 3
11.0
9 302_CT_4 0
22.0
9 302_CT_4 1
11.0
9 302_CT_4 2
11.000000000000004
9 302_CT_4 3
11.0
9 307_CT_1 0
22.0
9 307_CT_1 1
11.0
9 307_CT_1 2
11.000000000000004
9 307_CT_1 3
11.0
9 307_CT_2 0
22.0
9 307_CT_2 1
11.0
9 307_CT_2 2
11.000000000000004
9 307_CT_2 3
11.0
9 313_CC_1 0
169.999999845
9 313_CC_1 1
61.666666955000004
9 313_CC_1 2
61.66666659999998
9 313_CC_1 3
61.66666660000001
9 315_STEAM_1 0
5.000000004000001
9 315_STEAM_1 1
2.333333328
9 315_STEAM_1 2
2.333333339999999
9 315_STEAM_1 3
2.3333333280000006
9 315_STEAM_2 0
5.000000004000001
9 315_STEAM_2 1
2.333333328
9 315_STEAM_2 2
2.333333339999999
9 315_STEAM_2 3
2.3333333280000006
9 315_STEAM_3 0
5.000000004000001
9 315_STEAM_3 1
2.333333328
9 315_STEAM_3 2
2.333333339999999
9 315_STEAM_3 3
2.3333333280000006
9 315_STEAM_4 0
5.000000004000001
9 315_STEAM_4 1
2.333333328
9 315_STEAM_4 2
2.333333339999999
9 315_STEAM_4 3
2.3333333280000006
9 315_STEAM_5 0
5.000000004000001
9 315_STEAM_5 1
2.333333328
9 315_STEAM_5 2
2.333333339999999
9 315_STEAM_5 3
2.3333333280000006
9 315_CT_6 0
22.0
9 315_CT_6 1
11.0
9 315_CT_6 2
11.000000000000004
9 315_CT_6 3
11.0
9 315_CT_7 0
22.0
9 315_CT_7 1
11.0
9 315_CT_7 2
11.000000000000004
9 315_CT_7 3
11.0
9 315_CT_8 0
22.0
9 315_CT_8 1
11.0
9 315_CT_8 2
11.000000000000004
9 315_CT_8 3
11.0
9 316_STEAM_1 0
62.0
9 316_STEAM_1 1
31.0
9 316_STEAM_1 2
31.00000000000001
9 316_STEAM_1 3
31.0
9 318_CC_1 0
169.999999845
9 318_CC_1 1
61.666666955000004
9 318_CC_1 2
61.66666659999998
9 318_CC_1 3
61.66666660000001
9 321_CC_1 0
169.999999845
9 321_CC_1 1
61.666666955000004
9 321_CC_1 2
61.66666659999998
9 321_CC_1 3
61.66666660000001
9 322_CT_5 0
22.0
9 322_CT_5 1
11.0
9 322_CT_5 2
11.000000000000004
9 322_CT_5 3
11.0
9 322_CT_6 0
22.0
9 322_CT_6 1
11.0
9 322_CT_6 2
11.000000000000004
9 322_CT_6 3
11.0
9 323_CC_1 0
169.999999845
9 323_CC_1 1
61.666666955000004
9 323_CC_1 2
61.66666659999998
9 323_CC_1 3
61.66666660000001
9 323_CC_2 0
169.999999845
9 323_CC_2 1
61.666666955000004
9 323_CC_2 2
61.66666659999998
9 323_CC_2 3
61.66666660000001
9 322_HYDRO_1 0
9.675
9 322_HYDRO_1 1
0.0
9 322_HYDRO_1 2
0.0
9 322_HYDRO_1 3
0.0
9 322_HYDRO_2 0
9.675
9 322_HYDRO_2 1
0.0
9 322_HYDRO_2 2
0.0
9 322_HYDRO_2 3
0.0
9 322_HYDRO_3 0
9.675
9 322_HYDRO_3 1
0.0
9 322_HYDRO_3 2
0.0
9 322_HYDRO_3 3
0.0
9 322_HYDRO_4 0
9.675
9 322_HYDRO_4 1
0.0
9 322_HYDRO_4 2
0.0
9 322_HYDRO_4 3
0.0
10 301_CT_1 0
8.0
10 301_CT_1 1
4.0
10 301_CT_1 2
4.000000000000002
10 301_CT_1 3
4.0
10 301_CT_2 0
8.0
10 301_CT_2 1
4.0
10 301_CT_2 2
4.000000000000002
10 301_CT_2 3
4.0
10 301_CT_3 0
22.0
10 301_CT_3 1
11.0
10 301_CT_3 2
11.000000000000004
10 301_CT_3 3
11.0
10 301_CT_4 0
22.0
10 301_CT_4 1
11.0
10 301_CT_4 2
11.000000000000004
10 301_CT_4 3
11.0
10 302_CT_1 0
8.0
10 302_CT_1 1
4.0
10 302_CT_1 2
4.000000000000002
10 302_CT_1 3
4.0
10 302_CT_2 0
8.0
10 302_CT_2 1
4.0
10 302_CT_2 2
4.000000000000002
10 302_CT_2 3
4.0
10 302_CT_3 0
22.0
10 302_CT_3 1
11.0
10 302_CT_3 2
11.000000000000004
10 302_CT_3 3
11.0
10 302_CT_4 0
22.0
10 302_CT_4 1
11.0
10 302_CT_4 2
11.000000000000004
10 302_CT_4 3
11.0
10 307_CT_1 0
22.0
10 307_CT_1 1
11.0
10 307_CT_1 2
11.000000000000004
10 307_CT_1 3
11.0
10 307_CT_2 0
22.0
10 307_CT_2 1
11.0
10 307_CT_2 2
11.000000000000004
10 307_CT_2 3
11.0
10 313_CC_1 0
169.999999845
10 313_CC_1 1
61.666666955000004
10 313_CC_1 2
61.66666659999998
10 313_CC_1 3
61.66666660000001
10 315_STEAM_1 0
5.000000004000001
10 315_STEAM_1 1
2.333333328
10 315_STEAM_1 2
2.333333339999999
10 315_STEAM_1 3
2.3333333280000006
10 315_STEAM_2 0
5.000000004000001
10 315_STEAM_2 1
2.333333328
10 315_STEAM_2 2
2.333333339999999
10 315_STEAM_2 3
2.3333333280000006
10 315_STEAM_3 0
5.000000004000001
10 315_STEAM_3 1
2.333333328
10 315_STEAM_3 2
2.333333339999999
10 315_STEAM_3 3
2.3333333280000006
10 315_STEAM_4 0
5.000000004000001
10 315_STEAM_4 1
2.333333328
10 315_STEAM_4 2
2.333333339999999
10 315_STEAM_4 3
2.3333333280000006
10 315_STEAM_5 0
5.000000004000001
10 315_STEAM_5 1
2.333333328
10 315_STEAM_5 2
2.333333339999999
10 315_STEAM_5 3
2.3333333280000006
10 315_CT_6 0
22.0
10 315_CT_6 1
11.0
10 315_CT_6 2
11.000000000000004
10 315_CT_6 3
11.0
10 315_CT_7 0
22.0
10 315_CT_7 1
11.0
10 315_CT_7 2
11.000000000000004
10 315_CT_7 3
11.0
10 315_CT_8 0
22.0
10 315_CT_8 1
11.0
10 315_CT_8 2
11.000000000000004
10 315_CT_8 3
11.0
10 316_STEAM_1 0
62.0
10 316_STEAM_1 1
31.0
10 316_STEAM_1 2
31.00000000000001
10 316_STEAM_1 3
31.0
10 318_CC_1 0
169.999999845
10 318_CC_1 1
61.666666955000004
10 318_CC_1 2
61.66666659999998
10 318_CC_1 3
61.66666660000001
10 321_CC_1 0
169.999999845
10 321_CC_1 1
61.666666955000004
10 321_CC_1 2
61.66666659999998
10 321_CC_1 3
61.66666660000001
10 322_CT_5 0
22.0
10 322_CT_5 1
11.0
10 322_CT_5 2
11.000000000000004
10 322_CT_5 3
11.0
10 322_CT_6 0
22.0
10 322_CT_6 1
11.0
10 322_CT_6 2
11.000000000000004
10 322_CT_6 3
11.0
10 323_CC_1 0
169.999999845
10 323_CC_1 1
61.666666955000004
10 323_CC_1 2
61.66666659999998
10 323_CC_1 3
61.66666660000001
10 323_CC_2 0
169.999999845
10 323_CC_2 1
61.666666955000004
10 323_CC_2 2
61.66666659999998
10 323_CC_2 3
61.66666660000001
10 322_HYDRO_1 0
20.72083333333333
10 322_HYDRO_1 1
0.0
10 322_HYDRO_1 2
0.0
10 322_HYDRO_1 3
0.0
10 322_HYDRO_2 0
20.72083333333333
10 322_HYDRO_2 1
0.0
10 322_HYDRO_2 2
0.0
10 322_HYDRO_2 3
0.0
10 322_HYDRO_3 0
20.72083333333333
10 322_HYDRO_3 1
0.0
10 322_HYDRO_3 2
0.0
10 322_HYDRO_3 3
0.0
10 322_HYDRO_4 0
20.72083333333333
10 322_HYDRO_4 1
0.0
10 322_HYDRO_4 2
0.0
10 322_HYDRO_4 3
0.0
11 301_CT_1 0
8.0
11 301_CT_1 1
4.0
11 301_CT_1 2
4.000000000000002
11 301_CT_1 3
4.0
11 301_CT_2 0
8.0
11 301_CT_2 1
4.0
11 301_CT_2 2
4.000000000000002
11 301_CT_2 3
4.0
11 301_CT_3 0
22.0
11 301_CT_3 1
11.0
11 301_CT_3 2
11.000000000000004
11 301_CT_3 3
11.0
11 301_CT_4 0
22.0
11 301_CT_4 1
11.0
11 301_CT_4 2
11.000000000000004
11 301_CT_4 3
11.0
11 302_CT_1 0
8.0
11 302_CT_1 1
4.0
11 302_CT_1 2
4.000000000000002
11 302_CT_1 3
4.0
11 302_CT_2 0
8.0
11 302_CT_2 1
4.0
11 302_CT_2 2
4.000000000000002
11 302_CT_2 3
4.0
11 302_CT_3 0
22.0
11 302_CT_3 1
11.0
11 302_CT_3 2
11.000000000000004
11 302_CT_3 3
11.0
11 302_CT_4 0
22.0
11 302_CT_4 1
11.0
11 302_CT_4 2
11.000000000000004
11 302_CT_4 3
11.0
11 307_CT_1 0
22.0
11 307_CT_1 1
11.0
11 307_CT_1 2
11.000000000000004
11 307_CT_1 3
11.0
11 307_CT_2 0
22.0
11 307_CT_2 1
11.0
11 307_CT_2 2
11.000000000000004
11 307_CT_2 3
11.0
11 313_CC_1 0
169.999999845
11 313_CC_1 1
61.666666955000004
11 313_CC_1 2
61.66666659999998
11 313_CC_1 3
61.66666660000001
11 315_STEAM_1 0
5.000000004000001
11 315_STEAM_1 1
2.333333328
11 315_STEAM_1 2
2.333333339999999
11 315_STEAM_1 3
2.3333333280000006
11 315_STEAM_2 0
5.000000004000001
11 315_STEAM_2 1
2.333333328
11 315_STEAM_2 2
2.333333339999999
11 315_STEAM_2 3
2.3333333280000006
11 315_STEAM_3 0
5.000000004000001
11 315_STEAM_3 1
2.333333328
11 315_STEAM_3 2
2.333333339999999
11 315_STEAM_3 3
2.3333333280000006
11 315_STEAM_4 0
5.000000004000001
11 315_STEAM_4 1
2.333333328
11 315_STEAM_4 2
2.333333339999999
11 315_STEAM_4 3
2.3333333280000006
11 315_STEAM_5 0
5.000000004000001
11 315_STEAM_5 1
2.333333328
11 315_STEAM_5 2
2.333333339999999
11 315_STEAM_5 3
2.3333333280000006
11 315_CT_6 0
22.0
11 315_CT_6 1
11.0
11 315_CT_6 2
11.000000000000004
11 315_CT_6 3
11.0
11 315_CT_7 0
22.0
11 315_CT_7 1
11.0
11 315_CT_7 2
11.000000000000004
11 315_CT_7 3
11.0
11 315_CT_8 0
22.0
11 315_CT_8 1
11.0
11 315_CT_8 2
11.000000000000004
11 315_CT_8 3
11.0
11 316_STEAM_1 0
62.0
11 316_STEAM_1 1
31.0
11 316_STEAM_1 2
31.00000000000001
11 316_STEAM_1 3
31.0
11 318_CC_1 0
169.999999845
11 318_CC_1 1
61.666666955000004
11 318_CC_1 2
61.66666659999998
11 318_CC_1 3
61.66666660000001
11 321_CC_1 0
169.999999845
11 321_CC_1 1
61.666666955000004
11 321_CC_1 2
61.66666659999998
11 321_CC_1 3
61.66666660000001
11 322_CT_5 0
22.0
11 322_CT_5 1
11.0
11 322_CT_5 2
11.000000000000004
11 322_CT_5 3
11.0
11 322_CT_6 0
22.0
11 322_CT_6 1
11.0
11 322_CT_6 2
11.000000000000004
11 322_CT_6 3
11.0
11 323_CC_1 0
169.999999845
11 323_CC_1 1
61.666666955000004
11 323_CC_1 2
61.66666659999998
11 323_CC_1 3
61.66666660000001
11 323_CC_2 0
169.999999845
11 323_CC_2 1
61.666666955000004
11 323_CC_2 2
61.66666659999998
11 323_CC_2 3
61.66666660000001
11 322_HYDRO_1 0
27.429166666666664
11 322_HYDRO_1 1
0.0
11 322_HYDRO_1 2
0.0
11 322_HYDRO_1 3
0.0
11 322_HYDRO_2 0
27.429166666666664
11 322_HYDRO_2 1
0.0
11 322_HYDRO_2 2
0.0
11 322_HYDRO_2 3
0.0
11 322_HYDRO_3 0
27.429166666666664
11 322_HYDRO_3 1
0.0
11 322_HYDRO_3 2
0.0
11 322_HYDRO_3 3
0.0
11 322_HYDRO_4 0
27.429166666666664
11 322_HYDRO_4 1
0.0
11 322_HYDRO_4 2
0.0
11 322_HYDRO_4 3
0.0
12 301_CT_1 0
8.0
12 301_CT_1 1
4.0
12 301_CT_1 2
4.000000000000002
12 301_CT_1 3
4.0
12 301_CT_2 0
8.0
12 301_CT_2 1
4.0
12 301_CT_2 2
4.000000000000002
12 301_CT_2 3
4.0
12 301_CT_3 0
22.0
12 301_CT_3 1
11.0
12 301_CT_3 2
11.000000000000004
12 301_CT_3 3
11.0
12 301_CT_4 0
22.0
12 301_CT_4 1
11.0
12 301_CT_4 2
11.000000000000004
12 301_CT_4 3
11.0
12 302_CT_1 0
8.0
12 302_CT_1 1
4.0
12 302_CT_1 2
4.000000000000002
12 302_CT_1 3
4.0
12 302_CT_2 0
8.0
12 302_CT_2 1
4.0
12 302_CT_2 2
4.000000000000002
12 302_CT_2 3
4.0
12 302_CT_3 0
22.0
12 302_CT_3 1
11.0
12 302_CT_3 2
11.000000000000004
12 302_CT_3 3
11.0
12 302_CT_4 0
22.0
12 302_CT_4 1
11.0
12 302_CT_4 2
11.000000000000004
12 302_CT_4 3
11.0
12 307_CT_1 0
22.0
12 307_CT_1 1
11.0
12 307_CT_1 2
11.000000000000004
12 307_CT_1 3
11.0
12 307_CT_2 0
22.0
12 307_CT_2 1
11.0
12 307_CT_2 2
11.000000000000004
12 307_CT_2 3
11.0
12 313_CC_1 0
169.999999845
12 313_CC_1 1
61.666666955000004
12 313_CC_1 2
61.66666659999998
12 313_CC_1 3
61.66666660000001
12 315_STEAM_1 0
5.000000004000001
12 315_STEAM_1 1
2.333333328
12 315_STEAM_1 2
2.333333339999999
12 315_STEAM_1 3
2.3333333280000006
12 315_STEAM_2 0
5.000000004000001
12 315_STEAM_2 1
2.333333328
12 315_STEAM_2 2
2.333333339999999
12 315_STEAM_2 3
2.3333333280000006
12 315_STEAM_3 0
5.000000004000001
12 315_STEAM_3 1
2.333333328
12 315_STEAM_3 2
2.333333339999999
12 315_STEAM_3 3
2.3333333280000006
12 315_STEAM_4 0
5.000000004000001
12 315_STEAM_4 1
2.333333328
12 315_STEAM_4 2
2.333333339999999
12 315_STEAM_4 3
2.3333333280000006
12 315_STEAM_5 0
5.000000004000001
12 315_STEAM_5 1
2.333333328
12 315_STEAM_5 2
2.333333339999999
12 315_STEAM_5 3
2.3333333280000006
12 315_CT_6 0
22.0
12 315_CT_6 1
11.0
12 315_CT_6 2
11.000000000000004
12 315_CT_6 3
11.0
12 315_CT_7 0
22.0
12 315_CT_7 1
11.0
12 315_CT_7 2
11.000000000000004
12 315_CT_7 3
11.0
12 315_CT_8 0
22.0
12 315_CT_8 1
11.0
12 315_CT_8 2
11.000000000000004
12 315_CT_8 3
11.0
12 316_STEAM_1 0
62.0
12 316_STEAM_1 1
31.0
12 316_STEAM_1 2
31.00000000000001
12 316_STEAM_1 3
31.0
12 318_CC_1 0
169.999999845
12 318_CC_1 1
61.666666955000004
12 318_CC_1 2
61.66666659999998
12 318_CC_1 3
61.66666660000001
12 321_CC_1 0
169.999999845
12 321_CC_1 1
61.666666955000004
12 321_CC_1 2
61.66666659999998
12 321_CC_1 3
61.66666660000001
12 322_CT_5 0
22.0
12 322_CT_5 1
11.0
12 322_CT_5 2
11.000000000000004
12 322_CT_5 3
11.0
12 322_CT_6 0
22.0
12 322_CT_6 1
11.0
12 322_CT_6 2
11.000000000000004
12 322_CT_6 3
11.0
12 323_CC_1 0
169.999999845
12 323_CC_1 1
61.666666955000004
12 323_CC_1 2
61.66666659999998
12 323_CC_1 3
61.66666660000001
12 323_CC_2 0
169.999999845
12 323_CC_2 1
61.666666955000004
12 323_CC_2 2
61.66666659999998
12 323_CC_2 3
61.66666660000001
12 322_HYDRO_1 0
23.970833333333335
12 322_HYDRO_1 1
0.0
12 322_HYDRO_1 2
0.0
12 322_HYDRO_1 3
0.0
12 322_HYDRO_2 0
23.970833333333335
12 322_HYDRO_2 1
0.0
12 322_HYDRO_2 2
0.0
12 322_HYDRO_2 3
0.0
12 322_HYDRO_3 0
23.970833333333335
12 322_HYDRO_3 1
0.0
12 322_HYDRO_3 2
0.0
12 322_HYDRO_3 3
0.0
12 322_HYDRO_4 0
23.970833333333335
12 322_HYDRO_4 1
0.0
12 322_HYDRO_4 2
0.0
12 322_HYDRO_4 3
0.0
13 301_CT_1 0
8.0
13 301_CT_1 1
4.0
13 301_CT_1 2
4.000000000000002
13 301_CT_1 3
4.0
13 301_CT_2 0
8.0
13 301_CT_2 1
4.0
13 301_CT_2 2
4.000000000000002
13 301_CT_2 3
4.0
13 301_CT_3 0
22.0
13 301_CT_3 1
11.0
13 301_CT_3 2
11.000000000000004
13 301_CT_3 3
11.0
13 301_CT_4 0
22.0
13 301_CT_4 1
11.0
13 301_CT_4 2
11.000000000000004
13 301_CT_4 3
11.0
13 302_CT_1 0
8.0
13 302_CT_1 1
4.0
13 302_CT_1 2
4.000000000000002
13 302_CT_1 3
4.0
13 302_CT_2 0
8.0
13 302_CT_2 1
4.0
13 302_CT_2 2
4.000000000000002
13 302_CT_2 3
4.0
13 302_CT_3 0
22.0
13 302_CT_3 1
11.0
13 302_CT_3 2
11.000000000000004
13 302_CT_3 3
11.0
13 302_CT_4 0
22.0
13 302_CT_4 1
11.0
13 302_CT_4 2
11.000000000000004
13 302_CT_4 3
11.0
13 307_CT_1 0
22.0
13 307_CT_1 1
11.0
13 307_CT_1 2
11.000000000000004
13 307_CT_1 3
11.0
13 307_CT_2 0
22.0
13 307_CT_2 1
11.0
13 307_CT_2 2
11.000000000000004
13 307_CT_2 3
11.0
13 313_CC_1 0
169.999999845
13 313_CC_1 1
61.666666955000004
13 313_CC_1 2
61.66666659999998
13 313_CC_1 3
61.66666660000001
13 315_STEAM_1 0
5.000000004000001
13 315_STEAM_1 1
2.333333328
13 315_STEAM_1 2
2.333333339999999
13 315_STEAM_1 3
2.3333333280000006
13 315_STEAM_2 0
5.000000004000001
13 315_STEAM_2 1
2.333333328
13 315_STEAM_2 2
2.333333339999999
13 315_STEAM_2 3
2.3333333280000006
13 315_STEAM_3 0
5.000000004000001
13 315_STEAM_3 1
2.333333328
13 315_STEAM_3 2
2.333333339999999
13 315_STEAM_3 3
2.3333333280000006
13 315_STEAM_4 0
5.000000004000001
13 315_STEAM_4 1
2.333333328
13 315_STEAM_4 2
2.333333339999999
13 315_STEAM_4 3
2.3333333280000006
13 315_STEAM_5 0
5.000000004000001
13 315_STEAM_5 1
2.333333328
13 315_STEAM_5 2
2.333333339999999
13 315_STEAM_5 3
2.3333333280000006
13 315_CT_6 0
22.0
13 315_CT_6 1
11.0
13 315_CT_6 2
11.000000000000004
13 315_CT_6 3
11.0
13 315_CT_7 0
22.0
13 315_CT_7 1
11.0
13 315_CT_7 2
11.000000000000004
13 315_CT_7 3
11.0
13 315_CT_8 0
22.0
13 315_CT_8 1
11.0
13 315_CT_8 2
11.000000000000004
13 315_CT_8 3
11.0
13 316_STEAM_1 0
62.0
13 316_STEAM_1 1
31.0
13 316_STEAM_1 2
31.00000000000001
13 316_STEAM_1 3
31.0
13 318_CC_1 0
169.999999845
13 318_CC_1 1
61.666666955000004
13 318_CC_1 2
61.66666659999998
13 318_CC_1 3
61.66666660000001
13 321_CC_1 0
169.999999845
13 321_CC_1 1
61.666666955000004
13 321_CC_1 2
61.66666659999998
13 321_CC_1 3
61.66666660000001
13 322_CT_5 0
22.0
13 322_CT_5 1
11.0
13 322_CT_5 2
11.000000000000004
13 322_CT_5 3
11.0
13 322_CT_6 0
22.0
13 322_CT_6 1
11.0
13 322_CT_6 2
11.000000000000004
13 322_CT_6 3
11.0
13 323_CC_1 0
169.999999845
13 323_CC_1 1
61.666666955000004
13 323_CC_1 2
61.66666659999998
13 323_CC_1 3
61.66666660000001
13 323_CC_2 0
169.999999845
13 323_CC_2 1
61.666666955000004
13 323_CC_2 2
61.66666659999998
13 323_CC_2 3
61.66666660000001
13 322_HYDRO_1 0
22.829166666666666
13 322_HYDRO_1 1
0.0
13 322_HYDRO_1 2
0.0
13 322_HYDRO_1 3
0.0
13 322_HYDRO_2 0
22.829166666666666
13 322_HYDRO_2 1
0.0
13 322_HYDRO_2 2
0.0
13 322_HYDRO_2 3
0.0
13 322_HYDRO_3 0
22.829166666666666
13 322_HYDRO_3 1
0.0
13 322_HYDRO_3 2
0.0
13 322_HYDRO_3 3
0.0
13 322_HYDRO_4 0
22.829166666666666
13 322_HYDRO_4 1
0.0
13 322_HYDRO_4 2
0.0
13 322_HYDRO_4 3
0.0
14 301_CT_1 0
8.0
14 301_CT_1 1
4.0
14 301_CT_1 2
4.000000000000002
14 301_CT_1 3
4.0
14 301_CT_2 0
8.0
14 301_CT_2 1
4.0
14 301_CT_2 2
4.000000000000002
14 301_CT_2 3
4.0
14 301_CT_3 0
22.0
14 301_CT_3 1
11.0
14 301_CT_3 2
11.000000000000004
14 301_CT_3 3
11.0
14 301_CT_4 0
22.0
14 301_CT_4 1
11.0
14 301_CT_4 2
11.000000000000004
14 301_CT_4 3
11.0
14 302_CT_1 0
8.0
14 302_CT_1 1
4.0
14 302_CT_1 2
4.000000000000002
14 302_CT_1 3
4.0
14 302_CT_2 0
8.0
14 302_CT_2 1
4.0
14 302_CT_2 2
4.000000000000002
14 302_CT_2 3
4.0
14 302_CT_3 0
22.0
14 302_CT_3 1
11.0
14 302_CT_3 2
11.000000000000004
14 302_CT_3 3
11.0
14 302_CT_4 0
22.0
14 302_CT_4 1
11.0
14 302_CT_4 2
11.000000000000004
14 302_CT_4 3
11.0
14 307_CT_1 0
22.0
14 307_CT_1 1
11.0
14 307_CT_1 2
11.000000000000004
14 307_CT_1 3
11.0
14 307_CT_2 0
22.0
14 307_CT_2 1
11.0
14 307_CT_2 2
11.000000000000004
14 307_CT_2 3
11.0
14 313_CC_1 0
169.999999845
14 313_CC_1 1
61.666666955000004
14 313_CC_1 2
61.66666659999998
14 313_CC_1 3
61.66666660000001
14 315_STEAM_1 0
5.000000004000001
14 315_STEAM_1 1
2.333333328
14 315_STEAM_1 2
2.333333339999999
14 315_STEAM_1 3
2.3333333280000006
14 315_STEAM_2 0
5.000000004000001
14 315_STEAM_2 1
2.333333328
14 315_STEAM_2 2
2.333333339999999
14 315_STEAM_2 3
2.3333333280000006
14 315_STEAM_3 0
5.000000004000001
14 315_STEAM_3 1
2.333333328
14 315_STEAM_3 2
2.333333339999999
14 315_STEAM_3 3
2.3333333280000006
14 315_STEAM_4 0
5.000000004000001
14 315_STEAM_4 1
2.333333328
14 315_STEAM_4 2
2.333333339999999
14 315_STEAM_4 3
2.3333333280000006
14 315_STEAM_5 0
5.000000004000001
14 315_STEAM_5 1
2.333333328
14 315_STEAM_5 2
2.333333339999999
14 315_STEAM_5 3
2.3333333280000006
14 315_CT_6 0
22.0
14 315_CT_6 1
11.0
14 315_CT_6 2
11.000000000000004
14 315_CT_6 3
11.0
14 315_CT_7 0
22.0
14 315_CT_7 1
11.0
14 315_CT_7 2
11.000000000000004
14 315_CT_7 3
11.0
14 315_CT_8 0
22.0
14 315_CT_8 1
11.0
14 315_CT_8 2
11.000000000000004
14 315_CT_8 3
11.0
14 316_STEAM_1 0
62.0
14 316_STEAM_1 1
31.0
14 316_STEAM_1 2
31.00000000000001
14 316_STEAM_1 3
31.0
14 318_CC_1 0
169.999999845
14 318_CC_1 1
61.666666955000004
14 318_CC_1 2
61.66666659999998
14 318_CC_1 3
61.66666660000001
14 321_CC_1 0
169.999999845
14 321_CC_1 1
61.666666955000004
14 321_CC_1 2
61.66666659999998
14 321_CC_1 3
61.66666660000001
14 322_CT_5 0
22.0
14 322_CT_5 1
11.0
14 322_CT_5 2
11.000000000000004
14 322_CT_5 3
11.0
14 322_CT_6 0
22.0
14 322_CT_6 1
11.0
14 322_CT_6 2
11.000000000000004
14 322_CT_6 3
11.0
14 323_CC_1 0
169.999999845
14 323_CC_1 1
61.666666955000004
14 323_CC_1 2
61.66666659999998
14 323_CC_1 3
61.66666660000001
14 323_CC_2 0
169.999999845
14 323_CC_2 1
61.666666955000004
14 323_CC_2 2
61.66666659999998
14 323_CC_2 3
61.66666660000001
14 322_HYDRO_1 0
19.837500000000002
14 322_HYDRO_1 1
0.0
14 322_HYDRO_1 2
0.0
14 322_HYDRO_1 3
0.0
14 322_HYDRO_2 0
19.837500000000002
14 322_HYDRO_2 1
0.0
14 322_HYDRO_2 2
0.0
14 322_HYDRO_2 3
0.0
14 322_HYDRO_3 0
19.837500000000002
14 322_HYDRO_3 1
0.0
14 322_HYDRO_3 2
0.0
14 322_HYDRO_3 3
0.0
14 322_HYDRO_4 0
19.837500000000002
14 322_HYDRO_4 1
0.0
14 322_HYDRO_4 2
0.0
14 322_HYDRO_4 3
0.0
15 301_CT_1 0
8.0
15 301_CT_1 1
4.0
15 301_CT_1 2
4.000000000000002
15 301_CT_1 3
4.0
15 301_CT_2 0
8.0
15 301_CT_2 1
4.0
15 301_CT_2 2
4.000000000000002
15 301_CT_2 3
4.0
15 301_CT_3 0
22.0
15 301_CT_3 1
11.0
15 301_CT_3 2
11.000000000000004
15 301_CT_3 3
11.0
15 301_CT_4 0
22.0
15 301_CT_4 1
11.0
15 301_CT_4 2
11.000000000000004
15 301_CT_4 3
11.0
15 302_CT_1 0
8.0
15 302_CT_1 1
4.0
15 302_CT_1 2
4.000000000000002
15 302_CT_1 3
4.0
15 302_CT_2 0
8.0
15 302_CT_2 1
4.0
15 302_CT_2 2
4.000000000000002
15 302_CT_2 3
4.0
15 302_CT_3 0
22.0
15 302_CT_3 1
11.0
15 302_CT_3 2
11.000000000000004
15 302_CT_3 3
11.0
15 302_CT_4 0
22.0
15 302_CT_4 1
11.0
15 302_CT_4 2
11.000000000000004
15 302_CT_4 3
11.0
15 307_CT_1 0
22.0
15 307_CT_1 1
11.0
15 307_CT_1 2
11.000000000000004
15 307_CT_1 3
11.0
15 307_CT_2 0
22.0
15 307_CT_2 1
11.0
15 307_CT_2 2
11.000000000000004
15 307_CT_2 3
11.0
15 313_CC_1 0
169.999999845
15 313_CC_1 1
61.666666955000004
15 313_CC_1 2
61.66666659999998
15 313_CC_1 3
61.66666660000001
15 315_STEAM_1 0
5.000000004000001
15 315_STEAM_1 1
2.333333328
15 315_STEAM_1 2
2.333333339999999
15 315_STEAM_1 3
2.3333333280000006
15 315_STEAM_2 0
5.000000004000001
15 315_STEAM_2 1
2.333333328
15 315_STEAM_2 2
2.333333339999999
15 315_STEAM_2 3
2.3333333280000006
15 315_STEAM_3 0
5.000000004000001
15 315_STEAM_3 1
2.333333328
15 315_STEAM_3 2
2.333333339999999
15 315_STEAM_3 3
2.3333333280000006
15 315_STEAM_4 0
5.000000004000001
15 315_STEAM_4 1
2.333333328
15 315_STEAM_4 2
2.333333339999999
15 315_STEAM_4 3
2.3333333280000006
15 315_STEAM_5 0
5.000000004000001
15 315_STEAM_5 1
2.333333328
15 315_STEAM_5 2
2.333333339999999
15 315_STEAM_5 3
2.3333333280000006
15 315_CT_6 0
22.0
15 315_CT_6 1
11.0
15 315_CT_6 2
11.000000000000004
15 315_CT_6 3
11.0
15 315_CT_7 0
22.0
15 315_CT_7 1
11.0
15 315_CT_7 2
11.000000000000004
15 315_CT_7 3
11.0
15 315_CT_8 0
22.0
15 315_CT_8 1
11.0
15 315_CT_8 2
11.000000000000004
15 315_CT_8 3
11.0
15 316_STEAM_1 0
62.0
15 316_STEAM_1 1
31.0
15 316_STEAM_1 2
31.00000000000001
15 316_STEAM_1 3
31.0
15 318_CC_1 0
169.999999845
15 318_CC_1 1
61.666666955000004
15 318_CC_1 2
61.66666659999998
15 318_CC_1 3
61.66666660000001
15 321_CC_1 0
169.999999845
15 321_CC_1 1
61.666666955000004
15 321_CC_1 2
61.66666659999998
15 321_CC_1 3
61.66666660000001
15 322_CT_5 0
22.0
15 322_CT_5 1
11.0
15 322_CT_5 2
11.000000000000004
15 322_CT_5 3
11.0
15 322_CT_6 0
22.0
15 322_CT_6 1
11.0
15 322_CT_6 2
11.000000000000004
15 322_CT_6 3
11.0
15 323_CC_1 0
169.999999845
15 323_CC_1 1
61.666666955000004
15 323_CC_1 2
61.66666659999998
15 323_CC_1 3
61.66666660000001
15 323_CC_2 0
169.999999845
15 323_CC_2 1
61.666666955000004
15 323_CC_2 2
61.66666659999998
15 323_CC_2 3
61.66666660000001
15 322_HYDRO_1 0
14.033333333333333
15 322_HYDRO_1 1
0.0
15 322_HYDRO_1 2
0.0
15 322_HYDRO_1 3
0.0
15 322_HYDRO_2 0
14.033333333333333
15 322_HYDRO_2 1
0.0
15 322_HYDRO_2 2
0.0
15 322_HYDRO_2 3
0.0
15 322_HYDRO_3 0
14.033333333333333
15 322_HYDRO_3 1
0.0
15 322_HYDRO_3 2
0.0
15 322_HYDRO_3 3
0.0
15 322_HYDRO_4 0
14.033333333333333
15 322_HYDRO_4 1
0.0
15 322_HYDRO_4 2
0.0
15 322_HYDRO_4 3
0.0
16 301_CT_1 0
8.0
16 301_CT_1 1
4.0
16 301_CT_1 2
4.000000000000002
16 301_CT_1 3
4.0
16 301_CT_2 0
8.0
16 301_CT_2 1
4.0
16 301_CT_2 2
4.000000000000002
16 301_CT_2 3
4.0
16 301_CT_3 0
22.0
16 301_CT_3 1
11.0
16 301_CT_3 2
11.000000000000004
16 301_CT_3 3
11.0
16 301_CT_4 0
22.0
16 301_CT_4 1
11.0
16 301_CT_4 2
11.000000000000004
16 301_CT_4 3
11.0
16 302_CT_1 0
8.0
16 302_CT_1 1
4.0
16 302_CT_1 2
4.000000000000002
16 302_CT_1 3
4.0
16 302_CT_2 0
8.0
16 302_CT_2 1
4.0
16 302_CT_2 2
4.000000000000002
16 302_CT_2 3
4.0
16 302_CT_3 0
22.0
16 302_CT_3 1
11.0
16 302_CT_3 2
11.000000000000004
16 302_CT_3 3
11.0
16 302_CT_4 0
22.0
16 302_CT_4 1
11.0
16 302_CT_4 2
11.000000000000004
16 302_CT_4 3
11.0
16 307_CT_1 0
22.0
16 307_CT_1 1
11.0
16 307_CT_1 2
11.000000000000004
16 307_CT_1 3
11.0
16 307_CT_2 0
22.0
16 307_CT_2 1
11.0
16 307_CT_2 2
11.000000000000004
16 307_CT_2 3
11.0
16 313_CC_1 0
169.999999845
16 313_CC_1 1
61.666666955000004
16 313_CC_1 2
61.66666659999998
16 313_CC_1 3
61.66666660000001
16 315_STEAM_1 0
5.000000004000001
16 315_STEAM_1 1
2.333333328
16 315_STEAM_1 2
2.333333339999999
16 315_STEAM_1 3
2.3333333280000006
16 315_STEAM_2 0
5.000000004000001
16 315_STEAM_2 1
2.333333328
16 315_STEAM_2 2
2.333333339999999
16 315_STEAM_2 3
2.3333333280000006
16 315_STEAM_3 0
5.000000004000001
16 315_STEAM_3 1
2.333333328
16 315_STEAM_3 2
2.333333339999999
16 315_STEAM_3 3
2.3333333280000006
16 315_STEAM_4 0
5.000000004000001
16 315_STEAM_4 1
2.333333328
16 315_STEAM_4 2
2.333333339999999
16 315_STEAM_4 3
2.3333333280000006
16 315_STEAM_5 0
5.000000004000001
16 315_STEAM_5 1
2.333333328
16 315_STEAM_5 2
2.333333339999999
16 315_STEAM_5 3
2.3333333280000006
16 315_CT_6 0
22.0
16 315_CT_6 1
11.0
16 315_CT_6 2
11.000000000000004
16 315_CT_6 3
11.0
16 315_CT_7 0
22.0
16 315_CT_7 1
11.0
16 315_CT_7 2
11.000000000000004
16 315_CT_7 3
11.0
16 315_CT_8 0
22.0
16 315_CT_8 1
11.0
16 315_CT_8 2
11.000000000000004
16 315_CT_8 3
11.0
16 316_STEAM_1 0
62.0
16 316_STEAM_1 1
31.0
16 316_STEAM_1 2
31.00000000000001
16 316_STEAM_1 3
31.0
16 318_CC_1 0
169.999999845
16 318_CC_1 1
61.666666955000004
16 318_CC_1 2
61.66666659999998
16 318_CC_1 3
61.66666660000001
16 321_CC_1 0
169.999999845
16 321_CC_1 1
61.666666955000004
16 321_CC_1 2
61.66666659999998
16 321_CC_1 3
61.66666660000001
16 322_CT_5 0
22.0
16 322_CT_5 1
11.0
16 322_CT_5 2
11.000000000000004
16 322_CT_5 3
11.0
16 322_CT_6 0
22.0
16 322_CT_6 1
11.0
16 322_CT_6 2
11.000000000000004
16 322_CT_6 3
11.0
16 323_CC_1 0
169.999999845
16 323_CC_1 1
61.666666955000004
16 323_CC_1 2
61.66666659999998
16 323_CC_1 3
61.66666660000001
16 323_CC_2 0
169.999999845
16 323_CC_2 1
61.666666955000004
16 323_CC_2 2
61.66666659999998
16 323_CC_2 3
61.66666660000001
16 322_HYDRO_1 0
17.383333333333333
16 322_HYDRO_1 1
0.0
16 322_HYDRO_1 2
0.0
16 322_HYDRO_1 3
0.0
16 322_HYDRO_2 0
17.383333333333333
16 322_HYDRO_2 1
0.0
16 322_HYDRO_2 2
0.0
16 322_HYDRO_2 3
0.0
16 322_HYDRO_3 0
17.383333333333333
16 322_HYDRO_3 1
0.0
16 322_HYDRO_3 2
0.0
16 322_HYDRO_3 3
0.0
16 322_HYDRO_4 0
17.383333333333333
16 322_HYDRO_4 1
0.0
16 322_HYDRO_4 2
0.0
16 322_HYDRO_4 3
0.0
17 301_CT_1 0
8.0
17 301_CT_1 1
4.0
17 301_CT_1 2
4.000000000000002
17 301_CT_1 3
4.0
17 301_CT_2 0
8.0
17 301_CT_2 1
4.0
17 301_CT_2 2
4.000000000000002
17 301_CT_2 3
4.0
17 301_CT_3 0
22.0
17 301_CT_3 1
11.0
17 301_CT_3 2
11.000000000000004
17 301_CT_3 3
11.0
17 301_CT_4 0
22.0
17 301_CT_4 1
11.0
17 301_CT_4 2
11.000000000000004
17 301_CT_4 3
11.0
17 302_CT_1 0
8.0
17 302_CT_1 1
4.0
17 302_CT_1 2
4.000000000000002
17 302_CT_1 3
4.0
17 302_CT_2 0
8.0
17 302_CT_2 1
4.0
17 302_CT_2 2
4.000000000000002
17 302_CT_2 3
4.0
17 302_CT_3 0
22.0
17 302_CT_3 1
11.0
17 302_CT_3 2
11.000000000000004
17 302_CT_3 3
11.0
17 302_CT_4 0
22.0
17 302_CT_4 1
11.0
17 302_CT_4 2
11.000000000000004
17 302_CT_4 3
11.0
17 307_CT_1 0
22.0
17 307_CT_1 1
11.0
17 307_CT_1 2
11.000000000000004
17 307_CT_1 3
11.0
17 307_CT_2 0
22.0
17 307_CT_2 1
11.0
17 307_CT_2 2
11.000000000000004
17 307_CT_2 3
11.0
17 313_CC_1 0
169.999999845
17 313_CC_1 1
61.666666955000004
17 313_CC_1 2
61.66666659999998
17 313_CC_1 3
61.66666660000001
17 315_STEAM_1 0
5.000000004000001
17 315_STEAM_1 1
2.333333328
17 315_STEAM_1 2
2.333333339999999
17 315_STEAM_1 3
2.3333333280000006
17 315_STEAM_2 0
5.000000004000001
17 315_STEAM_2 1
2.333333328
17 315_STEAM_2 2
2.333333339999999
17 315_STEAM_2 3
2.3333333280000006
17 315_STEAM_3 0
5.000000004000001
17 315_STEAM_3 1
2.333333328
17 315_STEAM_3 2
2.333333339999999
17 315_STEAM_3 3
2.3333333280000006
17 315_STEAM_4 0
5.000000004000001
17 315_STEAM_4 1
2.333333328
17 315_STEAM_4 2
2.333333339999999
17 315_STEAM_4 3
2.3333333280000006
17 315_STEAM_5 0
5.000000004000001
17 315_STEAM_5 1
2.333333328
17 315_STEAM_5 2
2.333333339999999
17 315_STEAM_5 3
2.3333333280000006
17 315_CT_6 0
22.0
17 315_CT_6 1
11.0
17 315_CT_6 2
11.000000000000004
17 315_CT_6 3
11.0
17 315_CT_7 0
22.0
17 315_CT_7 1
11.0
17 315_CT_7 2
11.000000000000004
17 315_CT_7 3
11.0
17 315_CT_8 0
22.0
17 315_CT_8 1
11.0
17 315_CT_8 2
11.000000000000004
17 315_CT_8 3
11.0
17 316_STEAM_1 0
62.0
17 316_STEAM_1 1
31.0
17 316_STEAM_1 2
31.00000000000001
17 316_STEAM_1 3
31.0
17 318_CC_1 0
169.999999845
17 318_CC_1 1
61.666666955000004
17 318_CC_1 2
61.66666659999998
17 318_CC_1 3
61.66666660000001
17 321_CC_1 0
169.999999845
17 321_CC_1 1
61.666666955000004
17 321_CC_1 2
61.66666659999998
17 321_CC_1 3
61.66666660000001
17 322_CT_5 0
22.0
17 322_CT_5 1
11.0
17 322_CT_5 2
11.000000000000004
17 322_CT_5 3
11.0
17 322_CT_6 0
22.0
17 322_CT_6 1
11.0
17 322_CT_6 2
11.000000000000004
17 322_CT_6 3
11.0
17 323_CC_1 0
169.999999845
17 323_CC_1 1
61.666666955000004
17 323_CC_1 2
61.66666659999998
17 323_CC_1 3
61.66666660000001
17 323_CC_2 0
169.999999845
17 323_CC_2 1
61.666666955000004
17 323_CC_2 2
61.66666659999998
17 323_CC_2 3
61.66666660000001
17 322_HYDRO_1 0
24.54166666666667
17 322_HYDRO_1 1
0.0
17 322_HYDRO_1 2
0.0
17 322_HYDRO_1 3
0.0
17 322_HYDRO_2 0
24.54166666666667
17 322_HYDRO_2 1
0.0
17 322_HYDRO_2 2
0.0
17 322_HYDRO_2 3
0.0
17 322_HYDRO_3 0
24.54166666666667
17 322_HYDRO_3 1
0.0
17 322_HYDRO_3 2
0.0
17 322_HYDRO_3 3
0.0
17 322_HYDRO_4 0
24.54166666666667
17 322_HYDRO_4 1
0.0
17 322_HYDRO_4 2
0.0
17 322_HYDRO_4 3
0.0
18 301_CT_1 0
8.0
18 301_CT_1 1
4.0
18 301_CT_1 2
4.000000000000002
18 301_CT_1 3
4.0
18 301_CT_2 0
8.0
18 301_CT_2 1
4.0
18 301_CT_2 2
4.000000000000002
18 301_CT_2 3
4.0
18 301_CT_3 0
22.0
18 301_CT_3 1
11.0
18 301_CT_3 2
11.000000000000004
18 301_CT_3 3
11.0
18 301_CT_4 0
22.0
18 301_CT_4 1
11.0
18 301_CT_4 2
11.000000000000004
18 301_CT_4 3
11.0
18 302_CT_1 0
8.0
18 302_CT_1 1
4.0
18 302_CT_1 2
4.000000000000002
18 302_CT_1 3
4.0
18 302_CT_2 0
8.0
18 302_CT_2 1
4.0
18 302_CT_2 2
4.000000000000002
18 302_CT_2 3
4.0
18 302_CT_3 0
22.0
18 302_CT_3 1
11.0
18 302_CT_3 2
11.000000000000004
18 302_CT_3 3
11.0
18 302_CT_4 0
22.0
18 302_CT_4 1
11.0
18 302_CT_4 2
11.000000000000004
18 302_CT_4 3
11.0
18 307_CT_1 0
22.0
18 307_CT_1 1
11.0
18 307_CT_1 2
11.000000000000004
18 307_CT_1 3
11.0
18 307_CT_2 0
22.0
18 307_CT_2 1
11.0
18 307_CT_2 2
11.000000000000004
18 307_CT_2 3
11.0
18 313_CC_1 0
169.999999845
18 313_CC_1 1
61.666666955000004
18 313_CC_1 2
61.66666659999998
18 313_CC_1 3
61.66666660000001
18 315_STEAM_1 0
5.000000004000001
18 315_STEAM_1 1
2.333333328
18 315_STEAM_1 2
2.333333339999999
18 315_STEAM_1 3
2.3333333280000006
18 315_STEAM_2 0
5.000000004000001
18 315_STEAM_2 1
2.333333328
18 315_STEAM_2 2
2.333333339999999
18 315_STEAM_2 3
2.3333333280000006
18 315_STEAM_3 0
5.000000004000001
18 315_STEAM_3 1
2.333333328
18 315_STEAM_3 2
2.333333339999999
18 315_STEAM_3 3
2.3333333280000006
18 315_STEAM_4 0
5.000000004000001
18 315_STEAM_4 1
2.333333328
18 315_STEAM_4 2
2.333333339999999
18 315_STEAM_4 3
2.3333333280000006
18 315_STEAM_5 0
5.000000004000001
18 315_STEAM_5 1
2.333333328
18 315_STEAM_5 2
2.333333339999999
18 315_STEAM_5 3
2.3333333280000006
18 315_CT_6 0
22.0
18 315_CT_6 1
11.0
18 315_CT_6 2
11.000000000000004
18 315_CT_6 3
11.0
18 315_CT_7 0
22.0
18 315_CT_7 1
11.0
18 315_CT_7 2
11.000000000000004
18 315_CT_7 3
11.0
18 315_CT_8 0
22.0
18 315_CT_8 1
11.0
18 315_CT_8 2
11.000000000000004
18 315_CT_8 3
11.0
18 316_STEAM_1 0
62.0
18 316_STEAM_1 1
31.0
18 316_STEAM_1 2
31.00000000000001
18 316_STEAM_1 3
31.0
18 318_CC_1 0
169.999999845
18 318_CC_1 1
61.666666955000004
18 318_CC_1 2
61.66666659999998
18 318_CC_1 3
61.66666660000001
18 321_CC_1 0
169.999999845
18 321_CC_1 1
61.666666955000004
18 321_CC_1 2
61.66666659999998
18 321_CC_1 3
61.66666660000001
18 322_CT_5 0
22.0
18 322_CT_5 1
11.0
18 322_CT_5 2
11.000000000000004
18 322_CT_5 3
11.0
18 322_CT_6 0
22.0
18 322_CT_6 1
11.0
18 322_CT_6 2
11.000000000000004
18 322_CT_6 3
11.0
18 323_CC_1 0
169.999999845
18 323_CC_1 1
61.666666955000004
18 323_CC_1 2
61.66666659999998
18 323_CC_1 3
61.66666660000001
18 323_CC_2 0
169.999999845
18 323_CC_2 1
61.666666955000004
18 323_CC_2 2
61.66666659999998
18 323_CC_2 3
61.66666660000001
18 322_HYDRO_1 0
26.2625
18 322_HYDRO_1 1
0.0
18 322_HYDRO_1 2
0.0
18 322_HYDRO_1 3
0.0
18 322_HYDRO_2 0
26.2625
18 322_HYDRO_2 1
0.0
18 322_HYDRO_2 2
0.0
18 322_HYDRO_2 3
0.0
18 322_HYDRO_3 0
26.2625
18 322_HYDRO_3 1
0.0
18 322_HYDRO_3 2
0.0
18 322_HYDRO_3 3
0.0
18 322_HYDRO_4 0
26.2625
18 322_HYDRO_4 1
0.0
18 322_HYDRO_4 2
0.0
18 322_HYDRO_4 3
0.0
19 301_CT_1 0
8.0
19 301_CT_1 1
4.0
19 301_CT_1 2
4.000000000000002
19 301_CT_1 3
4.0
19 301_CT_2 0
8.0
19 301_CT_2 1
4.0
19 301_CT_2 2
4.000000000000002
19 301_CT_2 3
4.0
19 301_CT_3 0
22.0
19 301_CT_3 1
11.0
19 301_CT_3 2
11.000000000000004
19 301_CT_3 3
11.0
19 301_CT_4 0
22.0
19 301_CT_4 1
11.0
19 301_CT_4 2
11.000000000000004
19 301_CT_4 3
11.0
19 302_CT_1 0
8.0
19 302_CT_1 1
4.0
19 302_CT_1 2
4.000000000000002
19 302_CT_1 3
4.0
19 302_CT_2 0
8.0
19 302_CT_2 1
4.0
19 302_CT_2 2
4.000000000000002
19 302_CT_2 3
4.0
19 302_CT_3 0
22.0
19 302_CT_3 1
11.0
19 302_CT_3 2
11.000000000000004
19 302_CT_3 3
11.0
19 302_CT_4 0
22.0
19 302_CT_4 1
11.0
19 302_CT_4 2
11.000000000000004
19 302_CT_4 3
11.0
19 307_CT_1 0
22.0
19 307_CT_1 1
11.0
19 307_CT_1 2
11.000000000000004
19 307_CT_1 3
11.0
19 307_CT_2 0
22.0
19 307_CT_2 1
11.0
19 307_CT_2 2
11.000000000000004
19 307_CT_2 3
11.0
19 313_CC_1 0
169.999999845
19 313_CC_1 1
61.666666955000004
19 313_CC_1 2
61.66666659999998
19 313_CC_1 3
61.66666660000001
19 315_STEAM_1 0
5.000000004000001
19 315_STEAM_1 1
2.333333328
19 315_STEAM_1 2
2.333333339999999
19 315_STEAM_1 3
2.3333333280000006
19 315_STEAM_2 0
5.000000004000001
19 315_STEAM_2 1
2.333333328
19 315_STEAM_2 2
2.333333339999999
19 315_STEAM_2 3
2.3333333280000006
19 315_STEAM_3 0
5.000000004000001
19 315_STEAM_3 1
2.333333328
19 315_STEAM_3 2
2.333333339999999
19 315_STEAM_3 3
2.3333333280000006
19 315_STEAM_4 0
5.000000004000001
19 315_STEAM_4 1
2.333333328
19 315_STEAM_4 2
2.333333339999999
19 315_STEAM_4 3
2.3333333280000006
19 315_STEAM_5 0
5.000000004000001
19 315_STEAM_5 1
2.333333328
19 315_STEAM_5 2
2.333333339999999
19 315_STEAM_5 3
2.3333333280000006
19 315_CT_6 0
22.0
19 315_CT_6 1
11.0
19 315_CT_6 2
11.000000000000004
19 315_CT_6 3
11.0
19 315_CT_7 0
22.0
19 315_CT_7 1
11.0
19 315_CT_7 2
11.000000000000004
19 315_CT_7 3
11.0
19 315_CT_8 0
22.0
19 315_CT_8 1
11.0
19 315_CT_8 2
11.000000000000004
19 315_CT_8 3
11.0
19 316_STEAM_1 0
62.0
19 316_STEAM_1 1
31.0
19 316_STEAM_1 2
31.00000000000001
19 316_STEAM_1 3
31.0
19 318_CC_1 0
169.999999845
19 318_CC_1 1
61.666666955000004
19 318_CC_1 2
61.66666659999998
19 318_CC_1 3
61.66666660000001
19 321_CC_1 0
169.999999845
19 321_CC_1 1
61.666666955000004
19 321_CC_1 2
61.66666659999998
19 321_CC_1 3
61.66666660000001
19 322_CT_5 0
22.0
19 322_CT_5 1
11.0
19 322_CT_5 2
11.000000000000004
19 322_CT_5 3
11.0
19 322_CT_6 0
22.0
19 322_CT_6 1
11.0
19 322_CT_6 2
11.000000000000004
19 322_CT_6 3
11.0
19 323_CC_1 0
169.999999845
19 323_CC_1 1
61.666666955000004
19 323_CC_1 2
61.66666659999998
19 323_CC_1 3
61.66666660000001
19 323_CC_2 0
169.999999845
19 323_CC_2 1
61.666666955000004
19 323_CC_2 2
61.66666659999998
19 323_CC_2 3
61.66666660000001
19 322_HYDRO_1 0
29.433333333333337
19 322_HYDRO_1 1
0.0
19 322_HYDRO_1 2
0.0
19 322_HYDRO_1 3
0.0
19 322_HYDRO_2 0
29.433333333333337
19 322_HYDRO_2 1
0.0
19 322_HYDRO_2 2
0.0
19 322_HYDRO_2 3
0.0
19 322_HYDRO_3 0
29.433333333333337
19 322_HYDRO_3 1
0.0
19 322_HYDRO_3 2
0.0
19 322_HYDRO_3 3
0.0
19 322_HYDRO_4 0
29.433333333333337
19 322_HYDRO_4 1
0.0
19 322_HYDRO_4 2
0.0
19 322_HYDRO_4 3
0.0
20 301_CT_1 0
8.0
20 301_CT_1 1
4.0
20 301_CT_1 2
4.000000000000002
20 301_CT_1 3
4.0
20 301_CT_2 0
8.0
20 301_CT_2 1
4.0
20 301_CT_2 2
4.000000000000002
20 301_CT_2 3
4.0
20 301_CT_3 0
22.0
20 301_CT_3 1
11.0
20 301_CT_3 2
11.000000000000004
20 301_CT_3 3
11.0
20 301_CT_4 0
22.0
20 301_CT_4 1
11.0
20 301_CT_4 2
11.000000000000004
20 301_CT_4 3
11.0
20 302_CT_1 0
8.0
20 302_CT_1 1
4.0
20 302_CT_1 2
4.000000000000002
20 302_CT_1 3
4.0
20 302_CT_2 0
8.0
20 302_CT_2 1
4.0
20 302_CT_2 2
4.000000000000002
20 302_CT_2 3
4.0
20 302_CT_3 0
22.0
20 302_CT_3 1
11.0
20 302_CT_3 2
11.000000000000004
20 302_CT_3 3
11.0
20 302_CT_4 0
22.0
20 302_CT_4 1
11.0
20 302_CT_4 2
11.000000000000004
20 302_CT_4 3
11.0
20 307_CT_1 0
22.0
20 307_CT_1 1
11.0
20 307_CT_1 2
11.000000000000004
20 307_CT_1 3
11.0
20 307_CT_2 0
22.0
20 307_CT_2 1
11.0
20 307_CT_2 2
11.000000000000004
20 307_CT_2 3
11.0
20 313_CC_1 0
169.999999845
20 313_CC_1 1
61.666666955000004
20 313_CC_1 2
61.66666659999998
20 313_CC_1 3
61.66666660000001
20 315_STEAM_1 0
5.000000004000001
20 315_STEAM_1 1
2.333333328
20 315_STEAM_1 2
2.333333339999999
20 315_STEAM_1 3
2.3333333280000006
20 315_STEAM_2 0
5.000000004000001
20 315_STEAM_2 1
2.333333328
20 315_STEAM_2 2
2.333333339999999
20 315_STEAM_2 3
2.3333333280000006
20 315_STEAM_3 0
5.000000004000001
20 315_STEAM_3 1
2.333333328
20 315_STEAM_3 2
2.333333339999999
20 315_STEAM_3 3
2.3333333280000006
20 315_STEAM_4 0
5.000000004000001
20 315_STEAM_4 1
2.333333328
20 315_STEAM_4 2
2.333333339999999
20 315_STEAM_4 3
2.3333333280000006
20 315_STEAM_5 0
5.000000004000001
20 315_STEAM_5 1
2.333333328
20 315_STEAM_5 2
2.333333339999999
20 315_STEAM_5 3
2.3333333280000006
20 315_CT_6 0
22.0
20 315_CT_6 1
11.0
20 315_CT_6 2
11.000000000000004
20 315_CT_6 3
11.0
20 315_CT_7 0
22.0
20 315_CT_7 1
11.0
20 315_CT_7 2
11.000000000000004
20 315_CT_7 3
11.0
20 315_CT_8 0
22.0
20 315_CT_8 1
11.0
20 315_CT_8 2
11.000000000000004
20 315_CT_8 3
11.0
20 316_STEAM_1 0
62.0
20 316_STEAM_1 1
31.0
20 316_STEAM_1 2
31.00000000000001
20 316_STEAM_1 3
31.0
20 318_CC_1 0
169.999999845
20 318_CC_1 1
61.666666955000004
20 318_CC_1 2
61.66666659999998
20 318_CC_1 3
61.66666660000001
20 321_CC_1 0
169.999999845
20 321_CC_1 1
61.666666955000004
20 321_CC_1 2
61.66666659999998
20 321_CC_1 3
61.66666660000001
20 322_CT_5 0
22.0
20 322_CT_5 1
11.0
20 322_CT_5 2
11.000000000000004
20 322_CT_5 3
11.0
20 322_CT_6 0
22.0
20 322_CT_6 1
11.0
20 322_CT_6 2
11.000000000000004
20 322_CT_6 3
11.0
20 323_CC_1 0
169.999999845
20 323_CC_1 1
61.666666955000004
20 323_CC_1 2
61.66666659999998
20 323_CC_1 3
61.66666660000001
20 323_CC_2 0
169.999999845
20 323_CC_2 1
61.666666955000004
20 323_CC_2 2
61.66666659999998
20 323_CC_2 3
61.66666660000001
20 322_HYDRO_1 0
35.84583333333334
20 322_HYDRO_1 1
0.0
20 322_HYDRO_1 2
0.0
20 322_HYDRO_1 3
0.0
20 322_HYDRO_2 0
35.84583333333334
20 322_HYDRO_2 1
0.0
20 322_HYDRO_2 2
0.0
20 322_HYDRO_2 3
0.0
20 322_HYDRO_3 0
35.84583333333334
20 322_HYDRO_3 1
0.0
20 322_HYDRO_3 2
0.0
20 322_HYDRO_3 3
0.0
20 322_HYDRO_4 0
35.84583333333334
20 322_HYDRO_4 1
0.0
20 322_HYDRO_4 2
0.0
20 322_HYDRO_4 3
0.0
21 301_CT_1 0
8.0
21 301_CT_1 1
4.0
21 301_CT_1 2
4.000000000000002
21 301_CT_1 3
4.0
21 301_CT_2 0
8.0
21 301_CT_2 1
4.0
21 301_CT_2 2
4.000000000000002
21 301_CT_2 3
4.0
21 301_CT_3 0
22.0
21 301_CT_3 1
11.0
21 301_CT_3 2
11.000000000000004
21 301_CT_3 3
11.0
21 301_CT_4 0
22.0
21 301_CT_4 1
11.0
21 301_CT_4 2
11.000000000000004
21 301_CT_4 3
11.0
21 302_CT_1 0
8.0
21 302_CT_1 1
4.0
21 302_CT_1 2
4.000000000000002
21 302_CT_1 3
4.0
21 302_CT_2 0
8.0
21 302_CT_2 1
4.0
21 302_CT_2 2
4.000000000000002
21 302_CT_2 3
4.0
21 302_CT_3 0
22.0
21 302_CT_3 1
11.0
21 302_CT_3 2
11.000000000000004
21 302_CT_3 3
11.0
21 302_CT_4 0
22.0
21 302_CT_4 1
11.0
21 302_CT_4 2
11.000000000000004
21 302_CT_4 3
11.0
21 307_CT_1 0
22.0
21 307_CT_1 1
11.0
21 307_CT_1 2
11.000000000000004
21 307_CT_1 3
11.0
21 307_CT_2 0
22.0
21 307_CT_2 1
11.0
21 307_CT_2 2
11.000000000000004
21 307_CT_2 3
11.0
21 313_CC_1 0
169.999999845
21 313_CC_1 1
61.666666955000004
21 313_CC_1 2
61.66666659999998
21 313_CC_1 3
61.66666660000001
21 315_STEAM_1 0
5.000000004000001
21 315_STEAM_1 1
2.333333328
21 315_STEAM_1 2
2.333333339999999
21 315_STEAM_1 3
2.3333333280000006
21 315_STEAM_2 0
5.000000004000001
21 315_STEAM_2 1
2.333333328
21 315_STEAM_2 2
2.333333339999999
21 315_STEAM_2 3
2.3333333280000006
21 315_STEAM_3 0
5.000000004000001
21 315_STEAM_3 1
2.333333328
21 315_STEAM_3 2
2.333333339999999
21 315_STEAM_3 3
2.3333333280000006
21 315_STEAM_4 0
5.000000004000001
21 315_STEAM_4 1
2.333333328
21 315_STEAM_4 2
2.333333339999999
21 315_STEAM_4 3
2.3333333280000006
21 315_STEAM_5 0
5.000000004000001
21 315_STEAM_5 1
2.333333328
21 315_STEAM_5 2
2.333333339999999
21 315_STEAM_5 3
2.3333333280000006
21 315_CT_6 0
22.0
21 315_CT_6 1
11.0
21 315_CT_6 2
11.000000000000004
21 315_CT_6 3
11.0
21 315_CT_7 0
22.0
21 315_CT_7 1
11.0
21 315_CT_7 2
11.000000000000004
21 315_CT_7 3
11.0
21 315_CT_8 0
22.0
21 315_CT_8 1
11.0
21 315_CT_8 2
11.000000000000004
21 315_CT_8 3
11.0
21 316_STEAM_1 0
62.0
21 316_STEAM_1 1
31.0
21 316_STEAM_1 2
31.00000000000001
21 316_STEAM_1 3
31.0
21 318_CC_1 0
169.999999845
21 318_CC_1 1
61.666666955000004
21 318_CC_1 2
61.66666659999998
21 318_CC_1 3
61.66666660000001
21 321_CC_1 0
169.999999845
21 321_CC_1 1
61.666666955000004
21 321_CC_1 2
61.66666659999998
21 321_CC_1 3
61.66666660000001
21 322_CT_5 0
22.0
21 322_CT_5 1
11.0
21 322_CT_5 2
11.000000000000004
21 322_CT_5 3
11.0
21 322_CT_6 0
22.0
21 322_CT_6 1
11.0
21 322_CT_6 2
11.000000000000004
21 322_CT_6 3
11.0
21 323_CC_1 0
169.999999845
21 323_CC_1 1
61.666666955000004
21 323_CC_1 2
61.66666659999998
21 323_CC_1 3
61.66666660000001
21 323_CC_2 0
169.999999845
21 323_CC_2 1
61.666666955000004
21 323_CC_2 2
61.66666659999998
21 323_CC_2 3
61.66666660000001
21 322_HYDRO_1 0
36.12083333333334
21 322_HYDRO_1 1
0.0
21 322_HYDRO_1 2
0.0
21 322_HYDRO_1 3
0.0
21 322_HYDRO_2 0
36.12083333333334
21 322_HYDRO_2 1
0.0
21 322_HYDRO_2 2
0.0
21 322_HYDRO_2 3
0.0
21 322_HYDRO_3 0
36.12083333333334
21 322_HYDRO_3 1
0.0
21 322_HYDRO_3 2
0.0
21 322_HYDRO_3 3
0.0
21 322_HYDRO_4 0
36.12083333333334
21 322_HYDRO_4 1
0.0
21 322_HYDRO_4 2
0.0
21 322_HYDRO_4 3
0.0
22 301_CT_1 0
8.0
22 301_CT_1 1
4.0
22 301_CT_1 2
4.000000000000002
22 301_CT_1 3
4.0
22 301_CT_2 0
8.0
22 301_CT_2 1
4.0
22 301_CT_2 2
4.000000000000002
22 301_CT_2 3
4.0
22 301_CT_3 0
22.0
22 301_CT_3 1
11.0
22 301_CT_3 2
11.000000000000004
22 301_CT_3 3
11.0
22 301_CT_4 0
22.0
22 301_CT_4 1
11.0
22 301_CT_4 2
11.000000000000004
22 301_CT_4 3
11.0
22 302_CT_1 0
8.0
22 302_CT_1 1
4.0
22 302_CT_1 2
4.000000000000002
22 302_CT_1 3
4.0
22 302_CT_2 0
8.0
22 302_CT_2 1
4.0
22 302_CT_2 2
4.000000000000002
22 302_CT_2 3
4.0
22 302_CT_3 0
22.0
22 302_CT_3 1
11.0
22 302_CT_3 2
11.000000000000004
22 302_CT_3 3
11.0
22 302_CT_4 0
22.0
22 302_CT_4 1
11.0
22 302_CT_4 2
11.000000000000004
22 302_CT_4 3
11.0
22 307_CT_1 0
22.0
22 307_CT_1 1
11.0
22 307_CT_1 2
11.000000000000004
22 307_CT_1 3
11.0
22 307_CT_2 0
22.0
22 307_CT_2 1
11.0
22 307_CT_2 2
11.000000000000004
22 307_CT_2 3
11.0
22 313_CC_1 0
169.999999845
22 313_CC_1 1
61.666666955000004
22 313_CC_1 2
61.66666659999998
22 313_CC_1 3
61.66666660000001
22 315_STEAM_1 0
5.000000004000001
22 315_STEAM_1 1
2.333333328
22 315_STEAM_1 2
2.333333339999999
22 315_STEAM_1 3
2.3333333280000006
22 315_STEAM_2 0
5.000000004000001
22 315_STEAM_2 1
2.333333328
22 315_STEAM_2 2
2.333333339999999
22 315_STEAM_2 3
2.3333333280000006
22 315_STEAM_3 0
5.000000004000001
22 315_STEAM_3 1
2.333333328
22 315_STEAM_3 2
2.333333339999999
22 315_STEAM_3 3
2.3333333280000006
22 315_STEAM_4 0
5.000000004000001
22 315_STEAM_4 1
2.333333328
22 315_STEAM_4 2
2.333333339999999
22 315_STEAM_4 3
2.3333333280000006
22 315_STEAM_5 0
5.000000004000001
22 315_STEAM_5 1
2.333333328
22 315_STEAM_5 2
2.333333339999999
22 315_STEAM_5 3
2.3333333280000006
22 315_CT_6 0
22.0
22 315_CT_6 1
11.0
22 315_CT_6 2
11.000000000000004
22 315_CT_6 3
11.0
22 315_CT_7 0
22.0
22 315_CT_7 1
11.0
22 315_CT_7 2
11.000000000000004
22 315_CT_7 3
11.0
22 315_CT_8 0
22.0
22 315_CT_8 1
11.0
22 315_CT_8 2
11.000000000000004
22 315_CT_8 3
11.0
22 316_STEAM_1 0
62.0
22 316_STEAM_1 1
31.0
22 316_STEAM_1 2
31.00000000000001
22 316_STEAM_1 3
31.0
22 318_CC_1 0
169.999999845
22 318_CC_1 1
61.666666955000004
22 318_CC_1 2
61.66666659999998
22 318_CC_1 3
61.66666660000001
22 321_CC_1 0
169.999999845
22 321_CC_1 1
61.666666955000004
22 321_CC_1 2
61.66666659999998
22 321_CC_1 3
61.66666660000001
22 322_CT_5 0
22.0
22 322_CT_5 1
11.0
22 322_CT_5 2
11.000000000000004
22 322_CT_5 3
11.0
22 322_CT_6 0
22.0
22 322_CT_6 1
11.0
22 322_CT_6 2
11.000000000000004
22 322_CT_6 3
11.0
22 323_CC_1 0
169.999999845
22 323_CC_1 1
61.666666955000004
22 323_CC_1 2
61.66666659999998
22 323_CC_1 3
61.66666660000001
22 323_CC_2 0
169.999999845
22 323_CC_2 1
61.666666955000004
22 323_CC_2 2
61.66666659999998
22 323_CC_2 3
61.66666660000001
22 322_HYDRO_1 0
31.97500000000001
22 322_HYDRO_1 1
0.0
22 322_HYDRO_1 2
0.0
22 322_HYDRO_1 3
0.0
22 322_HYDRO_2 0
31.97500000000001
22 322_HYDRO_2 1
0.0
22 322_HYDRO_2 2
0.0
22 322_HYDRO_2 3
0.0
22 322_HYDRO_3 0
31.97500000000001
22 322_HYDRO_3 1
0.0
22 322_HYDRO_3 2
0.0
22 322_HYDRO_3 3
0.0
22 322_HYDRO_4 0
31.97500000000001
22 322_HYDRO_4 1
0.0
22 322_HYDRO_4 2
0.0
22 322_HYDRO_4 3
0.0
23 301_CT_1 0
8.0
23 301_CT_1 1
4.0
23 301_CT_1 2
4.000000000000002
23 301_CT_1 3
4.0
23 301_CT_2 0
8.0
23 301_CT_2 1
4.0
23 301_CT_2 2
4.000000000000002
23 301_CT_2 3
4.0
23 301_CT_3 0
22.0
23 301_CT_3 1
11.0
23 301_CT_3 2
11.000000000000004
23 301_CT_3 3
11.0
23 301_CT_4 0
22.0
23 301_CT_4 1
11.0
23 301_CT_4 2
11.000000000000004
23 301_CT_4 3
11.0
23 302_CT_1 0
8.0
23 302_CT_1 1
4.0
23 302_CT_1 2
4.000000000000002
23 302_CT_1 3
4.0
23 302_CT_2 0
8.0
23 302_CT_2 1
4.0
23 302_CT_2 2
4.000000000000002
23 302_CT_2 3
4.0
23 302_CT_3 0
22.0
23 302_CT_3 1
11.0
23 302_CT_3 2
11.000000000000004
23 302_CT_3 3
11.0
23 302_CT_4 0
22.0
23 302_CT_4 1
11.0
23 302_CT_4 2
11.000000000000004
23 302_CT_4 3
11.0
23 307_CT_1 0
22.0
23 307_CT_1 1
11.0
23 307_CT_1 2
11.000000000000004
23 307_CT_1 3
11.0
23 307_CT_2 0
22.0
23 307_CT_2 1
11.0
23 307_CT_2 2
11.000000000000004
23 307_CT_2 3
11.0
23 313_CC_1 0
169.999999845
23 313_CC_1 1
61.666666955000004
23 313_CC_1 2
61.66666659999998
23 313_CC_1 3
61.66666660000001
23 315_STEAM_1 0
5.000000004000001
23 315_STEAM_1 1
2.333333328
23 315_STEAM_1 2
2.333333339999999
23 315_STEAM_1 3
2.3333333280000006
23 315_STEAM_2 0
5.000000004000001
23 315_STEAM_2 1
2.333333328
23 315_STEAM_2 2
2.333333339999999
23 315_STEAM_2 3
2.3333333280000006
23 315_STEAM_3 0
5.000000004000001
23 315_STEAM_3 1
2.333333328
23 315_STEAM_3 2
2.333333339999999
23 315_STEAM_3 3
2.3333333280000006
23 315_STEAM_4 0
5.000000004000001
23 315_STEAM_4 1
2.333333328
23 315_STEAM_4 2
2.333333339999999
23 315_STEAM_4 3
2.3333333280000006
23 315_STEAM_5 0
5.000000004000001
23 315_STEAM_5 1
2.333333328
23 315_STEAM_5 2
2.333333339999999
23 315_STEAM_5 3
2.3333333280000006
23 315_CT_6 0
22.0
23 315_CT_6 1
11.0
23 315_CT_6 2
11.000000000000004
23 315_CT_6 3
11.0
23 315_CT_7 0
22.0
23 315_CT_7 1
11.0
23 315_CT_7 2
11.000000000000004
23 315_CT_7 3
11.0
23 315_CT_8 0
22.0
23 315_CT_8 1
11.0
23 315_CT_8 2
11.000000000000004
23 315_CT_8 3
11.0
23 316_STEAM_1 0
62.0
23 316_STEAM_1 1
31.0
23 316_STEAM_1 2
31.00000000000001
23 316_STEAM_1 3
31.0
23 318_CC_1 0
169.999999845
23 318_CC_1 1
61.666666955000004
23 318_CC_1 2
61.66666659999998
23 318_CC_1 3
61.66666660000001
23 321_CC_1 0
169.999999845
23 321_CC_1 1
61.666666955000004
23 321_CC_1 2
61.66666659999998
23 321_CC_1 3
61.66666660000001
23 322_CT_5 0
22.0
23 322_CT_5 1
11.0
23 322_CT_5 2
11.000000000000004
23 322_CT_5 3
11.0
23 322_CT_6 0
22.0
23 322_CT_6 1
11.0
23 322_CT_6 2
11.000000000000004
23 322_CT_6 3
11.0
23 323_CC_1 0
169.999999845
23 323_CC_1 1
61.666666955000004
23 323_CC_1 2
61.66666659999998
23 323_CC_1 3
61.66666660000001
23 323_CC_2 0
169.999999845
23 323_CC_2 1
61.666666955000004
23 323_CC_2 2
61.66666659999998
23 323_CC_2 3
61.66666660000001
23 322_HYDRO_1 0
30.112499999999997
23 322_HYDRO_1 1
0.0
23 322_HYDRO_1 2
0.0
23 322_HYDRO_1 3
0.0
23 322_HYDRO_2 0
30.112499999999997
23 322_HYDRO_2 1
0.0
23 322_HYDRO_2 2
0.0
23 322_HYDRO_2 3
0.0
23 322_HYDRO_3 0
30.112499999999997
23 322_HYDRO_3 1
0.0
23 322_HYDRO_3 2
0.0
23 322_HYDRO_3 3
0.0
23 322_HYDRO_4 0
30.112499999999997
23 322_HYDRO_4 1
0.0
23 322_HYDRO_4 2
0.0
23 322_HYDRO_4 3
0.0
24 301_CT_1 0
8.0
24 301_CT_1 1
4.0
24 301_CT_1 2
4.000000000000002
24 301_CT_1 3
4.0
24 301_CT_2 0
8.0
24 301_CT_2 1
4.0
24 301_CT_2 2
4.000000000000002
24 301_CT_2 3
4.0
24 301_CT_3 0
22.0
24 301_CT_3 1
11.0
24 301_CT_3 2
11.000000000000004
24 301_CT_3 3
11.0
24 301_CT_4 0
22.0
24 301_CT_4 1
11.0
24 301_CT_4 2
11.000000000000004
24 301_CT_4 3
11.0
24 302_CT_1 0
8.0
24 302_CT_1 1
4.0
24 302_CT_1 2
4.000000000000002
24 302_CT_1 3
4.0
24 302_CT_2 0
8.0
24 302_CT_2 1
4.0
24 302_CT_2 2
4.000000000000002
24 302_CT_2 3
4.0
24 302_CT_3 0
22.0
24 302_CT_3 1
11.0
24 302_CT_3 2
11.000000000000004
24 302_CT_3 3
11.0
24 302_CT_4 0
22.0
24 302_CT_4 1
11.0
24 302_CT_4 2
11.000000000000004
24 302_CT_4 3
11.0
24 307_CT_1 0
22.0
24 307_CT_1 1
11.0
24 307_CT_1 2
11.000000000000004
24 307_CT_1 3
11.0
24 307_CT_2 0
22.0
24 307_CT_2 1
11.0
24 307_CT_2 2
11.000000000000004
24 307_CT_2 3
11.0
24 313_CC_1 0
169.999999845
24 313_CC_1 1
61.666666955000004
24 313_CC_1 2
61.66666659999998
24 313_CC_1 3
61.66666660000001
24 315_STEAM_1 0
5.000000004000001
24 315_STEAM_1 1
2.333333328
24 315_STEAM_1 2
2.333333339999999
24 315_STEAM_1 3
2.3333333280000006
24 315_STEAM_2 0
5.000000004000001
24 315_STEAM_2 1
2.333333328
24 315_STEAM_2 2
2.333333339999999
24 315_STEAM_2 3
2.3333333280000006
24 315_STEAM_3 0
5.000000004000001
24 315_STEAM_3 1
2.333333328
24 315_STEAM_3 2
2.333333339999999
24 315_STEAM_3 3
2.3333333280000006
24 315_STEAM_4 0
5.000000004000001
24 315_STEAM_4 1
2.333333328
24 315_STEAM_4 2
2.333333339999999
24 315_STEAM_4 3
2.3333333280000006
24 315_STEAM_5 0
5.000000004000001
24 315_STEAM_5 1
2.333333328
24 315_STEAM_5 2
2.333333339999999
24 315_STEAM_5 3
2.3333333280000006
24 315_CT_6 0
22.0
24 315_CT_6 1
11.0
24 315_CT_6 2
11.000000000000004
24 315_CT_6 3
11.0
24 315_CT_7 0
22.0
24 315_CT_7 1
11.0
24 315_CT_7 2
11.000000000000004
24 315_CT_7 3
11.0
24 315_CT_8 0
22.0
24 315_CT_8 1
11.0
24 315_CT_8 2
11.000000000000004
24 315_CT_8 3
11.0
24 316_STEAM_1 0
62.0
24 316_STEAM_1 1
31.0
24 316_STEAM_1 2
31.00000000000001
24 316_STEAM_1 3
31.0
24 318_CC_1 0
169.999999845
24 318_CC_1 1
61.666666955000004
24 318_CC_1 2
61.66666659999998
24 318_CC_1 3
61.66666660000001
24 321_CC_1 0
169.999999845
24 321_CC_1 1
61.666666955000004
24 321_CC_1 2
61.66666659999998
24 321_CC_1 3
61.66666660000001
24 322_CT_5 0
22.0
24 322_CT_5 1
11.0
24 322_CT_5 2
11.000000000000004
24 322_CT_5 3
11.0
24 322_CT_6 0
22.0
24 322_CT_6 1
11.0
24 322_CT_6 2
11.000000000000004
24 322_CT_6 3
11.0
24 323_CC_1 0
169.999999845
24 323_CC_1 1
61.666666955000004
24 323_CC_1 2
61.66666659999998
24 323_CC_1 3
61.66666660000001
24 323_CC_2 0
169.999999845
24 323_CC_2 1
61.666666955000004
24 323_CC_2 2
61.66666659999998
24 323_CC_2 3
61.66666660000001
24 322_HYDRO_1 0
29.699999999999992
24 322_HYDRO_1 1
0.0
24 322_HYDRO_1 2
0.0
24 322_HYDRO_1 3
0.0
24 322_HYDRO_2 0
29.699999999999992
24 322_HYDRO_2 1
0.0
24 322_HYDRO_2 2
0.0
24 322_HYDRO_2 3
0.0
24 322_HYDRO_3 0
29.699999999999992
24 322_HYDRO_3 1
0.0
24 322_HYDRO_3 2
0.0
24 322_HYDRO_3 3
0.0
24 322_HYDRO_4 0
29.699999999999992
24 322_HYDRO_4 1
0.0
24 322_HYDRO_4 2
0.0
24 322_HYDRO_4 3
0.0
...instance created.
Creating Offer Mitigation (model will solve as dispatch if TRUE)...
...storage offer mitigation file created
Converting model to MPEC...
...converted
NOTE: initial MIP solve with only storage competitive to get feasible solution
Solving...

Welcome to IBM(R) ILOG(R) CPLEX(R) Interactive Optimizer 12.9.0.0
  with Simplex, Mixed Integer & Barrier Optimizers
5725-A06 5725-A29 5724-Y48 5724-Y49 5724-Y54 5724-Y55 5655-Y21
Copyright IBM Corp. 1988, 2019.  All Rights Reserved.

Type 'help' for a list of available commands.
Type 'help' followed by a command name for more
information on commands.

CPLEX> Logfile 'cplex.log' closed.
Logfile 'C:\Users\Luke\Desktop\competitiveMPEC_1.16\logs\tmpwb8wnwzq.cplex.log' open.
CPLEX> New value for parallel optimization mode: -1
CPLEX> New value for mixed integer optimality gap tolerance: 0.01
CPLEX> New value for feasibility tolerance: 0.01
CPLEX> New value for deterministic time limit in ticks: 200000
CPLEX> Problem 'C:\Users\Luke\Desktop\competitiveMPEC_1.16\logs\tmpvtq8xp3c.pyomo.lp' read.
Read time = 0.20 sec. (13.71 ticks)
CPLEX> Problem name         : C:\Users\Luke\Desktop\competitiveMPEC_1.16\logs\tmpvtq8xp3c.pyomo.lp
Objective sense      : Maximize
Variables            :   53321  [Nneg: 49,  Box: 21806,  Free: 4368,
                                 Binary: 27098]
Objective nonzeros   :    8980
Linear constraints   :  122164  [Less: 40935,  Greater: 58612,  Equal: 22617]
  Nonzeros           :  288505
  RHS nonzeros       :   66956

Variables            : Min LB: -5000.000        Max UB: 5000.000       
Objective nonzeros   : Min   : 0.07500000       Max   : 731.8583       
Linear constraints   :
  Nonzeros           : Min   : 0.07500000       Max   : 2910000.       
  RHS nonzeros       : Min   : 0.07500000       Max   : 3000000.       
CPLEX> CPXPARAM_Parallel                                -1
CPXPARAM_Simplex_Tolerances_Feasibility          0.01
CPXPARAM_DetTimeLimit                            200000
CPXPARAM_MIP_Tolerances_MIPGap                   0.01
Tried aggregator 3 times.
MIP Presolve eliminated 88111 rows and 18991 columns.
MIP Presolve added 3348 rows and 0 columns.
MIP Presolve modified 24492 coefficients.
Aggregator did 12832 substitutions.
Reduced MIP has 24569 rows, 20942 columns, and 68802 nonzeros.
Reduced MIP has 8290 binaries, 0 generals, 0 SOSs, and 0 indicators.
Presolve time = 0.23 sec. (167.27 ticks)
Probing fixed 432 vars, tightened 6123 bounds.
Probing time = 0.06 sec. (20.94 ticks)
Tried aggregator 2 times.
MIP Presolve eliminated 968 rows and 873 columns.
MIP Presolve modified 3005 coefficients.
Aggregator did 45 substitutions.
Reduced MIP has 23556 rows, 20024 columns, and 65833 nonzeros.
Reduced MIP has 7856 binaries, 0 generals, 0 SOSs, and 0 indicators.
Presolve time = 0.09 sec. (87.97 ticks)
Probing fixed 0 vars, tightened 235 bounds.
Probing time = 0.06 sec. (21.27 ticks)
Clique table members: 38146.
MIP emphasis: balance optimality and feasibility.
MIP search method: dynamic search.
Parallel mode: opportunistic, using up to 24 threads.
Root relaxation solution time = 0.34 sec. (278.92 ticks)

        Nodes                                         Cuts/
   Node  Left     Objective  IInf  Best Integer    Best Bound    ItCnt     Gap

      0     0        0.0000  1457                      0.0000     6364         
      0     0        0.0000     9                     Cuts: 8     6367         
      0     0        0.0000     6                    Cuts: 32     6388         
      0     0        0.0000     2                    Cuts: 21     6398         
      0     0        0.0000     7                     Cuts: 9     6418         
      0     0     -589.6891    50                    Cuts: 16     6432         
      0     0    -1753.2453    46                    Cuts: 77     6482         
      0     0    -1987.2043    28                    Cuts: 77     6584         
      0     0    -2769.4579    39                    Cuts: 28     6608         
      0     0    -2834.0345    41                    Cuts: 69     6636         
      0     0    -3005.9308    42                    Cuts: 66     6683         
      0     0    -3024.4053    43                    Cuts: 33     6707         
      0     0    -3073.6827    46                    Cuts: 42     6718         
      0     0    -3144.2283    47                    Cuts: 44     6727         
      0     0    -3144.7224    47                    Cuts: 24     6729         
      0     0    -3144.7224    47                    Cuts: 22     6729         
      0     3    infeasible                        -4000.3434     6772         
Elapsed time = 7.94 sec. (4972.17 ticks, tree = 0.02 MB, solutions = 0)
    342   154   -10584.9278    12                  -5079.3986     9161         
    833   344   -36549.4768     8                  -5079.3986    12771         
*   904   540      integral     0   -45429.7296    -5079.3986    20246   88.82%
*   942   640      integral     0   -30434.2108    -5079.3986    21899   83.31%
*   960   458      integral     0   -21100.5193    -5079.3986    17340   75.93%
   1312   267        cutoff         -21100.5193    -6634.7013    29996   68.56%
   1915   467   -12616.4249    30   -21100.5193    -6634.7013    34961   68.56%
*  1992   623      integral     0   -19741.3458    -6634.7013    37874   66.39%
   2583   712    -8988.0895     8   -19741.3458    -6668.7424    40021   66.22%
   4266  1314   -17981.4039     8   -19741.3458    -7576.9963    46445   61.62%
Elapsed time = 13.88 sec. (7208.10 ticks, tree = 6.77 MB, solutions = 8)
   6669  2086   -17778.6957     6   -19741.3458    -9286.3001    62685   52.96%
   8130  2515   -16150.8738     3   -19741.3458    -9286.3001    68621   52.96%
   8312  4016    infeasible         -19741.3458   -12900.9788    86785   34.65%
   9647    80        cutoff         -19741.3458   -13398.4907   100456   32.13%

Clique cuts applied:  1
Cover cuts applied:  3
Implied bound cuts applied:  121
Flow cuts applied:  79
Mixed integer rounding cuts applied:  8
Gomory fractional cuts applied:  10

Root node processing (before b&c):
  Real time             =    7.58 sec. (4960.55 ticks)
Parallel b&c, 24 threads:
  Real time             =   19.66 sec. (9524.63 ticks)
  Sync time (average)   =    1.53 sec.
  Wait time (average)   =    0.07 sec.
                          ------------
Total (root+branch&cut) =   27.23 sec. (14485.18 ticks)

Solution pool: 8 solutions saved.

MIP - Integer optimal, tolerance (0.01/1e-06):  Objective = -1.9741345794e+04
Current MIP best bound = -1.9565997164e+04 (gap = 175.349, 0.89%)
Solution time =   27.25 sec.  Iterations = 110722  Nodes = 9940 (13)
Deterministic time = 14485.33 ticks  (531.57 ticks/sec)

CPLEX> Incumbent solution written to file 'C:\Users\Luke\Desktop\competitiveMPEC_1.16\logs\tmpd3yrm9el.cplex.sol'.
CPLEX> NOTE: no warmstart specified for MIP iteration, default behavior is true
NOTE: resolving with all competitive generators using storage-only solution to warmstart
Solving...

Welcome to IBM(R) ILOG(R) CPLEX(R) Interactive Optimizer 12.9.0.0
  with Simplex, Mixed Integer & Barrier Optimizers
5725-A06 5725-A29 5724-Y48 5724-Y49 5724-Y54 5724-Y55 5655-Y21
Copyright IBM Corp. 1988, 2019.  All Rights Reserved.

Type 'help' for a list of available commands.
Type 'help' followed by a command name for more
information on commands.

CPLEX> Logfile 'cplex.log' closed.
Logfile 'C:\Users\Luke\Desktop\competitiveMPEC_1.16\logs\tmp1w7if09c.cplex.log' open.
CPLEX> New value for parallel optimization mode: -1
CPLEX> New value for mixed integer optimality gap tolerance: 0.01
CPLEX> New value for feasibility tolerance: 0.01
CPLEX> New value for deterministic time limit in ticks: 200000
CPLEX> Problem 'C:\Users\Luke\Desktop\competitiveMPEC_1.16\logs\tmp7ricn66p.pyomo.lp' read.
Read time = 0.19 sec. (13.71 ticks)
CPLEX> MIP start file 'C:\Users\Luke\Desktop\competitiveMPEC_1.16\logs\tmp8zfqa0hg.cplex.mst' read.
CPLEX> Problem name         : C:\Users\Luke\Desktop\competitiveMPEC_1.16\logs\tmp7ricn66p.pyomo.lp
Objective sense      : Maximize
Variables            :   53321  [Nneg: 49,  Box: 21806,  Free: 4368,
                                 Binary: 27098]
Objective nonzeros   :    8956
Linear constraints   :  122164  [Less: 40935,  Greater: 58612,  Equal: 22617]
  Nonzeros           :  288505
  RHS nonzeros       :   66956

Variables            : Min LB: -5000.000        Max UB: 5000.000       
Objective nonzeros   : Min   : 0.07500000       Max   : 731.8583       
Linear constraints   :
  Nonzeros           : Min   : 0.07500000       Max   : 2910000.       
  RHS nonzeros       : Min   : 0.07500000       Max   : 3000000.       
CPLEX> CPXPARAM_Parallel                                -1
CPXPARAM_Simplex_Tolerances_Feasibility          0.01
CPXPARAM_DetTimeLimit                            200000
CPXPARAM_MIP_Tolerances_MIPGap                   0.01
Warning:  No solution found from 1 MIP starts.
Retaining values of one MIP start for possible repair.
Tried aggregator 3 times.
MIP Presolve eliminated 88111 rows and 18991 columns.
MIP Presolve added 3348 rows and 0 columns.
MIP Presolve modified 24492 coefficients.
Aggregator did 12832 substitutions.
Reduced MIP has 24569 rows, 20942 columns, and 68802 nonzeros.
Reduced MIP has 8290 binaries, 0 generals, 0 SOSs, and 0 indicators.
Presolve time = 0.23 sec. (167.27 ticks)
Probing fixed 432 vars, tightened 6123 bounds.
Probing time = 0.06 sec. (20.94 ticks)
Tried aggregator 2 times.
MIP Presolve eliminated 968 rows and 873 columns.
MIP Presolve modified 3005 coefficients.
Aggregator did 45 substitutions.
Reduced MIP has 23556 rows, 20024 columns, and 65833 nonzeros.
Reduced MIP has 7856 binaries, 0 generals, 0 SOSs, and 0 indicators.
Presolve time = 0.11 sec. (87.98 ticks)
Probing fixed 0 vars, tightened 235 bounds.
Probing time = 0.08 sec. (21.27 ticks)
Clique table members: 38146.
MIP emphasis: balance optimality and feasibility.
MIP search method: dynamic search.
Parallel mode: opportunistic, using up to 24 threads.
Root relaxation solution time = 0.36 sec. (279.02 ticks)

        Nodes                                         Cuts/
   Node  Left     Objective  IInf  Best Integer    Best Bound    ItCnt     Gap

      0     0    57070.9527  1540                  57070.9527     6675         
      0     0    57049.8897   415                   Cuts: 995     7047         
      0     0    57044.5267   252                   Cuts: 797     7322         
      0     0    57043.4890   189                   Cuts: 358     7451         
      0     0    57043.4890   168                   Cuts: 145     7498         
      0     0    57043.4890   166                    Cuts: 66     7519         
      0     0    57043.4890   167                    Cuts: 47     7536         

Clique cuts applied:  7
Implied bound cuts applied:  10
Flow cuts applied:  535
Mixed integer rounding cuts applied:  197
Gomory fractional cuts applied:  42

Root node processing (before b&c):
  Real time             =    5.48 sec. (3921.05 ticks)
Parallel b&c, 24 threads:
  Real time             =    0.00 sec. (0.00 ticks)
  Sync time (average)   =    0.00 sec.
  Wait time (average)   =    0.00 sec.
                          ------------
Total (root+branch&cut) =    5.48 sec. (3921.05 ticks)


MIP - Aborted, no integer solution.
Current MIP best bound =  5.7043254451e+04 (gap is infinite)
Solution time =    5.50 sec.  Iterations = 7536  Nodes = 0 (1)
Deterministic time = 3921.21 ticks  (712.95 ticks/sec)

CPLEX> CPLEX Error  1217: No solution exists.
No file written.
  Signal handler called from  C:\ProgramData\Anaconda3\lib\subprocess.py _wait 1259
  Waiting...
