Reading model...
...model read.
creating competitive generators file...
...competitive generators recorded.
Loading data...
.. day-ahead data with real-time VRE data read.
Compiling instance...
the tps for 1 are...
1
2
3
4
5
6
7
8
9
10
11
12
13
14
15
16
17
18
19
20
21
22
23
24
the tps for 2 are...
2
3
4
5
6
7
8
9
10
11
12
13
14
15
16
17
18
19
20
21
22
23
24
the tps for 3 are...
3
4
5
6
7
8
9
10
11
12
13
14
15
16
17
18
19
20
21
22
23
24
the tps for 4 are...
4
5
6
7
8
9
10
11
12
13
14
15
16
17
18
19
20
21
22
23
24
the tps for 5 are...
5
6
7
8
9
10
11
12
13
14
15
16
17
18
19
20
21
22
23
24
the tps for 6 are...
6
7
8
9
10
11
12
13
14
15
16
17
18
19
20
21
22
23
24
the tps for 7 are...
7
8
9
10
11
12
13
14
15
16
17
18
19
20
21
22
23
24
the tps for 8 are...
8
9
10
11
12
13
14
15
16
17
18
19
20
21
22
23
24
the tps for 9 are...
9
10
11
12
13
14
15
16
17
18
19
20
21
22
23
24
the tps for 10 are...
10
11
12
13
14
15
16
17
18
19
20
21
22
23
24
the tps for 11 are...
11
12
13
14
15
16
17
18
19
20
21
22
23
24
the tps for 12 are...
12
13
14
15
16
17
18
19
20
21
22
23
24
the tps for 13 are...
13
14
15
16
17
18
19
20
21
22
23
24
the tps for 14 are...
14
15
16
17
18
19
20
21
22
23
24
the tps for 15 are...
15
16
17
18
19
20
21
22
23
24
the tps for 16 are...
16
17
18
19
20
21
22
23
24
the tps for 17 are...
17
18
19
20
21
22
23
24
the tps for 18 are...
18
19
20
21
22
23
24
the tps for 19 are...
19
20
21
22
23
24
the tps for 20 are...
20
21
22
23
24
the tps for 21 are...
21
22
23
24
the tps for 22 are...
22
23
24
the tps for 23 are...
23
24
the tps for 24 are...
24
...instance created.
Creating Offer Mitigation (model will solve as dispatch if TRUE)...
...storage offer mitigation file created
Converting model to MPEC...
