Reading model...
...model read.
creating competitive generators file...
...competitive generators recorded.
Loading data...
.. day-ahead data with real-time VRE data read.
Compiling instance...
320_PV_1
314_PV_1
314_PV_2
313_PV_1
314_PV_3
314_PV_4
313_PV_2
310_PV_1
324_PV_1
312_PV_1
310_PV_2
324_PV_2
324_PV_3
319_PV_1
308_RTPV_1
313_RTPV_1
313_RTPV_2
313_RTPV_3
313_RTPV_4
313_RTPV_5
313_RTPV_6
313_RTPV_7
313_RTPV_8
313_RTPV_9
313_RTPV_10
313_RTPV_11
313_RTPV_12
320_RTPV_1
320_RTPV_2
320_RTPV_3
313_RTPV_13
320_RTPV_4
320_RTPV_5
320_RTPV_6
309_WIND_1
317_WIND_1
303_WIND_1
