Reading model...
...model read.
creating competitive generators file...
...competitive generators recorded.
Loading data...
.. day-ahead data with real-time VRE data read.
Compiling instance...
301_CT_1
301_CT_2
301_CT_3
301_CT_4
302_CT_1
302_CT_2
302_CT_3
302_CT_4
307_CT_1
307_CT_2
313_CC_1
315_STEAM_1
315_STEAM_2
315_STEAM_3
315_STEAM_4
315_STEAM_5
315_CT_6
315_CT_7
315_CT_8
316_STEAM_1
318_CC_1
321_CC_1
322_CT_5
322_CT_6
323_CC_1
323_CC_2
322_HYDRO_1
322_HYDRO_2
322_HYDRO_3
322_HYDRO_4
...instance created.
Creating Offer Mitigation (model will solve as dispatch if TRUE)...
...storage offer mitigation file created
Converting model to MPEC...
