
Log started (V12.9.0.0) Mon Jan 25 11:59:55 2021

New value for parallel optimization mode: -1
New value for mixed integer optimality gap tolerance: 0.01
New value for feasibility tolerance: 1e-05
New value for deterministic time limit in ticks: 50000

Problem 'C:\Users\Luke\Desktop\competitiveMPEC_1.16\logs\tmp4c4q3zns.pyomo.lp' read.
Read time = 0.19 sec. (13.71 ticks)

Problem name         : C:\Users\Luke\Desktop\competitiveMPEC_1.16\logs\tmp4c4q3zns.pyomo.lp
Objective sense      : Maximize
Variables            :   53321  [Nneg: 49,  Box: 21806,  Free: 4368,
                                 Binary: 27098]
Objective nonzeros   :    8980
Linear constraints   :  122164  [Less: 40935,  Greater: 58612,  Equal: 22617]
  Nonzeros           :  288409
  RHS nonzeros       :   66962

Variables            : Min LB: -5000.000        Max UB: 5000.000       
Objective nonzeros   : Min   : 0.1750000        Max   : 772.4167       
Linear constraints   :
  Nonzeros           : Min   : 0.1750000        Max   : 2910000.       
  RHS nonzeros       : Min   : 0.1750000        Max   : 3000000.       
CPXPARAM_Parallel                                -1
CPXPARAM_Simplex_Tolerances_Feasibility          1.0000000000000001e-05
CPXPARAM_DetTimeLimit                            50000
CPXPARAM_MIP_Tolerances_MIPGap                   0.01
Tried aggregator 3 times.
MIP Presolve eliminated 88116 rows and 18998 columns.
MIP Presolve added 3348 rows and 0 columns.
MIP Presolve modified 24524 coefficients.
Aggregator did 12830 substitutions.
Reduced MIP has 24566 rows, 20937 columns, and 68692 nonzeros.
Reduced MIP has 8287 binaries, 0 generals, 0 SOSs, and 0 indicators.
Presolve time = 0.23 sec. (169.83 ticks)
Probing fixed 429 vars, tightened 5709 bounds.
Probing time = 0.05 sec. (20.81 ticks)
Tried aggregator 2 times.
MIP Presolve eliminated 962 rows and 867 columns.
MIP Presolve modified 3014 coefficients.
Aggregator did 44 substitutions.
Reduced MIP has 23560 rows, 20026 columns, and 65744 nonzeros.
Reduced MIP has 7856 binaries, 0 generals, 0 SOSs, and 0 indicators.
Presolve time = 0.09 sec. (87.88 ticks)
Probing fixed 0 vars, tightened 226 bounds.
Probing time = 0.06 sec. (21.44 ticks)
Clique table members: 38164.
MIP emphasis: balance optimality and feasibility.
MIP search method: dynamic search.
Parallel mode: opportunistic, using up to 24 threads.
Root relaxation solution time = 0.36 sec. (573.11 ticks)

        Nodes                                         Cuts/
   Node  Left     Objective  IInf  Best Integer    Best Bound    ItCnt     Gap

      0     0     2564.9478    55                   2564.9478     5734         
      0     0     2564.9478    19                    Cuts: 40     5777         
      0     0     2559.4129    33                    Cuts: 54     5876         
      0     0     2559.4129    30                    Cuts: 44     5950         
      0     0     2559.4129    41                    Cuts: 41     6001         
      0     0     2559.4129    12                 Flowcuts: 2     6003         
      0     0     2559.4129    22                    Cuts: 39     6049         
      0     5    infeasible                           Cuts: 8     6703         
Elapsed time = 6.80 sec. (4847.64 ticks, tree = 0.02 MB, solutions = 0)
    164    92   -23954.1262    62                   2559.4129     9713         
    510    93    infeasible                         2559.4129    10012         
    887   392   -22001.6044    63                   2559.4129    23128         
   1272   669    infeasible                         2559.4129    39178         
   1706   855    infeasible                         2559.4129    54571         
   2139   955    infeasible                         2559.4129    66829         
   2545  1158   -43776.7293   135                   2559.4129    85299         
   2994  1605     2377.9778    30                   2559.4129   126045         
   3419  1716   -21452.1876    68                   2559.4129   133603         
   5072  2554   -55843.3698    90                   2559.4129   200876         
Elapsed time = 14.91 sec. (7953.81 ticks, tree = 16.76 MB, solutions = 0)
   6560  3499    infeasible                         2559.4129   285438         
   7501  4264    infeasible                         2506.5814   359384         
   7869   177    infeasible                         2506.5814   371368         
   8638   417   -61841.9193   124                   2506.5814   394941         
   9828   983   -56800.3785    81                   2505.3488   426952         
  11202  1929   -73084.5018   177                   1407.5217   480929         
  12764  2728  -143748.8377   181                  -2460.6008   537990         
  14198  3879   -24437.5298    67                  -2460.6008   614661         
  15387  4694   -36996.3688    56                  -2460.6008   663897         
  16698  6012   -26807.2096   112                  -2460.6008   728882         
Elapsed time = 51.05 sec. (23553.79 ticks, tree = 49.51 MB, solutions = 0)
  18004  6598   -43409.5790    87                  -2460.6008   760132         
  19101  7272   -18907.5382    67                  -2460.6008   795169         

GUB cover cuts applied:  1
Clique cuts applied:  1
Cover cuts applied:  78
Implied bound cuts applied:  12
Flow cuts applied:  116
Mixed integer rounding cuts applied:  21
Zero-half cuts applied:  1
Lift and project cuts applied:  11
Gomory fractional cuts applied:  19

Root node processing (before b&c):
  Real time             =    6.16 sec. (4803.02 ticks)
Parallel b&c, 24 threads:
  Real time             =   48.73 sec. (21624.63 ticks)
  Sync time (average)   =    0.94 sec.
  Wait time (average)   =    0.05 sec.
                          ------------
Total (root+branch&cut) =   54.89 sec. (26427.65 ticks)


MIP - Aborted, no integer solution.
Current MIP best bound = -1.0286309379e+04 (gap is infinite)
Solution time =   54.91 sec.  Iterations = 876877  Nodes = 20124 (8371)
Deterministic time = 26427.80 ticks  (481.33 ticks/sec)


CPLEX Error  1217: No solution exists.
No file written.
