
Log started (V12.9.0.0) Mon Jan 25 22:33:11 2021

New value for parallel optimization mode: -1
New value for mixed integer optimality gap tolerance: 0.01
New value for feasibility tolerance: 0.01
New value for deterministic time limit in ticks: 50000

Problem 'C:\Users\Luke\Desktop\competitiveMPEC_1.16\logs\tmp2it_737f.pyomo.lp' read.
Read time = 0.19 sec. (13.86 ticks)

Problem name         : C:\Users\Luke\Desktop\competitiveMPEC_1.16\logs\tmp2it_737f.pyomo.lp
Objective sense      : Maximize
Variables            :   53321  [Nneg: 49,  Box: 21806,  Free: 4368,
                                 Binary: 27098]
Objective nonzeros   :    8942
Linear constraints   :  122164  [Less: 40983,  Greater: 58612,  Equal: 22569]
  Nonzeros           :  288467
  RHS nonzeros       :   66944

Variables            : Min LB: -5000.000        Max UB: 5000.000       
Objective nonzeros   : Min   : 1.200000         Max   : 839.2000       
Linear constraints   :
  Nonzeros           : Min   : 0.8500000        Max   : 2910000.       
  RHS nonzeros       : Min   : 1.000000         Max   : 3000000.       
CPXPARAM_Parallel                                -1
CPXPARAM_Simplex_Tolerances_Feasibility          0.01
CPXPARAM_DetTimeLimit                            50000
CPXPARAM_MIP_Tolerances_MIPGap                   0.01
Tried aggregator 3 times.
MIP Presolve eliminated 88234 rows and 19064 columns.
MIP Presolve added 3318 rows and 0 columns.
MIP Presolve modified 24420 coefficients.
Aggregator did 12863 substitutions.
Reduced MIP has 24385 rows, 20812 columns, and 68354 nonzeros.
Reduced MIP has 8226 binaries, 0 generals, 0 SOSs, and 0 indicators.
Presolve time = 0.23 sec. (166.30 ticks)
Probing fixed 436 vars, tightened 4663 bounds.
Probing time = 0.06 sec. (20.30 ticks)
Tried aggregator 2 times.
MIP Presolve eliminated 981 rows and 880 columns.
MIP Presolve modified 2974 coefficients.
Aggregator did 30 substitutions.
Reduced MIP has 23374 rows, 19902 columns, and 65422 nonzeros.
Reduced MIP has 7786 binaries, 0 generals, 0 SOSs, and 0 indicators.
Presolve time = 0.11 sec. (88.45 ticks)
Probing fixed 0 vars, tightened 204 bounds.
Probing time = 0.08 sec. (23.19 ticks)
Clique table members: 40187.
MIP emphasis: balance optimality and feasibility.
MIP search method: dynamic search.
Parallel mode: opportunistic, using up to 24 threads.
Root relaxation solution time = 0.30 sec. (252.18 ticks)

        Nodes                                         Cuts/
   Node  Left     Objective  IInf  Best Integer    Best Bound    ItCnt     Gap

      0     0    12540.1684  1382                  12540.1684     5798         
      0     0    12511.0536   349                   Cuts: 814     6073         
      0     0    12446.5816   277                   Cuts: 710     6287         
      0     0    12436.6805   195                   Cuts: 395     6420         
      0     0    12383.8430   178                   Cuts: 101     6458         
      0     0    12383.8430   164                    Cuts: 37     6468         
      0     0    12383.8430   162                    Cuts: 28     6470         
      0     0    12383.8430   162                    Cuts: 25     6470         
      0    23    infeasible                           Cuts: 7     6666         
Elapsed time = 4.59 sec. (3058.54 ticks, tree = 0.05 MB, solutions = 0)
    510   169     8356.3826   132                  12222.4480     7537         
   1044   817     7394.5269    96                  12222.4480     9405         
   1845  1195     1800.7635    48                  12222.4480    10964         
   2482  1875      868.3151    61                  12222.4480    12897         
*  3061+ 2596                        -3801.7596    12222.4480           421.49%
   3585   759    11375.8459   133     7493.3839    12222.4480    14992   63.11%
   4192   956    11252.6936    85     7493.3839    12222.4480    15698   63.11%
   4778  1778    11256.3643    59     7493.3839    12222.4480    17318   63.11%
*  5157  1287      integral     0    10308.3334    12222.4480    16567   18.57%

GUB cover cuts applied:  2
Clique cuts applied:  12
Cover cuts applied:  10
Implied bound cuts applied:  34
Flow cuts applied:  145
Mixed integer rounding cuts applied:  97
Gomory fractional cuts applied:  105

Root node processing (before b&c):
  Real time             =    4.13 sec. (3035.32 ticks)
Parallel b&c, 24 threads:
  Real time             =   15.03 sec. (8546.67 ticks)
  Sync time (average)   =    0.19 sec.
  Wait time (average)   =    0.00 sec.
                          ------------
Total (root+branch&cut) =   19.16 sec. (11581.99 ticks)

Solution pool: 7 solutions saved.

MIP - Aborted, integer feasible:  Objective =  1.0308333418e+04
Current MIP best bound =  1.1815788840e+04 (gap = 1507.46, 14.62%)
Solution time =   19.17 sec.  Iterations = 26258  Nodes = 5189 (1188)
Deterministic time = 11582.14 ticks  (604.12 ticks/sec)


Incumbent solution written to file 'C:\Users\Luke\Desktop\competitiveMPEC_1.16\logs\tmpjk30gzqg.cplex.sol'.
