
Log started (V12.9.0.0) Mon Jan 25 12:12:54 2021

New value for parallel optimization mode: -1
New value for mixed integer optimality gap tolerance: 0.01
New value for feasibility tolerance: 1e-05
New value for deterministic time limit in ticks: 50000

Problem 'C:\Users\Luke\Desktop\competitiveMPEC_1.16\logs\tmpsr8ktizj.pyomo.lp' read.
Read time = 0.17 sec. (13.71 ticks)
MIP start file 'C:\Users\Luke\Desktop\competitiveMPEC_1.16\logs\tmp2sm5gyso.cplex.mst' read.

Problem name         : C:\Users\Luke\Desktop\competitiveMPEC_1.16\logs\tmpsr8ktizj.pyomo.lp
Objective sense      : Maximize
Variables            :   53321  [Nneg: 49,  Box: 21806,  Free: 4368,
                                 Binary: 27098]
Objective nonzeros   :    8980
Linear constraints   :  122164  [Less: 40935,  Greater: 58612,  Equal: 22617]
  Nonzeros           :  288505
  RHS nonzeros       :   66959

Variables            : Min LB: -5000.000        Max UB: 5000.000       
Objective nonzeros   : Min   : 0.1750000        Max   : 772.4167       
Linear constraints   :
  Nonzeros           : Min   : 0.1750000        Max   : 2910000.       
  RHS nonzeros       : Min   : 0.1750000        Max   : 3000000.       
CPXPARAM_Parallel                                -1
CPXPARAM_Simplex_Tolerances_Feasibility          1.0000000000000001e-05
CPXPARAM_DetTimeLimit                            50000
CPXPARAM_MIP_Tolerances_MIPGap                   0.01
Warning:  No solution found from 1 MIP starts.
Retaining values of one MIP start for possible repair.
Tried aggregator 3 times.
MIP Presolve eliminated 88114 rows and 18994 columns.
MIP Presolve added 3348 rows and 0 columns.
MIP Presolve modified 24522 coefficients.
Aggregator did 12830 substitutions.
Reduced MIP has 24568 rows, 20941 columns, and 68794 nonzeros.
Reduced MIP has 8289 binaries, 0 generals, 0 SOSs, and 0 indicators.
Presolve time = 0.23 sec. (169.86 ticks)
Probing fixed 429 vars, tightened 5849 bounds.
Probing time = 0.06 sec. (21.62 ticks)
Tried aggregator 2 times.
MIP Presolve eliminated 962 rows and 867 columns.
MIP Presolve modified 3011 coefficients.
Aggregator did 44 substitutions.
Reduced MIP has 23562 rows, 20030 columns, and 65846 nonzeros.
Reduced MIP has 7858 binaries, 0 generals, 0 SOSs, and 0 indicators.
Presolve time = 0.11 sec. (87.94 ticks)
Probing fixed 0 vars, tightened 205 bounds.
Probing time = 0.08 sec. (21.79 ticks)
Clique table members: 38631.
MIP emphasis: balance optimality and feasibility.
MIP search method: dynamic search.
Parallel mode: opportunistic, using up to 24 threads.
Root relaxation solution time = 0.38 sec. (572.89 ticks)

        Nodes                                         Cuts/
   Node  Left     Objective  IInf  Best Integer    Best Bound    ItCnt     Gap

      0     0     2564.9478    50                   2564.9478     5864         
      0     0     2564.9478    21                    Cuts: 34     5934         
      0     0     2560.2071    26                    Cuts: 38     6054         
      0     0     2559.4129    25                    Cuts: 27     6102         
      0     0     2559.4129    25                    Cuts: 28     6171         
      0     0     2512.0522    15                     Cuts: 4     6211         
      0     0     2506.7449    16                    Cuts: 30     6281         
      0     0     2506.7449    20                    Cuts: 46     6364         
Repair heuristic found nothing.
      0     2     2506.7449    20                    Cuts: 16     6364         
Elapsed time = 7.91 sec. (5195.63 ticks, tree = 0.02 MB, solutions = 0)
    202    79    -2799.2540    39                   2506.7449     9971         
    522   349    -4809.9690    32                   2506.7449    30011         
    868   371   -13422.4883    40                   2506.7449    31672         
   1206   630   -13457.1766    51                   2506.7449    51132         
   1593  1118   -41321.7023    16                   2506.7449    81847         
   1960  1050   -21472.1261    61                   2506.7449    76835         
   2311  1232  -128335.0488    61                   2506.7449    90285         
   2623  1401   -58118.8301    63                   2506.7449   108414         
   2957  1614   -96273.8159    70                   2506.7449   130351         
   4196  2085  -143644.6466    68                   2506.7449   169828         
Elapsed time = 16.05 sec. (8304.31 ticks, tree = 15.57 MB, solutions = 0)
   5505  2701    -8175.7234    22                   2506.7449   238867         
   6731  3658   -14245.7484    37                   2506.7449   337716         
   7751  4302    infeasible                         2506.7449   394948         
   7770  4781    infeasible                         2506.5846   448436         
   8163    63    infeasible                         2506.5846   459061         
   8827   253   -25468.4876    32                   2506.5846   467824         
   9817  1040   -58519.0234   150                   2506.5846   515852         
  11109  1327   -16817.7460    56                   2506.5846   533011         
  12514  2385   -14288.7469    32                   2506.5846   614154         
  13918  3257    -6839.1696    67                    303.1116   695881         
Elapsed time = 47.69 sec. (23114.24 ticks, tree = 21.28 MB, solutions = 0)
  15604  4147    -8867.8608    64                   -111.8159   780064         
  16780  5006   -28548.7509    72                   -111.8159   860990         
  17816  5462    infeasible                         -111.8159   901187         
  19179  5978   -47552.1012    85                   -111.8159   944527         
  20663  7156   -20251.0570    79                   -111.8159  1040854         
  21560  7333   -14628.5864    62                   -111.8159  1050033         

Cover cuts applied:  121
Implied bound cuts applied:  36
Flow cuts applied:  127
Mixed integer rounding cuts applied:  27
Zero-half cuts applied:  1
Lift and project cuts applied:  13
Gomory fractional cuts applied:  15

Root node processing (before b&c):
  Real time             =    7.20 sec. (5137.39 ticks)
Parallel b&c, 24 threads:
  Real time             =   53.05 sec. (24019.50 ticks)
  Sync time (average)   =    1.06 sec.
  Wait time (average)   =    0.07 sec.
                          ------------
Total (root+branch&cut) =   60.25 sec. (29156.90 ticks)


MIP - Aborted, no integer solution.
Current MIP best bound = -1.5491436428e+03 (gap is infinite)
Solution time =   60.25 sec.  Iterations = 1103611  Nodes = 21585 (8174)
Deterministic time = 29157.05 ticks  (483.93 ticks/sec)


CPLEX Error  1217: No solution exists.
No file written.
