
Log started (V12.9.0.0) Mon Jan 25 00:27:22 2021

New value for parallel optimization mode: -1
New value for mixed integer optimality gap tolerance: 0.01
New value for feasibility tolerance: 0.01
New value for deterministic time limit in ticks: 200000

Problem 'C:\Users\Luke\Desktop\competitiveMPEC_1.16\logs\tmp7ricn66p.pyomo.lp' read.
Read time = 0.19 sec. (13.71 ticks)
MIP start file 'C:\Users\Luke\Desktop\competitiveMPEC_1.16\logs\tmp8zfqa0hg.cplex.mst' read.

Problem name         : C:\Users\Luke\Desktop\competitiveMPEC_1.16\logs\tmp7ricn66p.pyomo.lp
Objective sense      : Maximize
Variables            :   53321  [Nneg: 49,  Box: 21806,  Free: 4368,
                                 Binary: 27098]
Objective nonzeros   :    8956
Linear constraints   :  122164  [Less: 40935,  Greater: 58612,  Equal: 22617]
  Nonzeros           :  288505
  RHS nonzeros       :   66956

Variables            : Min LB: -5000.000        Max UB: 5000.000       
Objective nonzeros   : Min   : 0.07500000       Max   : 731.8583       
Linear constraints   :
  Nonzeros           : Min   : 0.07500000       Max   : 2910000.       
  RHS nonzeros       : Min   : 0.07500000       Max   : 3000000.       
CPXPARAM_Parallel                                -1
CPXPARAM_Simplex_Tolerances_Feasibility          0.01
CPXPARAM_DetTimeLimit                            200000
CPXPARAM_MIP_Tolerances_MIPGap                   0.01
Warning:  No solution found from 1 MIP starts.
Retaining values of one MIP start for possible repair.
Tried aggregator 3 times.
MIP Presolve eliminated 88111 rows and 18991 columns.
MIP Presolve added 3348 rows and 0 columns.
MIP Presolve modified 24492 coefficients.
Aggregator did 12832 substitutions.
Reduced MIP has 24569 rows, 20942 columns, and 68802 nonzeros.
Reduced MIP has 8290 binaries, 0 generals, 0 SOSs, and 0 indicators.
Presolve time = 0.23 sec. (167.27 ticks)
Probing fixed 432 vars, tightened 6123 bounds.
Probing time = 0.06 sec. (20.94 ticks)
Tried aggregator 2 times.
MIP Presolve eliminated 968 rows and 873 columns.
MIP Presolve modified 3005 coefficients.
Aggregator did 45 substitutions.
Reduced MIP has 23556 rows, 20024 columns, and 65833 nonzeros.
Reduced MIP has 7856 binaries, 0 generals, 0 SOSs, and 0 indicators.
Presolve time = 0.11 sec. (87.98 ticks)
Probing fixed 0 vars, tightened 235 bounds.
Probing time = 0.08 sec. (21.27 ticks)
Clique table members: 38146.
MIP emphasis: balance optimality and feasibility.
MIP search method: dynamic search.
Parallel mode: opportunistic, using up to 24 threads.
Root relaxation solution time = 0.36 sec. (279.02 ticks)

        Nodes                                         Cuts/
   Node  Left     Objective  IInf  Best Integer    Best Bound    ItCnt     Gap

      0     0    57070.9527  1540                  57070.9527     6675         
      0     0    57049.8897   415                   Cuts: 995     7047         
      0     0    57044.5267   252                   Cuts: 797     7322         
      0     0    57043.4890   189                   Cuts: 358     7451         
      0     0    57043.4890   168                   Cuts: 145     7498         
      0     0    57043.4890   166                    Cuts: 66     7519         
      0     0    57043.4890   167                    Cuts: 47     7536         

Clique cuts applied:  7
Implied bound cuts applied:  10
Flow cuts applied:  535
Mixed integer rounding cuts applied:  197
Gomory fractional cuts applied:  42

Root node processing (before b&c):
  Real time             =    5.48 sec. (3921.05 ticks)
Parallel b&c, 24 threads:
  Real time             =    0.00 sec. (0.00 ticks)
  Sync time (average)   =    0.00 sec.
  Wait time (average)   =    0.00 sec.
                          ------------
Total (root+branch&cut) =    5.48 sec. (3921.05 ticks)


MIP - Aborted, no integer solution.
Current MIP best bound =  5.7043254451e+04 (gap is infinite)
Solution time =    5.50 sec.  Iterations = 7536  Nodes = 0 (1)
Deterministic time = 3921.21 ticks  (712.95 ticks/sec)


CPLEX Error  1217: No solution exists.
No file written.
