
Log started (V12.9.0.0) Tue Oct  6 20:40:35 2020

New value for parallel optimization mode: -1
New value for mixed integer optimality gap tolerance: 0.01
New value for integrality tolerance: 1e-09
New value for feasibility tolerance: 0.01
New value for deterministic time limit in ticks: 100000

Problem 'C:\Users\llavin\Desktop\test919\logs\tmpk9z5r24m.pyomo.lp' read.
Read time = 0.23 sec. (13.86 ticks)

Problem name         : C:\Users\llavin\Desktop\test919\logs\tmpk9z5r24m.pyomo.lp
Objective sense      : Maximize
Variables            :   53321  [Nneg: 1,  Box: 21806,  Free: 4416,
                                 Binary: 27098]
Objective nonzeros   :    9029
Linear constraints   :  122164  [Less: 40983,  Greater: 58612,  Equal: 22569]
  Nonzeros           :  288457
  RHS nonzeros       :   66982

Variables            : Min LB: -5000.000        Max UB: 1000000.       
Objective nonzeros   : Min   : 0.07500000       Max   : 2500.000       
Linear constraints   :
  Nonzeros           : Min   : 0.07500000       Max   : 1000000.       
  RHS nonzeros       : Min   : 0.07500000       Max   : 1000000.       
CPXPARAM_Parallel                                -1
CPXPARAM_Simplex_Tolerances_Feasibility          0.01
CPXPARAM_DetTimeLimit                            100000
CPXPARAM_MIP_Tolerances_MIPGap                   0.01
CPXPARAM_MIP_Tolerances_Integrality              1.0000000000000001e-09
Tried aggregator 3 times.
MIP Presolve eliminated 88129 rows and 19009 columns.
MIP Presolve added 3353 rows and 0 columns.
MIP Presolve modified 24479 coefficients.
Aggregator did 12834 substitutions.
Reduced MIP has 24554 rows, 20922 columns, and 68757 nonzeros.
Reduced MIP has 8284 binaries, 0 generals, 0 SOSs, and 0 indicators.
Presolve time = 0.28 sec. (173.91 ticks)
Probing fixed 450 vars, tightened 2957 bounds.
Probing time = 1.26 sec. (921.68 ticks)
Tried aggregator 2 times.
MIP Presolve eliminated 1004 rows and 904 columns.
MIP Presolve modified 2211 coefficients.
Aggregator did 56 substitutions.
Reduced MIP has 23494 rows, 19962 columns, and 65677 nonzeros.
Reduced MIP has 7832 binaries, 0 generals, 0 SOSs, and 0 indicators.
Presolve time = 0.11 sec. (64.23 ticks)
Probing time = 0.05 sec. (15.48 ticks)
Clique table members: 6583.
MIP emphasis: balance optimality and feasibility.
MIP search method: dynamic search.
Parallel mode: opportunistic, using up to 32 threads.
Root relaxation solution time = 0.38 sec. (493.65 ticks)

        Nodes                                         Cuts/
   Node  Left     Objective  IInf  Best Integer    Best Bound    ItCnt     Gap

      0     0      -17.4638   815                    -17.4638     3316         
      0     0      -17.4638   680                   Cuts: 618     3593         
      0     0      -17.4638   590                   Cuts: 428     3754         
      0     0      -17.4638   500                   Cuts: 273     3888         
      0     0      -17.4638   461                   Cuts: 109     3942         
      0     0      -17.4638   428                    Cuts: 88     3980         
      0     0      -17.4638   418                    Cuts: 74     4002         
      0     0      -17.4638   414                    Cuts: 29     4012         
      0     0      -17.4638   409                     Cuts: 6     4020         
      0     6    infeasible                           Cuts: 3     4169         
Elapsed time = 9.59 sec. (5744.72 ticks, tree = 0.02 MB, solutions = 0)
    323    87      -83.6176   382                    -83.6176     4269         
   1170    82      -83.6176   369                    -83.6176     4263         
   2272   590      -83.6176   355                    -83.6176     4731         
   3995  2045     -308.6316   298                    -83.6176     6546         
   5871  2032     -308.6316   225                    -83.6176     6514         
   7512  3422      -83.6176   234                    -83.6176     7985         
   8922  8161      -83.6176   230                    -83.6176    11343         
  10419  7677     -308.6316   226                    -83.6176    11256         
  11756  7650     -308.6316   243                    -83.6176    11254         
  12887 11915     -308.6316   232                    -83.6176    12343         
Elapsed time = 23.16 sec. (8849.60 ticks, tree = 100.99 MB, solutions = 0)
  13434 11580    infeasible                          -83.6176    11877         
  13900 13045      -83.6176   236                    -83.6176    16275         
  14153 12588    infeasible                          -83.6176    15167         
  14281 13153      -83.6176   238                    -83.6176    24358         
  14367 13196    infeasible                          -83.6176    27417         
  14439 13141     -308.6316   227                    -83.6176    23927         
  14514 13527     -308.6316   238                    -83.6176    29288         
  14587 13518      -83.9169   239                    -83.6176    28243         
  14669 13197    infeasible                          -83.6176    27477         
  14982 13612   -27721.1622    37                    -83.6176    32749         
Elapsed time = 35.48 sec. (18438.47 ticks, tree = 117.29 MB, solutions = 0)
  15713 13642      -83.6176   305                    -83.6176    33691         
  16908 13749      -83.6176   214                    -83.6176    33849         
  18546 13670    -8190.1118    33                    -83.6176    33808         
  20384 15418      -83.6176    27                    -83.6176    61421         
  21786 16801      -83.6176    79                    -83.6176    75498         
  22461 16659      -83.6176   127                    -83.6176    72592         
  23161 15032     -587.0642   122                    -83.6176    57770         
  23565 15150      -83.6176    15                    -83.6176    57916         
  23786 15530      -83.6176    88                    -83.6176    61297         
  24098 18843      -83.6176    47                    -83.6176    88724         
Elapsed time = 58.52 sec. (27995.90 ticks, tree = 180.99 MB, solutions = 0)
  24250 17502      -83.6176    16                    -83.6176    81886         
  24369 15879    infeasible                          -83.6176    69496         
  24471 15637     -886.1991    30                    -83.6176    67245         
  24564 16803    infeasible                          -83.6176    72790         
  24699 16148    infeasible                          -83.6176    71865         
  24793 16155    infeasible                          -83.6176    71915         
  24892 16699     -885.6005    28                    -83.6176    75396         
  25012 17512      -83.6176    16                    -83.6176    81908         
  25133 21521    infeasible                          -83.6176   106192         
  25303 17691    infeasible                          -83.6176    82870         
Elapsed time = 65.56 sec. (37584.31 ticks, tree = 167.72 MB, solutions = 0)
  25667 17891    infeasible                          -83.6176    83329         
  25798 18761    infeasible                          -83.6176    88663         
  25927 18527    -1192.8966    18                    -83.6176    86898         
  26034 18902      -83.6176    23                    -83.6176    90289         
  26147 21035    infeasible                          -83.6176   103027         
  26383 21528      -83.6176    16                    -83.6176   106213         
  26598 20357      -83.6176    13                    -83.6176   101059         
  26785 20052     -885.6005    28                    -83.6176    97818         
  26982 19823    infeasible                          -83.6176    97464         
  27148 20065    -1192.8966    28                    -83.6176    98643         
Elapsed time = 80.75 sec. (47146.34 ticks, tree = 196.18 MB, solutions = 0)
  27256 21648      -83.6176    15                    -83.6176   108731         
  27358 21038    infeasible                          -83.6176   103041         
  27489 21733     -350.4730    97                    -83.6176   110308         
  27684 21852     -992.4321    47                    -83.6176   110468         
  27882 21954      -83.6176    47                    -83.6176   110620         
  28039 21377     -886.1991    29                    -83.6176   105163         
  28149 22489    infeasible                          -83.6176   126873         
  28268 22024     -899.2254    23                    -83.6176   113287         
  28368 22457      -83.6176    13                    -83.6176   126537         
  28444 22048    infeasible                          -83.6176   113375         
Elapsed time = 80.97 sec. (56741.40 ticks, tree = 221.23 MB, solutions = 0)
  28552 21705    -1124.2395    24                    -83.6176   110283         
  28662 22159    infeasible                          -83.6176   118367         
  28767 22033      -83.6176    16                    -83.6176   113938         
  28838 22020    -1192.8966    28                    -83.6176   114400         
  28900 22075      -83.6176    14                    -83.6176   113663         
  28978 22824    infeasible                          -83.6176   128966         
  29033 22851     -899.2254    23                    -83.6176   129337         
  29089 22429    infeasible                          -83.6176   124852         
  29140 22431    infeasible                          -83.6176   125082         
  29183 22367    -1124.2395    25                    -83.6176   121624         
Elapsed time = 80.97 sec. (66507.72 ticks, tree = 225.19 MB, solutions = 0)
  29214 22405      -83.6176    12                    -83.6176   122709         
  29241 22478    infeasible                          -83.6176   126599         
  29259 22934    infeasible                          -83.6176   133516         
  29296 22923    -1132.0114    28                    -83.6176   131894         
  29309 22476    infeasible                          -83.6176   126592         
  29315 22832    infeasible                          -83.6176   129428         
  29319 22901    infeasible                          -83.6176   130635         

Clique cuts applied:  9
Implied bound cuts applied:  13
Flow cuts applied:  573
Mixed integer rounding cuts applied:  2
Gomory fractional cuts applied:  41

Root node processing (before b&c):
  Real time             =    8.50 sec. (5737.80 ticks)
Parallel b&c, 32 threads:
  Real time             =   73.06 sec. (69989.12 ticks)
  Sync time (average)   =    0.63 sec.
  Wait time (average)   =    0.00 sec.
                          ------------
Total (root+branch&cut) =   81.56 sec. (75726.92 ticks)


MIP - Aborted, no integer solution.
Current MIP best bound = -8.3617583426e+01 (gap is infinite)
Solution time =   81.58 sec.  Iterations = 149871  Nodes = 29331 (24078)
Deterministic time = 75727.08 ticks  (928.28 ticks/sec)


CPLEX Error  1217: No solution exists.
No file written.
