
Log started (V12.9.0.0) Mon Jan 25 01:07:55 2021

New value for parallel optimization mode: -1
New value for mixed integer optimality gap tolerance: 0.01
New value for deterministic time limit in ticks: 100000

Problem 'C:\Users\Luke\Desktop\competitiveMPEC_1.16\logs\tmp748fk8wv.pyomo.lp' read.
Read time = 0.20 sec. (13.86 ticks)
MIP start file 'C:\Users\Luke\Desktop\competitiveMPEC_1.16\logs\tmpauebkuwo.cplex.mst' read.

Problem name         : C:\Users\Luke\Desktop\competitiveMPEC_1.16\logs\tmp748fk8wv.pyomo.lp
Objective sense      : Maximize
Variables            :   53321  [Nneg: 49,  Box: 21806,  Free: 4368,
                                 Binary: 27098]
Objective nonzeros   :    8956
Linear constraints   :  122164  [Less: 40983,  Greater: 58612,  Equal: 22569]
  Nonzeros           :  288505
  RHS nonzeros       :   66982

Variables            : Min LB: -5000.000        Max UB: 5000.000       
Objective nonzeros   : Min   : 0.07500000       Max   : 731.8583       
Linear constraints   :
  Nonzeros           : Min   : 0.07500000       Max   : 2910000.       
  RHS nonzeros       : Min   : 0.07500000       Max   : 3000000.       
CPXPARAM_Parallel                                -1
CPXPARAM_DetTimeLimit                            100000
CPXPARAM_MIP_Tolerances_MIPGap                   0.01
Warning:  No solution found from 1 MIP starts.
Retaining values of one MIP start for possible repair.
Tried aggregator 3 times.
MIP Presolve eliminated 88087 rows and 18943 columns.
MIP Presolve added 3372 rows and 0 columns.
MIP Presolve modified 24522 coefficients.
Aggregator did 12832 substitutions.
Reduced MIP has 24617 rows, 20990 columns, and 68946 nonzeros.
Reduced MIP has 8290 binaries, 0 generals, 0 SOSs, and 0 indicators.
Presolve time = 0.22 sec. (166.17 ticks)
Probing fixed 432 vars, tightened 5989 bounds.
Probing time = 0.06 sec. (21.10 ticks)
Tried aggregator 2 times.
MIP Presolve eliminated 968 rows and 873 columns.
MIP Presolve modified 3005 coefficients.
Aggregator did 45 substitutions.
Reduced MIP has 23604 rows, 20072 columns, and 65977 nonzeros.
Reduced MIP has 7856 binaries, 0 generals, 0 SOSs, and 0 indicators.
Presolve time = 0.11 sec. (88.07 ticks)
Probing fixed 0 vars, tightened 205 bounds.
Probing time = 0.08 sec. (21.48 ticks)
Clique table members: 38587.
MIP emphasis: balance optimality and feasibility.
MIP search method: dynamic search.
Parallel mode: opportunistic, using up to 24 threads.
Root relaxation solution time = 0.48 sec. (655.11 ticks)

        Nodes                                         Cuts/
   Node  Left     Objective  IInf  Best Integer    Best Bound    ItCnt     Gap

      0     0    57070.9498   137                  57070.9498     6460         
      0     0    57048.6471    58                   Cuts: 118     6531         
      0     0    57048.1546    52                    Cuts: 39     6557         
      0     0    57048.1546    47                     Cuts: 5     6564         
      0     0    57048.1546    45                  MIRcuts: 4     6566         
      0     0    57048.1546    37                  MIRcuts: 4     6568         
      0     0    57048.1546    38                 Flowcuts: 2     6569         
Repair heuristic found nothing.
      0     2    57048.1546    38                     Cuts: 3     6569         
Elapsed time = 5.47 sec. (3677.88 ticks, tree = 0.02 MB, solutions = 0)
    476   142    56495.8645    13                  57020.1656     7253         
    957   409    55595.5866    10                  57020.1656     8891         
   1320  1126    56405.4700    27                  57020.1656    18914         
   1827  1188    infeasible                        57020.1656    21465         
   2344  1750    56953.9940    29                  57020.1656    38107         
   2775  2001    53793.2382    11                  57018.6424    42823         
   3209  2112    56551.3583    11                  57017.7272    45135         
   3629  2620    56562.3630    15                  57017.7272    60524         
   4077  3121    56420.5082    12                  57017.7272    69562         
   5238  3931    53842.2195    35                  57017.7272   115335         
Elapsed time = 19.55 sec. (11077.73 ticks, tree = 33.86 MB, solutions = 0)
   5853   192    50559.0587    42                  57017.7272   116824         
   6846   896    53718.7503    30                  57017.7272   126931         
   8344  2041    53629.6840    29                  57017.7272   138999         
*  9858+ 3283                        53610.8833    57017.7272             6.35%
   9921  3136    48576.3047    29    53610.8833    57017.7272   155587    6.35%
  11361  1691    53649.3975    16    53610.8833    56950.5980   180720    6.23%
  12644  2406        cutoff          53610.8833    56950.5980   185892    6.23%
  14107  3427    56877.1953    23    53610.8833    56950.5980   194731    6.23%
  16110 10210    56834.3849    26    53610.8833    56950.5980   260010    6.23%
  18777  8290        cutoff          53610.8833    56945.2076   237465    6.22%
  21641  5531        cutoff          53610.8833    56945.2076   214075    6.22%
Elapsed time = 54.39 sec. (20622.51 ticks, tree = 50.58 MB, solutions = 2)
  24583  6887    53667.4813    15    53610.8833    56945.2076   224074    6.22%
  27229 10338    53618.4652     9    53610.8833    56945.2076   260777    6.22%
  29890 10084        cutoff          53610.8833    56945.2076   258781    6.22%
  32480  9132    56769.1756    24    53610.8833    56945.2076   245910    6.22%
  34837 10838    53617.3256    17    53610.8833    56945.2076   269752    6.22%
  36979 10579    53618.5110    13    53610.8833    56945.2076   265119    6.22%
  37700 15510    infeasible          53610.8833    56919.9484   338873    6.17%
  38178    60    56913.9158    41    53610.8833    56919.9484   339855    6.17%
  38978   201    56357.1704    53    53610.8833    56919.9484   341877    6.17%
  39886   457    56147.8494    51    53610.8833    56919.9484   344066    6.17%
Elapsed time = 74.25 sec. (32988.75 ticks, tree = 27.44 MB, solutions = 2)
  41024   847    56670.8878    43    53610.8833    56919.9484   348930    6.17%
  42455  2461    53617.9802    15    53610.8833    56919.9484   365900    6.17%
  44042  1892    53674.2952    13    53610.8833    56919.9484   359985    6.17%
  45850  4740    53636.1466     5    53610.8833    56913.9248   390639    6.16%
  47810  5509    53644.7417    13    53610.8833    56912.3403   397781    6.16%
  49363  6483    53656.3513     7    53610.8833    56912.3403   405986    6.16%

Clique cuts applied:  6
Cover cuts applied:  24
Implied bound cuts applied:  7
Flow cuts applied:  41
Mixed integer rounding cuts applied:  17
Lift and project cuts applied:  4
Gomory fractional cuts applied:  12

Root node processing (before b&c):
  Real time             =    4.81 sec. (3622.37 ticks)
Parallel b&c, 24 threads:
  Real time             =   81.11 sec. (35931.40 ticks)
  Sync time (average)   =    1.79 sec.
  Wait time (average)   =    0.12 sec.
                          ------------
Total (root+branch&cut) =   85.92 sec. (39553.77 ticks)

Solution pool: 2 solutions saved.

MIP - Aborted, integer feasible:  Objective =  5.3610883256e+04
Current MIP best bound =  5.6912340283e+04 (gap = 3301.46, 6.16%)
Solution time =   85.92 sec.  Iterations = 418759  Nodes = 49552 (8061)
Deterministic time = 39553.93 ticks  (460.35 ticks/sec)


Incumbent solution written to file 'C:\Users\Luke\Desktop\competitiveMPEC_1.16\logs\tmpokq9wxqb.cplex.sol'.
