
Log started (V12.9.0.0) Tue Sep 22 17:29:58 2020

New value for parallel optimization mode: -1
New value for mixed integer optimality gap tolerance: 0.01
New value for integrality tolerance: 1e-09
New value for feasibility tolerance: 0.01
New value for deterministic time limit in ticks: 75000

Problem 'C:\Users\llavin\Desktop\test919\logs\tmp9eh32e2m.pyomo.lp' read.
Read time = 0.23 sec. (14.81 ticks)
MIP start file 'C:\Users\llavin\Desktop\test919\logs\tmpnzqhf_s8.cplex.mst' read.

Problem name         : C:\Users\llavin\Desktop\test919\logs\tmp9eh32e2m.pyomo.lp
Objective sense      : Maximize
Variables            :   54525  [Nneg: 1,  Box: 22720,  Free: 4464,
                                 Binary: 27340]
Objective nonzeros   :    9676
Linear constraints   :  123205  [Less: 41346,  Greater: 59096,  Equal: 22763]
  Nonzeros           :  291801
  RHS nonzeros       :   67491

Variables            : Min LB: -5000.000        Max UB: 1000000.       
Objective nonzeros   : Min   : 0.07500000       Max   : 780.8083       
Linear constraints   :
  Nonzeros           : Min   : 0.07500000       Max   : 1000000.       
  RHS nonzeros       : Min   : 0.07500000       Max   : 1000000.       
CPXPARAM_Parallel                                -1
CPXPARAM_Simplex_Tolerances_Feasibility          0.01
CPXPARAM_DetTimeLimit                            75000
CPXPARAM_MIP_Tolerances_MIPGap                   0.01
CPXPARAM_MIP_Tolerances_Integrality              1.0000000000000001e-09
Warning:  No solution found from 1 MIP starts.
Retaining values of one MIP start for possible repair.
Tried aggregator 3 times.
MIP Presolve eliminated 88678 rows and 19698 columns.
MIP Presolve added 3395 rows and 0 columns.
MIP Presolve modified 24896 coefficients.
Aggregator did 12996 substitutions.
Reduced MIP has 24926 rows, 21275 columns, and 71132 nonzeros.
Reduced MIP has 8399 binaries, 0 generals, 0 SOSs, and 0 indicators.
Presolve time = 0.30 sec. (174.00 ticks)
Probing fixed 370 vars, tightened 2809 bounds.
Probing time = 1.23 sec. (868.61 ticks)
Tried aggregator 2 times.
MIP Presolve eliminated 834 rows and 742 columns.
MIP Presolve modified 2192 coefficients.
Aggregator did 44 substitutions.
Reduced MIP has 24048 rows, 20489 columns, and 68590 nonzeros.
Reduced MIP has 8028 binaries, 0 generals, 0 SOSs, and 0 indicators.
Presolve time = 0.11 sec. (66.94 ticks)
Probing fixed 0 vars, tightened 1 bounds.
Probing time = 0.05 sec. (20.85 ticks)
Clique table members: 6451.
MIP emphasis: balance optimality and feasibility.
MIP search method: dynamic search.
Parallel mode: opportunistic, using up to 32 threads.
Root relaxation solution time = 0.48 sec. (341.33 ticks)

        Nodes                                         Cuts/
   Node  Left     Objective  IInf  Best Integer    Best Bound    ItCnt     Gap

      0     0   103061.0793  2023                 103061.0793     6981         
      0     0   101424.3003   722                   Cuts: 561     7287         
      0     0   101423.1379   627                   Cuts: 385     7472         
      0     0   101422.2363   546                   Cuts: 237     7560         
      0     0   101380.0459   523                    Cuts: 90     7592         
      0     0   101380.0459   502                    Cuts: 75     7617         
      0     0   101380.0459   497                    Cuts: 41     7624         
      0     0   101380.0459   487                    Cuts: 45     7631         
      0     0   101380.0459   482                    Cuts: 36     7635         
Repair heuristic found nothing.
      0    27    84554.7100   406                     Cuts: 7     7772         
Elapsed time = 11.16 sec. (6047.64 ticks, tree = 0.02 MB, solutions = 0)
    451   356    94433.2432   451                  94483.8374    10079         
   1089   354    infeasible                        94483.8374    10630         
   1696   622    94421.6763   439                  94481.9705    17297         
   2380   601    90725.0593   403                  94481.9705    16985         
   2971   893    89440.8230   395                  94481.9705    28575         
   3537  1238    93036.2342   402                  94481.9705    41059         
   4253  1599    86139.9828   334                  94481.9705    48824         
   5278  2404    65679.5207   291                  94481.9705    53511         
   6267  2277    78223.5674   295                  94481.9705    53063         
