
Log started (V12.9.0.0) Mon Jan 25 14:14:01 2021

New value for parallel optimization mode: -1
New value for mixed integer optimality gap tolerance: 0.01
New value for feasibility tolerance: 1e-05
New value for presolve indicator: no
New value for type of scaling used: 1
New value for Markowitz threshold tolerance: 0.9
New value for deterministic time limit in ticks: 150000

Problem 'C:\Users\Luke\Desktop\competitiveMPEC_1.16\logs\tmpttptcgil.pyomo.lp' read.
Read time = 0.19 sec. (13.71 ticks)

Problem name         : C:\Users\Luke\Desktop\competitiveMPEC_1.16\logs\tmpttptcgil.pyomo.lp
Objective sense      : Maximize
Variables            :   53321  [Nneg: 49,  Box: 21806,  Free: 4368,
                                 Binary: 27098]
Objective nonzeros   :    8980
Linear constraints   :  122164  [Less: 40935,  Greater: 58612,  Equal: 22617]
  Nonzeros           :  288505
  RHS nonzeros       :   66959

Variables            : Min LB: -5000.000        Max UB: 5000.000       
Objective nonzeros   : Min   : 0.1750000        Max   : 772.4167       
Linear constraints   :
  Nonzeros           : Min   : 0.1750000        Max   : 2910000.       
  RHS nonzeros       : Min   : 0.1750000        Max   : 3000000.       
CPXPARAM_Preprocessing_Presolve                  0
CPXPARAM_Read_Scale                              1
CPXPARAM_Parallel                                -1
CPXPARAM_Simplex_Tolerances_Markowitz            0.90000000000000002
CPXPARAM_Simplex_Tolerances_Feasibility          1.0000000000000001e-05
CPXPARAM_DetTimeLimit                            150000
CPXPARAM_MIP_Tolerances_MIPGap                   0.01
Clique table members: 18065.
MIP emphasis: balance optimality and feasibility.
MIP search method: dynamic search.
Parallel mode: opportunistic, using up to 24 threads.
Root relaxation solution time = 1.08 sec. (684.19 ticks)

        Nodes                                         Cuts/
   Node  Left     Objective  IInf  Best Integer    Best Bound    ItCnt     Gap

      0     0     2564.9478   272                   2564.9478       25         
      0     0     2564.9184    58                    Cuts: 79       85         
      0     0     2512.0525    78                   Cuts: 127      207         
      0     0     2506.7449    70                   Cuts: 117      336         
      0     0     2506.7449   108                    Cuts: 78      412         
      0     0     2506.7449    54                    Cuts: 19      442         
      0     0     2506.7449    86                    Cuts: 49      561         
      0     9    infeasible                       Impl Bds: 3      677         
Elapsed time = 21.88 sec. (26446.55 ticks, tree = 0.02 MB, solutions = 0)
      5    19    -3061.5526    52                   2415.4028     1145         
     20    40     1281.5221   106                   2415.4028     2067         
     41    49     -828.2806    86                   2415.4028     2311         
     61    40     2376.2594    96                   2415.4028     2109         
     79    48    -4365.0701    76                   2415.4028     2215         
     98    26     1608.9863    78                   2376.2594     1460         
    131    62     2376.2594    86                   2376.2594     2952         
    165    52    -1878.6710   136                   2376.2594     2439         
    192    36       76.9751   108                   2376.2594     1946         
    317   113    -6881.3442   148                   2376.2594     4739         
Elapsed time = 36.83 sec. (29626.66 ticks, tree = 5.22 MB, solutions = 0)
    438   135    -2565.7582    60                   2376.2594     5597         
    604   232   -26480.6141   144                   2376.2594     8153         
    761   557     2376.2594    56                   2376.2594    17908         
    966   702    -1991.3126   118                   2376.2594    22040         
   1167   641   -24639.7489   180                   2376.2594    20723         
   1404   730   -17384.7610   238                   2376.2594    23010         
   1631   834    infeasible                         2376.2594    27310         
   1830  1363   -91912.2400   336                   2376.2594    48956         
   2051  1518   -11644.9798   118                   2376.2594    57666         
   2275  1370     2376.2594    76                   2376.2594    49721         
Elapsed time = 75.27 sec. (39201.19 ticks, tree = 42.21 MB, solutions = 0)
   2552  1603    -1145.7302   166                   2376.2594    60439         
   2867  1688     1490.1574    90                   2376.2594    64712         
   3156  1812   -26735.9654   268                   2376.2594    69925         
   3402  1932   -13592.9686    66                   2376.2594    78768         
   3655  2171  -159719.3077   262                   2376.2594    88292         
   3913  2513  -125810.7050   230                   2376.2594   108222         
   4232  2594  -101111.1128   292                   2376.2594   111811         
   4544  3430   -24671.3407   390                   2376.2594   169791         
   4856  3443    infeasible                         2376.2594   170590         
   5167  2920     2376.2594    50                   2376.2594   135053         
Elapsed time = 113.13 sec. (48780.85 ticks, tree = 291.98 MB, solutions = 0)
   5530  3255   -24546.3210   186                   2376.2594   159365         
   5876  3290   -19967.4030   138                   2376.2594   163952         
   6243  4095   -74748.8028   782                   2376.2594   206541         
   6663  4153   -77748.1134   268                   2376.2594   206915         
   7146  4812    infeasible                         2376.2594   234783         
   7657  4687   -62840.7493   684                   2376.2594   231286         
   8127  5648   -40226.6005   246                   2376.2594   283243         
   8554  5380  -105425.3819   562                   2376.2594   267346         
   9048  6012  -129569.1724   608                   2376.2594   303069         
   9427  5686    infeasible                         2376.2594   287051         
Elapsed time = 149.91 sec. (58334.73 ticks, tree = 747.75 MB, solutions = 0)
   9811  7192   -55602.6366   328                   2376.2594   365829         
  10186  7861   -48086.1217   294                   2376.2594   400506         
  10579  6900   -47820.1740   434                   2376.2594   344944         
  10964  8254    infeasible                         2376.2594   423717         
  11386  8048    infeasible                         2376.2594   411920         
  11779  7807   -37950.6375   554                   2376.2594   398473         
  12241  8674 -1795146.4360   484                   2376.2594   448664         
  12696  9782  -158316.7099   518                   2376.2594   523447         
  13228  9624     2376.2594    80                   2376.2594   516465         
  13823  9040  -270892.7548   572                   2376.2594   472655         
Elapsed time = 197.16 sec. (67891.88 ticks, tree = 2325.09 MB, solutions = 0)
Nodefile size = 268.21 MB (160.33 MB after compression)
  14307  9266   -34970.5015   260                   2376.2594   493638         
  14770 11755    -7639.0312   100                   2376.2594   654589         
  15398 12279  -116381.8940   470                   2376.2594   681888         
  15935 12330  -402579.7201   760                   2376.2594   685913         
  16489 12562  -126727.8112   462                   2376.2594   699174         
  17085 13256  -231781.8368   560                   2376.2594   734180         
  17718 12942  -159854.7870   546                   2376.2594   719096         
  18254 13564   -75001.4461   526                   2376.2594   753459         
  18842 14374   -58780.6862   438                   2376.2594   808261         
  19452 15003   -31193.6034   426                   2376.2594   840307         
Elapsed time = 247.20 sec. (77441.68 ticks, tree = 3983.69 MB, solutions = 0)
Nodefile size = 1899.64 MB (1117.32 MB after compression)
  19979 15827   -75158.6959   318                   2376.2594   879342         
  20563 16042  -126978.5870   500                   2376.2594   886157         
  21057 16991    infeasible                         2376.2594   935908         
  21542 17046    -9195.1273    66                   2376.2594   938441         
  22014 17563  -830933.5794   480                   2376.2594   958602         
  22554 17505  -102222.3710   616                   2376.2594   956312         
  23158 18858   -44280.8994   196                   2376.2594  1026407         
  23750 18224   -16960.3254   254                   2376.2594   993243         
  24325 18821     -340.9220    84                   2376.2594  1023027         
  24818 19155   -39423.7632   300                   2376.2594  1040830         
Elapsed time = 336.91 sec. (86997.60 ticks, tree = 6423.84 MB, solutions = 0)
Nodefile size = 4341.84 MB (2579.95 MB after compression)
  25433 19591   -31192.8652   132                   2376.2594  1064104         
  25965 20438   -38354.9700   212                   2376.2594  1113575         
  26576 19812  -168277.8329   688                   2376.2594  1077883         
  27161 20879   -42516.1407   388                   2376.2594  1130990         
  27781 21708  -180925.9319   530                   2376.2594  1175927         
  28300 22253   -61363.1311   490                   2376.2594  1214336         
  28887 22265   -31103.1786   246                   2376.2594  1211107         
  29305 23448  -180754.8816   502                   2376.2594  1271147         
  29727 23838   -79299.5577   626                   2376.2594  1285974         
  30277 24248  -289291.7949   750                   2376.2594  1311486         
Elapsed time = 386.84 sec. (96550.12 ticks, tree = 7811.73 MB, solutions = 0)
Nodefile size = 5714.14 MB (3388.37 MB after compression)
  30818 24354    infeasible                         2376.2594  1318087         
  31436 24548     2376.2594   100                   2376.2594  1327880         
  31961 24940  -307348.3055   704                   2376.2594  1351806         
  32602 25759   -18272.6781   122                   2376.2594  1397074         
  33287 25592   -94638.9829   498                   2376.2594  1381539         
  33716 27355   -11470.5214   136                   2376.2594  1488992         
  34306 26702   -28023.9582   336                   2376.2594  1452439         
  34840 28327    infeasible                         2376.2594  1552265         
  35351 28289    infeasible                         2376.2594  1550495         
  35884 28432  -276491.8833   786                   2376.2594  1557346         
Elapsed time = 476.89 sec. (106110.34 ticks, tree = 10593.00 MB, solutions = 0)
Nodefile size = 8475.03 MB (5060.07 MB after compression)
  36327 28680    -8970.2615   132                   2376.2594  1578922         
  36878 28994   -48996.8974   492                   2376.2594  1605233         
  37546 28743   -90489.5831   508                   2376.2594  1581494         
  38012 30327    -1180.0094   142                   2376.2594  1699541         
  38606 30313   -85011.6897   506                   2376.2594  1695523         
  39175 31308     -889.3085    92                   2376.2594  1769874         
  39774 31235   -69032.8228   450                   2376.2594  1764505         
  40425 31447  -142176.1617   612                   2376.2594  1779795         
  41035 31911   -20026.8796   344                   2376.2594  1827788         
  43402 34067    infeasible                         2376.2594  1993613         
Elapsed time = 559.56 sec. (118515.57 ticks, tree = 12575.30 MB, solutions = 0)
Nodefile size = 10467.85 MB (6244.59 MB after compression)
