
Log started (V12.9.0.0) Tue Jan 26 16:53:27 2021

New value for parallel optimization mode: -1
New value for mixed integer optimality gap tolerance: 0.01
New value for feasibility tolerance: 0.01
New value for deterministic time limit in ticks: 150000

Problem 'C:\Users\Luke\Desktop\competitiveMPEC_1.16\logs\tmpak596guz.pyomo.lp' read.
Read time = 0.20 sec. (13.82 ticks)
MIP start file 'C:\Users\Luke\Desktop\competitiveMPEC_1.16\logs\tmp3e1mg5ov.cplex.mst' read.

Problem name         : C:\Users\Luke\Desktop\competitiveMPEC_1.16\logs\tmpak596guz.pyomo.lp
Objective sense      : Maximize
Variables            :   53321  [Nneg: 889,  Box: 21854,  Free: 3480,
                                 Binary: 27098]
Objective nonzeros   :    8904
Linear constraints   :  122140  [Less: 40959,  Greater: 58612,  Equal: 22569]
  Nonzeros           :  288399
  RHS nonzeros       :   66924

Variables            : Min LB: -5000.000        Max UB: 5000.000       
Objective nonzeros   : Min   : 0.1000000        Max   : 722.0000       
Linear constraints   :
  Nonzeros           : Min   : 0.1000000        Max   : 2910000.       
  RHS nonzeros       : Min   : 0.1000000        Max   : 3000000.       
CPXPARAM_Parallel                                -1
CPXPARAM_Simplex_Tolerances_Feasibility          0.01
CPXPARAM_DetTimeLimit                            150000
CPXPARAM_MIP_Tolerances_MIPGap                   0.01
Warning:  No solution found from 1 MIP starts.
Retaining values of one MIP start for possible repair.
Tried aggregator 3 times.
MIP Presolve eliminated 88381 rows and 19206 columns.
MIP Presolve added 3289 rows and 0 columns.
MIP Presolve modified 24344 coefficients.
Aggregator did 12807 substitutions.
Reduced MIP has 24241 rows, 20721 columns, and 67983 nonzeros.
Reduced MIP has 8172 binaries, 0 generals, 0 SOSs, and 0 indicators.
Presolve time = 0.23 sec. (166.95 ticks)
Probing fixed 418 vars, tightened 5824 bounds.
Probing time = 0.05 sec. (20.65 ticks)
Tried aggregator 2 times.
MIP Presolve eliminated 930 rows and 838 columns.
MIP Presolve modified 2950 coefficients.
Aggregator did 51 substitutions.
Reduced MIP has 23260 rows, 19832 columns, and 65132 nonzeros.
Reduced MIP has 7753 binaries, 0 generals, 0 SOSs, and 0 indicators.
Presolve time = 0.11 sec. (88.57 ticks)
Probing fixed 0 vars, tightened 205 bounds.
Probing time = 0.08 sec. (20.68 ticks)
Clique table members: 37981.
MIP emphasis: balance optimality and feasibility.
MIP search method: dynamic search.
Parallel mode: opportunistic, using up to 24 threads.
Root relaxation solution time = 0.34 sec. (265.74 ticks)

        Nodes                                         Cuts/
   Node  Left     Objective  IInf  Best Integer    Best Bound    ItCnt     Gap

      0     0   113173.3508  1833                 113173.3508     5504         
      0     0   112383.0362   392                   Cuts: 837     5846         
      0     0   112290.5345   283                   Cuts: 492     6030         
      0     0   112180.4798   257                   Cuts: 173     6122         
      0     0   112165.9049   257                    Cuts: 39     6132         
      0     0   112163.0049   257                    Cuts: 35     6138         
      0     0   112070.4778   254                    Cuts: 30     6144         
      0     0   111964.3833   255                    Cuts: 31     6148         
      0     0   111964.2069   254                    Cuts: 23     6150         
Repair heuristic found nothing.
      0     2   111964.2069   254                    Cuts: 13     6150         
Elapsed time = 5.06 sec. (3295.25 ticks, tree = 0.02 MB, solutions = 0)
    224   179   103490.6527   208                 111589.1800     8079         
    645   257   108784.8206   161                 111562.3704     8563         
    982   686   107302.2882   142                 111562.3704    11130         
   1402  1007   101580.6813   108                 111562.3704    12562         
   2114  1253    88349.1207   101                 111562.3704    13495         
   2628  1907   101465.5532   102                 111562.3704    15493         
   3096  2284    88217.0836    99                 111562.3704    16855         
*  3444  2668      integral     0    93973.8893   111562.3704    18569   18.72%
   3811  2976   109749.4334   162    95114.8650   111562.3704    21410   17.29%
   5221  4042   107149.3842   133    95114.8650   111562.3704    31453   17.29%
Elapsed time = 12.89 sec. (6340.68 ticks, tree = 33.90 MB, solutions = 2)
   5231  4571   108405.6839    96    95114.8650   111562.3704    44253   17.29%
   6606   652   109275.8038    74    95114.8650   111562.3704    47365   17.29%
   7385  1423   107067.7114    52    95114.8650   111562.3704    52063   17.29%
   9749  2758   106211.9154    44    95114.8650   111562.3704    64600   17.29%
  11936  3954   108465.0933    44    95114.8650   111562.3704    74137   17.29%
  13482  6429   107101.2793    40    95114.8650   111562.3704   104265   17.29%
  13743  8013   108060.6305    41    95114.8650   111562.3704   120342   17.29%
  14606  9324   102388.3173    75    95114.8650   111562.3704   137769   17.29%
  16390  9380   111255.8018    87    95114.8650   111562.3704   138599   17.29%
  18513 10239   106659.3752    48    95114.8650   111562.3704   147624   17.29%
Elapsed time = 43.13 sec. (18341.93 ticks, tree = 95.25 MB, solutions = 2)
  20602 10237   111328.1881    84    95114.8650   111562.3704   147032   17.29%
  22802 12205   108585.9897    43    95114.8650   111562.3704   167547   17.29%
  24837 12421   108281.1638    37    95114.8650   111562.3704   169635   17.29%
  26939 14053   111536.2428    99    95114.8650   111562.3704   186880   17.29%
  28868 16982   105793.4050    67    95114.8650   111562.3704   216598   17.29%
  30937 14660    96825.2439    48    95114.8650   111562.3704   192784   17.29%
  32195 18220        cutoff          95114.8650   111562.3704   229647   17.29%
  33087 18288   107822.4578    86    95114.8650   111562.3704   229945   17.29%
  33510 20249    98794.6343    45    95114.8650   111562.3704   242831   17.29%
  33706 26087   111372.3103    94    95114.8650   111562.3704   287762   17.29%
Elapsed time = 69.48 sec. (27890.25 ticks, tree = 248.76 MB, solutions = 2)
  34563 27475    99474.7024    62    95114.8650   111562.3704   299038   17.29%
  36154 26416    96300.7919    41    95114.8650   111562.3704   290577   17.29%
  38408 27351    96275.7089    39    95114.8650   111562.3704   297547   17.29%
* 39141 28894      integral     0   105028.4172   111562.3704   308199    6.22%
  41668 29371   106121.4488    78   105028.4172   111562.3704   311470    6.22%
  43701 28348   111267.8203    78   105028.4172   111562.3704   303970    6.22%
  44984 22300   106850.6762    65   105028.4172   111562.3704   316836    6.22%
  45985 22778   105583.8974    53   105028.4172   111562.3704   322440    6.22%
  46253 29293   109768.6755    67   105028.4172   111562.3704   311276    6.22%
  46459 23612   105108.9360    15   105028.4172   111562.3704   329025    6.22%
Elapsed time = 80.94 sec. (36772.01 ticks, tree = 218.04 MB, solutions = 3)
  46539 29491    infeasible         105028.4172   111562.3704   312470    6.22%
  46659 23633   110668.0913    89   105028.4172   111562.3704   329125    6.22%

Clique cuts applied:  27
Cover cuts applied:  20
Implied bound cuts applied:  3
Flow cuts applied:  341
Mixed integer rounding cuts applied:  28
Gomory fractional cuts applied:  70

Root node processing (before b&c):
  Real time             =    4.44 sec. (3249.94 ticks)
Parallel b&c, 24 threads:
  Real time             =   76.80 sec. (36533.62 ticks)
  Sync time (average)   =    0.60 sec.
  Wait time (average)   =    0.08 sec.
                          ------------
Total (root+branch&cut) =   81.23 sec. (39783.56 ticks)

Solution pool: 3 solutions saved.

MIP - Aborted, integer feasible:  Objective =  1.0502841717e+05
Current MIP best bound =  1.1156237041e+05 (gap = 6533.95, 6.22%)
Solution time =   81.25 sec.  Iterations = 370791  Nodes = 46757 (28568)
Deterministic time = 39783.71 ticks  (489.65 ticks/sec)


Incumbent solution written to file 'C:\Users\Luke\Desktop\competitiveMPEC_1.16\logs\tmp20p5s_5h.cplex.sol'.
