
Log started (V12.9.0.0) Fri Jan 29 10:00:16 2021

New value for parallel optimization mode: -1
New value for mixed integer optimality gap tolerance: 0.01
New value for feasibility tolerance: 0.0001
New value for deterministic time limit in ticks: 100000

Problem 'C:\Users\Luke\Desktop\competitiveMPEC_1.16\logs\tmpbq2n4lx1.pyomo.lp' read.
Read time = 0.19 sec. (13.83 ticks)

Problem name         : C:\Users\Luke\Desktop\competitiveMPEC_1.16\logs\tmpbq2n4lx1.pyomo.lp
Objective sense      : Maximize
Variables            :   53321  [Nneg: 889,  Box: 21854,  Free: 3480,
                                 Binary: 27098]
Objective nonzeros   :    8955
Linear constraints   :  122140  [Less: 40959,  Greater: 58612,  Equal: 22569]
  Nonzeros           :  288456
  RHS nonzeros       :   66981

Variables            : Min LB: -5000.000        Max UB: 5000.000       
Objective nonzeros   : Min   : 0.1000000        Max   : 799.1000       
Linear constraints   :
  Nonzeros           : Min   : 0.1000000        Max   : 2910000.       
  RHS nonzeros       : Min   : 0.1000000        Max   : 3000000.       
CPXPARAM_Parallel                                -1
CPXPARAM_Simplex_Tolerances_Feasibility          0.0001
CPXPARAM_DetTimeLimit                            100000
CPXPARAM_MIP_Tolerances_MIPGap                   0.01
Tried aggregator 3 times.
MIP Presolve eliminated 88050 rows and 18906 columns.
MIP Presolve added 3353 rows and 0 columns.
MIP Presolve modified 24504 coefficients.
Aggregator did 12848 substitutions.
Reduced MIP has 24595 rows, 21011 columns, and 68924 nonzeros.
Reduced MIP has 8301 binaries, 0 generals, 0 SOSs, and 0 indicators.
Presolve time = 0.22 sec. (166.16 ticks)
Probing fixed 414 vars, tightened 5702 bounds.
Probing time = 0.05 sec. (20.76 ticks)
Tried aggregator 2 times.
MIP Presolve eliminated 927 rows and 829 columns.
MIP Presolve modified 3003 coefficients.
Aggregator did 40 substitutions.
Reduced MIP has 23628 rows, 20142 columns, and 66116 nonzeros.
Reduced MIP has 7887 binaries, 0 generals, 0 SOSs, and 0 indicators.
Presolve time = 0.11 sec. (90.12 ticks)
Probing fixed 0 vars, tightened 230 bounds.
Probing time = 0.08 sec. (21.05 ticks)
Clique table members: 38248.
MIP emphasis: balance optimality and feasibility.
MIP search method: dynamic search.
Parallel mode: opportunistic, using up to 24 threads.
Root relaxation solution time = 0.36 sec. (567.42 ticks)

        Nodes                                         Cuts/
   Node  Left     Objective  IInf  Best Integer    Best Bound    ItCnt     Gap

      0     0   100503.9531   162                 100503.9531     5893         
      0     0    96586.8062   146                   Cuts: 152     6129         
      0     0    96230.3565   175                   Cuts: 190     6318         
      0     0    96132.9776   146                   Cuts: 146     6410         
      0     0    96124.4666   146                     Cuts: 3     6413         
      0    19    63726.9102   138                     Cuts: 9     6780         
Elapsed time = 5.23 sec. (3519.96 ticks, tree = 0.02 MB, solutions = 0)
    261    54    60204.3796    66                  93495.2366     7691         
    660   309    15023.2255    46                  93495.2366    15584         
    991   437    -5181.7798    60                  93495.2366    22300         
   1385   790    35003.0982    43                  93495.2366    34962         
   1805  1008    36361.6183   104                  92001.0202    48286         
   2261  1162    11988.4055    32                  88971.6250    53951         
   2814  1608    59077.4656    83                  88971.6250    65957         
   3311  1433    infeasible                        81230.2177    61786         
   3772  1855    33799.4176    81                  80898.9605    74626         
   5498  2989    infeasible                        80898.9605   115826         
Elapsed time = 13.95 sec. (6624.48 ticks, tree = 29.61 MB, solutions = 0)
   7321  3849    infeasible                        75897.6964   145944         
   7538  4656    infeasible                        73876.6624   182816         
   7994    69    29068.2792   105                  70487.2294   186362         
   8519   329    54016.1731   131                  70487.2294   195808         
   9545   691    -1155.9390    53                  70159.2518   209533         
  10995  1336    40675.5764   114                  58229.3317   238472         
  13005  2713    -8514.2767    17                  56350.1950   276559         
  14746  3938     2516.3221    71                  52470.8301   300278         
  16765  5114   -42647.9387    52                  50372.5088   323293         
  19017  6449    11591.0909   111                  50372.5088   346593         
Elapsed time = 46.75 sec. (20293.73 ticks, tree = 47.41 MB, solutions = 0)
  21414  8526    -6062.5260    18                  50372.5088   386652         
  23196 10944    14231.6595   104                  50372.5088   434113         
  24887 12734  -165066.9756    43                  50372.5088   481208         
  26991 12212  -396203.4645   138                  50372.5088   466295         
  29428 13254    10270.6188   147                  50372.5088   496789         
  31835 15269    21380.9901   108                  50372.5088   538660         
  33453 16825  -127036.9282   116                  50372.5088   578756         
  34922 17672    infeasible                        50372.5088   603379         
  36815 19190    18655.4779   182                  50372.5088   645746         
  39222 19906    18949.1209   104                  50372.5088   670948         
Elapsed time = 73.91 sec. (29834.73 ticks, tree = 147.38 MB, solutions = 0)
  41065 21469   -12798.6030   138                  50372.5088   715591         
  42295 22913    31092.0070   119                  50372.5088   752065         
  43686 23297    22015.1495   101                  50372.5088   760715         
  44715 23707     4428.2803    51                  50372.5088   771747         
  44788 25218    infeasible                        33621.1906   820164         
  44938    79    29642.0136   136                  33621.1906   823549         
  45131   109   -47573.7080   130                  33621.1906   826258         
  45499   273    11799.3359    35                  33621.1906   833789         
  46079   394    16062.7005    89                  33621.1906   839508         
  46732   604    50098.2037   164                  33621.1906   847246         
Elapsed time = 98.34 sec. (45204.14 ticks, tree = 5.15 MB, solutions = 0)
  47261  1201    21910.8966   107                  33621.1906   865269         
  47822  1549     8630.4321   133                  33621.1906   881418         
  48426  1756    12890.1657    89                  33621.1906   891430         
  49402  2094    28888.4512   112                  33621.1906   909432         
  50665  3349     5558.9456     9                  33621.1906   962241         
  51912  3579    10062.6674    43                  33621.1906   970351         
  52831  4708     6562.6393     7                  33621.1906  1002548         
  53586  4580    22003.2720    57                  33621.1906  1000330         
  54458  5157     8894.8666     8                  33621.1906  1013914         
  55577  6289     6008.8775     4                  33621.1906  1050548         
Elapsed time = 121.86 sec. (54762.32 ticks, tree = 93.81 MB, solutions = 0)
  56625  7305    20491.6979    36                  33621.1906  1086504         
  57948  7959  -319873.0485    32                  33125.2016  1106140         
  59214  8604     4779.9909     9                  32807.9254  1120698         
  60516 10580     4394.2472    11                  32270.3000  1174266         
  61815 10659   -48896.3538    11                  32270.3000  1177302         
  63069 10395     6203.5950     6                  31752.0604  1169807         
  64481 11287    23415.8355    91                  31752.0604  1196748         
  66024 12069    infeasible                        30882.4399  1219309         
  67466 14108     4080.0405    13                  30018.0204  1263294         
  68995 15068    18664.2469    41                  29614.3184  1291012         
Elapsed time = 184.41 sec. (64304.76 ticks, tree = 950.81 MB, solutions = 0)
  70441 17343    21132.9620    68                  29292.2485  1340714         
  71883 18574    22594.5548    68                  29292.2485  1370160         
  73363 18426    15910.0426    71                  28823.1337  1368426         
  74742 18652    -6831.0627   139                  28424.2102  1371384         
  76330 21840    20746.3151    69                  28217.4898  1443444         
  77737 20983     6225.0349    10                  27927.4999  1425878         
  79132 22346   -12045.1962    11                  27629.5985  1456929         
  80519 23066    13378.7576    54                  27257.0416  1477367         
  81881 24263    17854.1743    63                  27106.3039  1505782         
  83261 25066    13325.7900    57                  26821.0949  1522705         
Elapsed time = 328.44 sec. (73845.96 ticks, tree = 2394.00 MB, solutions = 0)
Nodefile size = 337.13 MB (207.70 MB after compression)
  84932 27239     4842.7143     7                  26821.0949  1573022         
  86395 28945    13816.3400     7                  26382.8118  1605636         
  87929 30038    17153.5140    16                  26222.1479  1631896         
  89497 30721    13805.0340     7                  26222.1479  1644787         
  90948 32986    15794.2607    54                  25823.3808  1693709         
  92417 32732     8476.1962    31                  25823.3808  1688019         
  93800 34446    18699.0533    36                  25559.4306  1728450         
  95127 35384    11118.8034    62                  25335.3678  1749613         
