
Log started (V12.9.0.0) Mon Jan 25 00:39:33 2021

New value for parallel optimization mode: -1
New value for mixed integer optimality gap tolerance: 0.01
New value for feasibility tolerance: 0.0001
New value for deterministic time limit in ticks: 200000

Problem 'C:\Users\Luke\Desktop\competitiveMPEC_1.16\logs\tmpyuvg3zr4.pyomo.lp' read.
Read time = 0.19 sec. (13.71 ticks)

Problem name         : C:\Users\Luke\Desktop\competitiveMPEC_1.16\logs\tmpyuvg3zr4.pyomo.lp
Objective sense      : Maximize
Variables            :   53321  [Nneg: 49,  Box: 21806,  Free: 4368,
                                 Binary: 27098]
Objective nonzeros   :    8980
Linear constraints   :  122164  [Less: 40935,  Greater: 58612,  Equal: 22617]
  Nonzeros           :  288505
  RHS nonzeros       :   66956

Variables            : Min LB: -5000.000        Max UB: 5000.000       
Objective nonzeros   : Min   : 0.07500000       Max   : 731.8583       
Linear constraints   :
  Nonzeros           : Min   : 0.07500000       Max   : 2910000.       
  RHS nonzeros       : Min   : 0.07500000       Max   : 3000000.       
CPXPARAM_Parallel                                -1
CPXPARAM_Simplex_Tolerances_Feasibility          0.0001
CPXPARAM_DetTimeLimit                            200000
CPXPARAM_MIP_Tolerances_MIPGap                   0.01
Tried aggregator 3 times.
MIP Presolve eliminated 88111 rows and 18991 columns.
MIP Presolve added 3348 rows and 0 columns.
MIP Presolve modified 24522 coefficients.
Aggregator did 12832 substitutions.
Reduced MIP has 24569 rows, 20942 columns, and 68802 nonzeros.
Reduced MIP has 8290 binaries, 0 generals, 0 SOSs, and 0 indicators.
Presolve time = 0.23 sec. (166.14 ticks)
Probing fixed 432 vars, tightened 5958 bounds.
Probing time = 0.06 sec. (20.93 ticks)
Tried aggregator 2 times.
MIP Presolve eliminated 968 rows and 873 columns.
MIP Presolve modified 3005 coefficients.
Aggregator did 45 substitutions.
Reduced MIP has 23556 rows, 20024 columns, and 65833 nonzeros.
Reduced MIP has 7856 binaries, 0 generals, 0 SOSs, and 0 indicators.
Presolve time = 0.11 sec. (87.95 ticks)
Probing fixed 0 vars, tightened 242 bounds.
Probing time = 0.08 sec. (21.33 ticks)
Clique table members: 38160.
MIP emphasis: balance optimality and feasibility.
MIP search method: dynamic search.
Parallel mode: opportunistic, using up to 24 threads.
Root relaxation solution time = 0.45 sec. (684.07 ticks)

        Nodes                                         Cuts/
   Node  Left     Objective  IInf  Best Integer    Best Bound    ItCnt     Gap

      0     0        0.0000   140                      0.0000     5958         
      0     0        0.0000    19                    Cuts: 17     5989         
      0     0      -10.9635    43                    Cuts: 52     6029         
      0     0     -876.6226    20                    Cuts: 41     6101         
      0     0    -1282.1320    22                    Cuts: 64     6147         
      0     0    -2513.4793    31                    Cuts: 31     6232         
      0     0    -2823.0445    36                    Cuts: 71     6276         
      0     0    -2841.1958    36                    Cuts: 38     6293         
      0     0    -2858.4563    39                    Cuts: 13     6311         
      0     0    -2858.4563    39                     Cuts: 9     6318         
      0     0    -2862.4810    33                     Cuts: 7     6342         
      0     0    -3132.7404    35                    Cuts: 32     6365         
      0     0    -3257.3862    36                    Cuts: 29     6386         
      0     0    -3269.6774    37                    Cuts: 30     6401         
      0     0    -3277.3415    35                    Cuts: 26     6411         
      0     0    -3292.5641    36                    Cuts: 11     6417         
      0     0    -3292.6919    35                     Cuts: 5     6420         
      0     8    infeasible                       Impl Bds: 1     7101         
Elapsed time = 8.77 sec. (5681.84 ticks, tree = 0.02 MB, solutions = 0)
    258    88   -44869.1086    29                  -8127.3337    10217         
    503   236    infeasible                        -8127.3337    18053         
    869   487   -68071.5428    65                  -8127.3337    32566         
   1199   731    infeasible                        -8127.3337    48032         
   1543   921   -74017.4621    66                  -8127.3337    68766         
   1913   940    infeasible                        -8127.3337    73733         
   2266  1245   -66561.4308   118                  -8127.3337   108660         
   2647  1232   -36787.3166    70                  -8127.3337   107740         
   3055  1456  -279994.3359    73                  -8127.3337   127987         
   4596  2552   -78086.2381    92                 -10286.8750   221068         
Elapsed time = 17.22 sec. (8790.69 ticks, tree = 25.67 MB, solutions = 0)
   6096  3495    infeasible                       -10332.6239   325410         
   7532  4026  -121313.7249   122                 -13841.5531   381421         
   7632  4529    infeasible                       -13841.5531   445052         
   8032   100   -42311.0859    60                 -13841.5531   451301         
   8763   460   -54104.5016   105                 -13841.5531   474004         
   9911  1015   -42550.4104   117                 -13841.5531   500506         
  11381  2155   -71137.5671    82                 -16321.7125   573732         
  12910  2757   -42457.2495    55                 -23095.4201   629981         
  14265  3284   -27239.7328    56                 -25612.4224   682906         
  15111  4243   -73644.9031   141                 -25612.4224   777168         
Elapsed time = 50.78 sec. (22814.65 ticks, tree = 29.36 MB, solutions = 0)
  16611  4333   -61452.5122   109                 -25612.4224   792719         

GUB cover cuts applied:  2
Clique cuts applied:  4
Cover cuts applied:  51
Implied bound cuts applied:  4
Flow cuts applied:  59
Mixed integer rounding cuts applied:  9
Gomory fractional cuts applied:  4

Root node processing (before b&c):
  Real time             =    8.22 sec. (5653.26 ticks)
Parallel b&c, 24 threads:
  Real time             =   42.70 sec. (18530.01 ticks)
  Sync time (average)   =    1.07 sec.
  Wait time (average)   =    0.06 sec.
                          ------------
Total (root+branch&cut) =   50.92 sec. (24183.28 ticks)


MIP - Aborted, no integer solution.
Current MIP best bound = -3.0195096611e+04 (gap is infinite)
Solution time =   50.95 sec.  Iterations = 878077  Nodes = 16782 (5248)
Deterministic time = 24183.43 ticks  (474.61 ticks/sec)


CPLEX Error  1217: No solution exists.
No file written.
