
Log started (V12.9.0.0) Mon Jan 25 21:05:23 2021

New value for parallel optimization mode: -1
New value for mixed integer optimality gap tolerance: 0.01
New value for feasibility tolerance: 1e-05
New value for deterministic time limit in ticks: 150000

Problem 'C:\Users\Luke\Desktop\competitiveMPEC_1.16\logs\tmpp8njepxs.pyomo.lp' read.
Read time = 0.17 sec. (13.86 ticks)
MIP start file 'C:\Users\Luke\Desktop\competitiveMPEC_1.16\logs\tmpd0_8z_h_.cplex.mst' read.

Problem name         : C:\Users\Luke\Desktop\competitiveMPEC_1.16\logs\tmpp8njepxs.pyomo.lp
Objective sense      : Maximize
Variables            :   53321  [Nneg: 49,  Box: 21806,  Free: 4368,
                                 Binary: 27098]
Objective nonzeros   :    8956
Linear constraints   :  122164  [Less: 40983,  Greater: 58612,  Equal: 22569]
  Nonzeros           :  288505
  RHS nonzeros       :   66982

Variables            : Min LB: -5000.000        Max UB: 5000.000       
Objective nonzeros   : Min   : 0.2833333        Max   : 760.8083       
Linear constraints   :
  Nonzeros           : Min   : 0.2833333        Max   : 2910000.       
  RHS nonzeros       : Min   : 0.2833333        Max   : 3000000.       
CPXPARAM_Parallel                                -1
CPXPARAM_Simplex_Tolerances_Feasibility          1.0000000000000001e-05
CPXPARAM_DetTimeLimit                            150000
CPXPARAM_MIP_Tolerances_MIPGap                   0.01
Warning:  No solution found from 1 MIP starts.
Retaining values of one MIP start for possible repair.
Tried aggregator 3 times.
MIP Presolve eliminated 88083 rows and 18939 columns.
MIP Presolve added 3348 rows and 0 columns.
MIP Presolve modified 24522 coefficients.
Aggregator did 12831 substitutions.
Reduced MIP has 24598 rows, 20995 columns, and 68905 nonzeros.
Reduced MIP has 8292 binaries, 0 generals, 0 SOSs, and 0 indicators.
Presolve time = 0.23 sec. (169.89 ticks)
Probing fixed 425 vars, tightened 5613 bounds.
Probing time = 0.06 sec. (21.43 ticks)
Tried aggregator 2 times.
MIP Presolve eliminated 957 rows and 862 columns.
MIP Presolve modified 3011 coefficients.
Aggregator did 42 substitutions.
Reduced MIP has 23599 rows, 20091 columns, and 65983 nonzeros.
Reduced MIP has 7863 binaries, 0 generals, 0 SOSs, and 0 indicators.
Presolve time = 0.09 sec. (87.88 ticks)
Probing fixed 0 vars, tightened 228 bounds.
Probing time = 0.08 sec. (21.79 ticks)
Clique table members: 38583.
MIP emphasis: balance optimality and feasibility.
MIP search method: dynamic search.
Parallel mode: opportunistic, using up to 24 threads.
Root relaxation solution time = 0.42 sec. (598.44 ticks)

        Nodes                                         Cuts/
   Node  Left     Objective  IInf  Best Integer    Best Bound    ItCnt     Gap

      0     0   137074.3631   234                 137074.3631     6259         
      0     0   131047.9645   222                   Cuts: 263     6611         
      0     0   130134.2554   217                   Cuts: 137     6752         
      0     0   129917.6642   208                    Cuts: 34     6812         
      0     0   129916.8535   205                    Cuts: 13     6823         
      0     0   129908.4824   201                 Flowcuts: 2     6828         
      0     0   129905.8250   204                 Flowcuts: 2     6837         
Repair heuristic found nothing.
      0     2   129905.8250   204                    Cuts: 12     6837         
Elapsed time = 5.80 sec. (4000.41 ticks, tree = 0.02 MB, solutions = 0)
    160    75   112783.9350   156                 127427.6693     8803         
    472   163    infeasible                       127427.6693    11176         
    824   350    90432.8325   136                 127427.6693    17818         
   1122   647    36626.4671    78                 127427.6693    31315         
   1605   980    46005.7487    53                 127427.6693    45899         
   2099  1345    51250.1459    73                 127427.6693    61163         
   2533  1476   123652.2374   176                 127427.6693    66642         
   2957  1563   108047.1124   154                 126361.7188    73147         
   3353  1829    69146.2213   116                 125916.9701    93135         
   4792  2954    37082.9383    52                 125916.9701   138176         
Elapsed time = 14.19 sec. (7108.77 ticks, tree = 59.32 MB, solutions = 0)
   5269  3700    infeasible                       125916.9701   184468         
   5416    55   115669.1846   237                 125916.9701   186047         
   5897   134  -156953.1685   163                 125916.9701   190722         
   6616   612    77171.7592   144                 123081.1484   215842         
   7901   838    68899.3880   241                 123081.1484   222251         
   9689  2256    97487.3781   238                 120424.2557   260688         
  11596  3765   117233.8370   251                 120298.1000   303083         
  13261  4357   104919.4984   223                 120298.1000   319449         
  14953  6697    64504.5278   244                 120298.1000   404716         
  16843  7508    infeasible                       120298.1000   437345         
Elapsed time = 48.98 sec. (23197.79 ticks, tree = 60.78 MB, solutions = 0)
  18807  8938    86100.7094   215                 120298.1000   505743         
  20121  9085    infeasible                       120298.1000   517697         
  20660  9799   112846.0421   229                 120298.1000   602456         
  21972  9798    infeasible                       120298.1000   590713         
  23989  9999    86431.1265   201                 120298.1000   634073         
  25841 10368    infeasible                       120298.1000   700078         
  26832 10415    infeasible                       120298.1000   702943         

Clique cuts applied:  5
Cover cuts applied:  92
Implied bound cuts applied:  22
Flow cuts applied:  186
Mixed integer rounding cuts applied:  20
Lift and project cuts applied:  20
Gomory fractional cuts applied:  8

Root node processing (before b&c):
  Real time             =    5.14 sec. (3945.62 ticks)
Parallel b&c, 24 threads:
  Real time             =   59.95 sec. (26524.64 ticks)
  Sync time (average)   =    1.13 sec.
  Wait time (average)   =    0.06 sec.
                          ------------
Total (root+branch&cut) =   65.09 sec. (30470.26 ticks)


MIP - Aborted, no integer solution.
Current MIP best bound =  1.1170187437e+05 (gap is infinite)
Solution time =   65.09 sec.  Iterations = 770478  Nodes = 26870 (11242)
Deterministic time = 30470.41 ticks  (468.11 ticks/sec)


CPLEX Error  1217: No solution exists.
No file written.
