
Log started (V12.9.0.0) Mon Jan 25 13:01:37 2021

New value for parallel optimization mode: -1
New value for mixed integer optimality gap tolerance: 0.01
New value for feasibility tolerance: 1e-06
New value for deterministic time limit in ticks: 50000

Problem 'C:\Users\Luke\Desktop\competitiveMPEC_1.16\logs\tmpdo0rqkgs.pyomo.lp' read.
Read time = 0.20 sec. (13.86 ticks)
MIP start file 'C:\Users\Luke\Desktop\competitiveMPEC_1.16\logs\tmp7a43km3e.cplex.mst' read.

Problem name         : C:\Users\Luke\Desktop\competitiveMPEC_1.16\logs\tmpdo0rqkgs.pyomo.lp
Objective sense      : Maximize
Variables            :   53321  [Nneg: 49,  Box: 21806,  Free: 4368,
                                 Binary: 27098]
Objective nonzeros   :    9029
Linear constraints   :  122164  [Less: 40983,  Greater: 58612,  Equal: 22569]
  Nonzeros           :  288457
  RHS nonzeros       :   66982

Variables            : Min LB: -5000.000        Max UB: 5000.000       
Objective nonzeros   : Min   : 0.1750000        Max   : 90000.00       
Linear constraints   :
  Nonzeros           : Min   : 0.1750000        Max   : 2910000.       
  RHS nonzeros       : Min   : 0.1750000        Max   : 3000000.       
CPXPARAM_Parallel                                -1
CPXPARAM_DetTimeLimit                            50000
CPXPARAM_MIP_Tolerances_MIPGap                   0.01
Warning:  No solution found from 1 MIP starts.
Retaining values of one MIP start for possible repair.
Tried aggregator 3 times.
MIP Presolve eliminated 88114 rows and 18994 columns.
MIP Presolve added 3348 rows and 0 columns.
MIP Presolve modified 24522 coefficients.
Aggregator did 12830 substitutions.
Reduced MIP has 24568 rows, 20941 columns, and 68794 nonzeros.
Reduced MIP has 8289 binaries, 0 generals, 0 SOSs, and 0 indicators.
Presolve time = 0.25 sec. (169.86 ticks)
Probing fixed 429 vars, tightened 5849 bounds.
Probing time = 0.05 sec. (21.61 ticks)
Tried aggregator 2 times.
MIP Presolve eliminated 962 rows and 867 columns.
MIP Presolve modified 3011 coefficients.
Aggregator did 44 substitutions.
Reduced MIP has 23562 rows, 20030 columns, and 65846 nonzeros.
Reduced MIP has 7858 binaries, 0 generals, 0 SOSs, and 0 indicators.
Presolve time = 0.09 sec. (87.92 ticks)
Probing fixed 0 vars, tightened 205 bounds.
Probing time = 0.08 sec. (21.79 ticks)
Clique table members: 38631.
MIP emphasis: balance optimality and feasibility.
MIP search method: dynamic search.
Parallel mode: opportunistic, using up to 24 threads.
Root relaxation solution time = 0.42 sec. (609.92 ticks)

        Nodes                                         Cuts/
   Node  Left     Objective  IInf  Best Integer    Best Bound    ItCnt     Gap

      0     0      -45.5696    40                    -45.5696     5690         
      0     0      -45.5696     3                 Flowcuts: 1     5692         
      0     0      -51.1045     1                     Cuts: 4     5697         
Repair heuristic found nothing.
      0     4    infeasible                          -76.8641     5715         
Elapsed time = 3.64 sec. (2527.49 ticks, tree = 0.02 MB, solutions = 0)
    302    76    -8455.6518     2                   -103.7725     9602         
    744   177    infeasible                         -103.7725    18677         
   1102   440    infeasible                         -103.7725    40994         
   1643   569     -615.2320     3                   -103.7725    51095         
   2154   772   -13460.1672    12                   -116.8442    58994         
   2693  1004     -862.3860     7                   -116.8442    71885         
   3298  1305    -1043.9214     7                   -116.8442    88240         
   3895  1675    -2585.7052     6                   -209.1367   102782         
   4509  1564     -736.9831     8                   -364.9860   100792         

Cover cuts applied:  17
Implied bound cuts applied:  8
Flow cuts applied:  3
Mixed integer rounding cuts applied:  1
Gomory fractional cuts applied:  1

Root node processing (before b&c):
  Real time             =    3.39 sec. (2522.75 ticks)
Parallel b&c, 24 threads:
  Real time             =    7.13 sec. (2810.59 ticks)
  Sync time (average)   =    0.23 sec.
  Wait time (average)   =    0.00 sec.
                          ------------
Total (root+branch&cut) =   10.52 sec. (5333.34 ticks)


MIP - Aborted, no integer solution.
Current MIP best bound = -3.8875181788e+02 (gap is infinite)
Solution time =   10.53 sec.  Iterations = 149233  Nodes = 5640 (2859)
Deterministic time = 5333.50 ticks  (506.46 ticks/sec)


CPLEX Error  1217: No solution exists.
No file written.
