
Log started (V12.9.0.0) Mon Jan 25 08:21:05 2021

New value for parallel optimization mode: -1
New value for mixed integer optimality gap tolerance: 0.01
New value for deterministic time limit in ticks: 200000

Problem 'C:\Users\Luke\Desktop\competitiveMPEC_1.16\logs\tmpb61jfmkb.pyomo.lp' read.
Read time = 0.19 sec. (13.71 ticks)
MIP start file 'C:\Users\Luke\Desktop\competitiveMPEC_1.16\logs\tmpvhbjiyx0.cplex.mst' read.

Problem name         : C:\Users\Luke\Desktop\competitiveMPEC_1.16\logs\tmpb61jfmkb.pyomo.lp
Objective sense      : Maximize
Variables            :   53321  [Nneg: 49,  Box: 21806,  Free: 4368,
                                 Binary: 27098]
Objective nonzeros   :    8956
Linear constraints   :  122164  [Less: 40935,  Greater: 58612,  Equal: 22617]
  Nonzeros           :  288505
  RHS nonzeros       :   66963

Variables            : Min LB: -5000.000        Max UB: 5000.000       
Objective nonzeros   : Min   : 0.07500000       Max   : 780.8000       
Linear constraints   :
  Nonzeros           : Min   : 0.07500000       Max   : 2910000.       
  RHS nonzeros       : Min   : 0.07500000       Max   : 3000000.       
CPXPARAM_Parallel                                -1
CPXPARAM_DetTimeLimit                            200000
CPXPARAM_MIP_Tolerances_MIPGap                   0.01
Warning:  No solution found from 1 MIP starts.
Retaining values of one MIP start for possible repair.
Tried aggregator 3 times.
MIP Presolve eliminated 88123 rows and 19003 columns.
MIP Presolve added 3347 rows and 0 columns.
MIP Presolve modified 24518 coefficients.
Aggregator did 12836 substitutions.
Reduced MIP has 24552 rows, 20926 columns, and 68765 nonzeros.
Reduced MIP has 8286 binaries, 0 generals, 0 SOSs, and 0 indicators.
Presolve time = 0.23 sec. (166.13 ticks)
Probing fixed 420 vars, tightened 5653 bounds.
Probing time = 0.05 sec. (20.63 ticks)
Tried aggregator 2 times.
MIP Presolve eliminated 939 rows and 845 columns.
MIP Presolve modified 3005 coefficients.
Aggregator did 43 substitutions.
Reduced MIP has 23570 rows, 20038 columns, and 65908 nonzeros.
Reduced MIP has 7864 binaries, 0 generals, 0 SOSs, and 0 indicators.
Presolve time = 0.11 sec. (87.57 ticks)
Probing fixed 0 vars, tightened 206 bounds.
Probing time = 0.08 sec. (21.02 ticks)
Clique table members: 38209.
MIP emphasis: balance optimality and feasibility.
MIP search method: dynamic search.
Parallel mode: opportunistic, using up to 24 threads.
Root relaxation solution time = 0.48 sec. (706.96 ticks)

        Nodes                                         Cuts/
   Node  Left     Objective  IInf  Best Integer    Best Bound    ItCnt     Gap

      0     0   105478.4008   234                 105478.4008     6536         
      0     0   104113.1842   134                   Cuts: 185     6683         
      0     0   104024.9288   122                   Cuts: 152     6780         
      0     0   104024.0688   112                    Cuts: 55     6818         
      0     0   104024.0395   106                    Cuts: 24     6826         
      0     0   104023.9956   110                    Cuts: 23     6832         
      0     0   104023.9686    91                Flowcuts: 14     6835         
      0     0   104023.9686    93                    Cuts: 23     6855         
Repair heuristic found nothing.
      0     8    97168.8723    86                     Cuts: 8     6951         
Elapsed time = 5.84 sec. (3743.00 ticks, tree = 0.02 MB, solutions = 0)
    270    54    99450.2059    77                 103753.1409     7633         
    531   280    95126.9920    57                 103753.1409    11824         
    787   564    90590.5390    52                 103753.1409    19903         
   1102   911    80978.6193    35                 103753.1409    28733         
   1624  1076    81652.2186    42                 103753.1409    34993         
   2110  1359    80836.9207    63                 103753.1409    46818         
   2604  1520    76962.9089    12                 103753.1409    52108         
   3050  1774    infeasible                       103645.9862    65616         
   3483  2096    infeasible                       100498.7289    79868         
   5057  3216    78498.2502    75                 100122.0456   138660         
Elapsed time = 13.67 sec. (6849.37 ticks, tree = 35.14 MB, solutions = 0)
   5133  3618    infeasible                        97339.0809   167075         
   5465    95    83240.0827    73                  89932.6352   168472         
   6251   645    76834.8034    76                  89932.6352   175419         
   7953  1846    61075.7697   102                  89932.6352   192216         
   9646  3273    56371.0402    94                  89932.6352   211742         
  10993  4430    80239.9331    48                  89932.6352   240981         
  12342  5412    69340.4258   138                  89929.6999   270306         
  14030  6876    55137.1817   120                  89874.8458   313617         
  16100  9699    81961.9536    81                  88088.1066   374240         
  18114 10971    76717.6402    44                  88035.1015   401719         
Elapsed time = 53.27 sec. (22361.44 ticks, tree = 80.38 MB, solutions = 0)
  19915 11808    infeasible                        88035.1015   428248         
  21560 12518    81543.1007    84                  88034.2291   448169         
  23233 14571    64893.7561   182                  88034.2291   515038         
  24926 15888    81835.0156    74                  87963.2184   553569         
  26246 17563    78700.2251   125                  87956.2306   604065         
  27974 17770    26479.8244   122                  87937.2578   609856         
  29715 20631    50011.1676   156                  87937.2578   713724         
  30944 20992    68458.6230    76                  87936.2482   726704         
  32489 22709    82900.8997    69                  87936.2482   789629         
  34341 22382    35362.1204    71                  87936.2482   776816         
Elapsed time = 86.59 sec. (31903.83 ticks, tree = 405.07 MB, solutions = 0)
  36242 23392    70060.9273    95                  87936.2482   817424         
  37985 27056    82966.6366   107                  87935.8090   929780         
  39691 26580    81746.7638    71                  87935.8090   919979         
  40834 27198    86815.5428    97                  87935.8090   934664         
  40835 29516    infeasible                        87928.1220  1021640         
  41031    51    81317.7564    91                  87928.1220  1022951         
  41347   101    71412.6276   105                  87928.1220  1024053         
  41774   308    71282.2285    98                  87928.1220  1030870         
  42067   788    83522.6716   102                  87928.1220  1045122         
  42369  1117    49965.0593   129                  87928.1220  1067211         
Elapsed time = 113.23 sec. (46699.56 ticks, tree = 31.91 MB, solutions = 0)
  42868  1399    78633.2883    67                  87928.1220  1090084         
  43471  1452    86220.7565   111                  87928.1220  1095343         
  44055  1844    37520.3040   154                  87928.1220  1110622         
  44509  2494    14209.8224   127                  87928.1220  1144702         
  44634  2628     1164.4316   114                  87928.1220  1151420         

Clique cuts applied:  2
Cover cuts applied:  52
Flow cuts applied:  120
Mixed integer rounding cuts applied:  9
Lift and project cuts applied:  1
Gomory fractional cuts applied:  7

Root node processing (before b&c):
  Real time             =    5.22 sec. (3686.80 ticks)
Parallel b&c, 24 threads:
  Real time             =  117.92 sec. (48244.48 ticks)
  Sync time (average)   =    1.52 sec.
  Wait time (average)   =    0.14 sec.
                          ------------
Total (root+branch&cut) =  123.14 sec. (51931.28 ticks)


MIP - Aborted, no integer solution.
Current MIP best bound =  8.7928121972e+04 (gap is infinite)
Solution time =  123.14 sec.  Iterations = 1171549  Nodes = 44639 (2904)
Deterministic time = 51931.43 ticks  (421.73 ticks/sec)


CPLEX Error  1217: No solution exists.
No file written.
