
Log started (V12.9.0.0) Tue Jan 26 17:08:39 2021

New value for parallel optimization mode: -1
New value for mixed integer optimality gap tolerance: 0.01
New value for feasibility tolerance: 1e-05
New value for deterministic time limit in ticks: 150000

Problem 'C:\Users\Luke\Desktop\competitiveMPEC_1.16\logs\tmpu2ks3q9z.pyomo.lp' read.
Read time = 0.19 sec. (13.85 ticks)

Problem name         : C:\Users\Luke\Desktop\competitiveMPEC_1.16\logs\tmpu2ks3q9z.pyomo.lp
Objective sense      : Maximize
Variables            :   54041  [Nneg: 889,  Box: 22574,  Free: 3480,
                                 Binary: 27098]
Objective nonzeros   :    9624
Linear constraints   :  122140  [Less: 40959,  Greater: 58612,  Equal: 22569]
  Nonzeros           :  288399
  RHS nonzeros       :   66924

Variables            : Min LB: -5000.000        Max UB: 5000.000       
Objective nonzeros   : Min   : 0.1000000        Max   : 722.0000       
Linear constraints   :
  Nonzeros           : Min   : 0.1000000        Max   : 2910000.       
  RHS nonzeros       : Min   : 0.1000000        Max   : 3000000.       
CPXPARAM_Parallel                                -1
CPXPARAM_Simplex_Tolerances_Feasibility          1.0000000000000001e-05
CPXPARAM_DetTimeLimit                            150000
CPXPARAM_MIP_Tolerances_MIPGap                   0.01
Tried aggregator 3 times.
MIP Presolve eliminated 88381 rows and 19926 columns.
MIP Presolve added 3289 rows and 0 columns.
MIP Presolve modified 24458 coefficients.
Aggregator did 12807 substitutions.
Reduced MIP has 24241 rows, 20721 columns, and 67983 nonzeros.
Reduced MIP has 8172 binaries, 0 generals, 0 SOSs, and 0 indicators.
Presolve time = 0.23 sec. (166.16 ticks)
Probing fixed 418 vars, tightened 5842 bounds.
Probing time = 0.05 sec. (20.88 ticks)
Tried aggregator 2 times.
MIP Presolve eliminated 930 rows and 838 columns.
MIP Presolve modified 2968 coefficients.
Aggregator did 51 substitutions.
Reduced MIP has 23260 rows, 19832 columns, and 65132 nonzeros.
Reduced MIP has 7753 binaries, 0 generals, 0 SOSs, and 0 indicators.
Presolve time = 0.09 sec. (88.42 ticks)
Probing fixed 0 vars, tightened 205 bounds.
Probing time = 0.06 sec. (20.55 ticks)
Clique table members: 37989.
MIP emphasis: balance optimality and feasibility.
MIP search method: dynamic search.
Parallel mode: opportunistic, using up to 24 threads.
Root relaxation solution time = 0.45 sec. (711.23 ticks)

        Nodes                                         Cuts/
   Node  Left     Objective  IInf  Best Integer    Best Bound    ItCnt     Gap

      0     0   113165.3190   249                 113165.3190     6442         
      0     0   112386.3262   150                   Cuts: 191     6641         
      0     0   112286.7042   117                   Cuts: 174     6721         
      0     0   112269.3243   113                    Cuts: 21     6751         
      0     0   112250.2323   118                    Cuts: 15     6773         
      0     0   112226.5135   117                    Cuts: 11     6786         
      0     0   112205.4180   120                Flowcuts: 12     6798         
      0     0   112204.3394   122                     Cuts: 2     6801         
      0     0   112202.6373   122                 Flowcuts: 1     6802         
      0     9    97425.9792    99                     Cuts: 5     6919         
Elapsed time = 5.28 sec. (4169.06 ticks, tree = 0.02 MB, solutions = 0)
    275   197    93118.9807    77                 112117.5254     8805         
    618   516    95652.2076    69                 112117.5254    11962         
   1074   807    95330.6295    60                 112117.5254    13909         
   1539  1282    65649.7786    71                 112117.5254    19441         
   2070  1717   110882.9799    99                 112117.5254    34501         
   2560  1812   110308.5940    82                 112117.5254    36369         
   3084  2048    infeasible                       111860.2830    43516         
   3502  2389   109760.8807    59                 111526.7016    49360         
   3898  2817   109200.6181    25                 111526.7016    61674         
   5725  3860    70899.3790    63                 111526.7016    79361         
Elapsed time = 13.91 sec. (7276.82 ticks, tree = 46.69 MB, solutions = 0)
   7448  5480    75622.4208    54                 111526.7016   123470         
*  7636+ 5444                       103585.4207   111526.7016             7.67%
   9600  3763   106514.6725     8   103585.4207   111526.7016   156867    7.67%
  10068  4966        cutoff         103585.4207   111526.7016   174086    7.67%
  10356    63   107321.5314    69   103585.4207   110939.9684   174726    7.10%
  11062   144   105849.3070    90   103585.4207   110939.9684   176607    7.10%
  11594   414   107452.3204    64   103585.4207   110733.7789   179901    6.90%
  12573  2220   105938.6680    96   103585.4207   110433.4195   194535    6.61%
  15364  2345        cutoff         103585.4207   110433.4195   195274    6.61%
  18609  5482   106775.9247    11   103585.4207   110404.4796   215543    6.58%
  20979  5062   106651.4194    19   103585.4207   110404.4796   212527    6.58%
Elapsed time = 41.61 sec. (19387.04 ticks, tree = 33.95 MB, solutions = 1)

Clique cuts applied:  3
Cover cuts applied:  18
Implied bound cuts applied:  26
Flow cuts applied:  109
Mixed integer rounding cuts applied:  26
Gomory fractional cuts applied:  20

Root node processing (before b&c):
  Real time             =    4.75 sec. (4132.80 ticks)
Parallel b&c, 24 threads:
  Real time             =   37.05 sec. (15947.72 ticks)
  Sync time (average)   =    1.14 sec.
  Wait time (average)   =    0.07 sec.
                          ------------
Total (root+branch&cut) =   41.80 sec. (20080.51 ticks)

Solution pool: 1 solution saved.

MIP - Aborted, integer feasible:  Objective =  1.0358542070e+05
Current MIP best bound =  1.1040447956e+05 (gap = 6819.06, 6.58%)
Solution time =   41.81 sec.  Iterations = 238959  Nodes = 21473 (9706)
Deterministic time = 20080.67 ticks  (480.26 ticks/sec)


Incumbent solution written to file 'C:\Users\Luke\Desktop\competitiveMPEC_1.16\logs\tmplhjzv42u.cplex.sol'.
