
Log started (V12.9.0.0) Mon Jan 25 00:23:10 2021

New value for parallel optimization mode: -1
New value for mixed integer optimality gap tolerance: 0.01
New value for feasibility tolerance: 0.01
New value for deterministic time limit in ticks: 200000

Problem 'C:\Users\Luke\Desktop\competitiveMPEC_1.16\logs\tmpfrrbz_8j.pyomo.lp' read.
Read time = 0.20 sec. (13.63 ticks)
MIP start file 'C:\Users\Luke\Desktop\competitiveMPEC_1.16\logs\tmpjtw7fhtq.cplex.mst' read.

Problem name         : C:\Users\Luke\Desktop\competitiveMPEC_1.16\logs\tmpfrrbz_8j.pyomo.lp
Objective sense      : Maximize
Variables            :   53321  [Nneg: 49,  Box: 21806,  Free: 4368,
                                 Binary: 27098]
Objective nonzeros   :    8956
Linear constraints   :  122164  [Less: 40935,  Greater: 58612,  Equal: 22617]
  Nonzeros           :  282745
  RHS nonzeros       :   66946

Variables            : Min LB: -5000.000        Max UB: 5000.000       
Objective nonzeros   : Min   : 0.1750000        Max   : 731.8583       
Linear constraints   :
  Nonzeros           : Min   : 0.1750000        Max   : 2910000.       
  RHS nonzeros       : Min   : 0.1750000        Max   : 3000000.       
CPXPARAM_Parallel                                -1
CPXPARAM_Simplex_Tolerances_Feasibility          0.01
CPXPARAM_DetTimeLimit                            200000
CPXPARAM_MIP_Tolerances_MIPGap                   0.01
Warning:  No solution found from 1 MIP starts.
Retaining values of one MIP start for possible repair.
Tried aggregator 3 times.
MIP Presolve eliminated 89647 rows and 20455 columns.
MIP Presolve added 3348 rows and 0 columns.
MIP Presolve modified 24501 coefficients.
Aggregator did 12870 substitutions.
Reduced MIP has 22995 rows, 19368 columns, and 61350 nonzeros.
Reduced MIP has 7570 binaries, 0 generals, 0 SOSs, and 0 indicators.
Presolve time = 0.23 sec. (163.67 ticks)
Probing fixed 431 vars, tightened 5766 bounds.
Probing time = 0.16 sec. (30.41 ticks)
Tried aggregator 2 times.
MIP Presolve eliminated 966 rows and 871 columns.
MIP Presolve modified 9893 coefficients.
Aggregator did 45 substitutions.
Reduced MIP has 21984 rows, 18452 columns, and 58387 nonzeros.
Reduced MIP has 7137 binaries, 0 generals, 0 SOSs, and 0 indicators.
Presolve time = 0.13 sec. (139.02 ticks)
Probing fixed 0 vars, tightened 16 bounds.
Probing time = 0.06 sec. (15.44 ticks)
Clique table members: 47878.
MIP emphasis: balance optimality and feasibility.
MIP search method: dynamic search.
Parallel mode: opportunistic, using up to 24 threads.
Root relaxation solution time = 0.33 sec. (281.62 ticks)

        Nodes                                         Cuts/
   Node  Left     Objective  IInf  Best Integer    Best Bound    ItCnt     Gap

      0     0    66008.7079  1301                  66008.7079     6612         
      0     0    65287.9995   258                   Cuts: 640     6817         
      0     0    65189.5683   190                   Cuts: 398     6926         
      0     0    65158.3855   163                   Cuts: 234     6976         
      0     0    65158.3855   156                   Cuts: 105     6986         
      0     0    65158.3855   150                   Cuts: 102     6992         
      0     0    65158.3855   145                   Cuts: 102     6998         
      0     0    65158.3855   145                    Cuts: 66     6998         
Repair heuristic found nothing.
      0    23    infeasible                           Cuts: 6     7313         
Elapsed time = 4.89 sec. (3282.74 ticks, tree = 0.02 MB, solutions = 0)
    268    79    53577.2532   131                  64529.0242     8963         
    661   227   -11434.2193    96                  64479.6484    10818         
   1078   736    53923.0416   106                  64479.6484    25918         
   1661  1099    34053.8430    90                  64479.6484    32295         
   2215  1220    33158.4015    69                  64479.6484    34943         
   2711  1697    49291.4365    79                  64479.6484    47494         
   3170  2391    34087.7369    32                  64479.6484    54862         
   3549  2449    46061.4572    46                  64479.6484    55523         
*  3781+ 1893                        42318.1288    64479.6484            52.37%
   5260  2995        cutoff          42318.1288    54447.9719    83638   28.66%
Elapsed time = 23.64 sec. (12062.05 ticks, tree = 51.04 MB, solutions = 1)
   5379    30    49733.2078    87    42318.1288    53743.6429    86124   27.00%
   6020    67    53256.2292    45    42318.1288    53712.6455    89008   26.93%
   7003   248    52534.7098    27    42318.1288    53712.6455    91692   26.93%
   8454  1746    42413.8986    34    42318.1288    53706.9367   111309   26.91%
  10665  1985        cutoff          42318.1288    53701.8128   115079   26.90%
  12593  4419    52172.5722    54    42318.1288    53599.6808   186946   26.66%
  14138  4642    52025.8401    76    42318.1288    53532.5060   199197   26.50%
  15214  4914    50395.8266    63    42318.1288    53458.5199   217510   26.33%
  15533  5456    45306.9308    68    42318.1288    53245.5960   247539   25.82%
  16739  5691    48406.8615    80    42318.1288    53126.4759   269748   25.54%
Elapsed time = 52.41 sec. (21604.92 ticks, tree = 41.77 MB, solutions = 1)
  18408  5925    46797.2975    74    42318.1288    53099.1479   290673   25.48%
  19961  7083        cutoff          42318.1288    52651.4494   352553   24.42%
  21594  7334    44406.9043    56    42318.1288    52550.8146   362602   24.18%
  23467  7756    45270.0806    37    42318.1288    52445.6895   377484   23.93%
  25071  8748    46740.2624    50    42318.1288    52000.8484   446605   22.88%
  26876  8909    43419.5439    30    42318.1288    52000.8484   457410   22.88%
  28979 10357        cutoff          42318.1288    51887.4086   489480   22.61%
  30926 11303    44634.0646    30    42318.1288    51792.7258   518475   22.39%
  32571 12156        cutoff          42318.1288    51585.7141   550872   21.90%
  34226 12726    46488.0384    39    42318.1288    51283.8576   621773   21.19%
Elapsed time = 78.38 sec. (31151.00 ticks, tree = 109.06 MB, solutions = 1)
  35779 12779    46161.6552    81    42318.1288    51173.3300   642089   20.93%
  37009 13549    48062.0764    68    42318.1288    50559.3958   685987   19.47%
  37561 13954    46670.8188    48    42318.1288    50559.3958   712985   19.47%
  38926 15311    43922.0044    59    42318.1288    50509.6060   751905   19.36%
  40872 14982        cutoff          42318.1288    50509.6060   746814   19.36%
  42642 15750        cutoff          42318.1288    50249.6154   766817   18.74%
  44543 17017    42675.6443    82    42318.1288    50057.8828   791597   18.29%
  46641 18194    42963.7259    86    42318.1288    50016.3964   819046   18.19%
  49047 19429    45807.6003    56    42318.1288    49823.5502   837069   17.74%
  51580 19502    42429.9668    54    42318.1288    49728.2879   838449   17.51%
Elapsed time = 104.63 sec. (40694.51 ticks, tree = 161.82 MB, solutions = 1)
  54090 21688    45648.8200    29    42318.1288    49671.0988   883598   17.38%
  56413 23840    43513.2613    73    42318.1288    49665.2076   914284   17.36%
  58540 24661    44812.4546    34    42318.1288    49664.4391   924064   17.36%
  60684 26258    infeasible          42318.1288    49664.4391   948995   17.36%
  62718 27844    49607.3588    70    42318.1288    49664.4391   978894   17.36%
  64071 27806    46406.5782    68    42318.1288    49664.4391   978372   17.36%
  64344 31284    infeasible          42318.1288    49608.1608  1033133   17.23%
  65648   496        cutoff          42318.1288    49608.1608  1048432   17.23%
  67242  1153    44241.8435    48    42318.1288    49608.1608  1061644   17.23%
  70445  3819    49079.0480    55    42318.1288    49608.1608  1095583   17.23%
Elapsed time = 132.69 sec. (54036.29 ticks, tree = 22.85 MB, solutions = 1)
  72210  4769    51507.8934    52    42318.1288    49608.1608  1105690   17.23%
  73796  6540    52154.5196    43    42318.1288    49608.1608  1132130   17.23%
  76009  7164        cutoff          42318.1288    49608.1608  1141808   17.23%
  77926  8151    45198.4603    74    42318.1288    49608.1608  1186732   17.23%
  78808  8836    52788.0463    50    42318.1288    49608.1608  1219751   17.23%

GUB cover cuts applied:  1
Clique cuts applied:  16
Cover cuts applied:  7
Implied bound cuts applied:  33
Flow cuts applied:  97
Mixed integer rounding cuts applied:  17
Gomory fractional cuts applied:  41

Root node processing (before b&c):
  Real time             =    4.34 sec. (3252.39 ticks)
Parallel b&c, 24 threads:
  Real time             =  139.23 sec. (55809.34 ticks)
  Sync time (average)   =    2.15 sec.
  Wait time (average)   =    0.12 sec.
                          ------------
Total (root+branch&cut) =  143.58 sec. (59061.73 ticks)

Solution pool: 1 solution saved.

MIP - Aborted, integer feasible:  Objective =  4.2318128793e+04
Current MIP best bound =  4.9608160831e+04 (gap = 7290.03, 17.23%)
Solution time =  143.58 sec.  Iterations = 1250807  Nodes = 78825 (9291)
Deterministic time = 59061.88 ticks  (411.35 ticks/sec)


Incumbent solution written to file 'C:\Users\Luke\Desktop\competitiveMPEC_1.16\logs\tmpohjaxw5b.cplex.sol'.
