
Log started (V12.9.0.0) Mon Jan 25 14:26:54 2021

New value for parallel optimization mode: -1
New value for mixed integer optimality gap tolerance: 0.01
New value for feasibility tolerance: 0.01
New value for presolve indicator: yes
New value for type of scaling used: 1
New value for Markowitz threshold tolerance: 0.9
New value for strategy to gather statistics on the kappa of subproblems: -1
New value for deterministic time limit in ticks: 150000

Problem 'C:\Users\Luke\Desktop\competitiveMPEC_1.16\logs\tmpr_jkf5kz.pyomo.lp' read.
Read time = 0.20 sec. (13.71 ticks)

Problem name         : C:\Users\Luke\Desktop\competitiveMPEC_1.16\logs\tmpr_jkf5kz.pyomo.lp
Objective sense      : Maximize
Variables            :   53321  [Nneg: 49,  Box: 21806,  Free: 4368,
                                 Binary: 27098]
Objective nonzeros   :    8980
Linear constraints   :  122164  [Less: 40935,  Greater: 58612,  Equal: 22617]
  Nonzeros           :  288505
  RHS nonzeros       :   66959

Variables            : Min LB: -5000.000        Max UB: 5000.000       
Objective nonzeros   : Min   : 0.1750000        Max   : 772.4167       
Linear constraints   :
  Nonzeros           : Min   : 0.1750000        Max   : 2910000.       
  RHS nonzeros       : Min   : 0.1750000        Max   : 3000000.       
CPXPARAM_Read_Scale                              1
CPXPARAM_Parallel                                -1
CPXPARAM_MIP_Strategy_KappaStats                 -1
CPXPARAM_Simplex_Tolerances_Markowitz            0.90000000000000002
CPXPARAM_Simplex_Tolerances_Feasibility          0.01
CPXPARAM_DetTimeLimit                            150000
CPXPARAM_MIP_Tolerances_MIPGap                   0.01
Tried aggregator 3 times.
MIP Presolve eliminated 88114 rows and 18994 columns.
MIP Presolve added 3348 rows and 0 columns.
MIP Presolve modified 24502 coefficients.
Aggregator did 12830 substitutions.
Reduced MIP has 24568 rows, 20941 columns, and 68794 nonzeros.
Reduced MIP has 8289 binaries, 0 generals, 0 SOSs, and 0 indicators.
Presolve time = 0.23 sec. (169.89 ticks)
Probing fixed 429 vars, tightened 5849 bounds.
Probing time = 0.06 sec. (21.62 ticks)
Tried aggregator 2 times.
MIP Presolve eliminated 962 rows and 867 columns.
MIP Presolve modified 3011 coefficients.
Aggregator did 44 substitutions.
Reduced MIP has 23562 rows, 20030 columns, and 65846 nonzeros.
Reduced MIP has 7858 binaries, 0 generals, 0 SOSs, and 0 indicators.
Presolve time = 0.11 sec. (87.94 ticks)
Probing fixed 0 vars, tightened 205 bounds.
Probing time = 0.08 sec. (21.79 ticks)
Clique table members: 38631.
MIP emphasis: balance optimality and feasibility.
MIP search method: dynamic search.
Parallel mode: opportunistic, using up to 24 threads.
Root relaxation solution time = 0.33 sec. (489.62 ticks)

        Nodes                                         Cuts/
   Node  Left     Objective  IInf  Best Integer    Best Bound    ItCnt     Gap

      0     0     2564.9478    57                   2564.9478     3105         
      0     0     2564.9478    22                    Cuts: 31     3150         
      0     0     2564.7212    31                    Cuts: 37     3187         
      0     0     2559.4129    31                    Cuts: 26     3200         
      0     0     2559.4129    31                    Cuts: 19     3213         
      0     0     2559.4129    20                 Flowcuts: 9     3220         
      0     0     2559.4129    28                    Cuts: 31     3285         
      0     2     2559.4129    15                     Cuts: 7     3285         
Elapsed time = 6.02 sec. (4031.71 ticks, tree = 0.02 MB, solutions = 0)
    185    61    -1041.0778    46                   2559.4129     5847         
    482   117    -5023.6398    39                   2559.4129     7676         
    777   280   -11635.1327    45                   2559.4129    19954         
   1104   552   -13969.3962    25                   2559.4129    42738         
   1432   642    -8115.1217    14                   2559.4129    50300         
   1815   871   -81515.6408    16                   2559.4129    69821         
   2192  1035    -6402.4438    16                   2533.6533    84941         
   2556  1328   -52203.0590    14                   2533.6533   100230         
   2935  1575   -11893.8864    21                   2533.6533   122730         
   4168  2212    infeasible                         2512.0532   169933         
Elapsed time = 14.78 sec. (7135.10 ticks, tree = 13.76 MB, solutions = 0)
   5055  2909    -4709.8645    24                   2512.0532   264247         
   6150  3605     -141.9962    28                   2512.0532   351974         
   7385  4035    -9256.9555    33                   2512.0532   391170         
   7712  2220    infeasible                         2512.0532   176308         
   7713  4795    infeasible                         2512.0528   468587         
   8204   245   -16180.5965    23                   2402.1319   476771         
   8927   512   -19720.7019    55                   2402.1319   491602         
  10135  1504     2361.9759    16                   2376.2594   532362         
  11442  2283   -24111.6118    32                   2376.2594   569039         
  12616  3234     2318.4276    28                   2376.2594   609434         
Elapsed time = 43.45 sec. (23678.84 ticks, tree = 23.65 MB, solutions = 0)
  14072  4244   -34557.9429    88                   2376.2594   657548         
  15624  4972   -49195.1555    73                   2376.2594   686974         
  16686  6606    -6152.7715    37                   2376.2594   752095         
  18012  6895    infeasible                         2361.9759   763963         
  19020  7817    -2806.5116    43                   2361.9759   806361         
  19938  8500   -26050.5388    58                   2361.9759   839196         
  21484  9305     -500.8349    53                   2361.9759   874795         
  22593 10581   -11979.6898    55                   2361.9759   938577         
  23407 11097    -5185.7200    48                   2361.9759   969146         
  24459 11455    -4850.5895    54                   2361.9759   984397         
Elapsed time = 76.94 sec. (33224.09 ticks, tree = 85.92 MB, solutions = 0)
  25645 12073   -29921.6458    65                   2361.9759  1023742         
  26665 12866   -21796.7774    48                   2361.9759  1081262         
  27926 13241   -22656.2335    65                   2361.9759  1098900         
  29325 13883   -13404.5208    66                   2361.9759  1128608         
  29857 15541    infeasible                         1901.6612  1228162         
  30124    44   -14118.2004    56                   1901.6612  1231096         
  30482   176   -17409.7925    64                   1901.6612  1237733         
  30861   383    infeasible                         1901.6612  1250657         
  31250   545   -18727.4893    47                   1901.6612  1264154         
  31670   737   -21215.7646    65                   1901.6612  1280210         
Elapsed time = 100.03 sec. (47793.00 ticks, tree = 2.86 MB, solutions = 0)
  32054  1083   -11584.5127    57                   1901.6612  1307468         
  32461  1590   -19908.3142    73                   1901.6612  1332562         
  33143  1637   -40702.7794    81                   1901.6612  1334701         
  33931  1891      -97.6116    25                   1901.6612  1344584         
  34484  2692   -42571.3580    88                   1901.6612  1383331         
  34828  3165   -38935.4068    89                   1901.6612  1407393         
  35298  3562    -6284.2097    38                   1901.6612  1431219         
  36230  3593   -32039.6086    50                   1901.6612  1432698         
  37320  3653    -6325.3206    26                   1715.6031  1435834         
  38364  4942   -34568.0042    41                   1599.5357  1488705         
Elapsed time = 123.53 sec. (57346.64 ticks, tree = 33.05 MB, solutions = 0)
  38976  5015   -22330.9718    57                   1372.5211  1492053         
  39493  5953   -22791.1577    58                   1372.5211  1529798         
  40011  6577   -56669.1692    77                   1275.5349  1556260         
  40552  6898   -27569.0488    59                   1275.5349  1568964         
  41402  7531    -4491.6239    29                   1253.3854  1596136         
  42632  8358   -25926.2622    69                   1246.5400  1627933         
  43626  8257   -29832.9403    43                   1161.4754  1624808         
  44372 10103     -348.0388    46                    940.8318  1704049         
  44886 10245   -19918.5838    58                    839.6407  1711444         
  45368 10337    -5794.6163    54                    805.2526  1715759         
Elapsed time = 147.61 sec. (66893.29 ticks, tree = 76.08 MB, solutions = 0)
  45863 11148   -36940.5390    72                    735.5198  1762405         
  46340 11375   -37421.9637    60                    735.5198  1775736         
  46850 11358  -170794.2988   121                    648.4366  1774323         
  47350 11533    -3892.2399    47                    648.4366  1786220         
  47851 12260    -7664.5293    32                    569.3869  1825757         
  48377 12392    -7947.5665    49                    477.8098  1834677         
  48771 12632   -46731.0067    87                    477.8098  1848269         
  49202 13392    -1406.9947    36                    477.8098  1895053         
  49653 13156     -737.7884    47                    408.9855  1880479         
  50077 13822      -23.4125    99                    408.9855  1919937         
Elapsed time = 171.75 sec. (76456.47 ticks, tree = 102.48 MB, solutions = 0)
  50561 13736   -11724.6659    56                    157.9939  1915140         
  51073 14502   -11076.6983    62                    157.9939  1958273         
  51539 14686   -19291.4332    57                    157.9939  1967776         
  52000 14591    -2294.9885    45                     47.8123  1962055         
  52517 15408   -70932.2074   119                     41.0971  2001870         
  53007 15189   -16793.7886    36                     41.0971  1992584         
  53566 15601    -5651.1678    41                     41.0971  2011607         
  54082 15799    -2042.5694    65                     41.0971  2024501         
  54619 16638     -398.5625    38                     24.1456  2061159         
  55023 16931   -31588.6446    72                     24.1456  2077031         
Elapsed time = 194.95 sec. (86017.95 ticks, tree = 125.68 MB, solutions = 0)
  55481 16961    -2621.1887    51                    -80.5137  2079885         
  56003 18061    infeasible                          -99.6631  2146510         
  56597 17693   -35209.4646    79                    -99.6631  2121897         
  57097 18204    -3930.6739    45                    -99.6631  2153232         
  57579 18549     -353.0938    55                   -112.7499  2171769         
  58125 18697   -41917.9625   105                   -112.7499  2181961         
  58712 19174   -21193.7911    47                   -112.7499  2211132         
  59218 19515   -22180.2519    64                   -112.8492  2229251         
  59659 19982   -19788.3628    64                   -189.6137  2255148         
  60140 19984   -46864.2938    88                   -192.1797  2255175         
Elapsed time = 217.86 sec. (95576.27 ticks, tree = 149.17 MB, solutions = 0)
  60678 20493  -154177.9128    81                   -192.1797  2286776         
  61360 20788   -74563.5869    63                   -192.1797  2301068         
  62078 20804   -13751.9667    50                   -246.0930  2302454         
  62726 21039   -25018.3734    27                   -283.9896  2315468         
  63344 21553    -9382.9118    62                   -315.9312  2347108         
  63901 22461    -1424.7463    38                   -315.9312  2396511         
  64401 22348    infeasible                         -322.2256  2388592         
  64916 23370    -1951.2266    47                   -360.1474  2439984         
  65392 23923   -62106.2810    82                   -360.1474  2467701         
  67621 25951   -54579.1841    79                   -412.2187  2579465         
Elapsed time = 248.64 sec. (107992.72 ticks, tree = 193.74 MB, solutions = 0)
  69727 27179    infeasible                         -469.8872  2645303         
  71600 28150   -39712.7684    71                   -469.9298  2700201         
  73412 29439  -124682.0676   162                   -609.4471  2775193         
  75296 30322   -82047.3313   160                   -678.0405  2826669         
  77346 32015  -109011.0617    46                   -715.5485  2937189         
  79288 33088   -12022.7453    42                   -789.1427  3009717         
  81414 34452   -22506.9465    50                   -801.2625  3107070         
  83492 36420   -48531.9824    82                   -828.2806  3230479         
  85733 37622   -11320.8589    50                   -890.6313  3301979         
  87713 38959   -21212.3284    84                   -904.9211  3388183         
Elapsed time = 334.75 sec. (146159.91 ticks, tree = 293.84 MB, solutions = 0)
  88826 38845    infeasible                         -904.9211  3379681         

GUB cover cuts applied:  7
Clique cuts applied:  5
Cover cuts applied:  157
Implied bound cuts applied:  22
Flow cuts applied:  137
Mixed integer rounding cuts applied:  38
Zero-half cuts applied:  1
Gomory fractional cuts applied:  32

Root node processing (before b&c):
  Real time             =    5.39 sec. (3982.47 ticks)
Parallel b&c, 24 threads:
  Real time             =  332.59 sec. (146035.69 ticks)
  Sync time (average)   =    1.42 sec.
  Wait time (average)   =    0.11 sec.
                          ------------
Total (root+branch&cut) =  337.98 sec. (150018.16 ticks)


MIP - Deterministic time limit exceeded, no integer solution.
Current MIP best bound = -1.0223112036e+03 (gap is infinite)
Solution time =  338.00 sec.  Iterations = 3531958  Nodes = 88832 (41230)
Deterministic time = 150018.31 ticks  (443.84 ticks/sec)


CPLEX Error  1217: No solution exists.
No file written.
