
Log started (V12.9.0.0) Mon Oct  5 23:24:30 2020

New value for parallel optimization mode: -1
New value for mixed integer optimality gap tolerance: 0.01
New value for integrality tolerance: 1e-09
New value for feasibility tolerance: 0.01
New value for deterministic time limit in ticks: 75000

Problem 'C:\Users\llavin\Desktop\test919\logs\tmp0jaio7t3.pyomo.lp' read.
Read time = 0.23 sec. (14.75 ticks)
MIP start file 'C:\Users\llavin\Desktop\test919\logs\tmplb_hjh50.cplex.mst' read.

Problem name         : C:\Users\llavin\Desktop\test919\logs\tmp0jaio7t3.pyomo.lp
Objective sense      : Maximize
Variables            :   54525  [Nneg: 1,  Box: 22720,  Free: 4464,
                                 Binary: 27340]
Objective nonzeros   :    9798
Linear constraints   :  123205  [Less: 41346,  Greater: 59096,  Equal: 22763]
  Nonzeros           :  291705
  RHS nonzeros       :   67491

Variables            : Min LB: -5000.000        Max UB: 1000000.       
Objective nonzeros   : Min   : 0.2250000        Max   : 2500.000       
Linear constraints   :
  Nonzeros           : Min   : 0.2250000        Max   : 1000000.       
  RHS nonzeros       : Min   : 0.2250000        Max   : 1000000.       
CPXPARAM_Parallel                                -1
CPXPARAM_Simplex_Tolerances_Feasibility          0.01
CPXPARAM_DetTimeLimit                            75000
CPXPARAM_MIP_Tolerances_MIPGap                   0.01
CPXPARAM_MIP_Tolerances_Integrality              1.0000000000000001e-09
Warning:  No solution found from 1 MIP starts.
Retaining values of one MIP start for possible repair.
Tried aggregator 3 times.
MIP Presolve eliminated 88685 rows and 19753 columns.
MIP Presolve added 3355 rows and 0 columns.
MIP Presolve modified 24832 coefficients.
Aggregator did 12953 substitutions.
Reduced MIP has 24922 rows, 21263 columns, and 71054 nonzeros.
Reduced MIP has 8412 binaries, 0 generals, 0 SOSs, and 0 indicators.
Presolve time = 0.28 sec. (173.69 ticks)
Probing fixed 378 vars, tightened 2869 bounds.
Probing time = 1.27 sec. (893.72 ticks)
Tried aggregator 2 times.
MIP Presolve eliminated 858 rows and 759 columns.
MIP Presolve modified 2234 coefficients.
Aggregator did 36 substitutions.
Reduced MIP has 24028 rows, 20468 columns, and 68461 nonzeros.
Reduced MIP has 8033 binaries, 0 generals, 0 SOSs, and 0 indicators.
Presolve time = 0.13 sec. (69.16 ticks)
Probing fixed 4 vars, tightened 8 bounds.
Probing time = 0.19 sec. (120.80 ticks)
Clique table members: 8723.
MIP emphasis: balance optimality and feasibility.
MIP search method: dynamic search.
Parallel mode: opportunistic, using up to 32 threads.
Root relaxation solution time = 0.47 sec. (552.76 ticks)

        Nodes                                         Cuts/
   Node  Left     Objective  IInf  Best Integer    Best Bound    ItCnt     Gap

      0     0       20.7966   788                     20.7966     3917         
      0     0       20.7966   616                   Cuts: 850     4358         

Clique cuts applied:  1
Implied bound cuts applied:  1
Flow cuts applied:  401
Mixed integer rounding cuts applied:  32
Gomory fractional cuts applied:  10

Root node processing (before b&c):
  Real time             =    4.09 sec. (2976.26 ticks)
Parallel b&c, 32 threads:
  Real time             =    0.00 sec. (0.00 ticks)
  Sync time (average)   =    0.00 sec.
  Wait time (average)   =    0.00 sec.
                          ------------
Total (root+branch&cut) =    4.09 sec. (2976.26 ticks)


MIP - Aborted, no integer solution.
Current MIP best bound =  2.0796627002e+01 (gap is infinite)
Solution time =    4.11 sec.  Iterations = 4358  Nodes = 0 (1)
Deterministic time = 2976.41 ticks  (724.36 ticks/sec)


CPLEX Error  1217: No solution exists.
No file written.
