
Log started (V12.9.0.0) Mon Jan 25 10:26:16 2021

New value for parallel optimization mode: -1
New value for mixed integer optimality gap tolerance: 0.01
New value for feasibility tolerance: 1e-06
New value for deterministic time limit in ticks: 50000

Problem 'C:\Users\Luke\Desktop\competitiveMPEC_1.16\logs\tmpd6zy7sji.pyomo.lp' read.
Read time = 0.20 sec. (13.86 ticks)

Problem name         : C:\Users\Luke\Desktop\competitiveMPEC_1.16\logs\tmpd6zy7sji.pyomo.lp
Objective sense      : Maximize
Variables            :   53321  [Nneg: 49,  Box: 21806,  Free: 4368,
                                 Binary: 27098]
Objective nonzeros   :    8942
Linear constraints   :  122164  [Less: 40983,  Greater: 58612,  Equal: 22569]
  Nonzeros           :  288467
  RHS nonzeros       :   66944

Variables            : Min LB: -5000.000        Max UB: 5000.000       
Objective nonzeros   : Min   : 1.200000         Max   : 839.2000       
Linear constraints   :
  Nonzeros           : Min   : 0.8500000        Max   : 2910000.       
  RHS nonzeros       : Min   : 1.000000         Max   : 3000000.       
CPXPARAM_Parallel                                -1
CPXPARAM_DetTimeLimit                            50000
CPXPARAM_MIP_Tolerances_MIPGap                   0.01
Tried aggregator 3 times.
MIP Presolve eliminated 88234 rows and 19064 columns.
MIP Presolve added 3318 rows and 0 columns.
MIP Presolve modified 24422 coefficients.
Aggregator did 12863 substitutions.
Reduced MIP has 24385 rows, 20812 columns, and 68354 nonzeros.
Reduced MIP has 8226 binaries, 0 generals, 0 SOSs, and 0 indicators.
Presolve time = 0.23 sec. (166.30 ticks)
Probing fixed 436 vars, tightened 4657 bounds.
Probing time = 0.06 sec. (20.29 ticks)
Tried aggregator 2 times.
MIP Presolve eliminated 981 rows and 880 columns.
MIP Presolve modified 2966 coefficients.
Aggregator did 30 substitutions.
Reduced MIP has 23374 rows, 19902 columns, and 65422 nonzeros.
Reduced MIP has 7786 binaries, 0 generals, 0 SOSs, and 0 indicators.
Presolve time = 0.09 sec. (88.46 ticks)
Probing fixed 0 vars, tightened 204 bounds.
Probing time = 0.08 sec. (22.98 ticks)
Clique table members: 40185.
MIP emphasis: balance optimality and feasibility.
MIP search method: dynamic search.
Parallel mode: opportunistic, using up to 24 threads.
Root relaxation solution time = 0.38 sec. (577.17 ticks)

        Nodes                                         Cuts/
   Node  Left     Objective  IInf  Best Integer    Best Bound    ItCnt     Gap

      0     0    12540.0239   136                  12540.0239     5418         
      0     0    12494.3298    62                    Cuts: 86     5499         
      0     0    12468.9737    65                    Cuts: 35     5526         
      0     0    12452.4287    58                    Cuts: 16     5537         
      0     0    12452.1017    64                 Flowcuts: 8     5548         
      0     0    12426.0269    59                 Flowcuts: 6     5570         
      0     0    12418.8957    65                    Cuts: 16     5583         
      0     2    12418.8957    65                     Cuts: 6     5583         
Elapsed time = 4.48 sec. (3010.26 ticks, tree = 0.02 MB, solutions = 0)
    377   142    -2115.1729    34                  12255.0662     7611         
    872   271    -2446.4195    11                  12255.0662    11222         
   1288   728   -15222.3550     9                  12255.0662    26311         
   1805   852  -196384.0805    32                  12255.0662    30272         
   2234  1080    11549.6434    15                  12255.0662    38255         
   2735  1458   -25457.7548    39                  12255.0662    50108         
   3243  1689     2108.2173    28                  12255.0662    67245         
   3736  2029    11688.3568    13                  11781.1147    78973         
   4238  2280    11408.5259    10                  11774.4629    94402         
*  5747+  878                        10772.4665    11720.7830             8.80%
Elapsed time = 12.00 sec. (5908.34 ticks, tree = 3.27 MB, solutions = 1)
   7663  1119    10830.4824     8    10772.4665    11646.7083   137029    8.12%
   7665  1414    infeasible          10772.4665    11580.3571   146487    7.50%
   8864   131    11240.7039    22    10772.4665    11449.1882   147994    6.28%

Clique cuts applied:  1
Cover cuts applied:  14
Implied bound cuts applied:  8
Flow cuts applied:  26
Mixed integer rounding cuts applied:  20
Gomory fractional cuts applied:  45

Root node processing (before b&c):
  Real time             =    3.91 sec. (2958.66 ticks)
Parallel b&c, 24 threads:
  Real time             =   18.48 sec. (8457.17 ticks)
  Sync time (average)   =    1.50 sec.
  Wait time (average)   =    0.04 sec.
                          ------------
Total (root+branch&cut) =   22.39 sec. (11415.83 ticks)

Solution pool: 1 solution saved.

MIP - Aborted, integer feasible:  Objective =  1.0772466533e+04
Current MIP best bound =  1.1409379075e+04 (gap = 636.913, 5.91%)
Solution time =   22.39 sec.  Iterations = 155377  Nodes = 9243 (817)
Deterministic time = 11415.98 ticks  (509.87 ticks/sec)


Incumbent solution written to file 'C:\Users\Luke\Desktop\competitiveMPEC_1.16\logs\tmpqj0stoya.cplex.sol'.
