
Log started (V12.9.0.0) Mon Jan 25 08:56:03 2021

New value for parallel optimization mode: -1
New value for mixed integer optimality gap tolerance: 0.01
New value for deterministic time limit in ticks: 100000

Problem 'C:\Users\Luke\Desktop\competitiveMPEC_1.16\logs\tmptgsrn9kr.pyomo.lp' read.
Read time = 0.19 sec. (13.86 ticks)

Problem name         : C:\Users\Luke\Desktop\competitiveMPEC_1.16\logs\tmptgsrn9kr.pyomo.lp
Objective sense      : Maximize
Variables            :   53321  [Nneg: 49,  Box: 21806,  Free: 4368,
                                 Binary: 27098]
Objective nonzeros   :    8942
Linear constraints   :  122164  [Less: 40983,  Greater: 58612,  Equal: 22569]
  Nonzeros           :  288467
  RHS nonzeros       :   66944

Variables            : Min LB: -5000.000        Max UB: 5000.000       
Objective nonzeros   : Min   : 1.200000         Max   : 839.2000       
Linear constraints   :
  Nonzeros           : Min   : 0.8500000        Max   : 2910000.       
  RHS nonzeros       : Min   : 1.000000         Max   : 3000000.       
CPXPARAM_Parallel                                -1
CPXPARAM_DetTimeLimit                            100000
CPXPARAM_MIP_Tolerances_MIPGap                   0.01
Tried aggregator 3 times.
MIP Presolve eliminated 88234 rows and 19064 columns.
MIP Presolve added 3342 rows and 0 columns.
MIP Presolve modified 24422 coefficients.
Aggregator did 12863 substitutions.
Reduced MIP has 24409 rows, 20812 columns, and 68402 nonzeros.
Reduced MIP has 8226 binaries, 0 generals, 0 SOSs, and 0 indicators.
Presolve time = 0.23 sec. (166.30 ticks)
Probing fixed 436 vars, tightened 4558 bounds.
Probing time = 0.05 sec. (20.38 ticks)
Tried aggregator 2 times.
MIP Presolve eliminated 981 rows and 880 columns.
MIP Presolve modified 2968 coefficients.
Aggregator did 30 substitutions.
Reduced MIP has 23398 rows, 19902 columns, and 65470 nonzeros.
Reduced MIP has 7786 binaries, 0 generals, 0 SOSs, and 0 indicators.
Presolve time = 0.09 sec. (88.40 ticks)
Probing fixed 0 vars, tightened 186 bounds.
Probing time = 0.09 sec. (22.62 ticks)
Clique table members: 41079.
MIP emphasis: balance optimality and feasibility.
MIP search method: dynamic search.
Parallel mode: opportunistic, using up to 24 threads.
Root relaxation solution time = 0.38 sec. (575.77 ticks)

        Nodes                                         Cuts/
   Node  Left     Objective  IInf  Best Integer    Best Bound    ItCnt     Gap

      0     0    12540.0239   129                  12540.0239     5498         
      0     0    12487.7292    62                    Cuts: 84     5577         
      0     0    12468.4718    64                    Cuts: 29     5608         
      0     0    12452.4287    59                Flowcuts: 13     5619         
      0     0    12452.1017    65                 Flowcuts: 8     5630         
      0     0    12426.0269    61                 Flowcuts: 6     5649         
      0     0    12418.8957    67                    Cuts: 15     5662         
      0     2    12418.8957    67                     Cuts: 4     5662         
Elapsed time = 5.66 sec. (4312.68 ticks, tree = 0.02 MB, solutions = 0)
    439   164    infeasible                        12311.3438     8020         
    854   397     9708.7190    24                  12311.3438    10272         
   1196   775    infeasible                        12311.3438    22348         
   1668  1018    11785.1484    18                  12311.3438    29536         
   2155  1141  -118615.7905    60                  12311.3438    34447         
   2564  1562    10676.5512    13                  11933.6437    51143         
   3089  1896     4977.3024    20                  11919.3559    60941         
   3609  2202    11115.3080    15                  11919.3559    67577         
   4108  2220     6457.9528    11                  11919.3559    67913         
   5900  3604    -7311.7651    23                  11915.2499   108186         
Elapsed time = 13.98 sec. (7414.98 ticks, tree = 70.39 MB, solutions = 0)
   7645  4482    11216.4277    28                  11778.7259   146875         
   7675  4845    infeasible                        11778.7259   167652         
   8159   199    10676.2443    15                  11778.7259   170657         
   9209   998     4563.4495    17                  11778.7259   183287         
  10985  1919    10208.6150    15                  11778.7259   196193         
  13339  3345     9901.6469    21                  11778.7259   213416         
  15529  4791     7855.3431     8                  11778.7259   237469         
  18024  6939    10204.2402     5                  11778.7259   262729         
  20273  9396    infeasible                        11778.7259   289115         
  22851 10596    11092.4564    22                  11778.7259   303214         
Elapsed time = 45.27 sec. (20707.88 ticks, tree = 164.21 MB, solutions = 0)
  25656 13690    10386.8340    11                  11778.7259   334803         
  28595 14013    11130.3569    10                  11778.7259   337439         
  31217 16413    11643.2380    22                  11778.7259   360572         
  33370 18435    10626.7071    14                  11778.7259   384373         
  35092 20161    11561.6280    28                  11778.7259   403237         
  37970 21523    10051.4093    20                  11778.7259   421056         
  40620 24222    10316.7426    13                  11778.7259   451446         

Clique cuts applied:  1
Cover cuts applied:  63
Implied bound cuts applied:  7
Flow cuts applied:  48
Mixed integer rounding cuts applied:  6
Zero-half cuts applied:  1
Gomory fractional cuts applied:  1

Root node processing (before b&c):
  Real time             =    5.06 sec. (4260.94 ticks)
Parallel b&c, 24 threads:
  Real time             =   57.88 sec. (23715.20 ticks)
  Sync time (average)   =    0.72 sec.
  Wait time (average)   =    0.05 sec.
                          ------------
Total (root+branch&cut) =   62.94 sec. (27976.13 ticks)


MIP - Aborted, no integer solution.
Current MIP best bound =  1.1778725907e+04 (gap is infinite)
Solution time =   62.95 sec.  Iterations = 473997  Nodes = 41052 (26593)
Deterministic time = 27976.29 ticks  (444.40 ticks/sec)


CPLEX Error  1217: No solution exists.
No file written.
