
Log started (V12.9.0.0) Wed Jan 27 14:18:11 2021

New value for parallel optimization mode: -1
New value for mixed integer optimality gap tolerance: 0.01
New value for feasibility tolerance: 1e-05
New value for deterministic time limit in ticks: 250000

Problem 'C:\Users\Luke\Desktop\competitiveMPEC_1.16\logs\tmp7rjh4tb2.pyomo.lp' read.
Read time = 0.20 sec. (13.82 ticks)

Problem name         : C:\Users\Luke\Desktop\competitiveMPEC_1.16\logs\tmp7rjh4tb2.pyomo.lp
Objective sense      : Maximize
Variables            :   53275  [Nneg: 889,  Box: 21808,  Free: 3480,
                                 Binary: 27098]
Objective nonzeros   :    8919
Linear constraints   :  122140  [Less: 40959,  Greater: 58612,  Equal: 22569]
  Nonzeros           :  288419
  RHS nonzeros       :   66944

Variables            : Min LB: -5000.000        Max UB: 5000.000       
Objective nonzeros   : Min   : 1.200000         Max   : 799.1000       
Linear constraints   :
  Nonzeros           : Min   : 0.8500000        Max   : 2910000.       
  RHS nonzeros       : Min   : 1.000000         Max   : 3000000.       
CPXPARAM_Parallel                                -1
CPXPARAM_Simplex_Tolerances_Feasibility          1.0000000000000001e-05
CPXPARAM_DetTimeLimit                            250000
CPXPARAM_MIP_Tolerances_MIPGap                   0.01
Tried aggregator 3 times.
MIP Presolve eliminated 88234 rows and 19064 columns.
MIP Presolve added 3318 rows and 0 columns.
MIP Presolve modified 24422 coefficients.
Aggregator did 12863 substitutions.
Reduced MIP has 24361 rows, 20766 columns, and 68306 nonzeros.
Reduced MIP has 8226 binaries, 0 generals, 0 SOSs, and 0 indicators.
Presolve time = 0.22 sec. (166.23 ticks)
Probing fixed 436 vars, tightened 4614 bounds.
Probing time = 0.06 sec. (20.27 ticks)
Tried aggregator 2 times.
MIP Presolve eliminated 981 rows and 880 columns.
MIP Presolve modified 2966 coefficients.
Aggregator did 30 substitutions.
Reduced MIP has 23350 rows, 19856 columns, and 65374 nonzeros.
Reduced MIP has 7786 binaries, 0 generals, 0 SOSs, and 0 indicators.
Presolve time = 0.11 sec. (88.36 ticks)
Probing fixed 0 vars, tightened 191 bounds.
Probing time = 0.08 sec. (22.65 ticks)
Clique table members: 40159.
MIP emphasis: balance optimality and feasibility.
MIP search method: dynamic search.
Parallel mode: opportunistic, using up to 24 threads.
Root relaxation solution time = 0.42 sec. (613.61 ticks)

        Nodes                                         Cuts/
   Node  Left     Objective  IInf  Best Integer    Best Bound    ItCnt     Gap

      0     0    92502.0835   237                  92502.0835     5793         
      0     0    90263.3049   150                   Cuts: 233     6030         
      0     0    89601.1298   140                   Cuts: 127     6143         
      0     0    89521.7393   132                    Cuts: 48     6182         
      0     0    89521.4123   136                    Cuts: 37     6208         
      0     0    89492.5392   123                 Flowcuts: 7     6232         
      0     0    89485.4080   128                    Cuts: 33     6269         
      0     0    89485.4080   127                 Flowcuts: 4     6272         
      0     8    infeasible                          Cuts: 16     6563         
Elapsed time = 5.39 sec. (4129.41 ticks, tree = 0.02 MB, solutions = 0)
    309    20    75513.7756   119                  87323.6362     7208         
    624   254    57647.3526    80                  83286.4765    16150         
    948   565    64304.9627    61                  83286.4765    23078         
   1387   718    48482.8068    33                  83286.4765    26085         
   1896  1162     -658.7511    39                  83286.4765    37680         
   2394  1413    66429.4509    53                  79624.3703    45059         
   2871  1656    37989.7105    29                  79492.5738    56659         
   3349  2127    59886.9094    45                  79457.6857    69654         
   3775  2137    59850.8279    61                  79205.8462    69793         
   5598  3308    32705.6054    14                  79116.5708   118240         
Elapsed time = 14.09 sec. (7237.05 ticks, tree = 29.58 MB, solutions = 0)
   7193  4578    53022.0177    28                  79083.9330   178026         
   8828  5592    58665.1392    54                  78960.9631   227413         
   9860  6626    infeasible                        72357.7078   282677         
  10216    64    40186.6028    67                  67661.4640   284659         
  11040   217    47143.8054    80                  67200.7912   289866         
  12149   959    31979.6970    33                  66624.2325   316967         
  13859  1806    51378.4349   113                  66485.1869   346580         
  15780  2912    infeasible                        66485.1869   380649         
  17443  4252    45128.1995     8                  64826.4665   415694         
  19259  5193    61687.0866    79                  64778.2162   445540         
Elapsed time = 47.13 sec. (22180.27 ticks, tree = 77.05 MB, solutions = 0)
  21127  6348    43869.9453    37                  64761.8827   479094         
  23097  7361    41496.9285    31                  64761.8827   514173         
  24769  8689    49764.3019    43                  64761.8827   557303         
  26108 10093    24146.3124    41                  64761.8827   610643         
  26932 10941    53288.3000    38                  64761.8827   644600         
  28718 11603    48873.8738    24                  64761.8827   670601         
  30487 12813    infeasible                        64761.8827   719853         
  32213 14363    21008.2189    18                  64761.8827   774119         
  34268 14802    58167.8365    74                  64761.8827   795317         
  36192 16316    34590.8344    19                  64761.8827   854829         
Elapsed time = 79.50 sec. (31719.52 ticks, tree = 163.95 MB, solutions = 0)
  37883 16863    infeasible                        64761.8827   878604         
  39541 18594    58014.6888    74                  64761.8827   931744         
  41555 19276    62807.8909    77                  64761.8827   963416         
  43668 19978    33816.7710    71                  64761.8827   985777         
  45681 21693    44636.5026    95                  64761.8827  1065829         
  46126 23913    infeasible                        63545.5863  1172697         
  46305    43    55628.2912    90                  63545.5863  1173025         
  46552   149    59914.8170   125                  63545.5863  1177246         
  46972   251    21239.8397    78                  63545.5863  1181718         
  47425   759    infeasible                        63545.5863  1203492         
Elapsed time = 106.86 sec. (47288.26 ticks, tree = 8.84 MB, solutions = 0)
  47894  1021    39656.4816    69                  63545.5863  1218108         
  48749  1332    35481.2708    34                  63545.5863  1231391         
  49940  1484    58133.2265    95                  63545.5863  1237170         
  51015  2267    61903.9791    85                  63545.5863  1264409         
  51600  3193    16334.9074    26                  63545.5863  1296354         
  52203  3364    -1616.8163   150                  63545.5863  1305250         
  53189  3830    16764.1842    74                  63545.5863  1326721         
  54851  4826    64069.9987   107                  63545.5863  1352265         
  56046  5331    47867.8696    38                  63545.5863  1367399         
  56749  6659    30602.6697    11                  63545.5863  1414184         
Elapsed time = 130.92 sec. (56835.16 ticks, tree = 57.01 MB, solutions = 0)
  57611  7858   -18971.1662    44                  63545.5863  1458110         
  58286  8355    25679.4024    23                  63545.5863  1473773         
  58799  8200    34978.7690    14                  63545.5863  1468414         
  59406  8550    56003.6975   125                  63545.5863  1480427         
  60073  8811    29993.7698   123                  63545.5863  1488667         
  60651  9443    25494.0588    17                  63545.5863  1511584         
  61334 10106    55810.1051    83                  63545.5863  1538283         
  61969 10718    31258.3433    10                  63545.5863  1562647         
  62654 10810    30757.4410    12                  63545.5863  1566991         
  63442 11767    36057.7706    67                  63545.5863  1606733         
Elapsed time = 157.92 sec. (66381.05 ticks, tree = 96.13 MB, solutions = 0)
  64239 12692    45566.2646    56                  63545.5863  1635651         
  64944 13112    61900.0427   107                  63545.5863  1650002         
  65643 13131    35143.1115    49                  63545.5863  1650467         
  66414 13533     8706.1577   109                  63545.5863  1660848         
  67000 13531    46043.2711    47                  63545.5863  1663341         
  67604 13997    32750.5766    39                  63545.5863  1684354         
  68194 15023    32560.6011    36                  63545.5863  1727327         
  68850 15568    infeasible                        63545.5863  1743749         
  69554 15109     6192.8206    69                  63545.5863  1730963         
  70249 15790      760.2430    35                  63545.5863  1752185         
Elapsed time = 180.30 sec. (75933.70 ticks, tree = 127.03 MB, solutions = 0)
  70877 16310    53923.4309    79                  63545.5863  1770294         
  71417 17159    27047.1263    63                  63545.5863  1795932         
  72074 18596    27506.3952    69                  63497.5184  1845832         
  72729 18629    36167.8899    67                  63497.5184  1846665         
  73458 17615    40123.6688    86                  63497.5184  1813619         
  74058 18938    44055.0099    54                  63159.9690  1858200         
  74651 20595    infeasible                        63159.9690  1915049         
  75300 19430    infeasible                        63159.9690  1873910         
  75971 20778    12872.8317   134                  63159.9690  1923240         
  76566 19723    29522.0668    85                  63159.9690  1887697         
Elapsed time = 207.16 sec. (85482.43 ticks, tree = 157.49 MB, solutions = 0)
  77163 20927    57662.1424    67                  63013.7570  1926625         
  77770 21302    45362.7364    37                  63013.7570  1941453         
  78321 22098    infeasible                        63013.7570  1979512         
  78771 21677    38719.0107    78                  63013.7570  1957629         
  79305 23339    21843.5438    47                  63013.7570  2031564         
  79919 23379    24159.4300    41                  63013.7570  2029418         
  80475 23183    61586.9541    71                  63013.7570  2026559         
  81073 22932    19217.4804    17                  63013.7570  2011497         
  81644 23827    27644.8182    19                  63013.7570  2048938         
  82182 23462    62069.8131   114                  63013.7570  2037809         
Elapsed time = 230.33 sec. (95038.66 ticks, tree = 186.40 MB, solutions = 0)
  82654 23868    52666.2389   103                  63013.7570  2049842         
  83089 24044    37193.6522    56                  63013.7570  2060230         
  83468 25437    53420.4554    56                  63013.7570  2124853         
  83929 26074    43401.3259    85                  63013.7570  2154048         
  84436 25221    36875.0746   169                  63013.7570  2111509         
  84914 26248    infeasible                        62609.7270  2163014         
  85351 27659    58103.2527    74                  62609.7270  2232862         
  85889 26605    11818.5163    63                  62609.7270  2186683         
  86391 26617    34634.8241    30                  62461.3640  2185496         
  88127 28431    infeasible                        62461.3640  2283385         
Elapsed time = 260.39 sec. (107474.21 ticks, tree = 224.61 MB, solutions = 0)
  89633 30090    21838.2411    30                  62461.3640  2360931         

GUB cover cuts applied:  1
Clique cuts applied:  2
Cover cuts applied:  276
Implied bound cuts applied:  28
Flow cuts applied:  146
Mixed integer rounding cuts applied:  27
Gomory fractional cuts applied:  8

Root node processing (before b&c):
  Real time             =    4.88 sec. (4119.66 ticks)
Parallel b&c, 24 threads:
  Real time             =  255.75 sec. (110008.81 ticks)
  Sync time (average)   =    1.85 sec.
  Wait time (average)   =    0.13 sec.
                          ------------
Total (root+branch&cut) =  260.63 sec. (114128.47 ticks)


MIP - Aborted, no integer solution.
Current MIP best bound =  6.2461363990e+04 (gap is infinite)
Solution time =  260.63 sec.  Iterations = 2401369  Nodes = 89840 (30899)
Deterministic time = 114128.62 ticks  (437.90 ticks/sec)


CPLEX Error  1217: No solution exists.
No file written.
