
Log started (V12.9.0.0) Mon Jan 25 13:52:23 2021

New value for parallel optimization mode: -1
New value for mixed integer optimality gap tolerance: 0.01
New value for feasibility tolerance: 1e-05
New value for deterministic time limit in ticks: 250000

Problem 'C:\Users\Luke\Desktop\competitiveMPEC_1.16\logs\tmp4t2zcxnq.pyomo.lp' read.
Read time = 0.19 sec. (13.71 ticks)
MIP start file 'C:\Users\Luke\Desktop\competitiveMPEC_1.16\logs\tmpzjol75fq.cplex.mst' read.

Problem name         : C:\Users\Luke\Desktop\competitiveMPEC_1.16\logs\tmp4t2zcxnq.pyomo.lp
Objective sense      : Maximize
Variables            :   53321  [Nneg: 49,  Box: 21806,  Free: 4368,
                                 Binary: 27098]
Objective nonzeros   :    8980
Linear constraints   :  122164  [Less: 40935,  Greater: 58612,  Equal: 22617]
  Nonzeros           :  288505
  RHS nonzeros       :   66959

Variables            : Min LB: -5000.000        Max UB: 5000.000       
Objective nonzeros   : Min   : 0.1750000        Max   : 772.4167       
Linear constraints   :
  Nonzeros           : Min   : 0.1750000        Max   : 2910000.       
  RHS nonzeros       : Min   : 0.1750000        Max   : 3000000.       
CPXPARAM_Parallel                                -1
CPXPARAM_Simplex_Tolerances_Feasibility          1.0000000000000001e-05
CPXPARAM_DetTimeLimit                            250000
CPXPARAM_MIP_Tolerances_MIPGap                   0.01
Warning:  No solution found from 1 MIP starts.
Retaining values of one MIP start for possible repair.
Tried aggregator 3 times.
MIP Presolve eliminated 88114 rows and 18994 columns.
MIP Presolve added 3348 rows and 0 columns.
MIP Presolve modified 24522 coefficients.
Aggregator did 12830 substitutions.
Reduced MIP has 24568 rows, 20941 columns, and 68794 nonzeros.
Reduced MIP has 8289 binaries, 0 generals, 0 SOSs, and 0 indicators.
Presolve time = 0.23 sec. (169.86 ticks)
Probing fixed 429 vars, tightened 5849 bounds.
Probing time = 0.06 sec. (21.62 ticks)
Tried aggregator 2 times.
MIP Presolve eliminated 962 rows and 867 columns.
MIP Presolve modified 3011 coefficients.
Aggregator did 44 substitutions.
Reduced MIP has 23562 rows, 20030 columns, and 65846 nonzeros.
Reduced MIP has 7858 binaries, 0 generals, 0 SOSs, and 0 indicators.
Presolve time = 0.11 sec. (87.94 ticks)
Probing fixed 0 vars, tightened 205 bounds.
Probing time = 0.06 sec. (21.79 ticks)
Clique table members: 38631.
MIP emphasis: balance optimality and feasibility.
MIP search method: dynamic search.
Parallel mode: opportunistic, using up to 24 threads.
Root relaxation solution time = 0.38 sec. (572.89 ticks)

        Nodes                                         Cuts/
   Node  Left     Objective  IInf  Best Integer    Best Bound    ItCnt     Gap

      0     0     2564.9478    50                   2564.9478     5864         
      0     0     2564.9478    21                    Cuts: 34     5934         
      0     0     2560.2071    26                    Cuts: 38     6054         
      0     0     2559.4129    25                    Cuts: 27     6102         
      0     0     2559.4129    25                    Cuts: 28     6171         
      0     0     2512.0522    15                     Cuts: 4     6211         
      0     0     2506.7449    16                    Cuts: 30     6281         
      0     0     2506.7449    20                    Cuts: 46     6364         
Repair heuristic found nothing.
      0     2     2506.7449    20                    Cuts: 21     6364         
Elapsed time = 7.98 sec. (5205.00 ticks, tree = 0.02 MB, solutions = 0)
    249    41     -891.9713    26                   2506.7449     7417         
    620   221   -33459.4296    28                   2506.7449    16645         
    896   534     2506.7449    18                   2506.7449    32588         
   1234   692   -24861.9337    61                   2506.7449    45002         
   1603   925   -36711.9420    59                   2506.7449    64888         
   1920  1093     2506.7449    21                   2506.7449    77177         
   2252  1207   -16937.7640    38                   2506.7449    85947         
   2560  1435    infeasible                         2506.7449   103112         
   2930  1556   -38389.2190    60                   2506.7449   115833         
   4358  2352    infeasible                         2506.7449   204237         
Elapsed time = 16.25 sec. (8309.71 ticks, tree = 22.99 MB, solutions = 0)
   5746  3228   -12155.8043    35                   2506.7449   262357         
   7025  3701   -29027.0372    61                   2506.7449   297874         
   8321  3952   -56973.1140    50                   2506.7449   327106         
   8617  5267    infeasible                         2493.1571   495544         
   9014    87   -11537.9703    69                   2493.1571   498988         
   9673   618   -16415.8904    38                   2493.1571   535778         
  10727   948   -15633.7355    61                   2493.1571   560791         
  12175  1671   -25150.0427    72                   2493.1571   605063         
  13779  2641   -34982.4495    93                   2472.7901   655330         
  15548  4365    infeasible                         2472.7901   737372         
Elapsed time = 50.75 sec. (24652.59 ticks, tree = 54.03 MB, solutions = 0)
  17145  5888   -46545.5276   125                   2472.7901   804116         
  18829  6786   -14380.8872    85                   2472.7901   841599         
  20432  7466   -49294.0399    45                   2472.7901   869063         
  21579  8847  -193191.6923   132                   2472.7901   934806         
  22996  9766   -10154.2301    82                   2472.7901   975493         
  24664 11117   -12506.4531    66                   2472.7901  1050687         
  25514 12089     -959.9600    40                   2472.7901  1114564         
  26475 12435    infeasible                         2472.7901  1132810         
  28295 13639   -28629.2536    57                   2472.7901  1192540         
  30053 14724   -14208.7362    72                   2472.7901  1243086         
Elapsed time = 82.88 sec. (34195.45 ticks, tree = 134.22 MB, solutions = 0)
  31434 16092   -90012.3993   112                   2472.7901  1303591         
  32749 16635   -15277.6655    33                   2472.7901  1330190         
  34362 18414     -894.1168    55                   2472.7901  1407199         
  35874 18904    -4228.5956    76                   2472.7901  1432871         
  37403 20008   -10445.4157    79                   2472.7901  1516643         
  38098 20284    infeasible                         2472.7901  1536750         
  38100 21303     1903.6451    28                    926.9877  1622103         
  38440    76     -658.5094    36                    926.9877  1624532         
  38884   369    -3792.7518    25                    926.9877  1637876         
  39229   521   -20789.8825    48                    926.9877  1645869         
Elapsed time = 108.23 sec. (50301.25 ticks, tree = 13.17 MB, solutions = 0)
  39609   795   -18608.6572    70                    926.9877  1663670         
  40017  1021   -11604.7178    48                    926.9877  1693252         
  40396  1228   -17073.8395    69                    926.9877  1716506         
  40857  1322   -30068.2535   114                    926.9877  1727966         
  41372  1629   -36858.5407    78                    926.9877  1776169         
  42158  1853    -2582.5252    75                    926.9877  1806379         
  42687  2621   -13091.8732    71                    926.9877  1886280         
  43171  2653     1210.7834    49                    926.9877  1889686         
  43648  3035   -25897.8897    86                    926.9877  1934318         
  44265  3087   -58511.6526    97                    926.9877  1937473         
Elapsed time = 132.34 sec. (59869.05 ticks, tree = 123.21 MB, solutions = 0)
  45196  3389  -106820.1755   230                    926.9877  1970814         
  46143  3823    -7786.3464    75                    926.9877  2000551         
  46681  4466   -46203.4060   129                    926.9877  2045244         
  47127  5070    -3479.6207    71                    926.9877  2088326         
  47578  5193   -15933.7339    82                    926.9877  2101542         
  48022  5560    infeasible                          926.9877  2151157         
  48428  5794    -7507.0486    47                    926.9877  2182359         
  48820  6149   -13190.4522    68                    926.9877  2228436         
  49253  6160   -19598.4636    62                    926.9877  2230337         
  49639  6490   -43498.6126   132                    926.9877  2253898         
Elapsed time = 156.64 sec. (69423.50 ticks, tree = 153.36 MB, solutions = 0)
  50089  6803   -14017.0028    63                    926.9877  2293534         
  50480  7417    infeasible                          926.9877  2343284         
  50975  7101   -46030.0552    58                    926.9877  2313106         
  51440  7662    infeasible                          926.9877  2364747         
  51796  8181   -12310.2281   119                    926.9877  2416440         
  52150  7962   -32398.1058    58                    926.9877  2395721         
  52460  8056   -14685.2166    75                    926.9877  2405618         
  52818  8482   -17612.2168    68                    926.9877  2449247         
  53222  8799    -1971.7262    92                    926.9877  2479069         
  53687  8750   -16683.0506    88                    926.9877  2475480         
Elapsed time = 180.83 sec. (78980.84 ticks, tree = 172.27 MB, solutions = 0)
  54105  9166   -44908.1913   131                    926.9877  2510744         
  54530  9177    -2184.0512    60                    926.9877  2512723         
  54896  9525    -6372.3703    77                    873.1610  2541821         
  55296  9832     -158.8769    78                    836.5315  2574841         
  55726 10327   -69542.9540   142                    836.5315  2612022         
  56128 10332   -28797.6430   105                    638.3552  2616195         
  56511 10231    -9352.6084    86                    638.3552  2605110         
  56873 10801     -149.9527    74                    638.3552  2649510         
  57304 10862    infeasible                          638.3552  2654972         
  57721 11082   -10317.5739    95                    638.3552  2675180         
Elapsed time = 204.81 sec. (88545.98 ticks, tree = 189.42 MB, solutions = 0)
  58113 11576   -57925.3852   108                    278.6182  2717515         
  58414 12087    infeasible                          277.2803  2763660         
  58784 12263   -49246.9513   134                    277.2803  2777093         
  59225 12197     -835.5360    55                    241.6162  2772532         
  59638 12543    infeasible                          241.6162  2801070         
  60049 12617    infeasible                          241.6162  2809619         
  60462 12948    -7299.4214    96                    241.6162  2840389         
  60914 12768   -38832.8915   104                    192.8688  2821911         
  61375 13735    -4877.8957    62                    118.0434  2917121         
  61828 13848    infeasible                          118.0434  2923115         
Elapsed time = 229.52 sec. (98101.30 ticks, tree = 210.66 MB, solutions = 0)
  62268 13948   -15965.9703   107                    118.0434  2937665         
  62700 14247    -3041.1667    84                     94.3020  2966785         
  63154 14525   -36882.2355   125                     94.3020  2990520         
  63499 14400    -7240.9103    81                     94.3020  2981856         
  63979 14289   -37771.3807   132                     94.3020  2969865         
  64571 14980   -11327.2330    87                     85.1239  3026275         
  65100 15675     -715.6396    64                     85.1239  3093085         
  65630 16218    -2259.9283    62                     85.1239  3130916         
  66066 15493   -30715.8421   129                     65.8571  3083775         
  67912 17021    infeasible                         -227.5001  3194727         
Elapsed time = 262.63 sec. (110521.79 ticks, tree = 232.66 MB, solutions = 0)
  69607 18124   -32991.3365   152                   -227.5001  3290556         
  71550 19236   -37911.9091   145                   -409.5323  3372923         
  73465 20838   -32338.9223    69                   -521.6677  3514469         
  75341 21462    infeasible                         -536.8951  3575171         
  77119 22728    infeasible                         -633.1907  3683778         
  79333 24832   -10202.7512    77                   -714.2255  3868474         
  84015 25841   -19083.7328   109                   -717.2646  3960429         
  89885 33070   -33147.3592    63                   -866.1966  4472452         
  95519 34550    -1596.9728    85                   -912.1118  4562322         
 100977 38924   -29308.0006   106                  -1014.8141  4852447         
Elapsed time = 366.19 sec. (148694.39 ticks, tree = 399.33 MB, solutions = 0)
 106893 39045    -7037.8975   109                  -1062.9176  4864332         
 112968 44560    infeasible                        -1153.2027  5242667         
 118164 47689   -26466.6060   125                  -1296.3881  5469364         
 123789 50600    -2559.7556    81                  -1333.4636  5683795         
 130037 54504   -40966.9054   161                  -1420.4550  5995877         
 133311 56788    -8291.9765   104                  -1420.4550  6187324         

GUB cover cuts applied:  2
Clique cuts applied:  8
Cover cuts applied:  342
Implied bound cuts applied:  108
Flow cuts applied:  201
Mixed integer rounding cuts applied:  37
Zero-half cuts applied:  1
Lift and project cuts applied:  41
Gomory fractional cuts applied:  26

Root node processing (before b&c):
  Real time             =    7.34 sec. (5146.37 ticks)
Parallel b&c, 24 threads:
  Real time             =  418.73 sec. (167702.90 ticks)
  Sync time (average)   =    1.26 sec.
  Wait time (average)   =    0.10 sec.
                          ------------
Total (root+branch&cut) =  426.08 sec. (172849.27 ticks)


MIP - Aborted, no integer solution.
Current MIP best bound = -1.5194532123e+03 (gap is infinite)
Solution time =  426.08 sec.  Iterations = 6576230  Nodes = 133433 (61576)
Deterministic time = 172849.42 ticks  (405.67 ticks/sec)


CPLEX Error  1217: No solution exists.
No file written.
