
Log started (V12.9.0.0) Sat Jan 16 21:10:05 2021

New value for parallel optimization mode: -1
New value for mixed integer optimality gap tolerance: 0.01
New value for integrality tolerance: 1e-09
New value for feasibility tolerance: 0.01
New value for deterministic time limit in ticks: 75000

Problem 'C:\Users\Luke\Desktop\competitiveMPEC_1.16\logs\tmpcxbcaq4n.pyomo.lp' read.
Read time = 0.22 sec. (14.75 ticks)
MIP start file 'C:\Users\Luke\Desktop\competitiveMPEC_1.16\logs\tmpnwsmd84v.cplex.mst' read.

Problem name         : C:\Users\Luke\Desktop\competitiveMPEC_1.16\logs\tmpcxbcaq4n.pyomo.lp
Objective sense      : Maximize
Variables            :   54525  [Nneg: 1,  Box: 22720,  Free: 4464,
                                 Binary: 27340]
Objective nonzeros   :    9738
Linear constraints   :  123205  [Less: 41346,  Greater: 59096,  Equal: 22763]
  Nonzeros           :  291667
  RHS nonzeros       :   67453

Variables            : Min LB: -5000.000        Max UB: 1000000.       
Objective nonzeros   : Min   : 1.600000         Max   : 2500.000       
Linear constraints   :
  Nonzeros           : Min   : 0.8500000        Max   : 1000000.       
  RHS nonzeros       : Min   : 1.000000         Max   : 1000000.       
CPXPARAM_Parallel                                -1
CPXPARAM_Simplex_Tolerances_Feasibility          0.01
CPXPARAM_DetTimeLimit                            75000
CPXPARAM_MIP_Tolerances_MIPGap                   0.01
CPXPARAM_MIP_Tolerances_Integrality              1.0000000000000001e-09
Warning:  No solution found from 1 MIP starts.
Retaining values of one MIP start for possible repair.
Tried aggregator 3 times.
MIP Presolve eliminated 88880 rows and 19922 columns.
MIP Presolve added 3313 rows and 0 columns.
MIP Presolve modified 24776 coefficients.
Aggregator did 12948 substitutions.
Reduced MIP has 24690 rows, 21073 columns, and 70499 nonzeros.
Reduced MIP has 8334 binaries, 0 generals, 0 SOSs, and 0 indicators.
Presolve time = 0.23 sec. (172.52 ticks)
Probing fixed 414 vars, tightened 2884 bounds.
Probing time = 1.52 sec. (917.13 ticks)
Tried aggregator 2 times.
MIP Presolve eliminated 925 rows and 831 columns.
MIP Presolve modified 2196 coefficients.
Aggregator did 61 substitutions.
Reduced MIP has 23704 rows, 20181 columns, and 67625 nonzeros.
Reduced MIP has 7919 binaries, 0 generals, 0 SOSs, and 0 indicators.
Presolve time = 0.11 sec. (72.18 ticks)
Probing fixed 4 vars, tightened 10 bounds.
Probing time = 0.17 sec. (114.32 ticks)
Clique table members: 8922.
MIP emphasis: balance optimality and feasibility.
MIP search method: dynamic search.
Parallel mode: opportunistic, using up to 24 threads.
Root relaxation solution time = 0.31 sec. (466.61 ticks)

        Nodes                                         Cuts/
   Node  Left     Objective  IInf  Best Integer    Best Bound    ItCnt     Gap

      0     0    85992.2373   736                  85992.2373     2672         
      0     0    82727.2900   609                   Cuts: 616     3010         
      0     0    82407.2324   526                   Cuts: 265     3139         
      0     0    82403.8596   497                   Cuts: 146     3248         
      0     0    82392.6308   490                    Cuts: 96     3328         
      0     0    82388.7471   467                    Cuts: 90     3375         
      0     0    82388.7471   458                    Cuts: 60     3409         
      0     0    82387.4613   447                    Cuts: 60     3454         
      0     0    82387.4613   441                    Cuts: 54     3490         
      0     0    82387.4613   448                    Cuts: 39     3516         
Repair heuristic found nothing.
      0     5    76707.3906   440                 Impl Bds: 3     3536         
Elapsed time = 10.22 sec. (6680.50 ticks, tree = 0.02 MB, solutions = 0)
    316    81    65471.8587   404                  80579.6102     4407         
    663   282    64790.7754   386                  80579.6102    10819         
   1041   508    61652.8623   353                  80579.6102    19584         
   1406   656    55250.1350   353                  80579.6102    23514         
   1758  1000    infeasible                        80579.6102    28440         
   2347  1315    35224.0096   298                  80579.6102    31008         
   3116  1796    51661.0025   322                  80579.6102    33523         
   3753  2413    51661.0025   312                  80579.6102    35222         
   4279  2786    37967.1459   266                  80579.6102    35640         
   7684  4988    51661.0025   274                  80579.6102    38120         
Elapsed time = 19.08 sec. (9788.71 ticks, tree = 38.60 MB, solutions = 2)
*  7905+ 3764                        44488.4352    80579.6102            81.12%
   9877  1888    57213.4441   341    53047.9682    80188.3888    46945   51.16%
  10165  2563        cutoff          53047.9682    80188.3888    58817   51.16%
  11373   154    54448.3580    77    53047.9682    79934.3782    67695   50.68%
  11888   675    53255.0372    86    53047.9682    78482.5249    76214   47.95%
  13866  1696    57813.7599    75    53047.9682    73619.8600    87220   38.78%
  16173  3566    53803.0954    67    53047.9682    72190.5469   106256   36.09%
  18283  4476    53061.7871    67    53047.9682    69143.8379   118991   30.34%
  20704  5429    55032.2539    79    53047.9682    62659.5384   139342   18.12%
  23097  6324    58855.5853    66    53047.9682    60384.9562   149821   13.83%
Elapsed time = 48.22 sec. (22369.17 ticks, tree = 55.39 MB, solutions = 5)
  25366  8270    55586.1381    66    53047.9682    59891.5713   167138   12.90%
  25988  9340    53325.8945    84    53047.9682    59427.0362   179581   12.03%
  27164  9389    54638.1946    54    53047.9682    59427.0362   180275   12.03%
  29395  9660    54720.1491    61    53047.9682    59427.0362   184048   12.03%
  31378 10045    55601.9742    71    53047.9682    59427.0362   188087   12.03%
  33234 12099    55586.1381    69    53047.9682    59427.0362   218283   12.03%
  34950 12603    56336.7882    62    53047.9682    59427.0362   223015   12.03%
  36570 13473    53962.8008    14    53047.9682    59427.0362   235781   12.03%
  38023 14944    54053.4186    72    53047.9682    59427.0362   254022   12.03%
  39389 15660    53193.1531    51    53047.9682    59427.0362   263122   12.03%
Elapsed time = 72.61 sec. (31916.62 ticks, tree = 144.59 MB, solutions = 5)
  40573 13487    53962.8008    12    55990.1719    58551.2284   236060    4.57%
  41314 15960        cutoff          55990.1719    58263.5530   265879    4.06%
  41822 16287    56993.3276    47    55990.1719    58263.5530   269543    4.06%
  42201  3417    56954.1764    42    55990.1719    58263.5530   295732    4.06%
  42612  3334    56472.1773    57    55990.1719    57602.4706   289723    2.88%
  43019  3500    56033.9949     7    55990.1719    57602.4706   302057    2.88%
  43275 14302    54827.5692    13    55990.1719    57602.4706   243835    2.88%
  43493  3432        cutoff          55990.1719    57472.1908   304155    2.65%
  43755  3471        cutoff          55990.1719    57472.1908   295859    2.65%
  43929  3670    56269.8243    16    55990.1719    57472.1908   316115    2.65%
Elapsed time = 89.70 sec. (41482.26 ticks, tree = 26.76 MB, solutions = 7)
  44153  3192    56093.4308    48    55990.1719    57472.1908   281631    2.65%
  44440  3901    56954.1764    12    55990.1719    57472.1908   321469    2.65%
  44630  3629    56954.1764    40    55990.1719    57472.1908   311574    2.65%
  44783 16106        cutoff          55990.1719    57472.1908   269014    2.65%
  44917  3503        cutoff          55990.1719    57472.1908   308323    2.65%
  45262  3596    56542.8422    69    55990.1719    57420.1186   310919    2.55%
  45519 16141        cutoff          55990.1719    57420.1186   268809    2.55%
  45658  3298    57015.5852    52    55990.1719    57420.1186   287639    2.55%
  45980  3698    56959.8512    13    55990.1719    57420.1186   318413    2.55%
  46400  3626    56954.2108    42    55990.1719    57420.1186   316417    2.55%
Elapsed time = 95.36 sec. (51089.09 ticks, tree = 26.26 MB, solutions = 7)
  46751  3653        cutoff          55990.1719    57420.1186   317498    2.55%
  47053  3628        cutoff          55990.1719    57420.1186   311769    2.55%
  47271  3377        cutoff          55990.1719    57420.1186   294932    2.55%
  47452  3646    56959.8512    18    55990.1719    57420.1186   311305    2.55%
  47586  3640    56959.8512    13    55990.1719    57107.5472   316615    2.00%
  47690  4682        cutoff          55990.1719    57107.5472   329135    2.00%
  47776  3971        cutoff          55990.1719    57107.5472   322323    2.00%
  47864  3914    56954.1764    13    55990.1719    57107.5472   321702    2.00%
  47962  3918    56954.1764    11    55990.1719    57107.5472   321995    2.00%
  48075  3809    56954.1764    40    55990.1719    57107.5472   320055    2.00%
Elapsed time = 99.23 sec. (60720.23 ticks, tree = 28.58 MB, solutions = 7)
  48205  4589    56954.1764    12    55990.1719    57107.5472   327880    2.00%
  48294  4428    56959.8512    12    55990.1719    57107.5472   326705    2.00%
  48360  4590        cutoff          55990.1719    57107.5472   328000    2.00%
  48430  4130        cutoff          55990.1719    57107.5472   323468    2.00%
  48498  4598    56954.2108    15    55990.1719    57107.5472   328518    2.00%
  48564  4592        cutoff          55990.1719    57107.5472   328082    2.00%
  48624  4599        cutoff          55990.1719    57107.5472   328457    2.00%
  48681  4697        cutoff          55990.1719    57107.5472   329902    2.00%
  48735  4630    56954.1764    12    55990.1719    57107.5472   328612    2.00%
  48791  4797        cutoff          55990.1719    57107.5472   330938    2.00%
Elapsed time = 100.39 sec. (70469.00 ticks, tree = 36.50 MB, solutions = 7)
  48839  4626        cutoff          55990.1719    57107.5472   328589    2.00%
  48891  4912    56954.1764    13    55990.1719    57107.5472   332063    2.00%
  48945  5002        cutoff          55990.1719    57107.5472   333477    2.00%
  48969  4985        cutoff          55990.1719    57107.5472   333190    2.00%

Clique cuts applied:  5
Cover cuts applied:  16
Implied bound cuts applied:  16
Flow cuts applied:  247
Mixed integer rounding cuts applied:  32
Gomory fractional cuts applied:  87

Root node processing (before b&c):
  Real time             =    9.69 sec. (6637.66 ticks)
Parallel b&c, 24 threads:
  Real time             =   91.42 sec. (69133.68 ticks)
  Sync time (average)   =    0.67 sec.
  Wait time (average)   =    0.08 sec.
                          ------------
Total (root+branch&cut) =  101.11 sec. (75771.34 ticks)

Solution pool: 7 solutions saved.

MIP - Deterministic time limit exceeded, integer feasible:  Objective =  5.5990171863e+04
Current MIP best bound =  5.7107547177e+04 (gap = 1117.38, 2.00%)
Solution time =  101.13 sec.  Iterations = 345349  Nodes = 48984 (5510)
Deterministic time = 75771.49 ticks  (749.29 ticks/sec)


Incumbent solution written to file 'C:\Users\Luke\Desktop\competitiveMPEC_1.16\logs\tmpuapry3nz.cplex.sol'.
