
Log started (V12.9.0.0) Wed Sep 23 00:21:50 2020

New value for parallel optimization mode: -1
New value for mixed integer optimality gap tolerance: 0.01
New value for integrality tolerance: 1e-09
New value for feasibility tolerance: 0.01
New value for deterministic time limit in ticks: 75000

Problem 'C:\Users\llavin\Desktop\test919\logs\tmpex8onkrf.pyomo.lp' read.
Read time = 0.25 sec. (14.78 ticks)

Problem name         : C:\Users\llavin\Desktop\test919\logs\tmpex8onkrf.pyomo.lp
Objective sense      : Maximize
Variables            :   53805  [Nneg: 1,  Box: 22000,  Free: 4464,
                                 Binary: 27340]
Objective nonzeros   :    8980
Linear constraints   :  123205  [Less: 41346,  Greater: 59096,  Equal: 22763]
  Nonzeros           :  291801
  RHS nonzeros       :   67491

Variables            : Min LB: -5000.000        Max UB: 1000000.       
Objective nonzeros   : Min   : 0.07500000       Max   : 822.4500       
Linear constraints   :
  Nonzeros           : Min   : 0.07500000       Max   : 1000000.       
  RHS nonzeros       : Min   : 0.07500000       Max   : 1000000.       
CPXPARAM_Parallel                                -1
CPXPARAM_Simplex_Tolerances_Feasibility          0.01
CPXPARAM_DetTimeLimit                            75000
CPXPARAM_MIP_Tolerances_MIPGap                   0.01
CPXPARAM_MIP_Tolerances_Integrality              1.0000000000000001e-09
Tried aggregator 3 times.
MIP Presolve eliminated 88678 rows and 18978 columns.
MIP Presolve added 3395 rows and 0 columns.
MIP Presolve modified 24896 coefficients.
Aggregator did 12996 substitutions.
Reduced MIP has 24926 rows, 21275 columns, and 71132 nonzeros.
Reduced MIP has 8399 binaries, 0 generals, 0 SOSs, and 0 indicators.
Presolve time = 0.30 sec. (173.64 ticks)
Probing fixed 370 vars, tightened 2809 bounds.
Probing time = 1.17 sec. (868.61 ticks)
Tried aggregator 2 times.
MIP Presolve eliminated 834 rows and 742 columns.
MIP Presolve modified 2192 coefficients.
Aggregator did 44 substitutions.
Reduced MIP has 24048 rows, 20489 columns, and 68590 nonzeros.
Reduced MIP has 8028 binaries, 0 generals, 0 SOSs, and 0 indicators.
Presolve time = 0.09 sec. (66.93 ticks)
Probing fixed 0 vars, tightened 1 bounds.
Probing time = 0.05 sec. (20.85 ticks)
Clique table members: 6451.
MIP emphasis: balance optimality and feasibility.
MIP search method: dynamic search.
Parallel mode: opportunistic, using up to 32 threads.
Root relaxation solution time = 0.63 sec. (639.08 ticks)

        Nodes                                         Cuts/
   Node  Left     Objective  IInf  Best Integer    Best Bound    ItCnt     Gap

      0     0     7965.0732   789                   7965.0732     7133         
      0     0     7965.0732    14                    Cuts: 23     7141         
      0     0     7965.0732    13                     Cuts: 5     7143         
*     0+    0                         7961.4153     7965.0732             0.05%

Implied bound cuts applied:  2
Flow cuts applied:  6
Mixed integer rounding cuts applied:  3
Gomory fractional cuts applied:  6

Root node processing (before b&c):
  Real time             =    6.98 sec. (5103.76 ticks)
Parallel b&c, 32 threads:
  Real time             =    0.00 sec. (0.00 ticks)
  Sync time (average)   =    0.00 sec.
  Wait time (average)   =    0.00 sec.
                          ------------
Total (root+branch&cut) =    6.98 sec. (5103.76 ticks)

Solution pool: 1 solution saved.

MIP - Integer optimal, tolerance (0.01/1e-06):  Objective =  7.9614152820e+03
Current MIP best bound =  7.9650731909e+03 (gap = 3.65791, 0.05%)
Solution time =    7.00 sec.  Iterations = 7143  Nodes = 0 (1)
Deterministic time = 5103.91 ticks  (729.13 ticks/sec)


Incumbent solution written to file 'C:\Users\llavin\Desktop\test919\logs\tmp893dd5i7.cplex.sol'.
