
Log started (V12.9.0.0) Mon Jan 25 09:49:56 2021

New value for parallel optimization mode: -1
New value for mixed integer optimality gap tolerance: 0.01
New value for feasibility tolerance: 0.0001
New value for deterministic time limit in ticks: 100000

Problem 'C:\Users\Luke\Desktop\competitiveMPEC_1.16\logs\tmpfmhdncv1.pyomo.lp' read.
Read time = 0.17 sec. (13.71 ticks)
MIP start file 'C:\Users\Luke\Desktop\competitiveMPEC_1.16\logs\tmpsgmprti_.cplex.mst' read.

Problem name         : C:\Users\Luke\Desktop\competitiveMPEC_1.16\logs\tmpfmhdncv1.pyomo.lp
Objective sense      : Maximize
Variables            :   53321  [Nneg: 25,  Box: 21806,  Free: 4392,
                                 Binary: 27098]
Objective nonzeros   :    8956
Linear constraints   :  122164  [Less: 40935,  Greater: 58612,  Equal: 22617]
  Nonzeros           :  288505
  RHS nonzeros       :   66975

Variables            : Min LB: -5000.000        Max UB: 5000.000       
Objective nonzeros   : Min   : 0.07500000       Max   : 780.8000       
Linear constraints   :
  Nonzeros           : Min   : 0.07500000       Max   : 2910000.       
  RHS nonzeros       : Min   : 0.07500000       Max   : 3000000.       
CPXPARAM_Parallel                                -1
CPXPARAM_Simplex_Tolerances_Feasibility          0.0001
CPXPARAM_DetTimeLimit                            100000
CPXPARAM_MIP_Tolerances_MIPGap                   0.01
Warning:  No solution found from 1 MIP starts.
Retaining values of one MIP start for possible repair.
Tried aggregator 3 times.
MIP Presolve eliminated 88127 rows and 19006 columns.
MIP Presolve added 3347 rows and 0 columns.
MIP Presolve modified 24514 coefficients.
Aggregator did 12835 substitutions.
Reduced MIP has 24549 rows, 20924 columns, and 68690 nonzeros.
Reduced MIP has 8285 binaries, 0 generals, 0 SOSs, and 0 indicators.
Presolve time = 0.22 sec. (166.09 ticks)
Probing fixed 424 vars, tightened 6050 bounds.
Probing time = 0.06 sec. (20.74 ticks)
Tried aggregator 2 times.
MIP Presolve eliminated 947 rows and 853 columns.
MIP Presolve modified 3005 coefficients.
Aggregator did 43 substitutions.
Reduced MIP has 23559 rows, 20028 columns, and 65809 nonzeros.
Reduced MIP has 7859 binaries, 0 generals, 0 SOSs, and 0 indicators.
Presolve time = 0.11 sec. (87.45 ticks)
Probing fixed 0 vars, tightened 203 bounds.
Probing time = 0.08 sec. (21.20 ticks)
Clique table members: 38629.
MIP emphasis: balance optimality and feasibility.
MIP search method: dynamic search.
Parallel mode: opportunistic, using up to 24 threads.
Root relaxation solution time = 0.48 sec. (748.54 ticks)

        Nodes                                         Cuts/
   Node  Left     Objective  IInf  Best Integer    Best Bound    ItCnt     Gap

      0     0    98945.4883   290                  98945.4883     6242         
      0     0    97829.7428   216                   Cuts: 376     6425         
      0     0    97741.2572   188                   Cuts: 143     6510         
      0     0    97740.8816   163                   Cuts: 110     6567         
      0     0    97740.8725   156                    Cuts: 64     6601         
      0     0    97740.8545   147                    Cuts: 59     6622         
      0     0    97740.8185   138                    Cuts: 55     6648         
      0     0    97740.8005   139                    Cuts: 19     6657         
      0     0    97740.7874   139                    Cuts: 16     6673         
Repair heuristic found nothing.
      0    21    88992.3989   126                     Cuts: 4     6841         
Elapsed time = 6.61 sec. (4469.54 ticks, tree = 0.02 MB, solutions = 0)
    252   100    91936.8791   101                  97469.9585     7966         
    461   302    95626.7395    93                  97469.9585    10779         
    836   690    49801.7604   154                  97469.9585    15964         
   1264   729    93772.9024    97                  97469.9585    16732         
   1582  1227    infeasible                        97469.9585    24521         
   2096  1523    55798.2181    44                  97469.9585    33734         
   2560  1628    72105.7462    56                  97469.9585    35550         
   3097  1998    85531.2219    45                  97469.9585    42730         
   3659  2202    infeasible                        97469.9585    59550         

Clique cuts applied:  52
Cover cuts applied:  7
Implied bound cuts applied:  1
Flow cuts applied:  276
Mixed integer rounding cuts applied:  22
Gomory fractional cuts applied:  25

Root node processing (before b&c):
  Real time             =    6.02 sec. (4420.86 ticks)
Parallel b&c, 24 threads:
  Real time             =    7.47 sec. (2843.82 ticks)
  Sync time (average)   =    0.22 sec.
  Wait time (average)   =    0.00 sec.
                          ------------
Total (root+branch&cut) =   13.48 sec. (7264.68 ticks)


MIP - Aborted, no integer solution.
Current MIP best bound =  9.7469958533e+04 (gap is infinite)
Solution time =   13.48 sec.  Iterations = 93606  Nodes = 4476 (2652)
Deterministic time = 7264.84 ticks  (538.73 ticks/sec)


CPLEX Error  1217: No solution exists.
No file written.
