
Log started (V12.9.0.0) Tue Jan 26 16:20:35 2021

New value for parallel optimization mode: -1
New value for mixed integer optimality gap tolerance: 0.01
New value for feasibility tolerance: 1e-05
New value for deterministic time limit in ticks: 150000

Problem 'C:\Users\Luke\Desktop\competitiveMPEC_1.16\logs\tmp8sd2bnyp.pyomo.lp' read.
Read time = 0.19 sec. (13.86 ticks)
MIP start file 'C:\Users\Luke\Desktop\competitiveMPEC_1.16\logs\tmps9ryt2ye.cplex.mst' read.

Problem name         : C:\Users\Luke\Desktop\competitiveMPEC_1.16\logs\tmp8sd2bnyp.pyomo.lp
Objective sense      : Maximize
Variables            :   53321  [Nneg: 49,  Box: 21806,  Free: 4368,
                                 Binary: 27098]
Objective nonzeros   :    8979
Linear constraints   :  122164  [Less: 40983,  Greater: 58612,  Equal: 22569]
  Nonzeros           :  288504
  RHS nonzeros       :   66981

Variables            : Min LB: -5000.000        Max UB: 5000.000       
Objective nonzeros   : Min   : 0.1000000        Max   : 845.7000       
Linear constraints   :
  Nonzeros           : Min   : 0.1000000        Max   : 2910000.       
  RHS nonzeros       : Min   : 0.1000000        Max   : 3000000.       
CPXPARAM_Parallel                                -1
CPXPARAM_Simplex_Tolerances_Feasibility          1.0000000000000001e-05
CPXPARAM_DetTimeLimit                            150000
CPXPARAM_MIP_Tolerances_MIPGap                   0.01
Warning:  No solution found from 1 MIP starts.
Retaining values of one MIP start for possible repair.
Tried aggregator 3 times.
MIP Presolve eliminated 88042 rows and 18898 columns.
MIP Presolve added 3353 rows and 0 columns.
MIP Presolve modified 24502 coefficients.
Aggregator did 12844 substitutions.
Reduced MIP has 24631 rows, 21023 columns, and 69005 nonzeros.
Reduced MIP has 8305 binaries, 0 generals, 0 SOSs, and 0 indicators.
Presolve time = 0.22 sec. (166.16 ticks)
Probing fixed 419 vars, tightened 5653 bounds.
Probing time = 0.06 sec. (20.94 ticks)
Tried aggregator 2 times.
MIP Presolve eliminated 944 rows and 846 columns.
MIP Presolve modified 3010 coefficients.
Aggregator did 42 substitutions.
Reduced MIP has 23645 rows, 20135 columns, and 66135 nonzeros.
Reduced MIP has 7883 binaries, 0 generals, 0 SOSs, and 0 indicators.
Presolve time = 0.09 sec. (92.29 ticks)
Probing fixed 0 vars, tightened 216 bounds.
Probing time = 0.08 sec. (21.83 ticks)
Clique table members: 38614.
MIP emphasis: balance optimality and feasibility.
MIP search method: dynamic search.
Parallel mode: opportunistic, using up to 24 threads.
Root relaxation solution time = 0.33 sec. (514.94 ticks)

        Nodes                                         Cuts/
   Node  Left     Objective  IInf  Best Integer    Best Bound    ItCnt     Gap

      0     0      -41.3939    36                    -41.3939     5198         
      0     0      -41.3939     2                    Cuts: 19     5205         
      0     0      -41.3939     4                     Cuts: 2     5208         
Repair heuristic found nothing.
      0     5    infeasible                          -55.0907     5233         
Elapsed time = 3.75 sec. (2557.84 ticks, tree = 0.02 MB, solutions = 0)
*     7+   19                        -4707.3602     -135.8159            97.11%
*   232+   17                        -4707.3601     -135.8159            97.11%
    378   245     -422.8419     1    -4707.3601     -153.7264     7935   96.73%
    939   297    -1087.7879     5    -4707.3601     -153.7428     8106   96.73%
   1289   591     -934.7209     4    -4707.3601     -153.7428    10047   96.73%
   1929   969     -640.2505     4    -4707.3601     -156.4896    13029   96.68%
   2604  1244     -874.3809     7    -4707.3601     -228.3199    15348   95.15%
   3273  1611     -553.6177     4    -4707.3601     -228.3199    18065   95.15%
   3855  2329    -3547.2252    13    -4707.3601     -228.3199    23203   95.15%
   4415  2485     -277.5824     6    -4707.3601     -241.9931    24449   94.86%
   5188  3665    infeasible          -4707.3601     -277.5824    39418   94.10%
Elapsed time = 12.52 sec. (6406.53 ticks, tree = 33.20 MB, solutions = 2)
   5915   387    -4006.9896    15    -4707.3601     -355.4227    43777   92.45%
   8634  1455    -2138.8973    14    -4707.3601     -355.4227    51470   92.45%
  10588  3411     -918.7909    20    -1569.1548     -449.2073    67674   71.37%
  12861  4478    -1310.6346    22    -1569.1548     -449.2073    72234   71.37%
  16535  6800    -1295.1811    25    -1569.1548     -454.1602    80919   71.06%
  19213  8459     -518.9289    21    -1569.1548     -454.1602    86932   71.06%
  20091 11778     -465.4999    21    -1569.1548     -454.1602   100313   71.06%
  24380 12080     -480.0119    21    -1569.1548     -454.1602   101500   71.06%
  28623 16444     -515.6153    22    -1569.1548     -465.4999   118823   70.33%
  32545 21242    -1257.2728    22    -1569.1548     -465.4999   135921   70.33%
Elapsed time = 38.09 sec. (15951.12 ticks, tree = 143.22 MB, solutions = 3)
  35477 22021     -485.0862    21    -1569.1548     -465.4999   138624   70.33%
  36358 26041    -1013.3549    24    -1569.1548     -465.4999   153001   70.33%
  40003 26569     -485.3567    29    -1569.1548     -465.4999   155033   70.33%
  44751 31280     -567.3413    20    -1569.1548     -467.3234   171696   70.22%
  48909 31958    infeasible          -1569.1548     -468.3793   174263   70.15%
  52716 37547     -560.0529    26    -1569.1548     -468.3793   194521   70.15%
  55493 39767     -485.0862    21    -1569.1548     -468.3793   202745   70.15%
  55744 43406    infeasible          -1569.1548     -468.3793   219008   70.15%
  56938   463     -677.1815    26    -1569.1548     -468.3793   229512   70.15%
  61385  2264     -567.3413    24    -1569.1548     -468.3793   241663   70.15%
Elapsed time = 60.98 sec. (26629.98 ticks, tree = 7.01 MB, solutions = 3)
  67561  7400        cutoff          -1569.1548     -468.3793   269114   70.15%
  73731 11719     -567.3413    29    -1569.1548     -468.6062   294356   70.14%
  79370 18740     -567.3413    24    -1569.1548     -495.6607   334871   68.41%
  85585 23218     -567.3413    30    -1569.1548     -495.6607   360544   68.41%
  91780 27064     -548.7710    24    -1569.1548     -495.6607   382558   68.41%
  97940 32691     -551.9267    24    -1569.1548     -495.6607   415335   68.41%
 103608 37264     -548.7710    24    -1569.1548     -499.3353   444137   68.18%
 109767 44008     -567.3413    24    -1569.1548     -499.3353   484255   68.18%
 116021 48418     -567.3413    24    -1569.1548     -499.3353   508990   68.18%
 121809 54941     -567.3413    24    -1569.1548     -499.3353   546022   68.18%
Elapsed time = 81.50 sec. (36168.01 ticks, tree = 214.21 MB, solutions = 3)
 127767 57088     -553.9665    25    -1569.1548     -506.1984   559553   67.74%
 134110 62375     -518.9289    23    -1569.1548     -506.1984   591814   67.74%
 140452 66940     -567.3413    27    -1569.1548     -506.1984   618539   67.74%
 146634 72759     -553.9665    25    -1569.1548     -506.1984   652381   67.74%
 152084 78187     -551.9267    24    -1569.1548     -506.1984   682631   67.74%
 157478 87073     -553.9665    29    -1569.1548     -506.1984   731392   67.74%
 162839 90071     -518.9289    23    -1569.1548     -506.1984   748047   67.74%
 168456 93736     -518.9289    23    -1569.1548     -506.1984   766619   67.74%
 175129 95725     -551.9267    24    -1569.1548     -506.1984   776792   67.74%
 181656 109302     -551.9267    25    -1569.1548     -506.1984   844492   67.74%
Elapsed time = 102.16 sec. (45706.09 ticks, tree = 428.49 MB, solutions = 3)
 188233 106003     -551.9267    24    -1569.1548     -506.1984   828135   67.74%
 193929 117123     -548.7710    24    -1569.1548     -506.1984   880963   67.74%
 199685 121274     -548.7710    24    -1569.1548     -506.1984   899951   67.74%
 206578 127320     -551.9267    24    -1569.1548     -506.1984   927965   67.74%
 213529 133431     -553.9665    30    -1569.1548     -506.9776   953266   67.69%
 220551 137055     -551.9267    27    -1569.1548     -506.9776   967002   67.69%
 227246 152048     -553.9665    25    -1569.1548     -506.9776  1024239   67.69%
 233290 148122     -553.9665    26    -1569.1548     -511.3158  1008848   67.41%
 240299 153233     -553.9665    25    -1569.1548     -518.9289  1028640   66.93%
 247449 160911     -551.9267    24    -1569.1548     -518.9289  1057179   66.93%
Elapsed time = 122.14 sec. (55243.98 ticks, tree = 637.68 MB, solutions = 3)
 254583 167391     -551.9267    27    -1569.1548     -518.9289  1080689   66.93%
 261227 174865     -553.9665    25    -1569.1548     -518.9289  1111823   66.93%
 267242 182025     -553.9665    29    -1569.1548     -518.9289  1145855   66.93%
 273584 185188     -551.9267    25    -1569.1548     -518.9289  1161065   66.93%
 280561 185312     -551.9267    27    -1569.1548     -518.9289  1161569   66.93%
 287451 193682     -551.9267    24    -1569.1548     -518.9289  1200612   66.93%
 294461 204041        cutoff          -1569.1548     -518.9289  1248903   66.93%
 301106 205014     -551.9267    27    -1569.1548     -518.9289  1253250   66.93%
 307114 213511     -553.9665    26    -1569.1548     -518.9289  1288311   66.93%
 313799 216522     -553.9665    25    -1569.1548     -518.9289  1299330   66.93%
Elapsed time = 143.84 sec. (64781.28 ticks, tree = 860.07 MB, solutions = 3)
 320925 224066     -551.9267    24    -1569.1548     -518.9289  1330796   66.93%
 327940 227239     -551.9267    24    -1569.1548     -518.9289  1342720   66.93%
 334942 238048     -551.9267    27    -1569.1548     -518.9289  1383221   66.93%
 341369 241100     -551.9267    24    -1569.1548     -518.9289  1394793   66.93%
 347467 245890     -553.9665    25    -1569.1548     -518.9289  1412821   66.93%
 354371 253328     -553.9665    30    -1569.1548     -518.9289  1441274   66.93%
 361525 260972     -551.9267    24    -1569.1548     -518.9289  1471249   66.93%
 368640 266009     -551.9267    27    -1569.1548     -518.9289  1490190   66.93%
 375293 278179     -551.9267    24    -1569.1548     -518.9289  1534953   66.93%
 381313 282871     -551.9267    24    -1569.1548     -518.9289  1552204   66.93%
Elapsed time = 165.88 sec. (74319.60 ticks, tree = 1128.44 MB, solutions = 3)
 387868 283097     -553.9665    26    -1569.1548     -518.9289  1553129   66.93%
 394987 291412     -551.9267    27    -1569.1548     -518.9289  1585430   66.93%
 402123 300531     -551.9267    24    -1569.1548     -518.9289  1619264   66.93%
 409258 307163     -551.9267    24    -1569.1548     -518.9289  1643552   66.93%
 416110 306611     -551.9267    28    -1569.1548     -518.9289  1641467   66.93%
 421994 314145        cutoff          -1569.1548     -518.9289  1669363   66.93%
 428471 320129     -551.9267    24    -1569.1548     -518.9289  1693502   66.93%
 435676 327698     -553.9665    25    -1569.1548     -518.9289  1723618   66.93%
 442843 332222     -551.9267    27    -1569.1548     -518.9289  1740868   66.93%
 449806 338693     -548.7710    24    -1569.1548     -518.9289  1765047   66.93%
Elapsed time = 188.09 sec. (83858.32 ticks, tree = 1353.19 MB, solutions = 3)
 456475 345599     -551.9267    27    -1569.1548     -518.9289  1790579   66.93%
 462522 353799     -553.9665    26    -1569.1548     -518.9289  1820832   66.93%
 468649 360313     -553.9665    30    -1569.1548     -518.9289  1846274   66.93%
 475476 357353        cutoff          -1569.1548     -518.9289  1834772   66.93%
 482514 371052     -551.9267    30    -1569.1548     -518.9289  1889971   66.93%
 489760 375677     -551.9267    27    -1569.1548     -518.9289  1907067   66.93%
 496869 382089     -551.9267    27    -1569.1548     -518.9289  1931040   66.93%
 503885 387276        cutoff          -1569.1548     -518.9289  1950460   66.93%
 510373 390373     -551.9267    24    -1569.1548     -518.9289  1962292   66.93%
 537167 411502     -551.9267    24    -1569.1548     -518.9289  2042514   66.93%
Elapsed time = 222.11 sec. (96256.75 ticks, tree = 1645.97 MB, solutions = 3)
 563227 455132     -551.9267    27    -1569.1548     -518.9289  2213162   66.93%
 590806 476711     -553.9665    28    -1569.1548     -518.9289  2295805   66.93%
 613833 484497    infeasible          -1569.1548     -518.9289  2329924   66.93%

Cover cuts applied:  9
Implied bound cuts applied:  28
Flow cuts applied:  2
Mixed integer rounding cuts applied:  2
Gomory fractional cuts applied:  2

Root node processing (before b&c):
  Real time             =    3.50 sec. (2553.83 ticks)
Parallel b&c, 24 threads:
  Real time             =  247.48 sec. (106301.78 ticks)
  Sync time (average)   =    0.92 sec.
  Wait time (average)   =    0.13 sec.
                          ------------
Total (root+branch&cut) =  250.98 sec. (108855.61 ticks)

Solution pool: 3 solutions saved.

MIP - Aborted, integer feasible:  Objective = -1.5691548152e+03
Current MIP best bound = -5.1892890372e+02 (gap = 1050.23, 66.93%)
Solution time =  250.98 sec.  Iterations = 2368829  Nodes = 614830 (493909)
Deterministic time = 108855.76 ticks  (433.72 ticks/sec)


Incumbent solution written to file 'C:\Users\Luke\Desktop\competitiveMPEC_1.16\logs\tmpyuy75g4i.cplex.sol'.
