
Log started (V12.9.0.0) Tue Jan 26 16:02:47 2021

New value for parallel optimization mode: -1
New value for mixed integer optimality gap tolerance: 0.01
New value for feasibility tolerance: 1e-05
New value for deterministic time limit in ticks: 150000

Problem 'C:\Users\Luke\Desktop\competitiveMPEC_1.16\logs\tmp4hqq4ygl.pyomo.lp' read.
Read time = 0.19 sec. (13.86 ticks)

Problem name         : C:\Users\Luke\Desktop\competitiveMPEC_1.16\logs\tmp4hqq4ygl.pyomo.lp
Objective sense      : Maximize
Variables            :   53321  [Nneg: 49,  Box: 21806,  Free: 4368,
                                 Binary: 27098]
Objective nonzeros   :    8961
Linear constraints   :  122164  [Less: 40983,  Greater: 58612,  Equal: 22569]
  Nonzeros           :  288486
  RHS nonzeros       :   66963

Variables            : Min LB: -5000.000        Max UB: 5000.000       
Objective nonzeros   : Min   : 0.1000000        Max   : 774.9000       
Linear constraints   :
  Nonzeros           : Min   : 0.1000000        Max   : 2910000.       
  RHS nonzeros       : Min   : 0.1000000        Max   : 3000000.       
CPXPARAM_Parallel                                -1
CPXPARAM_Simplex_Tolerances_Feasibility          1.0000000000000001e-05
CPXPARAM_DetTimeLimit                            150000
CPXPARAM_MIP_Tolerances_MIPGap                   0.01
Tried aggregator 3 times.
MIP Presolve eliminated 88137 rows and 18985 columns.
MIP Presolve added 3335 rows and 0 columns.
MIP Presolve modified 24464 coefficients.
Aggregator did 12842 substitutions.
Reduced MIP has 24520 rows, 20930 columns, and 68701 nonzeros.
Reduced MIP has 8267 binaries, 0 generals, 0 SOSs, and 0 indicators.
Presolve time = 0.23 sec. (169.86 ticks)
Probing fixed 432 vars, tightened 5886 bounds.
Probing time = 0.06 sec. (20.62 ticks)
Tried aggregator 2 times.
MIP Presolve eliminated 967 rows and 869 columns.
MIP Presolve modified 2992 coefficients.
Aggregator did 42 substitutions.
Reduced MIP has 23511 rows, 20019 columns, and 65768 nonzeros.
Reduced MIP has 7833 binaries, 0 generals, 0 SOSs, and 0 indicators.
Presolve time = 0.11 sec. (90.62 ticks)
Probing fixed 0 vars, tightened 216 bounds.
Probing time = 0.08 sec. (21.53 ticks)
Clique table members: 38587.
MIP emphasis: balance optimality and feasibility.
MIP search method: dynamic search.
Parallel mode: opportunistic, using up to 24 threads.
Root relaxation solution time = 0.39 sec. (615.33 ticks)

        Nodes                                         Cuts/
   Node  Left     Objective  IInf  Best Integer    Best Bound    ItCnt     Gap

      0     0    22377.6698   147                  22377.6698     5779         
      0     0    22326.0523    39                   Cuts: 125     5844         
      0     0    22310.0338    34                    Cuts: 17     5865         
      0     0    22304.0965    36                 Flowcuts: 8     5884         
      0     0    22304.0965    36                    Cuts: 11     5887         
      0     0    22287.4663    30                 LiftProj: 1     5889         
      0     0    22287.4663    35                     Cuts: 6     5892         
      0    25    17158.0804    41                     Cuts: 3     6380         
Elapsed time = 5.28 sec. (3628.00 ticks, tree = 0.02 MB, solutions = 0)
    450    76    19491.4588    54                  21801.0644     7149         
    928   359    infeasible                        21801.0644    12040         
   1249   756    20262.2031    28                  21764.4634    28042         
   1710  1094  -147435.1329    55                  21764.4634    46118         
   2177  1160  -142317.3382    67                  21764.4634    50546         
   2667  1345   -12259.8850    23                  21737.0617    61585         
   3181  1464  -152183.8200    56                  21736.8740    69921         
   3727  1582    20765.3108    18                  21736.8740    75458         
   4213  1899    infeasible                        21705.8618    94183         
   6190  2893    20637.0427    29                  21617.6762   156224         
Elapsed time = 13.86 sec. (6735.80 ticks, tree = 47.33 MB, solutions = 0)
   7821  4294    14237.7232    56                  21581.7033   210786         
   8483   163    20894.5783    38                  21581.7033   214666         
   9459  1043    13103.0500     7                  21581.7033   226625         
  11042  1773    18027.1037    20                  21581.7033   244619         
  13425  2618    infeasible                        21581.7033   264881         
  15711  4023    20770.8098    74                  21581.7033   291452         
  17828  5384    15298.3208    58                  21581.7033   331662         
  19695  6706    18986.2980    60                  21581.7033   369763         
  21657  7954    21306.9900    26                  21581.7033   404632         
  23409  8592    21026.0729    21                  21581.7033   416822         
Elapsed time = 50.34 sec. (20378.18 ticks, tree = 60.42 MB, solutions = 0)
  24777 10061    16016.2164    14                  21581.7033   447778         
  26786 10457    -6733.9549    77                  21581.7033   458256         
  29083 11722    21199.4131    29                  21581.7033   489396         
  31705 12465    infeasible                        21581.7033   516123         
  33651 13445      110.1985    22                  21581.7033   540236         
  35741 14634    21045.7658    33                  21581.7033   572343         
  38213 15290    infeasible                        21581.7033   593317         
  40728 15784    12842.9969    18                  21581.7033   608527         
  42685 17483    15830.8077    40                  21581.7033   651504         
  44039 18185     9830.2210    14                  21581.7033   665902         
Elapsed time = 79.61 sec. (29937.00 ticks, tree = 482.16 MB, solutions = 0)
  44059 19136    infeasible                        21079.0482   692418         
  44267    91    21058.8188    26                  21079.0482   696067         
  44602   215    20761.5495    20                  21079.0482   700285         
  45055   402    20762.7895    28                  21079.0482   716000         
  45672   530     9003.2246    37                  21069.0363   725717         
  46564   767    20083.3111    26                  20808.5875   735562         
  47605  1512    17253.8712    25                  20805.1944   754124         
  48897  1884    18617.4414    19                  20763.1085   761501         
  50081  2841    20325.7732    17                  20761.4978   779012         
  51130  4276    19102.6086    21                  20760.4224   809871         
Elapsed time = 110.41 sec. (43809.39 ticks, tree = 49.95 MB, solutions = 0)
  52415  4642    13256.2743    38                  20757.7873   824581         
  53984  5122    17817.8050     7                  20751.3613   838641         
  55221  6281    18361.4804    11                  20750.1113   869613         
  56464  7608    20701.1928    32                  20749.9200   914077         
  58061  7970    20281.7273    12                  20742.2382   921131         
  59711  8805    17451.3793    23                  20742.2382   940351         
  61323  9955    17829.4118    19                  20739.4567   965017         
  62853 10812    20668.5707    13                  20734.8276   981563         
  64500 12756    19391.0796    15                  20731.7194  1018647         
  65950 13161    19851.0753    22                  20726.9651  1025302         
Elapsed time = 164.55 sec. (53354.75 ticks, tree = 745.42 MB, solutions = 0)
  67070 13905    infeasible                        20723.8938  1038086         
  68007 16291    19125.7925    30                  20716.8770  1080074         
  69325 16138    20056.5309    24                  20712.6412  1077666         
  70900 16459    20458.0120    27                  20707.0142  1082124         
  72686 17905    18728.9748    33                  20701.1362  1106625         
  74550 19924    infeasible                        20701.1362  1137275         
  76487 23402    18309.4812    29                  20695.4367  1187746         
  78387 23296    18916.8659    31                  20692.7123  1185718         
  80298 24351    16330.8219    32                  20692.7123  1202657         
  82191 25115    18174.1440    29                  20689.6900  1213675         
Elapsed time = 223.06 sec. (62899.04 ticks, tree = 821.63 MB, solutions = 0)
  84014 27780    19806.4149    25                  20687.6713  1257816         
  85675 26747    17393.5360    33                  20687.6713  1238314         
  86777 28777    20030.0328    31                  20687.6713  1272742         
  87132 29358    20651.8838    26                  20687.6713  1282140         

Cover cuts applied:  138
Implied bound cuts applied:  69
Flow cuts applied:  64
Mixed integer rounding cuts applied:  14
Zero-half cuts applied:  1
Lift and project cuts applied:  4
Gomory fractional cuts applied:  20

Root node processing (before b&c):
  Real time             =    4.75 sec. (3585.14 ticks)
Parallel b&c, 24 threads:
  Real time             =  223.81 sec. (63537.48 ticks)
  Sync time (average)   =    1.66 sec.
  Wait time (average)   =    0.12 sec.
                          ------------
Total (root+branch&cut) =  228.56 sec. (67122.63 ticks)


MIP - Aborted, no integer solution.
Current MIP best bound =  2.0680685729e+04 (gap is infinite)
Solution time =  228.56 sec.  Iterations = 1327205  Nodes = 87167 (32183)
Deterministic time = 67122.78 ticks  (293.67 ticks/sec)


CPLEX Error  1217: No solution exists.
No file written.
