
Log started (V12.9.0.0) Sat Jan 16 22:22:07 2021

New value for parallel optimization mode: -1
New value for mixed integer optimality gap tolerance: 0.01
New value for deterministic time limit in ticks: 100000

Problem 'C:\Users\Luke\Desktop\competitiveMPEC_1.16\logs\tmpjg4247v1.pyomo.lp' read.
Read time = 0.22 sec. (14.75 ticks)
MIP start file 'C:\Users\Luke\Desktop\competitiveMPEC_1.16\logs\tmpldnj3by3.cplex.mst' read.

Problem name         : C:\Users\Luke\Desktop\competitiveMPEC_1.16\logs\tmpjg4247v1.pyomo.lp
Objective sense      : Maximize
Variables            :   54525  [Nneg: 1,  Box: 22720,  Free: 4464,
                                 Binary: 27340]
Objective nonzeros   :    9740
Linear constraints   :  123205  [Less: 41346,  Greater: 59096,  Equal: 22763]
  Nonzeros           :  291671
  RHS nonzeros       :   67457

Variables            : Min LB: -5000.000        Max UB: 5000.000       
Objective nonzeros   : Min   : 1.500000         Max   : 2500.000       
Linear constraints   :
  Nonzeros           : Min   : 0.8500000        Max   : 497500.0       
  RHS nonzeros       : Min   : 1.000000         Max   : 500000.0       
CPXPARAM_Parallel                                -1
CPXPARAM_DetTimeLimit                            100000
CPXPARAM_MIP_Tolerances_MIPGap                   0.01
Warning:  No solution found from 1 MIP starts.
Retaining values of one MIP start for possible repair.
Tried aggregator 3 times.
MIP Presolve eliminated 88838 rows and 19880 columns.
MIP Presolve added 3317 rows and 0 columns.
MIP Presolve modified 24708 coefficients.
Aggregator did 12955 substitutions.
Reduced MIP has 24729 rows, 21108 columns, and 70613 nonzeros.
Reduced MIP has 8352 binaries, 0 generals, 0 SOSs, and 0 indicators.
Presolve time = 0.23 sec. (168.23 ticks)
Probing fixed 424 vars, tightened 5668 bounds.
Probing time = 0.08 sec. (21.94 ticks)
Tried aggregator 2 times.
MIP Presolve eliminated 949 rows and 853 columns.
MIP Presolve modified 2986 coefficients.
Aggregator did 41 substitutions.
Reduced MIP has 23739 rows, 20214 columns, and 67734 nonzeros.
Reduced MIP has 7926 binaries, 0 generals, 0 SOSs, and 0 indicators.
Presolve time = 0.11 sec. (92.18 ticks)
Probing fixed 0 vars, tightened 190 bounds.
Probing time = 0.08 sec. (22.01 ticks)
Clique table members: 39495.
MIP emphasis: balance optimality and feasibility.
MIP search method: dynamic search.
Parallel mode: opportunistic, using up to 24 threads.
Root relaxation solution time = 0.48 sec. (631.79 ticks)

        Nodes                                         Cuts/
   Node  Left     Objective  IInf  Best Integer    Best Bound    ItCnt     Gap

      0     0   109987.7146   236                 109987.7146     6564         
      0     0   105733.8933   190                   Cuts: 242     6789         
      0     0   105007.6394   198                   Cuts: 247     7025         
      0     0   104915.9075   193                   Cuts: 136     7112         
      0     0   104907.3965   193                    Cuts: 70     7140         
      0     0   104907.3965   193                     Cuts: 8     7146         
      0     0   104907.3965   142                     Cuts: 7     7152         
      0     0   104907.3965   142                    Cuts: 34     7176         
Repair heuristic found nothing.
      0    15    infeasible                      Flowcuts: 10     7486         
Elapsed time = 6.41 sec. (4415.08 ticks, tree = 0.02 MB, solutions = 0)
    269    74    89187.8150    95                  96667.8937    11407         
    495   252    72835.9115   107                  96667.8937    21449         
    832   406    65952.0150    92                  96667.8937    29484         
   1178   758    69049.3970   108                  96667.8937    41693         
   1642   850    42848.9735    84                  96667.8937    48007         
   2072  1162    26318.1385    79                  96667.8937    63289         
   2434  1252    82151.0639   103                  94857.6111    69472         
   2878  1425    -7361.5880    60                  90465.8217    78464         
   3387  1808  -869718.6402   146                  90465.8217    93218         
   5113  3141    infeasible                        89269.4565   141688         
Elapsed time = 15.14 sec. (7523.24 ticks, tree = 24.13 MB, solutions = 0)
   6705  4008    78524.2084   112                  88362.2977   175620         
   8291  5088    infeasible                        87432.9782   228591         
   9897  5971    83226.9708   109                  85807.5969   270688         
  11696  7199    55446.9502   117                  85176.1108   332595         
  13451  8488    infeasible                        84666.3898   387166         
  15199  9724    30541.9384   112                  84047.3871   454899         
  17055 10549    72036.4438   127                  83786.4706   514602         
  18652 11460    42089.3655    95                  83786.4684   565203         
  20313 12330    66829.0778   158                  83092.2192   629133         
  21931 13774    79830.3486   150                  82978.9613   721595         
Elapsed time = 41.44 sec. (17064.87 ticks, tree = 109.51 MB, solutions = 0)
  23428 14461    infeasible                        82978.9613   776917         
  25105 15335    72115.3045   146                  82599.0270   833746         
  26639 16702    infeasible                        82156.7919   928308         
  28071 17466    infeasible                        82156.7919   980167         
  28965 18434    infeasible                        81505.1238  1065702         
  29337    81     4392.1652    26                  81505.1238  1069103         
  30108   375    73218.8196   147                  81505.1238  1080936         
  30661  1091    58752.5873   146                  81505.1238  1109987         
  32174  1233    23286.8008    70                  79738.9240  1115251         
  33967  2471    26442.1919    85                  78542.6798  1161865         
Elapsed time = 75.41 sec. (32956.47 ticks, tree = 19.33 MB, solutions = 0)
  35821  3453    31901.5157    93                  77912.6205  1194334         
  37593  5355    62179.8604   125                  77827.0599  1256278         
  39439  6189    infeasible                        77827.0599  1285255         
  40888  8021   -17478.4878    56                  77827.0599  1354117         
  42260  9063    30682.4534   123                  77827.0599  1393437         
  43883  9424    -3282.5920    57                  77827.0599  1409576         
  44560 11015    26395.2096   132                  77827.0599  1481674         
  45609 11472    21276.3962    46                  77827.0599  1499326         
  47200 12638    infeasible                        77827.0599  1545693         
  49024 12507    68512.7459   199                  77827.0599  1540635         
Elapsed time = 111.92 sec. (42499.99 ticks, tree = 97.09 MB, solutions = 0)
  50866 14401   -38504.0664    77                  77827.0599  1621472         
  52431 15334    45023.3442   160                  77827.0599  1660372         
  54084 17239    31811.7676   122                  77827.0599  1747034         
  55916 17406     -757.3981    19                  77827.0599  1755681         
  57871 18981   -18712.3199    31                  77827.0599  1816075         
  59614 21081    33908.2727   127                  77827.0599  1909445         
  61110 21286    33113.1050    73                  77827.0599  1919643         
  62846 23242     2225.4132    34                  77827.0599  1997131         
  64482 23676    -4274.8472    42                  77827.0599  2011682         
  65433 23829    38946.3795   134                  77827.0599  2024335         
Elapsed time = 125.41 sec. (52043.56 ticks, tree = 186.68 MB, solutions = 0)
  65532 25514    infeasible                        68643.8949  2118340         
  65666    48    34141.2521    75                  68643.8949  2121432         
  65883   147    -1472.0714    11                  68643.8949  2125196         
  66194   366    -8308.7909    12                  68643.8949  2138278         
  66583   350    29366.2418   107                  68643.8949  2137430         
  67007   548    43144.8765   134                  68643.8949  2151832         
  67305  1058    39286.5292   109                  68643.8949  2188831         
  68198  1529    36222.4680   149                  68643.8949  2220928         
  69422  1833    47124.4630   144                  68643.8949  2239908         
  70442  2309    55753.3753   145                  68643.8949  2272842         
Elapsed time = 158.02 sec. (67978.06 ticks, tree = 24.65 MB, solutions = 0)
  70802  3519    49242.7578   117                  68643.8949  2340661         
  71331  3744    infeasible                        68643.8949  2355966         
  72882  3841    57990.2072   166                  68643.8949  2360809         
  74051  4932     4909.2553   120                  68643.8949  2412601         
  74407  6130     3724.2447   123                  68643.8949  2478828         
  75131  6202    77686.5030   188                  68643.8949  2483326         
  76767  7152    infeasible                        68643.8949  2526463         
  78058  7218    52034.0514   159                  68643.8949  2529061         
  78469  8978    33873.9966   116                  68643.8949  2606234         
  79085  9328   -32641.8219    42                  68643.8949  2627262         
Elapsed time = 181.66 sec. (77524.29 ticks, tree = 81.45 MB, solutions = 0)
  80542  9384    20720.4717   149                  68643.8949  2630498         

Clique cuts applied:  2
Cover cuts applied:  174
Implied bound cuts applied:  19
Flow cuts applied:  183
Mixed integer rounding cuts applied:  17
Zero-half cuts applied:  8
Lift and project cuts applied:  1
Gomory fractional cuts applied:  26

Root node processing (before b&c):
  Real time             =    5.97 sec. (4404.08 ticks)
Parallel b&c, 24 threads:
  Real time             =  177.73 sec. (74921.60 ticks)
  Sync time (average)   =    1.97 sec.
  Wait time (average)   =    0.10 sec.
                          ------------
Total (root+branch&cut) =  183.70 sec. (79325.68 ticks)


MIP - Aborted, no integer solution.
Current MIP best bound =  6.8643894914e+04 (gap is infinite)
Solution time =  183.72 sec.  Iterations = 2713317  Nodes = 81149 (11197)
Deterministic time = 79325.84 ticks  (431.78 ticks/sec)


CPLEX Error  1217: No solution exists.
No file written.
