
Log started (V12.9.0.0) Mon Jan 25 12:30:29 2021

New value for parallel optimization mode: -1
New value for mixed integer optimality gap tolerance: 0.01
New value for feasibility tolerance: 1e-05
New value for deterministic time limit in ticks: 250000

Problem 'C:\Users\Luke\Desktop\competitiveMPEC_1.16\logs\tmpx3u9jsar.pyomo.lp' read.
Read time = 0.19 sec. (13.71 ticks)
MIP start file 'C:\Users\Luke\Desktop\competitiveMPEC_1.16\logs\tmpkp7pbhsn.cplex.mst' read.

Problem name         : C:\Users\Luke\Desktop\competitiveMPEC_1.16\logs\tmpx3u9jsar.pyomo.lp
Objective sense      : Maximize
Variables            :   53321  [Nneg: 49,  Box: 21806,  Free: 4368,
                                 Binary: 27098]
Objective nonzeros   :    8980
Linear constraints   :  122164  [Less: 40935,  Greater: 58612,  Equal: 22617]
  Nonzeros           :  288505
  RHS nonzeros       :   66959

Variables            : Min LB: -5000.000        Max UB: 5000.000       
Objective nonzeros   : Min   : 0.1750000        Max   : 772.4167       
Linear constraints   :
  Nonzeros           : Min   : 0.1750000        Max   : 2910000.       
  RHS nonzeros       : Min   : 0.1750000        Max   : 3000000.       
CPXPARAM_Parallel                                -1
CPXPARAM_Simplex_Tolerances_Feasibility          1.0000000000000001e-05
CPXPARAM_DetTimeLimit                            250000
CPXPARAM_MIP_Tolerances_MIPGap                   0.01
Warning:  No solution found from 1 MIP starts.
Retaining values of one MIP start for possible repair.
Tried aggregator 3 times.
MIP Presolve eliminated 88114 rows and 18994 columns.
MIP Presolve added 3372 rows and 0 columns.
MIP Presolve modified 24522 coefficients.
Aggregator did 12889 substitutions.
Reduced MIP has 24533 rows, 20882 columns, and 68665 nonzeros.
Reduced MIP has 8289 binaries, 0 generals, 0 SOSs, and 0 indicators.
Presolve time = 0.22 sec. (169.97 ticks)
Probing fixed 429 vars, tightened 3413 bounds.
Probing time = 0.06 sec. (18.79 ticks)
Tried aggregator 1 time.
MIP Presolve eliminated 986 rows and 867 columns.
MIP Presolve modified 1920 coefficients.
Reduced MIP has 23547 rows, 20015 columns, and 65801 nonzeros.
Reduced MIP has 7858 binaries, 0 generals, 0 SOSs, and 0 indicators.
Presolve time = 0.09 sec. (77.60 ticks)
Probing fixed 0 vars, tightened 761 bounds.
Probing time = 0.06 sec. (19.75 ticks)
Clique table members: 37318.
MIP emphasis: balance optimality and feasibility.
MIP search method: dynamic search.
Parallel mode: opportunistic, using up to 24 threads.
Root relaxation solution time = 0.39 sec. (553.30 ticks)

        Nodes                                         Cuts/
   Node  Left     Objective  IInf  Best Integer    Best Bound    ItCnt     Gap

      0     0     2564.9478   147                   2564.9478     6106         
      0     0     2564.9478    33                    Cuts: 72     6168         
      0     0     2560.2071    33                    Cuts: 66     6243         
      0     0     2559.4129    38                    Cuts: 55     6346         
      0     0     2558.3362    34                    Cuts: 67     6431         
      0     0     2512.0273    42                    Cuts: 51     6542         
      0     0     2506.7221    38                    Cuts: 59     6598         
      0     0     2506.7221    35                    Cuts: 30     6639         
      0     0     2506.7221    31                     Cuts: 8     6692         
Repair heuristic found nothing.
      0     3    infeasible                          Cuts: 10     6892         
Elapsed time = 6.97 sec. (4502.92 ticks, tree = 0.02 MB, solutions = 0)
    269    75    -3086.4919    27                   2478.8032    11146         
    669   241    infeasible                         2478.8032    20282         
   1011   462    infeasible                         2478.8032    34527         
   1388   623    -1265.9974    22                   2478.8032    49482         
   1800  1095   -18415.7275    51                   2478.8032    80567         
   2183  1073    -2456.3017    16                   2478.8032    76021         
   2602  1563   -21348.8494    44                   2478.8032   119722         
   3041  1545   -29865.5290    70                   2478.8032   118969         
   3420  1759   -37443.9055    50                   2478.8032   137848         
   4996  2574   -61092.6825    31                   2478.8032   202109         
Elapsed time = 15.34 sec. (7604.70 ticks, tree = 29.33 MB, solutions = 0)
   6470  3610   -17114.1359    30                   2478.8032   303348         
   7586  4492    infeasible                         2478.8032   410108         
   8014   270   -15108.5813    52                   2478.8032   424222         
   8836   519     2376.2594    11                   2478.8032   444703         
  10092   971   -23096.6186    40                   2478.8032   474974         
  11505  2045   -18675.8538    48                   2478.8032   565037         
  12487  2688     1903.6451    29                   2478.8032   632798         
  13428  3080    infeasible                         2376.2594   690835         
  14684  3413   -21738.7458    77                   2376.2594   739144         
  15721  4196    infeasible                         2376.2594   804183         
Elapsed time = 50.97 sec. (22640.82 ticks, tree = 32.42 MB, solutions = 0)
  16612  4446   -16841.2673    55                   2376.2594   827674         
  17940  5096   -18638.3677    32                   2376.2594   886612         
  19441  5448   -74566.6467    40                   2376.2594   912590         
  20821  6595   -22011.9217    68                   2376.2594   981034         
  22240  7572   -34004.2866    47                   2376.2594  1044775         
  23802  9285   -16062.8982    44                   2376.2594  1113827         
  25398  9585   -22754.1077    42                   2376.2594  1126834         
  27005 10451    -4586.2328    58                   2376.2594  1161603         
  28624 12061   -13168.0397    81                   2376.2594  1243070         
  29965 12975   -21671.1651    40                   2376.2594  1298311         
Elapsed time = 89.38 sec. (32185.42 ticks, tree = 96.64 MB, solutions = 0)
  31473 13334   -27337.0287    45                   2376.2594  1322948         
  33201 13971   -20640.6563    56                   2376.2594  1363341         
  34665 15421   -31258.4420    36                   2376.2594  1439899         
  36568 15933    -5308.0023    58                   2376.2594  1476645         
  38679 17522   -25244.6570    49                   2376.2594  1563259         
  40666 18666    -6191.3065    41                   2376.2594  1621195         
  42363 19674    infeasible                         2376.2594  1688928         
  43732 20396    -8668.9495    46                   2376.2594  1722110         
  44561 20944   -15592.1130    49                   2376.2594  1743692         
  44601 22182    infeasible                          468.9595  1806074         
Elapsed time = 105.45 sec. (47803.75 ticks, tree = 176.81 MB, solutions = 0)
  44965   131   -20838.1385    69                    468.9595  1811881         
  45410   328   -31701.6308    80                    468.9595  1825400         
  45786   531    -4159.0790    56                    468.9595  1845467         
  46250   763   -27635.1285    48                    468.9595  1868962         
  46829   933   -19207.9135   119                    468.9595  1887153         
  47389  1151     -489.8857    90                    468.9595  1913365         
  47954  1725   -16167.2130    68                    468.9595  1969297         
  48629  2182   -18041.6661    64                    468.9595  2000008         
  49356  2578     -715.4910    52                    468.9595  2028757         
  50247  3164   -34416.4048    79                    468.9595  2066730         
Elapsed time = 130.78 sec. (57364.63 ticks, tree = 24.50 MB, solutions = 0)
  51053  3579    infeasible                          468.9595  2101190         
  51929  4242   -38686.2960    63                    468.9595  2150522         
  52681  4612    -8977.1646    68                    468.9595  2177945         
  53385  5200   -22303.8246   111                    468.9595  2241251         
  54157  5653   -21363.3065    79                    468.9595  2280492         
  54990  5881   -12337.6157    87                    468.9595  2298621         
  55790  6242      -31.8941    54                    468.9595  2344563         
  56512  7337   -23761.0994    97                    468.9595  2447258         
  57233  7870   -21098.9169    77                    468.9595  2495472         
  57967  8008    -3512.4995    85                    468.9595  2504213         
Elapsed time = 154.64 sec. (66916.83 ticks, tree = 70.31 MB, solutions = 0)
  58765  8484   -40125.8535    70                    468.9595  2545144         
  59739  8894   -19525.4942   112                    353.4535  2581261         
  60535  9079   -26519.5740   131                    353.4535  2591113         
  61349 10477   -57415.6458    72                    123.0672  2667173         
  62258 11241    -6017.1228    76                    -53.8463  2715566         
  63213 11804   -42559.4648    91                   -269.6575  2752530         
  63891 12457    -1104.9736    86                   -293.1906  2798101         
  64500 13130   -34710.1300   162                   -317.5485  2846688         
  65113 13470   -25063.9126    62                   -420.6283  2875278         
  65864 13590   -22586.4578    72                   -420.6283  2884624         
Elapsed time = 176.36 sec. (76467.76 ticks, tree = 112.90 MB, solutions = 0)
  66631 13668   -12005.3066    86                   -494.4923  2890941         
  67499 14721    -1804.8120    54                   -600.2002  2970264         
  68249 15141   -47731.0424    49                   -600.2002  3002045         
  69017 15634   -59020.7228   146                   -733.9610  3046940         
  69743 15797   -60527.4780   176                   -755.3140  3057333         
  70635 16472    infeasible                         -758.8144  3099325         
  71624 17701   -40567.5710    75                   -783.2680  3180033         
  72458 18153   -84401.7176    93                   -999.8869  3214309         
  73230 18354   -26695.9732    87                  -1028.4993  3228808         
  73953 18442    -6825.8213    76                  -1055.8768  3234742         
Elapsed time = 198.91 sec. (86019.62 ticks, tree = 150.08 MB, solutions = 0)
  74535 20017    -1478.5968    67                  -1144.5071  3362322         
  75248 19595   -31560.8903    70                  -1144.5071  3327410         
  76024 20189   -52763.8434   178                  -1179.0990  3380998         
  76773 20906  -182196.6775    91                  -1251.2464  3458660         
  77529 21235   -33170.3850   156                  -1292.2468  3490558         
  78264 22381   -56215.2309   202                  -1358.6125  3620919         
  78964 22950    -9027.1698   141                  -1381.1167  3676867         
  79792 22635    -6016.7917   105                  -1397.6914  3644386         
  80552 23296   -29895.6517   129                  -1458.1630  3712478         
  81286 23654   -29370.5672   126                  -1485.6371  3750793         
Elapsed time = 220.53 sec. (95561.94 ticks, tree = 189.05 MB, solutions = 0)
  81975 24485   -15713.6762    99                  -1540.7253  3835301         
  82763 25111   -19956.1333    95                  -1553.0537  3891470         
  83539 24946    infeasible                        -1577.7834  3878299         
  84357 26541    -1936.7195    98                  -1622.2558  4033617         
  85211 27025   -26575.9142    99                  -1670.2698  4073638         
  86039 26762   -19462.4189   100                  -1696.6229  4047965         
  86804 27824    -2486.3875    95                  -1721.7753  4152933         
  87613 27665    -5092.9049    92                  -1738.8230  4140285         
  88367 28508   -10480.7834    62                  -1796.3166  4218863         
  91393 30457    -8823.6043    88                  -1881.4046  4396287         
Elapsed time = 249.25 sec. (107965.79 ticks, tree = 240.49 MB, solutions = 0)
  95152 33058   -60844.0689   137                  -1988.4989  4655078         
  98765 34002   -10336.7796   153                  -2132.4037  4740233         
 102427 37135    infeasible                        -2275.6191  5011886         
 106522 39531   -41509.0487    66                  -2429.1663  5204628         
 110048 43403  -115019.7681   109                  -2563.7410  5519249         
 113651 44402   -15445.0292    65                  -2679.7137  5604363         
 117898 47056   -33024.5799    75                  -2807.7257  5822657         
 121492 48978   -36124.5934   124                  -2936.2988  5975508         
 125422 53521   -18310.9797    90                  -3099.6777  6389637         
 129336 53829   -41483.5955    70                  -3181.7447  6411645         
Elapsed time = 337.88 sec. (146123.02 ticks, tree = 418.88 MB, solutions = 0)
 133030 56569   -45000.4849   130                  -3323.7481  6657555         
 137102 58842  -115433.0299   173                  -3434.5380  6883134         
 141200 60298   -15537.3323   124                  -3600.9108  7017430         
 145327 63443   -19084.7544   102                  -3769.5587  7338314         
 149326 66177   -10063.4186   152                  -3890.6958  7590923         
 153372 67431    infeasible                        -3995.0561  7705400         

GUB cover cuts applied:  2
Clique cuts applied:  11
Cover cuts applied:  372
Implied bound cuts applied:  65
Flow cuts applied:  213
Mixed integer rounding cuts applied:  41
Zero-half cuts applied:  1
Lift and project cuts applied:  41
Gomory fractional cuts applied:  24

Root node processing (before b&c):
  Real time             =    6.48 sec. (4484.95 ticks)
Parallel b&c, 24 threads:
  Real time             =  385.16 sec. (166264.62 ticks)
  Sync time (average)   =    1.22 sec.
  Wait time (average)   =    0.15 sec.
                          ------------
Total (root+branch&cut) =  391.64 sec. (170749.57 ticks)


MIP - Aborted, no integer solution.
Current MIP best bound = -4.1245529214e+03 (gap is infinite)
Solution time =  391.66 sec.  Iterations = 7988435  Nodes = 153890 (70372)
Deterministic time = 170749.72 ticks  (435.97 ticks/sec)


CPLEX Error  1217: No solution exists.
No file written.
