
Log started (V12.9.0.0) Mon Jan 25 09:08:35 2021

New value for parallel optimization mode: -1
New value for mixed integer optimality gap tolerance: 0.01
New value for deterministic time limit in ticks: 100000

Problem 'C:\Users\Luke\Desktop\competitiveMPEC_1.16\logs\tmp2benulos.pyomo.lp' read.
Read time = 0.19 sec. (13.71 ticks)
MIP start file 'C:\Users\Luke\Desktop\competitiveMPEC_1.16\logs\tmp_qgltfe3.cplex.mst' read.

Problem name         : C:\Users\Luke\Desktop\competitiveMPEC_1.16\logs\tmp2benulos.pyomo.lp
Objective sense      : Maximize
Variables            :   53321  [Nneg: 25,  Box: 21806,  Free: 4392,
                                 Binary: 27098]
Objective nonzeros   :    8956
Linear constraints   :  122164  [Less: 40935,  Greater: 58612,  Equal: 22617]
  Nonzeros           :  288505
  RHS nonzeros       :   66975

Variables            : Min LB: -5000.000        Max UB: 5000.000       
Objective nonzeros   : Min   : 0.07500000       Max   : 780.8000       
Linear constraints   :
  Nonzeros           : Min   : 0.07500000       Max   : 2910000.       
  RHS nonzeros       : Min   : 0.07500000       Max   : 3000000.       
CPXPARAM_Parallel                                -1
CPXPARAM_DetTimeLimit                            100000
CPXPARAM_MIP_Tolerances_MIPGap                   0.01
Warning:  No solution found from 1 MIP starts.
Retaining values of one MIP start for possible repair.
Tried aggregator 3 times.
MIP Presolve eliminated 88123 rows and 19003 columns.
MIP Presolve added 3347 rows and 0 columns.
MIP Presolve modified 24518 coefficients.
Aggregator did 12836 substitutions.
Reduced MIP has 24552 rows, 20926 columns, and 68765 nonzeros.
Reduced MIP has 8286 binaries, 0 generals, 0 SOSs, and 0 indicators.
Presolve time = 0.22 sec. (166.13 ticks)
Probing fixed 424 vars, tightened 5684 bounds.
Probing time = 0.06 sec. (20.99 ticks)
Tried aggregator 2 times.
MIP Presolve eliminated 947 rows and 853 columns.
MIP Presolve modified 3005 coefficients.
Aggregator did 43 substitutions.
Reduced MIP has 23562 rows, 20030 columns, and 65884 nonzeros.
Reduced MIP has 7860 binaries, 0 generals, 0 SOSs, and 0 indicators.
Presolve time = 0.11 sec. (87.47 ticks)
Probing fixed 0 vars, tightened 212 bounds.
Probing time = 0.08 sec. (21.19 ticks)
Clique table members: 39032.
MIP emphasis: balance optimality and feasibility.
MIP search method: dynamic search.
Parallel mode: opportunistic, using up to 24 threads.
Root relaxation solution time = 0.48 sec. (659.20 ticks)

        Nodes                                         Cuts/
   Node  Left     Objective  IInf  Best Integer    Best Bound    ItCnt     Gap

      0     0    98945.4992   254                  98945.4992     5275         
      0     0    97829.7524   131                   Cuts: 186     5404         
      0     0    97741.7511   126                    Cuts: 91     5451         
      0     0    97740.8910   102                    Cuts: 67     5497         
      0     0    97740.8618    97                    Cuts: 24     5504         
      0     0    97740.8179   103                    Cuts: 21     5510         
      0     0    97740.7909    95                Flowcuts: 14     5513         
      0     0    97740.7909    94                    Cuts: 17     5519         
Repair heuristic found nothing.
      0     7    97276.6145    87                 Flowcuts: 4     5580         
Elapsed time = 5.88 sec. (3995.05 ticks, tree = 0.02 MB, solutions = 0)
    491   138    85192.4558    62                  97454.3065     7082         
    875   665    infeasible                        97454.3065    13003         
   1073   830    82159.6390    27                  97454.3065    17108         
   1499  1101    80751.7839    24                  97454.3065    26103         
   1956  1586    infeasible                        97382.7043    43707         
   2347  1510    infeasible                        97382.7043    39954         
   2773  1865    79026.6631    32                  95643.0562    59956         
   3230  1955    79492.7747    39                  95643.0562    66668         
   3717  2401    79146.0667    27                  95643.0562    80259         
   5123  3350    78054.3639    58                  95643.0562   117831         
Elapsed time = 13.45 sec. (7113.11 ticks, tree = 66.37 MB, solutions = 0)
   5124  3953    infeasible                        91062.8759   149922         
   5496    62    82212.3774   136                  91054.4607   151861         
   6302   501    83567.5418    61                  91054.4607   159800         
   7633  1232    80210.9511    83                  91054.4607   172568         
   8919  2395    88891.3984    76                  91054.4607   198553         
  10520  3350    79751.3690    60                  91053.9083   225916         
  11837  5428    79073.2796   104                  91047.5988   304092         
  13267  5562    90918.4086   105                  91047.5988   307626         
  14955  7201    90994.1910   120                  91046.3248   372236         
  16662  8082    40375.1051   102                  90994.7276   406589         
Elapsed time = 51.55 sec. (22310.02 ticks, tree = 399.48 MB, solutions = 0)
  18017  8839    52657.5372   142                  90994.2093   433496         
  19923 11238    infeasible                        90982.5421   538864         
  21786 12441   -35484.0524   168                  90942.3836   593216         
  23111 14651    37542.0268   143                  90942.3836   688129         
  24353 14745    83550.2052   134                  90942.3836   693923         
  26069 16163    90363.2391    86                  90923.1997   767986         
  27774 16229    90692.7178   112                  90921.5459   770975         
  28984 17411  -224708.4607   175                  90904.0589   832489         
  30020 19199    infeasible                        90888.2259   929717         
  31603 19179  -121492.2739   223                  90813.9353   927858         
Elapsed time = 94.61 sec. (31853.69 ticks, tree = 696.10 MB, solutions = 0)
  33683 20129    -2191.9261   148                  90813.9353   974042         
  35771 22386    83073.5719   163                  90790.0871  1080176         
  36619 24801    infeasible                        90752.7623  1201560         
  36813    14    89225.7148   115                  90752.7623  1201640         
  37110   170    63394.2266    81                  90752.7623  1205942         
  37527   271    87734.6187    66                  90752.7623  1209024         
  37807   810    63218.2992    95                  90752.7623  1230761         
  38113   979    90065.5140   139                  90752.7623  1243208         
  38541  1120    77744.7709   131                  90752.7623  1251540         
  39003  1505    83765.9677   136                  90752.7623  1274406         
Elapsed time = 131.83 sec. (48002.98 ticks, tree = 11.98 MB, solutions = 0)
  39589  1668    46654.5968   160                  90752.7623  1285916         
  40232  2294    73774.1911    76                  90752.7623  1322706         
  40591  2442    infeasible                        90752.7623  1335351         

GUB cover cuts applied:  1
Clique cuts applied:  3
Cover cuts applied:  43
Implied bound cuts applied:  12
Flow cuts applied:  101
Mixed integer rounding cuts applied:  9
Zero-half cuts applied:  1
Lift and project cuts applied:  6
Gomory fractional cuts applied:  12

Root node processing (before b&c):
  Real time             =    5.39 sec. (3961.23 ticks)
Parallel b&c, 24 threads:
  Real time             =  132.44 sec. (47455.46 ticks)
  Sync time (average)   =    1.51 sec.
  Wait time (average)   =    0.11 sec.
                          ------------
Total (root+branch&cut) =  137.83 sec. (51416.69 ticks)


MIP - Aborted, no integer solution.
Current MIP best bound =  9.0752762282e+04 (gap is infinite)
Solution time =  137.84 sec.  Iterations = 1368700  Nodes = 40611 (2968)
Deterministic time = 51416.84 ticks  (373.01 ticks/sec)


CPLEX Error  1217: No solution exists.
No file written.
