
Log started (V12.9.0.0) Mon Jan 25 15:28:17 2021

New value for parallel optimization mode: -1
New value for mixed integer optimality gap tolerance: 0.01
New value for presolve indicator: no
New value for feasibility tolerance: 0.001
New value for strategy to gather statistics on the kappa of subproblems: 2
New value for deterministic time limit in ticks: 150000

Problem 'C:\Users\Luke\Desktop\competitiveMPEC_1.16\logs\tmp83ec1zgl.pyomo.lp' read.
Read time = 0.20 sec. (13.71 ticks)
MIP start file 'C:\Users\Luke\Desktop\competitiveMPEC_1.16\logs\tmp7qbwv4j8.cplex.mst' read.

Problem name         : C:\Users\Luke\Desktop\competitiveMPEC_1.16\logs\tmp83ec1zgl.pyomo.lp
Objective sense      : Maximize
Variables            :   53321  [Nneg: 49,  Box: 21806,  Free: 4368,
                                 Binary: 27098]
Objective nonzeros   :    8980
Linear constraints   :  122164  [Less: 40935,  Greater: 58612,  Equal: 22617]
  Nonzeros           :  288505
  RHS nonzeros       :   66959

Variables            : Min LB: -5000.000        Max UB: 5000.000       
Objective nonzeros   : Min   : 0.1750000        Max   : 772.4167       
Linear constraints   :
  Nonzeros           : Min   : 0.1750000        Max   : 2910000.       
  RHS nonzeros       : Min   : 0.1750000        Max   : 3000000.       
CPXPARAM_Preprocessing_Presolve                  0
CPXPARAM_Parallel                                -1
CPXPARAM_MIP_Strategy_KappaStats                 2
CPXPARAM_Simplex_Tolerances_Feasibility          0.001
CPXPARAM_DetTimeLimit                            150000
CPXPARAM_MIP_Tolerances_MIPGap                   0.01
Warning:  No solution found from 1 MIP starts.
Retaining values of one MIP start for possible repair.
Clique table members: 18065.
MIP emphasis: balance optimality and feasibility.
MIP search method: dynamic search.
Parallel mode: opportunistic, using up to 24 threads.
Root relaxation solution time = 0.98 sec. (572.96 ticks)

        Nodes                                         Cuts/
   Node  Left     Objective  IInf  Best Integer    Best Bound    ItCnt     Gap

      0     0     2564.9478   188                   2564.9478       20         
      0     0     2564.9184    62                    Cuts: 31       52         
      0     0     2559.4129    98                   Cuts: 103      143         
      0     0     2559.4129   110                   Cuts: 116      225         
      0     0     2559.4129    30                     Cuts: 2      234         
      0     0     2559.4129    56                    Cuts: 90      355         
      0    17    infeasible                      Impl Bds: 14      718         
Elapsed time = 24.92 sec. (28437.58 ticks, tree = 0.02 MB, solutions = 0)
      7     2     2064.0609    57                   2493.6895      359         
     23    24     2493.6895    69                   2493.6895      924         
     51    56     2493.6895    57                   2493.6895     3266         
     84    16     2108.1999    54                   2493.6895      738         
    114    28     2493.6895    56                   2493.6895     1174         
    155    56      150.3998   108                   2493.6895     3245         
    170    43    -3990.6544   160                   2493.6895     2496         
    212    39    -1755.0267    64                   2493.6895     1913         
    245   130     1231.6348    47                   2493.6895     6404         
    369   156      150.3998   100                   2493.6895     6546         
Elapsed time = 39.61 sec. (31682.14 ticks, tree = 32.19 MB, solutions = 0)
    502   223    -7945.8086   126                   2493.6895     7487         
    668   337   -33414.9692   140                   2493.6895    10953         
    884   349   -27487.7756   196                   2493.6895    11234         
   1071   483   -13111.0146   123                   2493.6895    13015         
   1243   481   -37053.7771   261                   2493.6895    13060         
   1383  1043     -290.3619    66                   2493.6895    26965         
   1582  1120  -101231.7045   114                   2493.6895    29750         
   1818  1271   -26121.2351   159                   2493.6895    33987         
   1964  1399    infeasible                         2493.6895    36898         
   2175  1387   -51687.9422    88                   2493.6895    36459         
Elapsed time = 76.17 sec. (41254.39 ticks, tree = 100.23 MB, solutions = 0)
   2314  1693   -19971.4007   100                   2493.6895    44963         
   2496  1773   -20797.4665   137                   2493.6895    47161         
   2710  1954   -46020.6370   286                   2493.6895    54022         
   2937  1922    infeasible                         2493.6895    53777         
   3076  2113   -89159.4667   175                   2493.6895    58603         
   3237  2482   -29778.0612   182                   2493.6895    72153         
   3449  2424   -83148.5974   241                   2493.6895    68673         
   3668  2497  -116512.2057   344                   2493.6895    72836         
   3892  2925   -65378.1336   461                   2493.6895    87841         
   4157  2634  -125980.0960   379                   2493.6895    77376         
Elapsed time = 117.56 sec. (50835.98 ticks, tree = 323.20 MB, solutions = 0)
   4329  2878   -33266.6442    97                   2493.6895    86993         
   4586  2945  -175911.4100   356                   2493.6895    89358         
   4852  3337  -229160.7576   350                   2493.6895   105723         
   5107  3776   -36234.0344   197                   2493.6895   122869         
   5398  3570  -212323.9342   385                   2493.6895   113364         
   5672  4071  -111936.3193   225                   2493.6895   132848         
   5955  4068   -70290.4921   292                   2493.6895   133935         
   6305  3985  -134377.4835   299                   2493.6895   131271         
   6676  4090     2493.6895    73                   2493.6895   134808         
   7083  5496   -16265.4144    80                   2493.6895   203317         
Elapsed time = 159.58 sec. (60403.96 ticks, tree = 526.61 MB, solutions = 0)
   7448  4765    -9962.3047   186                   2493.6895   165219         
   7825  5204   -77072.4207   271                   2493.6895   190087         
   8220  4818  -102056.0373   236                   2493.6895   166228         
   8564  5252  -147545.0216   391                   2493.6895   191619         
   8898  6119   -87230.6206   142                   2493.6895   236093         
   9272  5882   -15450.4582   109                   2493.6895   223167         
   9663  6681   -68739.3301   117                   2493.6895   270421         
  10131  7481     2493.6895    63                   2493.6895   317555         
  10624  7567   -24549.2488   162                   2493.6895   324403         
  11145  7591   -20383.8984   111                   2493.6895   325859         
Elapsed time = 194.72 sec. (69961.88 ticks, tree = 590.06 MB, solutions = 0)
  11583  8778   -87085.5871   240                   2493.6895   387432         
  12010  7698     1145.9163    67                   2493.6895   332396         
  12433  8569   -10973.3193   119                   2493.6895   374929         
  12928  9788    infeasible                         2493.6895   445393         
  13398  9355  -135836.6856   281                   2493.6895   419746         
  13771  9831   -26148.2029   232                   2493.6895   446772         
  14188 10963   -48134.4020   279                   2493.6895   525107         
  14575  9819   -13125.7203   198                   2493.6895   448387         
  14974 10412   -39299.8339   179                   2493.6895   494497         
  15433 10992     2493.6895    77                   2493.6895   529629         
Elapsed time = 225.47 sec. (79522.81 ticks, tree = 715.46 MB, solutions = 0)
  15914 11687   -35790.0339   117                   2493.6895   568127         
  16399 12702     2229.0128    34                   2493.6895   656043         
  16853 11882   -27460.3175   147                   2493.6895   580568         
  17229 12614     1325.3657    49                   2493.6895   646677         
  17608 13207     2229.0128    83                   2493.6895   680951         
  18104 13425   -10605.4057   148                   2493.6895   694268         
  18502 13947   -43123.6323   174                   2493.6895   722769         
  18937 13656   -11006.2147    61                   2493.6895   706310         
  19319 13840  -151367.0757   334                   2493.6895   719558         
  19724 14993  -169979.6846   322                   2493.6895   808740         
Elapsed time = 257.08 sec. (89076.12 ticks, tree = 1111.73 MB, solutions = 0)
  20170 14906   -13777.4195    86                   2493.6895   801397         
  20627 15465    infeasible                         2493.6895   854198         
  21099 15343   -34882.9357   200                   2493.6895   838260         
  21535 15031    infeasible                         2493.6895   814076         
  21983 16440    -7336.6543   122                   2493.6895   937971         
  22414 15819   -14117.7319   162                   2493.6895   885357         
  22849 17254   -84637.7232   177                   2493.6895  1003220         
  23330 16800   -96809.0463   236                   2493.6895   972702         
  23808 17843    -9986.9088    85                   2493.6895  1070001         
  24279 18279   -39487.2622   275                   2493.6895  1120069         
Elapsed time = 293.48 sec. (98639.51 ticks, tree = 1200.59 MB, solutions = 0)
  24653 18237    infeasible                         2493.6895  1114494         
  25076 18916   -46401.2248   259                   2493.6895  1188074         
  25519 18937   -27547.3812    90                   2493.6895  1189383         
  25934 18727    -9986.7574    87                   2493.6895  1170611         
  26393 19373     2229.0128    55                   2493.6895  1240826         
  26831 19657   -11163.5266    95                   2493.6895  1266324         
  27198 19971     2493.6895   107                   2493.6895  1306610         
  27596 19905   -42234.3575   155                   2493.6895  1301031         
  28026 20294   -57031.1834   110                   2493.6895  1337826         
  28483 20917   -34231.4376   206                   2493.6895  1413471         
Elapsed time = 332.67 sec. (108203.47 ticks, tree = 2154.85 MB, solutions = 0)
Nodefile size = 105.06 MB (57.58 MB after compression)
  28933 21116   -52942.4785   263                   2493.6895  1437970         
  29381 21860    -4523.4041   126                   2493.6895  1522856         
  29852 21690   -10559.6258    63                   2493.6895  1507183         
  30308 21706    infeasible                         2493.6895  1508825         
  30746 22225   -25269.1117   168                   2493.6895  1568810         
  31256 22238    -3805.0973    41                   2493.6895  1569836         
  31754 23827   -97287.0310   247                   2493.6895  1740609         
  32207 23422    -9583.5821   147                   2493.6895  1698771         
  32692 23726   -42510.9524   143                   2493.6895  1727938         
  34340 24752   -60631.4497   171                   2493.6895  1845978         
Elapsed time = 375.98 sec. (120623.85 ticks, tree = 2307.27 MB, solutions = 0)
Nodefile size = 257.06 MB (131.98 MB after compression)
  36054 25765   -43335.4169   125                   2493.6895  1989661         
  37687 26582   -13237.9728   222                   2493.6895  2113958         
  39465 27864    infeasible                         2492.2401  2280241         
  41149 29162    infeasible                         2492.2401  2461774         
  42920 29528    -6778.1422   160                   2492.2401  2519974         
  45034 30718   -47600.5858   217                   2492.2401  2652421         
