
Log started (V12.9.0.0) Tue Jan 26 08:55:16 2021

New value for parallel optimization mode: -1
New value for mixed integer optimality gap tolerance: 0.01
New value for feasibility tolerance: 1e-05
New value for deterministic time limit in ticks: 250000

Problem 'C:\Users\Luke\Desktop\competitiveMPEC_1.16\logs\tmpbigzspnb.pyomo.lp' read.
Read time = 0.19 sec. (13.86 ticks)

Problem name         : C:\Users\Luke\Desktop\competitiveMPEC_1.16\logs\tmpbigzspnb.pyomo.lp
Objective sense      : Maximize
Variables            :   53321  [Nneg: 49,  Box: 21806,  Free: 4368,
                                 Binary: 27098]
Objective nonzeros   :    8979
Linear constraints   :  122164  [Less: 40983,  Greater: 58612,  Equal: 22569]
  Nonzeros           :  288504
  RHS nonzeros       :   66981

Variables            : Min LB: -5000.000        Max UB: 5000.000       
Objective nonzeros   : Min   : 0.1000000        Max   : 846.6000       
Linear constraints   :
  Nonzeros           : Min   : 0.1000000        Max   : 2910000.       
  RHS nonzeros       : Min   : 0.1000000        Max   : 3000000.       
CPXPARAM_Parallel                                -1
CPXPARAM_Simplex_Tolerances_Feasibility          1.0000000000000001e-05
CPXPARAM_DetTimeLimit                            250000
CPXPARAM_MIP_Tolerances_MIPGap                   0.01
Tried aggregator 3 times.
MIP Presolve eliminated 88050 rows and 18906 columns.
MIP Presolve added 3353 rows and 0 columns.
MIP Presolve modified 24502 coefficients.
Aggregator did 12848 substitutions.
Reduced MIP has 24619 rows, 21011 columns, and 68972 nonzeros.
Reduced MIP has 8301 binaries, 0 generals, 0 SOSs, and 0 indicators.
Presolve time = 0.22 sec. (166.21 ticks)
Probing fixed 414 vars, tightened 5321 bounds.
Probing time = 0.05 sec. (21.15 ticks)
Tried aggregator 2 times.
MIP Presolve eliminated 927 rows and 829 columns.
MIP Presolve modified 3010 coefficients.
Aggregator did 40 substitutions.
Reduced MIP has 23652 rows, 20142 columns, and 66164 nonzeros.
Reduced MIP has 7887 binaries, 0 generals, 0 SOSs, and 0 indicators.
Presolve time = 0.09 sec. (91.27 ticks)
Probing fixed 0 vars, tightened 237 bounds.
Probing time = 0.08 sec. (21.88 ticks)
Clique table members: 38218.
MIP emphasis: balance optimality and feasibility.
MIP search method: dynamic search.
Parallel mode: opportunistic, using up to 24 threads.
Root relaxation solution time = 0.31 sec. (500.14 ticks)

        Nodes                                         Cuts/
   Node  Left     Objective  IInf  Best Integer    Best Bound    ItCnt     Gap

      0     0       -7.2866    16                     -7.2866     5113         
      0     0       -7.2866     2                   Covers: 1     5115         
      0     0       -7.2866     2                     Cuts: 3     5117         
      0     0       -7.2866     3                   Covers: 1     5118         
      0    14    infeasible                           Cuts: 5     5200         
Elapsed time = 4.56 sec. (2872.26 ticks, tree = 0.02 MB, solutions = 0)
    383   221    infeasible                          -20.4911    11464         
    745   338      -73.4371     1                    -20.4911    16756         
   1231   592      -91.3498     2                    -20.4911    23162         
   1700   872     -112.0532     1                    -20.4911    27845         
   2176  1187     -112.0532     1                    -20.4911    43638         
   2793  1249    infeasible                          -20.4911    48118         
   3389  1399    infeasible                          -20.4911    54896         
   3966  1613    infeasible                          -35.5228    62297         
   4457  1971    infeasible                          -35.5228    72983         
   6682  2771      -54.4891     3                    -39.6612   123767         
Elapsed time = 12.64 sec. (5977.53 ticks, tree = 43.99 MB, solutions = 0)
   7603  3879      -20.4911     2                    -39.6612   146225         
   8528   397     -654.7617     2                    -39.6612   150664         
  10732  1504     -893.4988     7                    -43.2624   159029         
  13606  3841     -125.5555     1                    -54.5684   177935         
  16098  6372    infeasible                          -55.3406   201507         
  18965  8232     -125.5555     1                    -55.3406   220140         
  21606 10203     -630.2492     6                    -55.3406   239879         
  24597 12638     -132.5094     2                    -55.3406   268473         
  26986 14522     -175.3540     2                    -55.3406   289698         
  29771 17060     -630.2492     5                    -55.3406   313334         
Elapsed time = 49.00 sec. (18511.76 ticks, tree = 125.42 MB, solutions = 0)
  33001 19124    infeasible                          -55.3406   333964         
  35527 20966     -630.2492     6                    -55.3406   357063         
  38354 22858     -630.2492     4                    -55.3406   384811         
  40933 25057   -17519.4109     6                    -55.3406   417077         
  43624 27004   -14295.1446     6                    -55.3406   448339         
  46469 29034    infeasible                          -55.3406   480031         
  49827 30788     -630.2492     4                    -55.3406   506380         
  53158 32855     -125.5555     1                    -55.3406   540574         
  56074 35690     -213.5405     1                    -55.3406   582371         
  59381 37417     -125.5555     1                    -55.3406   606993         
Elapsed time = 70.42 sec. (28051.31 ticks, tree = 280.71 MB, solutions = 0)
  63084 39881     -112.0532     1                    -55.3406   638473         
  66640 42352     -630.2492     1                    -55.3406   668606         
  69694 46552   -17519.4109     5                    -55.3406   718511         
  70832 50160      -20.4911     1                    -90.3552   767549         
  71526   532     -627.1989     2                    -90.3552   771743         
  72670  1053     -112.0532     2                    -90.3552   776243         
  74076  2254      -85.8347     1                    -90.3552   790255         
  75258  3252     -112.0532     1                    -90.3552   802999         
  77138  4586     -158.7217     1                    -90.3552   827939         
  79126  5647      -90.3552     2                    -90.3552   858185         
Elapsed time = 90.91 sec. (40319.77 ticks, tree = 38.75 MB, solutions = 0)
  80979  6658      -81.0990     1                    -90.3552   901021         
  83140  7474      -81.0990     1                    -90.3552   918036         
  85144  9125     -643.3193     3                    -90.3552   941710         
  86815 10346     -112.0532     1                    -90.3552   958466         
  88598 11601     -654.7617     4                    -90.3552   971716         
  90762 12895      -90.4921     2                    -90.3552   986726         
  92790 14415      -90.3552     2                    -90.3552  1006668         
  94949 16678    infeasible                          -90.3552  1035654         
  97366 17179     -630.2492     5                    -90.3552  1041186         
  99722 19008      -90.3552     3                    -90.3552  1064554         
Elapsed time = 115.73 sec. (49861.37 ticks, tree = 139.58 MB, solutions = 0)
 102035 20417     -112.0532     1                    -90.3552  1081845         
 103644 22144     -630.2492     6                    -90.3552  1106465         
 105364 23369     -112.0532     1                    -90.3552  1120488         
 107712 24465     -654.7617     4                    -90.3552  1130534         
 110008 26049     -661.4423     3                    -90.3552  1144363         
 112216 28595    infeasible                          -90.3552  1169753         
 114491 30196     -125.5555     1                    -90.3552  1184777         
 116805 31804     -630.2496     8                    -90.3552  1199637         
 119150 34180     -654.7617     4                    -90.3552  1223445         
 121582 34696     -654.7617     4                    -90.3552  1229676         
Elapsed time = 140.36 sec. (59401.68 ticks, tree = 258.38 MB, solutions = 0)
 123770 36545      -90.3552     2                    -90.3552  1252566         
 126051 38392     -156.2871     1                    -90.3552  1272056         
 128517 39770      -81.0990     1                    -90.3552  1288533         
 130718 40837     -156.2871     1                    -90.3552  1302481         
 132009 41810     -643.3193     3                    -90.3552  1314471         
 133415 44653     -119.8545     4                    -90.3552  1345379         
 135740 45131     -643.3193     4                    -90.3552  1350477         
 137827 46631      -91.3172     2                    -90.3552  1366604         
 139875 50994      -90.3552     1                    -90.3552  1412545         
 142232 48387     -654.7617     4                    -90.3552  1384405         
Elapsed time = 166.16 sec. (68944.29 ticks, tree = 360.82 MB, solutions = 0)
 144588 51969     -112.0532     1                    -90.3552  1422721         
 147029 52817     -661.1169     2                    -90.3552  1432934         
 149445 56141     -630.2492     7                    -90.3552  1467816         
 151782 58782      -90.3552     2                    -90.3552  1492127         
 153989 60242      -78.0846     2                    -90.3552  1506601         
 156291 60002      -81.6655     1                    -90.3552  1504040         
 158638 62814     -643.3193     3                    -90.3552  1534269         
 160904 66465     -643.3193     3                    -90.3552  1577521         
 163149 65232     -158.7217     1                    -90.3552  1562607         
 165373 68999    infeasible                          -90.3552  1608509         
Elapsed time = 191.56 sec. (78486.45 ticks, tree = 517.70 MB, solutions = 0)
 167529 71045    infeasible                          -90.3552  1632790         
 169660 72009     -112.0532     1                    -90.3552  1644929         
 171571 73399     -631.8769     3                    -90.3552  1662404         
 173465 72723    infeasible                          -90.3552  1654185         
 174625 73734    infeasible                          -90.3552  1666390         

Cover cuts applied:  18
Implied bound cuts applied:  7
Flow cuts applied:  1
Mixed integer rounding cuts applied:  2
Zero-half cuts applied:  1
Gomory fractional cuts applied:  4

Root node processing (before b&c):
  Real time             =    4.08 sec. (2861.03 ticks)
Parallel b&c, 24 threads:
  Real time             =  193.80 sec. (80967.96 ticks)
  Sync time (average)   =    0.88 sec.
  Wait time (average)   =    0.12 sec.
                          ------------
Total (root+branch&cut) =  197.88 sec. (83829.00 ticks)


MIP - Aborted, no integer solution.
Current MIP best bound = -9.0355212169e+01 (gap is infinite)
Solution time =  197.89 sec.  Iterations = 1704835  Nodes = 174793 (76628)
Deterministic time = 83829.15 ticks  (423.61 ticks/sec)


CPLEX Error  1217: No solution exists.
No file written.
