
Log started (V12.9.0.0) Mon Jan 25 09:44:56 2021

New value for parallel optimization mode: -1
New value for mixed integer optimality gap tolerance: 0.01
New value for feasibility tolerance: 0.0001
New value for deterministic time limit in ticks: 100000

Problem 'C:\Users\Luke\Desktop\competitiveMPEC_1.16\logs\tmps5a80e8d.pyomo.lp' read.
Read time = 0.20 sec. (13.71 ticks)
MIP start file 'C:\Users\Luke\Desktop\competitiveMPEC_1.16\logs\tmp5oe7lu95.cplex.mst' read.

Problem name         : C:\Users\Luke\Desktop\competitiveMPEC_1.16\logs\tmps5a80e8d.pyomo.lp
Objective sense      : Maximize
Variables            :   53321  [Nneg: 25,  Box: 21806,  Free: 4392,
                                 Binary: 27098]
Objective nonzeros   :    8956
Linear constraints   :  122164  [Less: 40935,  Greater: 58612,  Equal: 22617]
  Nonzeros           :  288505
  RHS nonzeros       :   66975

Variables            : Min LB: -5000.000        Max UB: 5000.000       
Objective nonzeros   : Min   : 0.07500000       Max   : 780.8000       
Linear constraints   :
  Nonzeros           : Min   : 0.07500000       Max   : 2910000.       
  RHS nonzeros       : Min   : 0.07500000       Max   : 3000000.       
CPXPARAM_Parallel                                -1
CPXPARAM_Simplex_Tolerances_Feasibility          0.0001
CPXPARAM_DetTimeLimit                            100000
CPXPARAM_MIP_Tolerances_MIPGap                   0.01
Warning:  No solution found from 1 MIP starts.
Retaining values of one MIP start for possible repair.
Tried aggregator 3 times.
MIP Presolve eliminated 88123 rows and 19003 columns.
MIP Presolve added 3347 rows and 0 columns.
MIP Presolve modified 24518 coefficients.
Aggregator did 12836 substitutions.
Reduced MIP has 24552 rows, 20926 columns, and 68765 nonzeros.
Reduced MIP has 8286 binaries, 0 generals, 0 SOSs, and 0 indicators.
Presolve time = 0.23 sec. (166.13 ticks)
Probing fixed 424 vars, tightened 5684 bounds.
Probing time = 0.06 sec. (20.99 ticks)
Tried aggregator 2 times.
MIP Presolve eliminated 947 rows and 853 columns.
MIP Presolve modified 3005 coefficients.
Aggregator did 43 substitutions.
Reduced MIP has 23562 rows, 20030 columns, and 65884 nonzeros.
Reduced MIP has 7860 binaries, 0 generals, 0 SOSs, and 0 indicators.
Presolve time = 0.11 sec. (87.47 ticks)
Probing fixed 0 vars, tightened 212 bounds.
Probing time = 0.08 sec. (21.19 ticks)
Clique table members: 39032.
MIP emphasis: balance optimality and feasibility.
MIP search method: dynamic search.
Parallel mode: opportunistic, using up to 24 threads.
Root relaxation solution time = 0.53 sec. (737.09 ticks)

        Nodes                                         Cuts/
   Node  Left     Objective  IInf  Best Integer    Best Bound    ItCnt     Gap

      0     0    98945.4992   296                  98945.4992     5276         
      0     0    97829.7540   140                   Cuts: 178     5385         
      0     0    97741.6826   128                   Cuts: 112     5459         
      0     0    97741.1984   105                    Cuts: 91     5502         
      0     0    97741.1984   103                    Cuts: 42     5521         
      0     0    97741.1984    98                    Cuts: 42     5534         
      0     0    97741.1969    96                Flowcuts: 32     5561         
Repair heuristic found nothing.
      0    13    97277.3133    80                     Cuts: 2     5609         
Elapsed time = 6.09 sec. (4239.31 ticks, tree = 0.02 MB, solutions = 0)
    327   111    96734.1957    73                  97470.3680     6516         
    662   377    95729.3519    64                  97469.6680    13184         
   1172   667    95915.5814    39                  97469.6680    18133         
   1532  1104    86586.1760    42                  97469.6680    26237         
   1951  1306    36090.9083    74                  97469.6680    33166         
   2307  1591    81004.2151    28                  97469.6680    43017         
   2640  1876    85323.5375    31                  97451.1111    60936         
   2994  1991    76506.6990    29                  97451.1111    73145         
   3355  2401    85964.3980    66                  97451.1111    90427         
   4761  3128  -193326.8114   299                  97450.8687   134538         
Elapsed time = 14.52 sec. (7342.40 ticks, tree = 90.62 MB, solutions = 0)

Clique cuts applied:  1
Cover cuts applied:  8
Implied bound cuts applied:  1
Flow cuts applied:  183
Mixed integer rounding cuts applied:  9
Gomory fractional cuts applied:  25

Root node processing (before b&c):
  Real time             =    5.44 sec. (4188.60 ticks)
Parallel b&c, 24 threads:
  Real time             =   10.52 sec. (4322.82 ticks)
  Sync time (average)   =    0.23 sec.
  Wait time (average)   =    0.00 sec.
                          ------------
Total (root+branch&cut) =   15.95 sec. (8511.43 ticks)


MIP - Aborted, no integer solution.
Current MIP best bound =  9.7450868737e+04 (gap is infinite)
Solution time =   15.97 sec.  Iterations = 196963  Nodes = 5283
Deterministic time = 8511.58 ticks  (533.01 ticks/sec)


CPLEX Error  1217: No solution exists.
No file written.
