
Log started (V12.9.0.0) Mon Jan 25 10:44:36 2021

New value for parallel optimization mode: -1
New value for mixed integer optimality gap tolerance: 0.01
New value for feasibility tolerance: 1e-06
New value for deterministic time limit in ticks: 250000

Problem 'C:\Users\Luke\Desktop\competitiveMPEC_1.16\logs\tmp43qgdx3m.pyomo.lp' read.
Read time = 0.19 sec. (13.71 ticks)

Problem name         : C:\Users\Luke\Desktop\competitiveMPEC_1.16\logs\tmp43qgdx3m.pyomo.lp
Objective sense      : Maximize
Variables            :   53321  [Nneg: 49,  Box: 21806,  Free: 4368,
                                 Binary: 27098]
Objective nonzeros   :    8980
Linear constraints   :  122164  [Less: 40935,  Greater: 58612,  Equal: 22617]
  Nonzeros           :  288505
  RHS nonzeros       :   66962

Variables            : Min LB: -5000.000        Max UB: 5000.000       
Objective nonzeros   : Min   : 0.1750000        Max   : 772.4167       
Linear constraints   :
  Nonzeros           : Min   : 0.1750000        Max   : 2910000.       
  RHS nonzeros       : Min   : 0.1750000        Max   : 3000000.       
CPXPARAM_Parallel                                -1
CPXPARAM_DetTimeLimit                            250000
CPXPARAM_MIP_Tolerances_MIPGap                   0.01
Tried aggregator 3 times.
MIP Presolve eliminated 88114 rows and 18994 columns.
MIP Presolve added 3348 rows and 0 columns.
MIP Presolve modified 24522 coefficients.
Aggregator did 12830 substitutions.
Reduced MIP has 24568 rows, 20941 columns, and 68794 nonzeros.
Reduced MIP has 8289 binaries, 0 generals, 0 SOSs, and 0 indicators.
Presolve time = 0.23 sec. (169.86 ticks)
Probing fixed 429 vars, tightened 5848 bounds.
Probing time = 0.05 sec. (21.61 ticks)
Tried aggregator 2 times.
MIP Presolve eliminated 962 rows and 867 columns.
MIP Presolve modified 3008 coefficients.
Aggregator did 44 substitutions.
Reduced MIP has 23562 rows, 20030 columns, and 65846 nonzeros.
Reduced MIP has 7858 binaries, 0 generals, 0 SOSs, and 0 indicators.
Presolve time = 0.11 sec. (87.96 ticks)
Probing fixed 0 vars, tightened 205 bounds.
Probing time = 0.08 sec. (21.78 ticks)
Clique table members: 38631.
MIP emphasis: balance optimality and feasibility.
MIP search method: dynamic search.
Parallel mode: opportunistic, using up to 24 threads.
Root relaxation solution time = 0.38 sec. (579.78 ticks)

        Nodes                                         Cuts/
   Node  Left     Objective  IInf  Best Integer    Best Bound    ItCnt     Gap

      0     0     2564.9478    61                   2564.9478     5867         
      0     0     2564.9478    27                    Cuts: 50     5930         
      0     0     2560.2071    31                    Cuts: 63     6007         
      0     0     2559.4129    36                    Cuts: 64     6132         
      0     0     2559.4129    28                    Cuts: 37     6224         
      0     0     2559.4129    34                    Cuts: 54     6266         
      0     0     2512.0522    24                    Cuts: 11     6333         
      0     0     2506.7449    34                    Cuts: 50     6438         
      0     0     2506.7449    36                    Cuts: 39     6489         
      0     2     2506.7449    36                    Cuts: 15     6489         
Elapsed time = 6.30 sec. (4226.99 ticks, tree = 0.02 MB, solutions = 0)
    207    73    infeasible                         2506.7449     9565         
    500   306    -1281.0757    41                   2506.7449    27664         
    862   517    infeasible                         2506.7449    42833         
   1175   748    -8264.7395    40                   2506.7449    58751         
   1529   797   -28967.5766    78                   2506.7449    66221         
   1920  1149   -53767.9980    71                   2506.7449    93098         
   2310  1200   -30458.5745    93                   2506.7449    97281         
   2663  1399    -1047.6331    42                   2506.7449   113923         
   2966  1667    infeasible                         2506.7449   135581         
   4392  2378     2504.8935    37                   2506.7449   208661         
Elapsed time = 14.33 sec. (7334.00 ticks, tree = 17.17 MB, solutions = 0)
   5769  3301    -6682.8448    66                   2506.7449   290840         
   7241  4237    infeasible                         2506.7424   379866         
   7381  4561    infeasible                         2493.1565   417414         
   7775    86   -33255.6558    49                   2493.1565   424195         
   8558   570  -9.67134e+08    82                   2367.5221   460968         
   9880  1374  -160682.3754   130                   2367.5221   504730         
  11420  1961   -32643.9047   105                   2367.5221   534090         
  13061  3504   -60443.5060   102                   2187.8607   603857         
  14705  5250   -30863.8273    88                   2183.4350   676388         
  16287  5362    -4046.1025    50                   2048.1312   683205         
Elapsed time = 45.77 sec. (21434.82 ticks, tree = 36.58 MB, solutions = 0)
  17668  6837   -45372.6541    75                   2048.1312   752249         
  18610  7482    -6147.5649    53                   2048.1312   787489         
  20185  8125   -38293.4543    82                   2048.1312   830734         
  21239  9195   -83609.1617   133                   2048.1312   904030         
  22731  9772    infeasible                         2048.1312   943180         
  24540 10553   -83306.1548   128                   2048.1312  1004271         
  25801 12151   -66139.3862   130                   2048.1312  1127679         
  26987 12825   -53875.1610   122                   2048.1312  1190362         
  28627 12875   -31734.6410    81                   2048.1312  1197570         
  30373 14527   -11066.5179    89                   2048.1312  1326118         
Elapsed time = 83.38 sec. (30981.14 ticks, tree = 103.95 MB, solutions = 0)
  31911 14156  -105040.9566    90                   2048.1312  1296588         
  33035 15534   -77729.7369   127                   2048.1312  1414157         
  34709 16038    infeasible                         2048.1312  1463462         
  36530 17138   -34398.5506    97                   2048.1312  1538838         
  38204 17656   -59265.7079   110                   2048.1312  1580413         
  40003 18714   -23119.8866    90                   2048.1312  1678083         
  41289 19080   -52924.4225   132                   2048.1312  1712888         
  42384 20317   -47129.0368   107                   2048.1312  1844887         
  43432 20815   -37281.9032    85                   2048.1312  1900614         
  43440 21687    infeasible                       -14439.3505  1996399         
Elapsed time = 103.48 sec. (46780.71 ticks, tree = 171.87 MB, solutions = 0)
  43640    50   -34681.3186    84                 -14439.3505  1999713         
  43890   144   -31661.0436   104                 -14439.3505  2024280         
  44205   349     2380.9502    58                 -14439.3505  2049831         
  44621   435   -54573.8861   119                 -14439.3505  2067189         
  45150   495 -1132306.3356   199                 -14439.3505  2073449         
  45725   866   -27355.8135   113                 -14439.3505  2126468         
  46366  1250   -25936.3358   130                 -14439.3505  2188381         
  47033  1381   -30388.5569   101                 -14439.3505  2210335         
  47647  1630   -50900.3288   139                 -14439.3505  2252355         
  48285  1720   -53919.9886   104                 -14439.3505  2275334         
Elapsed time = 130.28 sec. (56333.69 ticks, tree = 9.17 MB, solutions = 0)
  49012  2291   -42399.0666   134                 -14439.3505  2398993         
  49915  2306   -32215.4191    85                 -14439.3505  2405779         
  50600  2535   -41246.6841   180                 -15758.5743  2453444         

GUB cover cuts applied:  1
Clique cuts applied:  9
Cover cuts applied:  191
Implied bound cuts applied:  36
Flow cuts applied:  173
Mixed integer rounding cuts applied:  23
Lift and project cuts applied:  30
Gomory fractional cuts applied:  14

Root node processing (before b&c):
  Real time             =    5.63 sec. (4165.08 ticks)
Parallel b&c, 24 threads:
  Real time             =  129.27 sec. (55957.73 ticks)
  Sync time (average)   =    1.61 sec.
  Wait time (average)   =    0.11 sec.
                          ------------
Total (root+branch&cut) =  134.89 sec. (60122.82 ticks)


MIP - Aborted, no integer solution.
Current MIP best bound = -1.7911971018e+04 (gap is infinite)
Solution time =  134.92 sec.  Iterations = 2552680  Nodes = 50736 (2818)
Deterministic time = 60122.97 ticks  (445.61 ticks/sec)


CPLEX Error  1217: No solution exists.
No file written.
