
Log started (V12.9.0.0) Sat Jan 16 21:00:49 2021

New value for parallel optimization mode: -1
New value for mixed integer optimality gap tolerance: 0.01
New value for integrality tolerance: 1e-09
New value for feasibility tolerance: 0.01
New value for deterministic time limit in ticks: 75000

Problem 'C:\Users\Luke\Desktop\competitiveMPEC_1.16\logs\tmplmh_cgqh.pyomo.lp' read.
Read time = 0.20 sec. (14.73 ticks)

Problem name         : C:\Users\Luke\Desktop\competitiveMPEC_1.16\logs\tmplmh_cgqh.pyomo.lp
Objective sense      : Maximize
Variables            :   53805  [Nneg: 1,  Box: 22000,  Free: 4464,
                                 Binary: 27340]
Objective nonzeros   :    8939
Linear constraints   :  123205  [Less: 41346,  Greater: 59096,  Equal: 22763]
  Nonzeros           :  291760
  RHS nonzeros       :   67450

Variables            : Min LB: -5000.000        Max UB: 1000000.       
Objective nonzeros   : Min   : 0.6000000        Max   : 789.9000       
Linear constraints   :
  Nonzeros           : Min   : 0.6000000        Max   : 1000000.       
  RHS nonzeros       : Min   : 0.6000000        Max   : 1000000.       
CPXPARAM_Parallel                                -1
CPXPARAM_Simplex_Tolerances_Feasibility          0.01
CPXPARAM_DetTimeLimit                            75000
CPXPARAM_MIP_Tolerances_MIPGap                   0.01
CPXPARAM_MIP_Tolerances_Integrality              1.0000000000000001e-09
Tried aggregator 4 times.
MIP Presolve eliminated 88935 rows and 19209 columns.
MIP Presolve added 3353 rows and 0 columns.
MIP Presolve modified 24749 coefficients.
Aggregator did 12980 substitutions.
Reduced MIP has 24643 rows, 21034 columns, and 70397 nonzeros.
Reduced MIP has 8296 binaries, 0 generals, 0 SOSs, and 0 indicators.
Presolve time = 0.27 sec. (196.04 ticks)
Probing fixed 34 vars, tightened 941 bounds.
Probing time = 0.84 sec. (546.05 ticks)
Presolve time = 0.00 sec. (3.43 ticks)

Root node processing (before b&c):
  Real time             =    1.34 sec. (881.03 ticks)
Parallel b&c, 24 threads:
  Real time             =    0.00 sec. (0.00 ticks)
  Sync time (average)   =    0.00 sec.
  Wait time (average)   =    0.00 sec.
                          ------------
Total (root+branch&cut) =    1.34 sec. (881.03 ticks)


MIP - Aborted, no integer solution.
Current MIP best bound is infinite.
Solution time =    1.36 sec.  Iterations = 0  Nodes = 0
Deterministic time = 881.18 ticks  (648.40 ticks/sec)


CPLEX Error  1217: No solution exists.
No file written.
