
Log started (V12.9.0.0) Mon Jan 25 12:14:37 2021

New value for parallel optimization mode: -1
New value for mixed integer optimality gap tolerance: 0.01
New value for feasibility tolerance: 1e-05
New value for deterministic time limit in ticks: 250000

Problem 'C:\Users\Luke\Desktop\competitiveMPEC_1.16\logs\tmp800fgvoh.pyomo.lp' read.
Read time = 0.19 sec. (13.71 ticks)

Problem name         : C:\Users\Luke\Desktop\competitiveMPEC_1.16\logs\tmp800fgvoh.pyomo.lp
Objective sense      : Maximize
Variables            :   53321  [Nneg: 49,  Box: 21806,  Free: 4368,
                                 Binary: 27098]
Objective nonzeros   :    8980
Linear constraints   :  122164  [Less: 40935,  Greater: 58612,  Equal: 22617]
  Nonzeros           :  288505
  RHS nonzeros       :   66959

Variables            : Min LB: -5000.000        Max UB: 5000.000       
Objective nonzeros   : Min   : 0.1750000        Max   : 772.4167       
Linear constraints   :
  Nonzeros           : Min   : 0.1750000        Max   : 2910000.       
  RHS nonzeros       : Min   : 0.1750000        Max   : 3000000.       
CPXPARAM_Parallel                                -1
CPXPARAM_Simplex_Tolerances_Feasibility          1.0000000000000001e-05
CPXPARAM_DetTimeLimit                            250000
CPXPARAM_MIP_Tolerances_MIPGap                   0.01
Tried aggregator 3 times.
MIP Presolve eliminated 88114 rows and 18994 columns.
MIP Presolve added 3348 rows and 0 columns.
MIP Presolve modified 24522 coefficients.
Aggregator did 12830 substitutions.
Reduced MIP has 24568 rows, 20941 columns, and 68794 nonzeros.
Reduced MIP has 8289 binaries, 0 generals, 0 SOSs, and 0 indicators.
Presolve time = 0.22 sec. (169.86 ticks)
Probing fixed 429 vars, tightened 5849 bounds.
Probing time = 0.06 sec. (21.62 ticks)
Tried aggregator 2 times.
MIP Presolve eliminated 962 rows and 867 columns.
MIP Presolve modified 3011 coefficients.
Aggregator did 44 substitutions.
Reduced MIP has 23562 rows, 20030 columns, and 65846 nonzeros.
Reduced MIP has 7858 binaries, 0 generals, 0 SOSs, and 0 indicators.
Presolve time = 0.09 sec. (87.94 ticks)
Probing fixed 0 vars, tightened 205 bounds.
Probing time = 0.08 sec. (21.79 ticks)
Clique table members: 38631.
MIP emphasis: balance optimality and feasibility.
MIP search method: dynamic search.
Parallel mode: opportunistic, using up to 24 threads.
Root relaxation solution time = 0.36 sec. (572.89 ticks)

        Nodes                                         Cuts/
   Node  Left     Objective  IInf  Best Integer    Best Bound    ItCnt     Gap

      0     0     2564.9478    50                   2564.9478     5864         
      0     0     2564.9478    21                    Cuts: 34     5934         
      0     0     2560.2071    26                    Cuts: 38     6054         
      0     0     2559.4129    25                    Cuts: 27     6102         
      0     0     2559.4129    25                    Cuts: 28     6171         
      0     0     2512.0522    15                     Cuts: 4     6211         
      0     0     2506.7449    16                    Cuts: 30     6281         
      0     0     2506.7449    20                    Cuts: 46     6364         
      0     2     2506.7449    20                    Cuts: 21     6364         
Elapsed time = 7.67 sec. (5149.20 ticks, tree = 0.02 MB, solutions = 0)
    252    47    -4201.8139    43                   2506.7449     7837         
    567   129   -15244.6957    15                   2506.7449    11248         
    879   514    -2712.7167    18                   2506.7449    29870         
   1242   704    -1584.8787     8                   2506.7449    38373         
   1656   869     2506.7449    29                   2506.7449    47654         
   2035  1251   -32814.3021    70                   2506.7449    69377         
   2372  1469   -38666.2654    90                   2506.7449    90578         
   2772  1638   -80992.4031   124                   2506.7449   104523         
   3208  1921  -127330.7322    31                   2506.7449   131002         
   4767  2926   -45382.8883    54                   2506.7449   208745         
Elapsed time = 15.86 sec. (8254.14 ticks, tree = 32.63 MB, solutions = 0)
   6322  3865   -64085.0904   103                   2506.7449   285367         
   7364  4687    infeasible                         2506.5814   368830         
   7640    53   -12148.9662    72                   2506.5814   372439         
   8202   318    -4730.5655    33                   2506.5814   403562         
   9011   484   -46204.0186    48                   2506.5814   424257         
  10223  1265    -5186.3661    52                   2496.1983   522275         
  11641  1691    infeasible                         2484.3438   573313         
  12481  2793    infeasible                         2077.5677   646329         
  13774  3279    -3366.3427    67                    237.9485   694519         
  15149  4328   -35791.9121    94                    237.9485   761639         
Elapsed time = 53.11 sec. (24374.82 ticks, tree = 90.77 MB, solutions = 0)
  16186  5482   -12412.6941    48                    237.9485   822916         
  17348  5724   -22496.9950    64                    237.9485   836918         
  18756  6886   -31014.7345    73                    237.9485   902650         
  20074  7902    infeasible                          237.9485   953369         
  21260  8794   -42956.8040   103                    237.9485  1000626         
  22617  9535    infeasible                          237.9485  1038318         
  23949  9920    infeasible                          237.9485  1063347         
  25086 11686   -24356.9473    54                    237.9485  1168158         
  26370 12495   -16080.9609    57                    237.9485  1215627         
  27691 13679    infeasible                          237.9485  1302993         
Elapsed time = 85.33 sec. (33919.12 ticks, tree = 161.60 MB, solutions = 0)
  28949 13739   -14860.9544    60                    237.9485  1307422         
  30329 14521    infeasible                          237.9485  1372040         
  31567 15640    -9589.6120    64                    237.9485  1442907         
  32855 16773    -5798.3791    32                    237.9485  1523088         
  34229 17223   -25909.3579    38                    237.9485  1557402         
  35679 18649    infeasible                          237.9485  1642887         
  37111 18750   -23964.0109    34                    237.9485  1645622         
  37546 20524    infeasible                        -4088.9798  1751595         
  37742    59    -2649.7524    66                  -4088.9798  1757688         
  38111   126   -37143.0756    98                  -4088.9798  1778762         
Elapsed time = 110.02 sec. (49951.10 ticks, tree = 1.21 MB, solutions = 0)
  38565   272   -12981.9333    66                  -4088.9798  1810394         
  38998   508    -4266.3924    49                  -4088.9798  1836433         
  39436   704    -3089.6224    44                  -4088.9798  1855883         
  39997   930    -2039.4618    37                  -4088.9798  1882017         
  40549  1085   -18580.8889    75                  -4088.9798  1902663         
  41196  1613    infeasible                        -4088.9798  1947711         
  41949  2248    -9434.8839    63                  -4088.9798  2010658         
  42710  2196   -23614.9287    63                  -4088.9798  2004812         
  43383  3085    -3748.3732    45                  -4088.9798  2095561         
  44201  3155    -1497.3522    53                  -4088.9798  2100080         
Elapsed time = 134.34 sec. (59511.21 ticks, tree = 20.17 MB, solutions = 0)
  44964  4010    infeasible                        -4088.9798  2171513         
  45703  4197   -50412.3998    77                  -4088.9798  2186845         
  46576  4266   -34749.0187    65                  -4088.9798  2193486         
  47414  4635   -21162.5995    85                  -4088.9798  2223519         
  48274  5053   -39365.0094    64                  -4088.9798  2255212         
  49087  5735   -32010.1635   138                  -4088.9798  2315206         
  49916  6493    -7949.8653    88                  -4088.9798  2376681         
  50671  6710   -18737.4654    80                  -4088.9798  2393154         
  51499  7653    infeasible                        -4088.9798  2500922         
  52347  8167   -16909.8645    78                  -4088.9798  2546338         
Elapsed time = 158.34 sec. (69056.56 ticks, tree = 56.73 MB, solutions = 0)
  53177  8112    infeasible                        -4088.9798  2541489         
  54075  8985   -25941.1801    59                  -4088.9798  2650208         
  54988  9509   -85627.9265    50                  -4088.9798  2693886         
  55832 10067    -7159.1939   100                  -4088.9798  2740089         
  56772 10370   -17233.9332    89                  -4088.9798  2771173         
  57718 10965   -21795.0582   125                  -4088.9798  2824494         
  58685 11092   -26274.4758    34                  -4088.9798  2830682         
  59638 12152   -35564.2003   125                  -4095.7666  2909445         
  60781 12646    -8701.9751    37                  -4095.7666  2950325         
  61928 14100   -21490.3087    53                  -4096.1613  3023216         
Elapsed time = 181.77 sec. (78601.81 ticks, tree = 101.59 MB, solutions = 0)
  62990 13686    infeasible                        -4096.1613  3000572         
  64038 15348   -45405.6938   103                  -4217.2497  3089665         
  65008 15480   -18225.6769    88                  -4217.2497  3103308         
  66079 16902    -6567.3842    57                  -4217.2497  3176410         
  67289 17553    -7427.5578    49                  -4480.3566  3217651         
  68447 17859   -23997.4036    48                  -4532.6284  3239370         
  69551 17649   -24332.6420    78                  -4545.0934  3225133         
  70470 18775   -49831.1246   129                  -4670.3591  3284481         
  71416 19907  -103178.5847    74                  -4681.9406  3343463         
  72464 20577   -47442.1822   114                  -4700.3369  3384339         
Elapsed time = 204.67 sec. (88148.88 ticks, tree = 151.13 MB, solutions = 0)
  73659 20604   -13790.5843   104                  -4836.9121  3389307         
  74976 21736    -4930.9245    46                  -4897.0080  3462973         
  76196 22379    infeasible                        -4928.6028  3514926         
  77220 23813   -21566.2793    58                  -4939.3900  3589647         
  78257 24231   -26204.3812   130                  -5032.7842  3615830         
  79411 25308   -62649.6596    58                  -5032.7842  3689742         
  80477 25676   -20522.4838    83                  -5224.5279  3717594         
  81505 25906   -59577.6125    83                  -5353.6807  3727116         
  82463 27681   -25214.2204    87                  -5384.5992  3854052         
  83532 27540   -20251.5337    82                  -5450.8282  3839759         
Elapsed time = 227.03 sec. (97697.36 ticks, tree = 203.62 MB, solutions = 0)
  84549 27876   -11224.4556    70                  -5531.9545  3872076         
  85696 28489   -63272.4194   136                  -5619.6022  3917129         
  86717 28783    infeasible                        -5688.1737  3942537         
  87767 30060   -23950.0732    71                  -5755.3441  4065012         
  88840 29970   -13851.2845    80                  -5779.8187  4061836         
  89846 30681   -22816.9446   118                  -5834.8361  4126391         
  90911 31086   -15539.8726    99                  -5896.0941  4181564         
  91876 31825   -83489.7471    64                  -5996.8450  4232554         
  92912 33543   -32109.3486   103                  -6031.6939  4394874         
  97016 35312   -21515.6201   124                  -6274.2479  4557906         
Elapsed time = 258.17 sec. (110103.56 ticks, tree = 263.61 MB, solutions = 0)
 101106 35914   -49299.4885   132                  -6498.9469  4618713         
 104774 39166    infeasible                        -6829.2262  4961242         
 108723 40847   -35715.2685   107                  -7069.6401  5149517         
 112391 44062   -28818.5986   125                  -7314.7333  5504679         
 116084 45383   -30771.6633   127                  -7535.3105  5664635         
 119395 46980   -28286.5298   116                  -7737.7861  5855088         

Clique cuts applied:  10
Cover cuts applied:  399
Implied bound cuts applied:  80
Flow cuts applied:  210
Mixed integer rounding cuts applied:  46
Zero-half cuts applied:  2
Lift and project cuts applied:  30
Gomory fractional cuts applied:  28

Root node processing (before b&c):
  Real time             =    7.03 sec. (5090.97 ticks)
Parallel b&c, 24 threads:
  Real time             =  303.44 sec. (129647.15 ticks)
  Sync time (average)   =    1.64 sec.
  Wait time (average)   =    0.10 sec.
                          ------------
Total (root+branch&cut) =  310.47 sec. (134738.12 ticks)


MIP - Aborted, no integer solution.
Current MIP best bound = -7.8326894755e+03 (gap is infinite)
Solution time =  310.47 sec.  Iterations = 6071286  Nodes = 119582 (48677)
Deterministic time = 134738.28 ticks  (433.98 ticks/sec)


CPLEX Error  1217: No solution exists.
No file written.
