
Log started (V12.9.0.0) Fri Sep 18 17:27:56 2020

New value for parallel optimization mode: -1
New value for mixed integer optimality gap tolerance: 0.01
New value for integrality tolerance: 1e-09
New value for feasibility tolerance: 0.01
New value for deterministic time limit in ticks: 75000

Problem 'C:\Users\llavin\Desktop\test919\logs\tmpanjo1edi.pyomo.lp' read.
Read time = 0.25 sec. (14.75 ticks)
MIP start file 'C:\Users\llavin\Desktop\test919\logs\tmpy65agb5f.cplex.mst' read.

Problem name         : C:\Users\llavin\Desktop\test919\logs\tmpanjo1edi.pyomo.lp
Objective sense      : Maximize
Variables            :   54525  [Nneg: 1,  Box: 22720,  Free: 4464,
                                 Binary: 27340]
Objective nonzeros   :    9725
Linear constraints   :  123205  [Less: 41346,  Greater: 59096,  Equal: 22763]
  Nonzeros           :  291753
  RHS nonzeros       :   67491

Variables            : Min LB: -5000.000        Max UB: 1000000.       
Objective nonzeros   : Min   : 0.2833333        Max   : 2500.000       
Linear constraints   :
  Nonzeros           : Min   : 0.2833333        Max   : 1000000.       
  RHS nonzeros       : Min   : 0.2833333        Max   : 1000000.       
CPXPARAM_Parallel                                -1
CPXPARAM_Simplex_Tolerances_Feasibility          0.01
CPXPARAM_DetTimeLimit                            75000
CPXPARAM_MIP_Tolerances_MIPGap                   0.01
CPXPARAM_MIP_Tolerances_Integrality              1.0000000000000001e-09
Warning:  No solution found from 1 MIP starts.
Retaining values of one MIP start for possible repair.
Tried aggregator 3 times.
MIP Presolve eliminated 88666 rows and 19710 columns.
MIP Presolve added 3379 rows and 0 columns.
MIP Presolve modified 24854 coefficients.
Aggregator did 13011 substitutions.
Reduced MIP has 24907 rows, 21248 columns, and 71022 nonzeros.
Reduced MIP has 8407 binaries, 0 generals, 0 SOSs, and 0 indicators.
Presolve time = 0.31 sec. (176.75 ticks)
Probing fixed 408 vars, tightened 2855 bounds.
Probing time = 1.22 sec. (891.50 ticks)
Tried aggregator 2 times.
MIP Presolve eliminated 919 rows and 817 columns.
MIP Presolve modified 2213 coefficients.
Aggregator did 31 substitutions.
Reduced MIP has 23957 rows, 20400 columns, and 68269 nonzeros.
Reduced MIP has 7999 binaries, 0 generals, 0 SOSs, and 0 indicators.
Presolve time = 0.11 sec. (68.41 ticks)
Probing time = 0.05 sec. (15.40 ticks)
Clique table members: 6361.
MIP emphasis: balance optimality and feasibility.
MIP search method: dynamic search.
Parallel mode: opportunistic, using up to 32 threads.
Root relaxation solution time = 0.36 sec. (265.20 ticks)

        Nodes                                         Cuts/
   Node  Left     Objective  IInf  Best Integer    Best Bound    ItCnt     Gap

      0     0   134825.0777  1683                 134825.0777     6273         
      0     0   131585.6407   595                   Cuts: 648     6623         
      0     0   130940.6974   570                   Cuts: 272     6768         
      0     0   130724.5477   507                   Cuts: 246     6877         
      0     0   130679.7410   461                   Cuts: 160     6942         
      0     0   130633.1724   426                   Cuts: 119     6992         
      0     0   130625.5167   402                   Cuts: 103     7030         
      0     0   130562.0302   395                    Cuts: 77     7048         
      0     0   130554.6306   385                    Cuts: 64     7068         
      0     0   130551.4002   381                    Cuts: 57     7077         
      0     0   130534.8555   378                    Cuts: 58     7092         
      0     0   129396.2475   366                    Cuts: 68     7111         
      0     0   129387.6160   371                    Cuts: 68     7121         
Repair heuristic found nothing.
      0    22   121756.1568   349                    Cuts: 24     7347         
Elapsed time = 12.23 sec. (6907.29 ticks, tree = 0.02 MB, solutions = 0)
    277    84   114887.8353   300                 124636.7388     8461         
    725   473    77395.9087   273                 124636.7388    13977         
   1310   578    58953.9270   249                 124636.7388    15966         
   1827  1176    33048.8885   259                 124636.7388    28080         
   2388  1460    33660.8722   233                 124636.7388    33586         
   3051  1786    24504.1667   203                 124636.7388    37376         
   3740  2199   -12226.9948   203                 124636.7388    39961         
   4535  2683    35397.7492   185                 124636.7388    42608         
   5477  3292    32085.2265   199                 124636.7388    44112         
   9081  7539    30511.2059   130                 124636.7388    48242         
Elapsed time = 29.77 sec. (10008.90 ticks, tree = 63.51 MB, solutions = 0)
  10903  8913    15809.9483   122                 124636.7388    51571         
* 11147+ 3745                        28704.9438   124636.7388           334.20%
  11945  9766   -48286.7169    14    28704.9438   124223.3445    56148  332.76%
  13484  4212    29418.4509   209    28704.9438   124223.3445    84964  332.76%
  15046  3884    48527.2519   245    28704.9438   124223.3445    72340  332.76%
  16437  4130    80330.1274   267    28704.9438   124223.3445    82368  332.76%
  16709  7283    infeasible          28704.9438    62375.8324   140987  117.30%
  17148    45    28751.9999    97    28704.9438    38382.5415   146612   33.71%
  18076    71    33030.1245    41    28704.9438    38382.5415   153952   33.71%
  19208   506    31967.3209    57    28704.9438    36677.0719   170722   27.77%
Elapsed time = 93.41 sec. (27102.41 ticks, tree = 3.45 MB, solutions = 1)
  20528    86    28804.5965    38    28704.9438    36677.0719   155912   27.77%
  21973   119    29039.4840    43    28704.9438    33510.0772   159511   16.74%
  23763   447    31351.6744    57    28704.9438    33206.0662   169620   15.68%
  25998  1541    31232.4363    44    28704.9438    33206.0662   192781   15.68%
  28674  1281    32690.5974    37    28704.9438    33206.0662   185552   15.68%
  31212  2069    30587.4092    36    28704.9438    32562.5732   209676   13.44%
  33089  2435    30641.8478    60    28704.9438    32562.5732   225517   13.44%
  34429  2538    30647.7921    42    28704.9438    32298.4445   233322   12.52%
  35786  2726        cutoff          28704.9438    31314.0754   242905    9.09%
  37247  2668        cutoff          28704.9438    30937.9873   238133    7.78%
Elapsed time = 142.45 sec. (36644.17 ticks, tree = 17.34 MB, solutions = 1)
  38728  2857    30761.0140    48    28704.9438    30854.5124   255832    7.49%
  40917  2828    30835.0448    48    28704.9438    30792.9853   251546    7.27%
  43229  2830    30196.2810    48    28704.9438    30792.9853   287690    7.27%
  45484  2861    30488.5250    36    28704.9438    30645.8779   259531    6.76%
  47670  2999        cutoff          28704.9438    30546.6202   308729    6.42%
  49332  2834    30012.5658    56    28704.9438    30546.6202   280388    6.42%
  50335  2884    30219.1374    48    28704.9438    30546.6202   298725    6.42%
  50973  2929    29470.6565    46    28704.9438    30546.6202   301735    6.42%
  51243  2968    29981.6064    66    28704.9438    30546.6202   306375    6.42%

GUB cover cuts applied:  1
Clique cuts applied:  4
Cover cuts applied:  18
Implied bound cuts applied:  44
Flow cuts applied:  2267
Mixed integer rounding cuts applied:  1654
Gomory fractional cuts applied:  93

Root node processing (before b&c):
  Real time             =   10.31 sec. (6859.55 ticks)
Parallel b&c, 32 threads:
  Real time             =  148.69 sec. (39047.60 ticks)
  Sync time (average)   =    7.02 sec.
  Wait time (average)   =    0.27 sec.
                          ------------
Total (root+branch&cut) =  159.00 sec. (45907.16 ticks)

Solution pool: 1 solution saved.

MIP - Aborted, integer feasible:  Objective =  2.8704943782e+04
Current MIP best bound =  3.0344232187e+04 (gap = 1639.29, 5.71%)
Solution time =  159.06 sec.  Iterations = 324874  Nodes = 51291 (3070)
Deterministic time = 45907.31 ticks  (288.61 ticks/sec)


Incumbent solution written to file 'C:\Users\llavin\Desktop\test919\logs\tmpwyxxbxmy.cplex.sol'.
