
Log started (V12.9.0.0) Mon Jan 25 22:17:57 2021

New value for parallel optimization mode: -1
New value for mixed integer optimality gap tolerance: 0.01
New value for feasibility tolerance: 1e-05
New value for deterministic time limit in ticks: 250000

Problem 'C:\Users\Luke\Desktop\competitiveMPEC_1.16\logs\tmpof5agszg.pyomo.lp' read.
Read time = 0.19 sec. (13.86 ticks)
MIP start file 'C:\Users\Luke\Desktop\competitiveMPEC_1.16\logs\tmpb9v9f0tw.cplex.mst' read.

Problem name         : C:\Users\Luke\Desktop\competitiveMPEC_1.16\logs\tmpof5agszg.pyomo.lp
Objective sense      : Maximize
Variables            :   53321  [Nneg: 49,  Box: 21806,  Free: 4368,
                                 Binary: 27098]
Objective nonzeros   :    8919
Linear constraints   :  122164  [Less: 40983,  Greater: 58612,  Equal: 22569]
  Nonzeros           :  288467
  RHS nonzeros       :   66914

Variables            : Min LB: -5000.000        Max UB: 5000.000       
Objective nonzeros   : Min   : 1.200000         Max   : 799.1000       
Linear constraints   :
  Nonzeros           : Min   : 0.8500000        Max   : 2910000.       
  RHS nonzeros       : Min   : 1.000000         Max   : 3000000.       
CPXPARAM_Parallel                                -1
CPXPARAM_Simplex_Tolerances_Feasibility          1.0000000000000001e-05
CPXPARAM_DetTimeLimit                            250000
CPXPARAM_MIP_Tolerances_MIPGap                   0.01
Warning:  No solution found from 1 MIP starts.
Retaining values of one MIP start for possible repair.
Tried aggregator 3 times.
MIP Presolve eliminated 88249 rows and 19094 columns.
MIP Presolve added 3318 rows and 0 columns.
MIP Presolve modified 24420 coefficients.
Aggregator did 12863 substitutions.
Reduced MIP has 24370 rows, 20782 columns, and 68294 nonzeros.
Reduced MIP has 8226 binaries, 0 generals, 0 SOSs, and 0 indicators.
Presolve time = 0.22 sec. (166.28 ticks)
Probing fixed 436 vars, tightened 4482 bounds.
Probing time = 0.06 sec. (20.26 ticks)
Tried aggregator 2 times.
MIP Presolve eliminated 981 rows and 880 columns.
MIP Presolve modified 2974 coefficients.
Aggregator did 30 substitutions.
Reduced MIP has 23359 rows, 19872 columns, and 65362 nonzeros.
Reduced MIP has 7786 binaries, 0 generals, 0 SOSs, and 0 indicators.
Presolve time = 0.11 sec. (88.36 ticks)
Probing fixed 0 vars, tightened 199 bounds.
Probing time = 0.09 sec. (22.69 ticks)
Clique table members: 40609.
MIP emphasis: balance optimality and feasibility.
MIP search method: dynamic search.
Parallel mode: opportunistic, using up to 24 threads.
Root relaxation solution time = 0.39 sec. (604.12 ticks)

        Nodes                                         Cuts/
   Node  Left     Objective  IInf  Best Integer    Best Bound    ItCnt     Gap

      0     0    92502.0835   213                  92502.0835     5791         
      0     0    90256.7043   140                   Cuts: 262     6038         
      0     0    89600.6279   130                   Cuts: 126     6145         
      0     0    89521.7393   123                    Cuts: 44     6181         
      0     0    89521.4123   130                    Cuts: 13     6197         
      0     0    89492.5392   118                 Flowcuts: 7     6217         
      0     0    89485.4080   123                    Cuts: 19     6236         
      0     0    89485.4080   123                    Cuts: 43     6241         
Repair heuristic found nothing.
      0    16    86905.2459   125                   Covers: 1     6416         
Elapsed time = 6.94 sec. (4714.10 ticks, tree = 0.02 MB, solutions = 0)
    232    42    80279.0933    53                  88145.4318     6734         
    616   481    77380.9152    56                  88144.3743    12215         
   1070   599    52417.7644    53                  88144.3743    13854         
   1512   885    60080.6968    54                  88144.3743    19759         
   2074  1134    62200.3949    48                  88144.3743    24935         
   2554  1747    27125.8077    13                  88144.3743    46080         
   3009  1697    infeasible                        87542.2563    44396         
   3435  2129    infeasible                        87479.5909    59013         
   3812  2465    42010.6496    48                  86884.7137    69696         
   5264  3286    60693.4328    43                  86884.7137    99984         
Elapsed time = 14.25 sec. (7855.47 ticks, tree = 65.25 MB, solutions = 0)
   5265  3777    infeasible                        77757.6792   122859         
   5652    24    53896.3749    73                  67511.6259   123335         
   6370   274    52032.4492    69                  67511.6259   130032         
   7923  1111    infeasible                        66161.1233   155515         
   9753  2446    37829.7167    51                  66065.0694   198460         
  11610  3909    27515.5910    47                  64663.1110   235838         
  13436  4892    35792.7085    34                  64663.1110   263389         
  15337  6994    50906.4469   103                  64578.7349   324673         
  17569  7191    39920.3609    35                  64578.7349   333447         
  19054  8862    41105.1571    57                  64578.7349   383800         
Elapsed time = 49.64 sec. (23251.55 ticks, tree = 170.52 MB, solutions = 0)
  20257  9812    59967.7796    69                  64578.7349   410262         
  22306 10159    41082.7578    67                  64578.7349   421306         
  24338 13150    infeasible                        64578.7349   522488         
  25864 13011    infeasible                        64578.7349   517537         
  27684 14059    21130.5622    58                  64578.7349   559702         
  29262 14466    33810.0948    89                  64578.7349   576935         
  30740 16304    46664.8635    77                  64578.7349   641305         
  32403 15616    -4353.1661    48                  64578.7349   621492         
  34305 17927    51243.6153    65                  64578.7349   692664         
  36125 18532    47025.9766    50                  64578.7349   712049         
Elapsed time = 81.91 sec. (32793.16 ticks, tree = 364.26 MB, solutions = 0)
  37405 19313    58541.3678    36                  64578.7349   742688         
  37731 19303    39609.4949    45                  64578.7349   744518         
  37800 21610    infeasible                        60648.1921   836061         
  37968    56    47289.7712    99                  60648.1921   837888         
  38204   216    62068.1377   126                  60648.1921   844799         
  38548   263    46363.6271   129                  60648.1921   847032         
  39024   427    52778.4588   200                  60648.1921   855953         
  39473   920    56874.9310   131                  60648.1921   881136         
  40167  1226    44159.8432    92                  60648.1921   898832         
  41309  1413    46013.4692    44                  60648.1921   910330         
Elapsed time = 111.88 sec. (48317.87 ticks, tree = 12.69 MB, solutions = 0)
  42321  2157    53210.7851    79                  60648.1921   941747         
  43003  2969    54530.9474    80                  60648.1921   969805         
  43808  3437    64098.1875    80                  60648.1921   993939         
  44662  3696    61493.0037    97                  60648.1921  1006198         
  45935  4705    45758.9663    71                  60648.1921  1038013         
  47063  5131    59842.2768    32                  60648.1921  1055321         
  48025  6034    25591.4543    68                  60648.1921  1081321         
  48933  6881    54471.3029    28                  60648.1921  1104552         
  49745  7952    30103.3408    17                  60648.1921  1134866         
  50487  8142    51756.1902    83                  60648.1921  1145335         
Elapsed time = 134.52 sec. (57862.83 ticks, tree = 67.33 MB, solutions = 0)
  51861  9291    46487.2410   117                  60648.1921  1187971         
  53264 10309    52849.1832    79                  60648.1921  1222587         
  54261 10353    30004.8628    58                  60648.1921  1223799         
  54959 11539   -56106.2895   104                  60648.1921  1264758         
  55732 12086    infeasible                        60648.1921  1288142         
  56577 12759    47039.3118    91                  60648.1921  1315656         
  57915 13451    50492.7355    82                  60648.1921  1341599         
  59473 13570    21206.8312    39                  60648.1921  1347064         
  60711 15546    61539.0087    99                  60648.1921  1415767         
  61553 15807    28553.7901    22                  60648.1921  1429329         
Elapsed time = 156.56 sec. (67408.23 ticks, tree = 125.24 MB, solutions = 0)
  62295 15838    infeasible                        60648.1921  1429908         
  63144 16564    16950.6964    34                  60648.1921  1456943         
  64021 17615    30874.3046    20                  60648.1921  1494078         
  64836 17638    19759.0689    33                  60648.1921  1494216         
  65604 18341    32787.2389    41                  60648.1921  1515151         
  66302 19700    22736.0783    59                  60648.1921  1553883         
  67078 19535    49606.3562    54                  60648.1921  1549496         
  68009 20227    17708.8590    34                  60648.1921  1570068         
  68931 20482     7799.1917    45                  60648.1921  1578577         
  69767 21019    49629.6278    73                  60648.1921  1592800         
Elapsed time = 178.55 sec. (76957.49 ticks, tree = 164.99 MB, solutions = 0)
  70603 21471    36223.8886    70                  60648.1921  1603336         
  71395 22546    infeasible                        60648.1921  1635434         
  72293 22749    11592.6036    53                  60648.1921  1641489         
  73164 23171    43260.6466    99                  60648.1921  1656869         
  74113 25029   -29551.2130    88                  60648.1921  1712887         
  75048 24843    39109.6802    70                  60648.1921  1705137         
  75791 25646    19501.3286    43                  60648.1921  1728955         
  76550 26610    20194.3674    73                  60648.1921  1761294         
  77291 27571    40128.0823    82                  60648.1921  1792152         
  78116 27501    32849.5977   106                  60648.1921  1790461         
Elapsed time = 200.56 sec. (86508.63 ticks, tree = 213.56 MB, solutions = 0)
  78912 27807    32824.6936    79                  60648.1921  1800419         
  79910 29203    21797.3166    47                  60648.1921  1848449         
  80797 28919    infeasible                        60648.1921  1838575         
  81620 29818    50057.7349    39                  60648.1921  1869875         
  82382 30394    19377.0521    33                  60648.1921  1888522         
  83243 30806    infeasible                        60648.1921  1902139         
  84097 31549    41815.0806    75                  60648.1921  1927061         
  84970 32063    39576.1299    67                  60648.1921  1946577         
  85781 32274    58425.5103    90                  60648.1921  1955417         
  86577 33794     3154.2715    50                  60648.1921  2005562         
Elapsed time = 223.11 sec. (96054.55 ticks, tree = 260.76 MB, solutions = 0)
  87376 34670    43870.5506   120                  60648.1921  2038504         
  88168 34159     4277.3541    41                  60648.1921  2015293         
  89012 35538    28311.1148    65                  60487.6276  2065541         
  89864 35732    19112.9522    46                  60487.6276  2073911         
  90654 35927    21489.2144    29                  60407.2308  2079941         
  91506 36354    infeasible                        60407.2308  2099100         
  92403 36855    20054.5379    70                  60407.2308  2112234         
  93239 37974    28428.5519    63                  60407.2308  2149519         
  93996 38759    28566.0530    60                  60161.2917  2179930         
  97203 41155    18194.9194    30                  60109.2761  2252056         
Elapsed time = 253.75 sec. (108463.83 ticks, tree = 317.66 MB, solutions = 0)
 100870 43083    45161.4019    46                  60038.8045  2314487         
 104722 46736    17482.7704    34                  59917.5251  2422460         
 108402 48909    infeasible                        59858.0822  2495186         
 112224 50979    49182.1179    38                  59793.5745  2557911         
 115833 53422    49665.2434    99                  59762.2512  2638490         
 119328 56560    59565.9553    84                  59677.5259  2746867         
 122866 58449    15487.7636    50                  59620.8511  2812875         
 126297 60652    27164.5228    58                  59543.0573  2878435         
 129944 66614    53508.0589    86                  59503.0162  3074812         
 133831 66951     7129.1073    53                  59493.0751  3084093         
Elapsed time = 345.28 sec. (146623.14 ticks, tree = 513.97 MB, solutions = 0)
 137288 70574    infeasible                        59387.4033  3220692         
 140768 71049    53670.9068    84                  59359.3495  3237731         
 144106 75087    41234.4263    35                  59220.7163  3378508         
 147302 75197    infeasible                        59220.4175  3382947         
 150261 78646    23343.0222    51                  59048.2908  3493398         
 153668 81740    28685.3975    19                  58981.5348  3613994         
 156739 82505    46772.4950   144                  58906.0508  3643490         
 159766 86105    12174.6149    28                  58872.3771  3789349         
 162884 85945    36716.8597    93                  58788.5067  3783742         
 165960 90488    infeasible                        58706.6796  3953567         
Elapsed time = 434.59 sec. (184782.09 ticks, tree = 696.03 MB, solutions = 0)
 169152 91437    50176.2391    22                  58666.0023  3984619         
 172591 94588    52960.7387    36                  58638.4692  4099443         
 176109 96509    31071.8715    43                  58573.9692  4173613         
 179403 99286    31634.7336    49                  58503.7946  4270320         
 182936 101248   -15114.9370    54                  58498.3748  4346223         
 186320 103031    34009.4883    40                  58420.2593  4410298         
 189848 105902    infeasible                        58394.1411  4530798         
 193532 110319    29940.2262    70                  58319.9111  4679923         
 197245 112364    17401.0398    35                  58280.9113  4763274         
 200404 113013    25551.8766    56                  58268.6294  4785655         
Elapsed time = 527.09 sec. (222940.95 ticks, tree = 894.00 MB, solutions = 0)
 203796 116929    17460.3423    28                  58225.4005  4924571         
 206474 118466    32193.9050    67                  58188.3879  4990060         

Clique cuts applied:  1
Cover cuts applied:  269
Implied bound cuts applied:  49
Flow cuts applied:  230
Mixed integer rounding cuts applied:  36
Lift and project cuts applied:  27
Gomory fractional cuts applied:  13

Root node processing (before b&c):
  Real time             =    6.28 sec. (4673.40 ticks)
Parallel b&c, 24 threads:
  Real time             =  533.64 sec. (227749.09 ticks)
  Sync time (average)   =    1.63 sec.
  Wait time (average)   =    0.12 sec.
                          ------------
Total (root+branch&cut) =  539.92 sec. (232422.49 ticks)


MIP - Aborted, no integer solution.
Current MIP best bound =  5.8141717078e+04 (gap is infinite)
Solution time =  539.94 sec.  Iterations = 5102192  Nodes = 206634 (121275)
Deterministic time = 232422.65 ticks  (430.46 ticks/sec)


CPLEX Error  1217: No solution exists.
No file written.
