
Log started (V12.9.0.0) Mon Jan 25 21:17:19 2021

New value for parallel optimization mode: -1
New value for mixed integer optimality gap tolerance: 0.01
New value for feasibility tolerance: 1e-05
New value for deterministic time limit in ticks: 150000

Problem 'C:\Users\Luke\Desktop\competitiveMPEC_1.16\logs\tmp828jsxw7.pyomo.lp' read.
Read time = 0.19 sec. (13.86 ticks)
MIP start file 'C:\Users\Luke\Desktop\competitiveMPEC_1.16\logs\tmpto98ckea.cplex.mst' read.

Problem name         : C:\Users\Luke\Desktop\competitiveMPEC_1.16\logs\tmp828jsxw7.pyomo.lp
Objective sense      : Maximize
Variables            :   53321  [Nneg: 49,  Box: 21806,  Free: 4368,
                                 Binary: 27098]
Objective nonzeros   :    8930
Linear constraints   :  122164  [Less: 40983,  Greater: 58612,  Equal: 22569]
  Nonzeros           :  288477
  RHS nonzeros       :   66954

Variables            : Min LB: -5000.000        Max UB: 5000.000       
Objective nonzeros   : Min   : 0.1000000        Max   : 757.9000       
Linear constraints   :
  Nonzeros           : Min   : 0.1000000        Max   : 2910000.       
  RHS nonzeros       : Min   : 0.1000000        Max   : 3000000.       
CPXPARAM_Parallel                                -1
CPXPARAM_Simplex_Tolerances_Feasibility          1.0000000000000001e-05
CPXPARAM_DetTimeLimit                            150000
CPXPARAM_MIP_Tolerances_MIPGap                   0.01
Warning:  No solution found from 1 MIP starts.
Retaining values of one MIP start for possible repair.
Tried aggregator 3 times.
MIP Presolve eliminated 88192 rows and 19030 columns.
MIP Presolve added 3325 rows and 0 columns.
MIP Presolve modified 24458 coefficients.
Aggregator did 12826 substitutions.
Reduced MIP has 24471 rows, 20891 columns, and 68613 nonzeros.
Reduced MIP has 8245 binaries, 0 generals, 0 SOSs, and 0 indicators.
Presolve time = 0.23 sec. (169.74 ticks)
Probing fixed 405 vars, tightened 5998 bounds.
Probing time = 0.06 sec. (20.69 ticks)
Tried aggregator 2 times.
MIP Presolve eliminated 906 rows and 813 columns.
MIP Presolve modified 2983 coefficients.
Aggregator did 46 substitutions.
Reduced MIP has 23519 rows, 20032 columns, and 65845 nonzeros.
Reduced MIP has 7839 binaries, 0 generals, 0 SOSs, and 0 indicators.
Presolve time = 0.09 sec. (91.16 ticks)
Probing fixed 0 vars, tightened 230 bounds.
Probing time = 0.08 sec. (21.14 ticks)
Clique table members: 38108.
MIP emphasis: balance optimality and feasibility.
MIP search method: dynamic search.
Parallel mode: opportunistic, using up to 24 threads.
Root relaxation solution time = 0.42 sec. (631.82 ticks)

        Nodes                                         Cuts/
   Node  Left     Objective  IInf  Best Integer    Best Bound    ItCnt     Gap

      0     0   109497.7588   196                 109497.7588     5943         
      0     0   107100.1481   204                   Cuts: 181     6190         
      0     0   106175.2592   218                   Cuts: 171     6442         
      0     0   105737.2519   230                   Cuts: 110     6571         
      0     0   105700.7099   217                    Cuts: 39     6604         
      0     0   105680.7899   224                    Cuts: 16     6634         
      0     0   105680.3018   225                    Cuts: 18     6651         
      0     0   105680.3018   228                     Cuts: 9     6656         
Repair heuristic found nothing.
      0    16   101492.4326   148                     Cuts: 9     6924         
Elapsed time = 5.88 sec. (4023.78 ticks, tree = 0.02 MB, solutions = 0)
    300   231    95088.3311   142                 103437.1854    16291         
    636   454    93169.1407   142                 103437.1854    27885         
    867   647    88418.8117   110                 103437.1854    37923         
   1266   679    31638.2311    70                 103437.1854    38561         
   1705  1004    -2964.6799    59                 103437.1854    52793         
   2136  1436    infeasible                       103437.1854    64768         
   2610  1542    69508.9113    39                 103065.0459    68551         
   3112  1948    29214.5673   151                 103058.2568    85253         
   3579  2244    infeasible                       102366.7497    99016         
   5064  3338    95514.6221   209                 102357.8181   145921         
Elapsed time = 14.27 sec. (7127.26 ticks, tree = 25.17 MB, solutions = 0)
   6594  4171    94932.6053   153                 101359.9780   187819         
   8145  5300   -15677.3586    37                  96747.3325   233097         
   9978  6177    69059.4091    72                  96472.9713   282927         
  11624  7087    infeasible                        95829.1417   322464         
  13316  8872    77268.8281    59                  95787.1140   395214         
  15089  9615    infeasible                        95678.4679   424788         
  16819 11509    67850.2945   117                  95206.1295   502870         
  18663 12535    infeasible                        95206.1295   533242         
  20299 13737    73597.9630    98                  95152.5189   572456         
  22115 15230   -98756.4373   185                  95050.2119   619821         
Elapsed time = 40.66 sec. (16668.13 ticks, tree = 123.17 MB, solutions = 0)
  23921 16734    82513.8808   156                  94991.8634   666876         
  25922 17935    55431.4067    77                  94983.9763   697828         
  27614 19484    44766.0019    75                  94903.5949   749744         
  29553 20638    55768.0179    81                  94859.1836   792161         
  31224 22207    78444.5793   187                  94779.8730   856829         
  33029 23041    73066.1497   175                  94766.6760   895689         
  34829 24289    67912.6439   160                  94757.1767   948347         
  36312 25875    39329.0810   106                  94747.0250  1028200         
  38159 26216    infeasible                        94747.0250  1053615         
  39989 28332    93347.9998   145                  94613.5768  1161034         
Elapsed time = 67.75 sec. (26212.90 ticks, tree = 228.79 MB, solutions = 0)
  41748 29017    80104.7550   158                  94510.4147  1191730         
  43493 30215    93540.7623   184                  94475.3468  1248499         
  45310 31133    59087.3025    89                  94471.5267  1291170         
  46998 32275    75051.6560   198                  94332.6549  1345826         
  48710 32326    70071.4540   157                  94332.6549  1348480         
  50473 33517    80298.8882   106                  94318.5520  1395887         
  52302 34780   -14660.7838   110                  94318.5520  1459386         
  54233 36968    91954.5051   151                  94292.8455  1553630         
  56218 38046    54110.6022    95                  94292.8455  1599206         
  58125 39373    50018.4266    78                  94166.7047  1657749         
Elapsed time = 95.55 sec. (35756.15 ticks, tree = 322.18 MB, solutions = 0)
  59924 39682    79079.4236   196                  94133.1875  1674156         
  61547 41310    85459.2006   149                  94032.2656  1746238         
  63260 43436    59950.1547    76                  94032.2656  1844363         
  65047 42644    infeasible                        93981.7505  1804651         
  66914 46905    68124.9322   175                  93918.0314  2010362         
  68913 45934    62447.0796    43                  93908.7958  1961524         
  70933 48088   -55562.7690   123                  93908.7958  2063577         
  71471 47252    93270.0515   137                  93846.7720  2029593         

Clique cuts applied:  1
Cover cuts applied:  272
Implied bound cuts applied:  119
Flow cuts applied:  289
Mixed integer rounding cuts applied:  26
Gomory fractional cuts applied:  8

Root node processing (before b&c):
  Real time             =    5.33 sec. (3973.87 ticks)
Parallel b&c, 24 threads:
  Real time             =  111.05 sec. (40204.37 ticks)
  Sync time (average)   =    0.50 sec.
  Wait time (average)   =    0.00 sec.
                          ------------
Total (root+branch&cut) =  116.38 sec. (44178.24 ticks)


MIP - Aborted, no integer solution.
Current MIP best bound =  9.3809445153e+04 (gap is infinite)
Solution time =  116.38 sec.  Iterations = 2184697  Nodes = 71533 (51005)
Deterministic time = 44178.39 ticks  (379.62 ticks/sec)


CPLEX Error  1217: No solution exists.
No file written.
